INFO - 2023-05-29 13:06:44,439 - Pagination_Cleaning: -Pagination logger created - 
INFO - 2023-05-29 13:06:58,257 - Pagination_Cleaning: -https://www.woolworths.co.za/cat/Food/Cleaning/_/N-o1v4pe opened and page downloaded.
INFO - 2023-05-29 13:07:08,363 - Pagination_Cleaning: -https://www.woolworths.co.za/prod/Food/Cleaning/Dishwashing/Dishwashing-Liquids/Sunlight-Original-Dishwashing-Liquid-750-ml/_/A-6001087358743?isFromPLP=true appended into product link list.
INFO - 2023-05-29 13:07:08,392 - Pagination_Cleaning: -https://www.woolworths.co.za/prod/Food/Cleaning/Disinfectant-Bleach/Domestos-Lavender-Multipurpose-Blast-Thick-Bleach-750-ml/_/A-6001085120229?isFromPLP=true appended into product link list.
INFO - 2023-05-29 13:07:08,409 - Pagination_Cleaning: -https://www.woolworths.co.za/prod/Food/Cleaning/Multi-Purpose-Surface-Cleaners/Handy-Andy-Lemon-Multi-Purpose-Cleaning-Cream-750-ml/_/A-6001087006057?isFromPLP=true appended into product link list.
INFO - 2023-05-29 13:07:08,425 - Pagination_Cleaning: -https://www.woolworths.co.za/prod/Food/Cleaning/Dishwashing/Dishwashing-Liquids/Sunlight-Refill-Dishwash-Liquid-750-ml/_/A-6001087003490?isFromPLP=true appended into product link list.
INFO - 2023-05-29 13:07:08,440 - Pagination_Cleaning: -https://www.woolworths.co.za/prod/Food/Cleaning/Disinfectant-Bleach/Domestos-Lemon-Fresh-Multipurpose-Thick-Bleach-750-ml/_/A-6001085010469?isFromPLP=true appended into product link list.
INFO - 2023-05-29 13:07:08,457 - Pagination_Cleaning: -https://www.woolworths.co.za/prod/Food/Cleaning/Disinfectant-Bleach/Domestos-Summer-Fresh-Multipurpose-Thick-Bleach-750-ml/_/A-6001085116956?isFromPLP=true appended into product link list.
INFO - 2023-05-29 13:07:08,474 - Pagination_Cleaning: -https://www.woolworths.co.za/prod/Food/Cleaning/Washing-Powder-Detergents/Washing-Powder-Detergent/Skip-Anti-Ageing-Auto-Washing-Powder-2-kg/_/A-6001085126757?isFromPLP=true appended into product link list.
INFO - 2023-05-29 13:07:08,490 - Pagination_Cleaning: -https://www.woolworths.co.za/prod/Food/Cleaning/Multi-Purpose-Surface-Cleaners/Handy-Andy-Multi-Purpose-Cleaning-Cream-750-ml/_/A-6001087006095?isFromPLP=true appended into product link list.
INFO - 2023-05-29 13:07:08,506 - Pagination_Cleaning: -https://www.woolworths.co.za/prod/Food/Cleaning/Washing-Powder-Detergents/Washing-Powder-Detergent/OMO-Auto-Washing-Powder-2-kg/_/A-6001085126733?isFromPLP=true appended into product link list.
INFO - 2023-05-29 13:07:08,521 - Pagination_Cleaning: -https://www.woolworths.co.za/prod/Food/Cleaning/Disinfectant-Bleach/Domestos-White-and-Shine-Multipurpose-Thick-Bleach-750-ml/_/A-6001087365109?isFromPLP=true appended into product link list.
INFO - 2023-05-29 13:07:08,541 - Pagination_Cleaning: -https://www.woolworths.co.za/prod/Food/Cleaning/Washing-Powder-Detergents/Fabric-Softener/Sta-Soft-Hypo-Allergenic-Baby-Fabric-Softener-Refill-500-ml/_/A-6001067021551?isFromPLP=true appended into product link list.
INFO - 2023-05-29 13:07:08,558 - Pagination_Cleaning: -https://www.woolworths.co.za/prod/Food/Cleaning/Washing-Powder-Detergents/Washing-Powder-Detergent/Ariel-Auto-Concentrated-Washing-Liquid-1-5-L/_/A-4015600540173?isFromPLP=true appended into product link list.
INFO - 2023-05-29 13:07:08,573 - Pagination_Cleaning: -https://www.woolworths.co.za/prod/Food/Cleaning/Washing-Powder-Detergents/Washing-Powder-Detergent/Ariel-Auto-Washing-Powder-2-kg/_/A-5410076593835?isFromPLP=true appended into product link list.
INFO - 2023-05-29 13:07:08,588 - Pagination_Cleaning: -https://www.woolworths.co.za/prod/Food/Cleaning/Washing-Powder-Detergents/Washing-Powder-Detergent/Skip-Anti-Ageing-Auto-Washing-Liquid-1-5-L/_/A-6001087365932?isFromPLP=true appended into product link list.
INFO - 2023-05-29 13:07:08,599 - Pagination_Cleaning: -https://www.woolworths.co.za/prod/Food/Cleaning/Dishwashing/Dishwashing-Liquids/Sunlight-Original-Dishwashing-Liquid-400-ml/_/A-6001085017598?isFromPLP=true appended into product link list.
INFO - 2023-05-29 13:07:08,614 - Pagination_Cleaning: -https://www.woolworths.co.za/prod/Food/Cleaning/Dishwashing/Dishwashing-Liquids/W-Lab-3-in-1-Zesty-Lime-Dishwash-Liquid-750-ml/_/A-20003784?isFromPLP=true appended into product link list.
INFO - 2023-05-29 13:07:08,631 - Pagination_Cleaning: -https://www.woolworths.co.za/prod/Food/Cleaning/Bathroom-Toilet-Cleaners/Duck-5-in1-Lavender-Advanced-Toilet-Cleaner-500-ml/_/A-6001298043605?isFromPLP=true appended into product link list.
INFO - 2023-05-29 13:07:08,650 - Pagination_Cleaning: -https://www.woolworths.co.za/prod/Food/Cleaning/Washing-Powder-Detergents/Fabric-Softener/Sta-Soft-Spring-Fresh-Fabric-Softener-Refill-500-ml/_/A-6001067004554?isFromPLP=true appended into product link list.
INFO - 2023-05-29 13:07:08,664 - Pagination_Cleaning: -https://www.woolworths.co.za/prod/Food/Cleaning/Washing-Powder-Detergents/Bleach-Stain-Remover-Soap/Omo-Auto-Laundry-Liquid-1-5-L/_/A-6001087356312?isFromPLP=true appended into product link list.
INFO - 2023-05-29 13:07:08,679 - Pagination_Cleaning: -https://www.woolworths.co.za/prod/Food/Cleaning/Multi-Purpose-Surface-Cleaners/Mr-Min-Lavender-Multi-Surface-Cleaner-400-ml/_/A-6001106120689?isFromPLP=true appended into product link list.
INFO - 2023-05-29 13:07:08,698 - Pagination_Cleaning: -https://www.woolworths.co.za/prod/Food/Cleaning/Multi-Purpose-Surface-Cleaners/3-in-1-Spicy-Citrus-Anti-Bacterial-Tile-Cleaner-750-ml/_/A-6009000716137?isFromPLP=true appended into product link list.
INFO - 2023-05-29 13:07:08,715 - Pagination_Cleaning: -https://www.woolworths.co.za/prod/Food/Cleaning/Washing-Powder-Detergents/Bleach-Stain-Remover-Soap/Vanish-Stain-Remover-Laundry-Detergent-500-ml/_/A-6001106111540?isFromPLP=true appended into product link list.
INFO - 2023-05-29 13:07:08,729 - Pagination_Cleaning: -https://www.woolworths.co.za/prod/Food/Cleaning/Disinfectant-Bleach/Jik-Lemon-Fresh-1-5-L/_/A-6001106101336?isFromPLP=true appended into product link list.
INFO - 2023-05-29 13:07:08,745 - Pagination_Cleaning: -https://www.woolworths.co.za/prod/Food/Cleaning/Multi-Purpose-Surface-Cleaners/Mr-Muscle-Mountain-Fresh-Tile-Cleaner-750-ml/_/A-6001298070090?isFromPLP=true appended into product link list.
INFO - 2023-05-29 13:07:08,764 - Pagination_Cleaning: -https://www.woolworths.co.za/prod/Food/Cleaning/Disinfectant-Bleach/3-in-1-Anti-Bacterial-Lemon-Thick-Bleach-750-ml/_/A-6009000033357?isFromPLP=true appended into product link list.
INFO - 2023-05-29 13:07:08,779 - Pagination_Cleaning: -https://www.woolworths.co.za/prod/Food/Cleaning/Washing-Powder-Detergents/Washing-Powder-Detergent/Omo-Auto-Laundry-Washing-Powder-2-kg/_/A-6001087365437?isFromPLP=true appended into product link list.
INFO - 2023-05-29 13:07:08,794 - Pagination_Cleaning: -https://www.woolworths.co.za/prod/Food/Cleaning/Dishwashing/Dishwashing-Liquids/W-Lab-3-in-1-Citrus-Anti-Bacterial-Dishwash-Liquid-750-ml/_/A-20138868?isFromPLP=true appended into product link list.
INFO - 2023-05-29 13:07:08,807 - Pagination_Cleaning: -https://www.woolworths.co.za/prod/Food/Cleaning/Washing-Powder-Detergents/Washing-Powder-Detergent/Ariel-Downy-Auto-Washing-Powder-2-kg/_/A-4084500587809?isFromPLP=true appended into product link list.
INFO - 2023-05-29 13:07:08,825 - Pagination_Cleaning: -https://www.woolworths.co.za/prod/Food/Cleaning/Multi-Purpose-Surface-Cleaners/Handy-Andy-Potpourri-Multi-Purpose-Cleaning-Cream-750-ml/_/A-6001087008198?isFromPLP=true appended into product link list.
INFO - 2023-05-29 13:07:08,840 - Pagination_Cleaning: -https://www.woolworths.co.za/prod/Food/Cleaning/Disinfectant-Bleach/Jik-Pot-Pourri-Detergent-1-5-L/_/A-6001106107338?isFromPLP=true appended into product link list.
INFO - 2023-05-29 13:07:08,856 - Pagination_Cleaning: -https://www.woolworths.co.za/prod/Food/Cleaning/Bathroom-Toilet-Cleaners/Duck-in-Cistern-Blocks-Active-Clean-3-pk/_/A-6001298998585?isFromPLP=true appended into product link list.
INFO - 2023-05-29 13:07:08,871 - Pagination_Cleaning: -https://www.woolworths.co.za/prod/Food/Cleaning/Washing-Powder-Detergents/Fabric-Softener/Sta-Soft-Hypo-Allergenic-Baby-Fabric-Softener-2-L/_/A-6001067021544?isFromPLP=true appended into product link list.
INFO - 2023-05-29 13:07:08,889 - Pagination_Cleaning: -https://www.woolworths.co.za/prod/Food/Cleaning/Washing-Powder-Detergents/Washing-Powder-Detergent/Omo-Auto-Washing-Liquid-with-A-Touch-of-Comfort-1-5-L/_/A-6001087365475?isFromPLP=true appended into product link list.
INFO - 2023-05-29 13:07:08,907 - Pagination_Cleaning: -https://www.woolworths.co.za/prod/Food/Cleaning/Washing-Powder-Detergents/Fabric-Softener/Sta-Soft-Aromatherapy-Relax-Fabric-Softener-Refill-500-ml/_/A-6001067027126?isFromPLP=true appended into product link list.
INFO - 2023-05-29 13:07:08,924 - Pagination_Cleaning: -https://www.woolworths.co.za/prod/Food/Cleaning/Washing-Powder-Detergents/Washing-Powder-Detergent/Skip-Intelligent-Perfect-Whites-Auto-Washing-Liquid-1-5-L/_/A-6001087375719?isFromPLP=true appended into product link list.
INFO - 2023-05-29 13:07:08,942 - Pagination_Cleaning: -https://www.woolworths.co.za/prod/Food/Cleaning/Washing-Powder-Detergents/Fabric-Softener/Sta-Soft-Lavender-Fresh-Fabric-Softener-Refill-500-ml/_/A-6001067005094?isFromPLP=true appended into product link list.
INFO - 2023-05-29 13:07:08,961 - Pagination_Cleaning: -https://www.woolworths.co.za/prod/Food/Cleaning/Sponges-Cloths-Accessories/Multi-Purpose-Wipes-6-pk/_/A-6009000349939?isFromPLP=true appended into product link list.
INFO - 2023-05-29 13:07:08,976 - Pagination_Cleaning: -https://www.woolworths.co.za/prod/Food/Cleaning/Washing-Powder-Detergents/Washing-Powder-Detergent/Skip-Anti-Ageing-Auto-Washing-Powder-3-kg/_/A-6001085126436?isFromPLP=true appended into product link list.
INFO - 2023-05-29 13:07:08,991 - Pagination_Cleaning: -https://www.woolworths.co.za/prod/Food/Cleaning/Washing-Powder-Detergents/Washing-Powder-Detergent/Ariel-with-Downy-Auto-Concentrated-Washing-Liquid-1-5-L/_/A-4084500638471?isFromPLP=true appended into product link list.
INFO - 2023-05-29 13:07:09,010 - Pagination_Cleaning: -https://www.woolworths.co.za/prod/Food/Cleaning/Multi-Purpose-Surface-Cleaners/Mr-Muscle-5-in-1-Lemon-Kitchen-Cleaner-500-ml/_/A-6001298070045?isFromPLP=true appended into product link list.
INFO - 2023-05-29 13:07:09,027 - Pagination_Cleaning: -https://www.woolworths.co.za/prod/Food/Cleaning/Multi-Purpose-Surface-Cleaners/3-in-1-Spicy-Citrus-Anti-Bacterial-Kitchen-Cleaner-500-ml/_/A-6009211171060?isFromPLP=true appended into product link list.
INFO - 2023-05-29 13:07:09,044 - Pagination_Cleaning: -https://www.woolworths.co.za/prod/Food/Cleaning/Multi-Purpose-Surface-Cleaners/Mr-Muscle-5-in-1-Tile-Cleaner-750-ml/_/A-6001298070120?isFromPLP=true appended into product link list.
INFO - 2023-05-29 13:07:09,058 - Pagination_Cleaning: -https://www.woolworths.co.za/prod/Food/Cleaning/Multi-Purpose-Surface-Cleaners/Cobra-Wooden-Floor-Cleaner-750-ml/_/A-6001106103545?isFromPLP=true appended into product link list.
INFO - 2023-05-29 13:07:09,074 - Pagination_Cleaning: -https://www.woolworths.co.za/prod/Food/Cleaning/Multi-Purpose-Surface-Cleaners/Windolene-750-ml/_/A-6001106117047?isFromPLP=true appended into product link list.
INFO - 2023-05-29 13:07:09,093 - Pagination_Cleaning: -https://www.woolworths.co.za/prod/Food/Cleaning/Multi-Purpose-Surface-Cleaners/Mr-Min-Regular-Multi-Surface-Cleaner-400-ml/_/A-6001106120702?isFromPLP=true appended into product link list.
INFO - 2023-05-29 13:07:09,110 - Pagination_Cleaning: -https://www.woolworths.co.za/prod/Food/Cleaning/Multi-Purpose-Surface-Cleaners/Mr-Min-Wood-Polish-300-ml/_/A-6001106224301?isFromPLP=true appended into product link list.
INFO - 2023-05-29 13:07:09,126 - Pagination_Cleaning: -https://www.woolworths.co.za/prod/Food/Cleaning/Washing-Powder-Detergents/Fabric-Softener/Sta-Soft-Aromatherapy-Passion-Fabric-Softener-Refill-500-ml/_/A-6001067027119?isFromPLP=true appended into product link list.
INFO - 2023-05-29 13:07:09,143 - Pagination_Cleaning: -https://www.woolworths.co.za/prod/Food/Cleaning/Multi-Purpose-Surface-Cleaners/Cobra-Active-Lavender-Garden-Tile-Cleaner-750-ml/_/A-6001106110741?isFromPLP=true appended into product link list.
INFO - 2023-05-29 13:07:09,159 - Pagination_Cleaning: -https://www.woolworths.co.za/prod/Food/Cleaning/Dishwashing/Dishwashing-Liquids/W-Lab-3-in-1-Pink-Grapefruit-Dishwash-Liquid-750-ml/_/A-6001009020093?isFromPLP=true appended into product link list.
INFO - 2023-05-29 13:07:09,175 - Pagination_Cleaning: -https://www.woolworths.co.za/prod/Food/Cleaning/Washing-Powder-Detergents/Fabric-Softener/Sta-Soft-Summer-Radiance-Fabric-Softener-Refill-500-ml/_/A-6001067007203?isFromPLP=true appended into product link list.
INFO - 2023-05-29 13:07:09,190 - Pagination_Cleaning: -https://www.woolworths.co.za/prod/Food/Cleaning/Washing-Powder-Detergents/Washing-Powder-Detergent/Ariel-3-in-1-Automatic-Washing-Pods-14-x-27-g/_/A-8001090909183?isFromPLP=true appended into product link list.
INFO - 2023-05-29 13:07:09,206 - Pagination_Cleaning: -https://www.woolworths.co.za/prod/Food/Cleaning/Washing-Powder-Detergents/Fabric-Softener/Sta-Soft-Spring-Fresh-Fabric-Softener-2-L/_/A-6001067093695?isFromPLP=true appended into product link list.
INFO - 2023-05-29 13:07:09,222 - Pagination_Cleaning: -https://www.woolworths.co.za/prod/Food/Cleaning/Washing-Powder-Detergents/Bleach-Stain-Remover-Soap/Sunlight-Laundry-Soap-500-g/_/A-6001085041210?isFromPLP=true appended into product link list.
INFO - 2023-05-29 13:07:09,238 - Pagination_Cleaning: -https://www.woolworths.co.za/prod/Food/Cleaning/Multi-Purpose-Surface-Cleaners/Mr-Min-Pot-Pourri-Multi-Surface-Cleaner-400-ml/_/A-6001106120672?isFromPLP=true appended into product link list.
INFO - 2023-05-29 13:07:09,256 - Pagination_Cleaning: -https://www.woolworths.co.za/prod/Food/Cleaning/Washing-Powder-Detergents/Washing-Powder-Detergent/Skip-Intelligent-Perfect-Darks-Auto-Washing-Liquid-1-5-L/_/A-6001087375733?isFromPLP=true appended into product link list.
INFO - 2023-05-29 13:07:09,272 - Pagination_Cleaning: -https://www.woolworths.co.za/prod/Food/Cleaning/Washing-Powder-Detergents/Bleach-Stain-Remover-Soap/Vanish-Power-O2-Fabric-Stain-Remover-1-kg/_/A-6001106110222?isFromPLP=true appended into product link list.
INFO - 2023-05-29 13:07:09,289 - Pagination_Cleaning: -https://www.woolworths.co.za/prod/Food/Cleaning/Washing-Powder-Detergents/Washing-Powder-Detergent/Sunlight-2-in-1-Auto-Washing-Powder-2-kg/_/A-6001087004695?isFromPLP=true appended into product link list.
INFO - 2023-05-29 13:07:09,304 - Pagination_Cleaning: -https://www.woolworths.co.za/prod/Food/Cleaning/Dishwashing/Dishwashing-Powder-Pods-Tablets/Finish-All-in-1-Max-Shine-and-Protect-56-Tabs/_/A-6001106128050?isFromPLP=true appended into product link list.
INFO - 2023-05-29 13:07:09,322 - Pagination_Cleaning: -https://www.woolworths.co.za/prod/Food/Cleaning/Dishwashing/Dishwashing-Liquids/Sunlight-Extra-Nature-Dishwashing-Liquid-750-ml/_/A-6001087375498?isFromPLP=true appended into product link list.
INFO - 2023-05-29 13:07:09,340 - Pagination_Cleaning: -https://www.woolworths.co.za/prod/Food/Cleaning/Multi-Purpose-Surface-Cleaners/Windolene-Refill-Window-Cleaner-750-ml/_/A-6001106117054?isFromPLP=true appended into product link list.
INFO - 2023-05-29 13:07:09,340 - Pagination_Cleaning: -len(product_links) collected...
INFO - 2023-05-29 13:07:10,400 - Pagination_Cleaning: -Next page button clicked
INFO - 2023-05-29 13:07:12,891 - Pagination_Cleaning: -https://www.woolworths.co.za/prod/Food/Cleaning/Washing-Powder-Detergents/Fabric-Softener/W-Lab-3-in-1-Valley-Breeze-Fabric-Softener-Refill-500-ml/_/A-6009000033708?isFromPLP=true appended into product link list.
INFO - 2023-05-29 13:07:12,917 - Pagination_Cleaning: -https://www.woolworths.co.za/prod/Food/Cleaning/Sponges-Cloths-Accessories/Anti-Bacterial-All-Purpose-Scouring-Sponges-2-pk/_/A-6009171811419?isFromPLP=true appended into product link list.
INFO - 2023-05-29 13:07:12,934 - Pagination_Cleaning: -https://www.woolworths.co.za/prod/Food/Cleaning/Washing-Powder-Detergents/Washing-Powder-Detergent/Omo-Auto-Washing-Powder-3-kg/_/A-6001085126429?isFromPLP=true appended into product link list.
INFO - 2023-05-29 13:07:12,952 - Pagination_Cleaning: -https://www.woolworths.co.za/prod/Food/Cleaning/Washing-Powder-Detergents/Fabric-Softener/W-Lab-3-in-1-Hypo-Allergenic-Fragranced-Fabric-Softener-Refill-500-ml/_/A-6009184118802?isFromPLP=true appended into product link list.
INFO - 2023-05-29 13:07:12,977 - Pagination_Cleaning: -https://www.woolworths.co.za/prod/Food/Cleaning/Washing-Powder-Detergents/Bleach-Stain-Remover-Soap/Vanish-Liquid-Fabric-Stain-Remover-1-L/_/A-6001106103149?isFromPLP=true appended into product link list.
INFO - 2023-05-29 13:07:13,010 - Pagination_Cleaning: -https://www.woolworths.co.za/prod/Food/Cleaning/Bathroom-Toilet-Cleaners/Mr-Muscle-Original-Shower-Shine-750-ml/_/A-6001298070021?isFromPLP=true appended into product link list.
INFO - 2023-05-29 13:07:13,059 - Pagination_Cleaning: -https://www.woolworths.co.za/prod/Food/Cleaning/Washing-Powder-Detergents/Fabric-Softener/Comfort-Pure-Concentrated-Fabric-Softener-Refill-for-Sensitive-Skin-800-ml/_/A-6001087352505?isFromPLP=true appended into product link list.
INFO - 2023-05-29 13:07:13,097 - Pagination_Cleaning: -https://www.woolworths.co.za/prod/Food/Cleaning/Bathroom-Toilet-Cleaners/W-Lab-Ocean-Mist-3-in-1-Anti-Bacterial-Toilet-Cleaner-500-ml/_/A-6009000716106?isFromPLP=true appended into product link list.
INFO - 2023-05-29 13:07:13,144 - Pagination_Cleaning: -https://www.woolworths.co.za/prod/Food/Cleaning/Dishwashing/Dishwashing-Powder-Pods-Tablets/Finish-Double-Action-Dishwasher-Detergent-Powder-1-kg/_/A-6001106101565?isFromPLP=true appended into product link list.
INFO - 2023-05-29 13:07:13,207 - Pagination_Cleaning: -https://www.woolworths.co.za/prod/Food/Cleaning/Washing-Powder-Detergents/Washing-Powder-Detergent/Ariel-3-in-1-Automatic-Washing-Pods-21-x-27-g/_/A-4015600632243?isFromPLP=true appended into product link list.
INFO - 2023-05-29 13:07:13,237 - Pagination_Cleaning: -https://www.woolworths.co.za/prod/Food/Cleaning/Washing-Powder-Detergents/Washing-Powder-Detergent/OMO-Multi-Active-Hand-Washing-Powder-2-kg/_/A-6001085126573?isFromPLP=true appended into product link list.
INFO - 2023-05-29 13:07:13,253 - Pagination_Cleaning: -https://www.woolworths.co.za/prod/Food/Cleaning/Disinfectant-Bleach/Jik-Regular-1-5-L/_/A-6001106107314?isFromPLP=true appended into product link list.
INFO - 2023-05-29 13:07:13,298 - Pagination_Cleaning: -https://www.woolworths.co.za/prod/Food/Cleaning/Multi-Purpose-Surface-Cleaners/Cleen-Green-Concentrate-2-L/_/A-6001296004479?isFromPLP=true appended into product link list.
INFO - 2023-05-29 13:07:13,321 - Pagination_Cleaning: -https://www.woolworths.co.za/prod/Food/Cleaning/Dishwashing/Dishwashing-Liquids/Sunlight-Extra-Anti-Bacterial-Dishwashing-Liquid-750-ml/_/A-6001087375504?isFromPLP=true appended into product link list.
INFO - 2023-05-29 13:07:13,340 - Pagination_Cleaning: -https://www.woolworths.co.za/prod/Food/Cleaning/Dishwashing/Dishwashing-Liquids/Finish-Rinse-Aid-400-ml/_/A-5011417552957?isFromPLP=true appended into product link list.
INFO - 2023-05-29 13:07:13,357 - Pagination_Cleaning: -https://www.woolworths.co.za/prod/Food/Cleaning/Bathroom-Toilet-Cleaners/Handy-Andy-Pink-Grapefruit-Bathroom-Cleaner-500-ml/_/A-6001087375511?isFromPLP=true appended into product link list.
INFO - 2023-05-29 13:07:13,375 - Pagination_Cleaning: -https://www.woolworths.co.za/prod/Food/Cleaning/Sponges-Cloths-Accessories/Medium-Rubber-Gloves-1-pk/_/A-20036607?isFromPLP=true appended into product link list.
INFO - 2023-05-29 13:07:13,391 - Pagination_Cleaning: -https://www.woolworths.co.za/prod/Food/Cleaning/Multi-Purpose-Surface-Cleaners/Earth-Friendly-Oven-and-Braai-Cleaner-500-ml/_/A-6009214457949?isFromPLP=true appended into product link list.
INFO - 2023-05-29 13:07:13,408 - Pagination_Cleaning: -https://www.woolworths.co.za/prod/Food/Cleaning/Sponges-Cloths-Accessories/Microfibre-Wash-and-Scour-Cloths-2-pk/_/A-6009101555222?isFromPLP=true appended into product link list.
INFO - 2023-05-29 13:07:13,430 - Pagination_Cleaning: -https://www.woolworths.co.za/prod/Food/Cleaning/Dishwashing/Dishwashing-Liquids/Finish-Dishwasher-Cleaner-250-ml/_/A-5011417548509?isFromPLP=true appended into product link list.
INFO - 2023-05-29 13:07:13,448 - Pagination_Cleaning: -https://www.woolworths.co.za/prod/Food/Cleaning/Multi-Purpose-Surface-Cleaners/3-in-1-Spicy-Citrus-Wood-and-Laminate-Cleaner-750-ml/_/A-6009211118164?isFromPLP=true appended into product link list.
INFO - 2023-05-29 13:07:13,464 - Pagination_Cleaning: -https://www.woolworths.co.za/prod/Food/Cleaning/Multi-Purpose-Surface-Cleaners/Mr-Muscle-Floor-and-All-Purpose-Cleaner-1-L/_/A-6001298690076?isFromPLP=true appended into product link list.
INFO - 2023-05-29 13:07:13,481 - Pagination_Cleaning: -https://www.woolworths.co.za/prod/Food/Cleaning/Multi-Purpose-Surface-Cleaners/Earth-Friendly-Lemongrass-Tile-Cleaner-750-ml/_/A-6009214457963?isFromPLP=true appended into product link list.
INFO - 2023-05-29 13:07:13,498 - Pagination_Cleaning: -https://www.woolworths.co.za/prod/Food/Cleaning/Sponges-Cloths-Accessories/Anti-Bacterial-All-Purpose-Cloths-3-pk/_/A-6001009030771?isFromPLP=true appended into product link list.
INFO - 2023-05-29 13:07:13,516 - Pagination_Cleaning: -https://www.woolworths.co.za/prod/Food/Cleaning/Washing-Powder-Detergents/Bleach-Stain-Remover-Soap/Vanish-Liquid-Fabric-Stain-Remover-500-ml/_/A-6001106103200?isFromPLP=true appended into product link list.
INFO - 2023-05-29 13:07:13,536 - Pagination_Cleaning: -https://www.woolworths.co.za/prod/Food/Cleaning/Washing-Powder-Detergents/Fabric-Softener/W-Lab-3-in-1-Baby-Sensitive-and-Delicates-Fabric-Softener-2-L/_/A-6009184118796?isFromPLP=true appended into product link list.
INFO - 2023-05-29 13:07:13,552 - Pagination_Cleaning: -https://www.woolworths.co.za/prod/Food/Cleaning/Multi-Purpose-Surface-Cleaners/3-in-1-Window-and-Glass-Cleaner-750-ml/_/A-6009000033463?isFromPLP=true appended into product link list.
INFO - 2023-05-29 13:07:13,568 - Pagination_Cleaning: -https://www.woolworths.co.za/prod/Food/Cleaning/Disinfectant-Bleach/3-in-1-Anti-Bacterial-Lavender-Thick-Bleach-750-ml/_/A-6009000715697?isFromPLP=true appended into product link list.
INFO - 2023-05-29 13:07:13,587 - Pagination_Cleaning: -https://www.woolworths.co.za/prod/Food/Cleaning/Multi-Purpose-Surface-Cleaners/3-in-1-Anti-Bacterial-Mildew-Cleaner-500-ml/_/A-6009000716113?isFromPLP=true appended into product link list.
INFO - 2023-05-29 13:07:13,602 - Pagination_Cleaning: -https://www.woolworths.co.za/prod/Food/Cleaning/Dishwashing/Dishwashing-Liquids/W-Lab-3-in-1-Auto-Dishwasher-Rinse-Aid-400-ml/_/A-6009211118188?isFromPLP=true appended into product link list.
INFO - 2023-05-29 13:07:13,618 - Pagination_Cleaning: -https://www.woolworths.co.za/prod/Food/Cleaning/Washing-Powder-Detergents/Washing-Powder-Detergent/Ariel-Auto-Washing-Powder-3-kg/_/A-5410076593804?isFromPLP=true appended into product link list.
INFO - 2023-05-29 13:07:13,635 - Pagination_Cleaning: -https://www.woolworths.co.za/prod/Food/Cleaning/Multi-Purpose-Surface-Cleaners/Earth-Friendly-Cucumber-and-Jasmine-Kitchen-Cleaner-500-ml/_/A-6009214476179?isFromPLP=true appended into product link list.
INFO - 2023-05-29 13:07:13,650 - Pagination_Cleaning: -https://www.woolworths.co.za/prod/Food/Cleaning/Washing-Powder-Detergents/Washing-Powder-Detergent/Sunlight-2-in-1-Hand-Washing-Powder-1-kg/_/A-6001085126375?isFromPLP=true appended into product link list.
INFO - 2023-05-29 13:07:13,670 - Pagination_Cleaning: -https://www.woolworths.co.za/prod/Food/Cleaning/Bathroom-Toilet-Cleaners/Mr-Muscle-Drain-Cleaner-500-ml/_/A-6001298510060?isFromPLP=true appended into product link list.
INFO - 2023-05-29 13:07:13,688 - Pagination_Cleaning: -https://www.woolworths.co.za/prod/Food/Cleaning/Bathroom-Toilet-Cleaners/Earth-Friendly-Lemongrass-Drain-Cleaner-750-ml/_/A-6009214457956?isFromPLP=true appended into product link list.
INFO - 2023-05-29 13:07:13,704 - Pagination_Cleaning: -https://www.woolworths.co.za/prod/Food/Cleaning/Bathroom-Toilet-Cleaners/W-Lab-3-in-1-Anti-Bacterial-Lavender-Toilet-Cleaner-500-ml/_/A-6009184118932?isFromPLP=true appended into product link list.
INFO - 2023-05-29 13:07:13,722 - Pagination_Cleaning: -https://www.woolworths.co.za/prod/Food/Cleaning/Multi-Purpose-Surface-Cleaners/Mr-Muscle-Floor-and-All-Purpose-Cleaner-1-L/_/A-6001298690083?isFromPLP=true appended into product link list.
INFO - 2023-05-29 13:07:13,741 - Pagination_Cleaning: -https://www.woolworths.co.za/prod/Food/Cleaning/Dishwashing/Dishwashing-Powder-Pods-Tablets/Finish-Powerball-All-in-1-Max-Auto-Dishwasher-Tablets-100-pk/_/A-6001106225599?isFromPLP=true appended into product link list.
INFO - 2023-05-29 13:07:13,763 - Pagination_Cleaning: -https://www.woolworths.co.za/prod/Food/Cleaning/Washing-Powder-Detergents/Fabric-Softener/Comfort-Elegance-Concentrated-Fabric-Softener-800-ml/_/A-6001087008051?isFromPLP=true appended into product link list.
INFO - 2023-05-29 13:07:13,782 - Pagination_Cleaning: -https://www.woolworths.co.za/prod/Food/Cleaning/Washing-Powder-Detergents/Fabric-Softener/Comfort-Uplifting-Concentrated-Fabric-Softener-800-ml/_/A-6001087015271?isFromPLP=true appended into product link list.
INFO - 2023-05-29 13:07:13,799 - Pagination_Cleaning: -https://www.woolworths.co.za/prod/Food/Cleaning/Sponges-Cloths-Accessories/W-Lab-100-Cotton-Terry-Weave-Dish-Cloths-2-pk/_/A-20193973?isFromPLP=true appended into product link list.
INFO - 2023-05-29 13:07:13,816 - Pagination_Cleaning: -https://www.woolworths.co.za/prod/Food/Cleaning/Bathroom-Toilet-Cleaners/Earth-Friendly-Eucalyptus-and-Black-Pepper-Toilet-Cleaner-750-ml/_/A-6009214476148?isFromPLP=true appended into product link list.
INFO - 2023-05-29 13:07:13,833 - Pagination_Cleaning: -https://www.woolworths.co.za/prod/Food/Cleaning/Bathroom-Toilet-Cleaners/Breathease-Shower-and-Tile-Cleaner-500-ml/_/A-6009184974095?isFromPLP=true appended into product link list.
INFO - 2023-05-29 13:07:13,850 - Pagination_Cleaning: -https://www.woolworths.co.za/prod/Food/Cleaning/Dishwashing/Dishwashing-Liquids/Earth-Friendly-Cucumber-and-Jasmine-Tea-Dish-Wash-Liquid-500-ml/_/A-6009214476162?isFromPLP=true appended into product link list.
INFO - 2023-05-29 13:07:13,868 - Pagination_Cleaning: -https://www.woolworths.co.za/prod/Food/Cleaning/Washing-Powder-Detergents/Washing-Powder-Detergent/Ariel-Baby-Auto-Washing-Liquid-1-1-L/_/A-8001841386546?isFromPLP=true appended into product link list.
INFO - 2023-05-29 13:07:13,884 - Pagination_Cleaning: -https://www.woolworths.co.za/prod/Food/Cleaning/Multi-Purpose-Surface-Cleaners/Earth-Friendly-Orange-and-Olive-Oil-Furniture-Polish-600-ml/_/A-6009214457994?isFromPLP=true appended into product link list.
INFO - 2023-05-29 13:07:13,900 - Pagination_Cleaning: -https://www.woolworths.co.za/prod/Food/Cleaning/Multi-Purpose-Surface-Cleaners/Earth-Friendly-Carpet-and-Fabric-Cleaner-500-ml/_/A-6009214457970?isFromPLP=true appended into product link list.
INFO - 2023-05-29 13:07:13,920 - Pagination_Cleaning: -https://www.woolworths.co.za/prod/Food/Cleaning/Dishwashing/Dishwashing-Powder-Pods-Tablets/Finish-Powerball-Lemon-Sparkle-All-in-1-Max-24-Tablets/_/A-6001106224738?isFromPLP=true appended into product link list.
INFO - 2023-05-29 13:07:13,947 - Pagination_Cleaning: -https://www.woolworths.co.za/prod/Food/Cleaning/Washing-Powder-Detergents/Bleach-Stain-Remover-Soap/W-Lab-3-in-1-Pre-wash-Stain-Remover-Spray-500-ml/_/A-6009000033661?isFromPLP=true appended into product link list.
INFO - 2023-05-29 13:07:13,966 - Pagination_Cleaning: -https://www.woolworths.co.za/prod/Food/Cleaning/Multi-Purpose-Surface-Cleaners/Mr-Muscle-3-in-1-Oven-Cleaner-300-ml/_/A-6001298700737?isFromPLP=true appended into product link list.
INFO - 2023-05-29 13:07:13,984 - Pagination_Cleaning: -https://www.woolworths.co.za/prod/Food/Cleaning/Sponges-Cloths-Accessories/W-Lab-100-Cotton-Terry-Weave-Dish-Swabs-2-pk/_/A-20193980?isFromPLP=true appended into product link list.
INFO - 2023-05-29 13:07:14,001 - Pagination_Cleaning: -https://www.woolworths.co.za/prod/Food/Cleaning/Washing-Powder-Detergents/Bleach-Stain-Remover-Soap/Vanish-Power-O2-Fabric-Stain-Remover-500-g/_/A-6001106108380?isFromPLP=true appended into product link list.
INFO - 2023-05-29 13:07:14,019 - Pagination_Cleaning: -https://www.woolworths.co.za/prod/Food/Cleaning/Washing-Powder-Detergents/Bleach-Stain-Remover-Soap/Vanish-Power-O2-Crystal-White-800-g/_/A-6001106119430?isFromPLP=true appended into product link list.
INFO - 2023-05-29 13:07:14,040 - Pagination_Cleaning: -https://www.woolworths.co.za/prod/Food/Cleaning/Washing-Powder-Detergents/Washing-Powder-Detergent/Sunlight-2-in-1-Hand-Washing-Powder-2-kg/_/A-6001085126696?isFromPLP=true appended into product link list.
INFO - 2023-05-29 13:07:14,056 - Pagination_Cleaning: -https://www.woolworths.co.za/prod/Food/Cleaning/Washing-Powder-Detergents/Fabric-Softener/W-Lab-3-in-1-Valley-Breeze-Fabric-Softener-2-L/_/A-6009000033678?isFromPLP=true appended into product link list.
INFO - 2023-05-29 13:07:14,071 - Pagination_Cleaning: -https://www.woolworths.co.za/prod/Food/Cleaning/Bathroom-Toilet-Cleaners/Earth-Friendly-No-Flush-Toilet-Drops-120-ml/_/A-6009214476193?isFromPLP=true appended into product link list.
INFO - 2023-05-29 13:07:14,098 - Pagination_Cleaning: -https://www.woolworths.co.za/prod/Food/Cleaning/Multi-Purpose-Surface-Cleaners/Window-and-Glass-3-in-1-Cleaner-Refill-750-ml/_/A-6009211118171?isFromPLP=true appended into product link list.
INFO - 2023-05-29 13:07:14,117 - Pagination_Cleaning: -https://www.woolworths.co.za/prod/Food/Cleaning/Washing-Powder-Detergents/Washing-Powder-Detergent/Skip-Anti-Ageing-Auto-Washing-Liquid-3L/_/A-6001087366922?isFromPLP=true appended into product link list.
INFO - 2023-05-29 13:07:14,134 - Pagination_Cleaning: -https://www.woolworths.co.za/prod/Food/Cleaning/Multi-Purpose-Surface-Cleaners/Breathease-Multi-Purpose-Cleaner-500-ml/_/A-6009184973937?isFromPLP=true appended into product link list.
INFO - 2023-05-29 13:07:14,151 - Pagination_Cleaning: -https://www.woolworths.co.za/prod/Food/Cleaning/Washing-Powder-Detergents/Bleach-Stain-Remover-Soap/Vanish-Preen-Stain-Remover-Laundry-Detergent-300-ml/_/A-6001106108182?isFromPLP=true appended into product link list.
INFO - 2023-05-29 13:07:14,151 - Pagination_Cleaning: -len(product_links) collected...
INFO - 2023-05-29 13:07:15,289 - Pagination_Cleaning: -Next page button clicked
INFO - 2023-05-29 13:07:16,990 - Pagination_Cleaning: -https://www.woolworths.co.za/prod/Food/Cleaning/Dishwashing/Dishwashing-Powder-Pods-Tablets/Bio-Crystal-Original-Auto-Dish-Wash-Powder-1-kg/_/A-6004201002522?isFromPLP=true appended into product link list.
INFO - 2023-05-29 13:07:17,014 - Pagination_Cleaning: -https://www.woolworths.co.za/prod/Food/Cleaning/Bathroom-Toilet-Cleaners/Earth-Friendly-Eucalyptus-and-Black-Pepper-Bathroom-Cleaner-500-ml/_/A-6009214476209?isFromPLP=true appended into product link list.
INFO - 2023-05-29 13:07:17,041 - Pagination_Cleaning: -https://www.woolworths.co.za/prod/Food/Cleaning/Multi-Purpose-Surface-Cleaners/Earth-Friendly-Glass-and-Window-Cleaner-500-ml/_/A-6009214457918?isFromPLP=true appended into product link list.
INFO - 2023-05-29 13:07:17,061 - Pagination_Cleaning: -https://www.woolworths.co.za/prod/Food/Cleaning/Multi-Purpose-Surface-Cleaners/Earth-Friendly-Laminated-Wood-Floor-Cleaner-500-ml/_/A-6009214457932?isFromPLP=true appended into product link list.
INFO - 2023-05-29 13:07:17,097 - Pagination_Cleaning: -https://www.woolworths.co.za/prod/Food/Cleaning/Sponges-Cloths-Accessories/Full-Circle-Tidy-Dish-Cloths-3-pk/_/A-850166002406?isFromPLP=true appended into product link list.
INFO - 2023-05-29 13:07:17,132 - Pagination_Cleaning: -https://www.woolworths.co.za/prod/Food/Cleaning/Washing-Powder-Detergents/Washing-Powder-Detergent/Sunlight-2-in1-Washing-Powder-2-kg/_/A-6001087006743?isFromPLP=true appended into product link list.
INFO - 2023-05-29 13:07:17,167 - Pagination_Cleaning: -https://www.woolworths.co.za/prod/Food/Cleaning/Dishwashing/Dishwashing-Powder-Pods-Tablets/Bio-Crystal-Ruby-Grape-Fruit-Auto-Dish-Wash-Powder-1-kg/_/A-6004201002515?isFromPLP=true appended into product link list.
INFO - 2023-05-29 13:07:17,202 - Pagination_Cleaning: -https://www.woolworths.co.za/prod/Food/Cleaning/Washing-Powder-Detergents/Fabric-Softener/W-Lab-3-in-1-Blossom-Burst-Fabric-Softener-Refill-500-ml/_/A-6009211118225?isFromPLP=true appended into product link list.
INFO - 2023-05-29 13:07:17,247 - Pagination_Cleaning: -https://www.woolworths.co.za/prod/Food/Cleaning/Dishwashing/Dishwashing-Powder-Pods-Tablets/Finish-Powerball-All-in-1-Max-Auto-Dishwasher-Tablets-24s/_/A-6001106224790?isFromPLP=true appended into product link list.
INFO - 2023-05-29 13:07:17,307 - Pagination_Cleaning: -https://www.woolworths.co.za/prod/Food/Cleaning/Washing-Powder-Detergents/Washing-Powder-Detergent/Omo-Multiactive-Hand-Washing-Powder-1-kg/_/A-6001085126542?isFromPLP=true appended into product link list.
INFO - 2023-05-29 13:07:17,344 - Pagination_Cleaning: -https://www.woolworths.co.za/prod/Food/Cleaning/Washing-Powder-Detergents/Fabric-Softener/W-Lab-3-in-1-Blossom-Burst-Fabric-Softener-2-L/_/A-6009211171046?isFromPLP=true appended into product link list.
INFO - 2023-05-29 13:07:17,361 - Pagination_Cleaning: -https://www.woolworths.co.za/prod/Food/Cleaning/Sponges-Cloths-Accessories/Dual-Function-Microfibre-Cloth-1-pk/_/A-6009171621261?isFromPLP=true appended into product link list.
INFO - 2023-05-29 13:07:17,409 - Pagination_Cleaning: -https://www.woolworths.co.za/prod/Food/Cleaning/Washing-Powder-Detergents/Pegs/Soft-Grip-Multi-Coloured-Pegs-24-pcs/_/A-6009184992839?isFromPLP=true appended into product link list.
INFO - 2023-05-29 13:07:17,427 - Pagination_Cleaning: -https://www.woolworths.co.za/prod/Food/Cleaning/Washing-Powder-Detergents/Washing-Powder-Detergent/Ariel-Auto-Concentrated-Washing-Liquid-2-L/_/A-4084500835795?isFromPLP=true appended into product link list.
INFO - 2023-05-29 13:07:17,447 - Pagination_Cleaning: -https://www.woolworths.co.za/prod/Food/Cleaning/Dishwashing/Dishwashing-Liquids/W-Lab-3-in-1-Zesty-Lime-Dishwash-Liquid-Refill-750-ml/_/A-6009211118140?isFromPLP=true appended into product link list.
INFO - 2023-05-29 13:07:17,465 - Pagination_Cleaning: -https://www.woolworths.co.za/prod/Food/Household/Toilet-Paper-Wipes-Paper-Towels/Tissues-Wipes/Earth-Friendly-Cucumber-and-Jasmine-Surface-Wipes-50-s/_/A-6009214476223?isFromPLP=true appended into product link list.
INFO - 2023-05-29 13:07:17,484 - Pagination_Cleaning: -https://www.woolworths.co.za/prod/Food/Cleaning/Dishwashing/Dishwashing-Powder-Pods-Tablets/Earth-Friendly-All-in-1-Auto-Dish-Wash-Pods-40-pk/_/A-6009214458038?isFromPLP=true appended into product link list.
INFO - 2023-05-29 13:07:17,507 - Pagination_Cleaning: -https://www.woolworths.co.za/prod/Food/Cleaning/Washing-Powder-Detergents/Fabric-Softener/Comfort-Pure-Concentrated-Fabric-Softener-for-Sensitive-Skin-800-ml/_/A-6001087008082?isFromPLP=true appended into product link list.
INFO - 2023-05-29 13:07:17,525 - Pagination_Cleaning: -https://www.woolworths.co.za/prod/Food/Cleaning/Washing-Powder-Detergents/Washing-Powder-Detergent/Earth-Friendly-Bleach-Alternative-Laundry-Pods-24-pk/_/A-6009173666796?isFromPLP=true appended into product link list.
INFO - 2023-05-29 13:07:17,544 - Pagination_Cleaning: -https://www.woolworths.co.za/prod/Food/Cleaning/Washing-Powder-Detergents/Washing-Powder-Detergent/Earth-Friendly-Fresh-and-Fruity-All-in-1-Laundry-Pods-24-pk/_/A-6009214458052?isFromPLP=true appended into product link list.
INFO - 2023-05-29 13:07:17,559 - Pagination_Cleaning: -https://www.woolworths.co.za/prod/Food/Cleaning/Washing-Powder-Detergents/Washing-Powder-Detergent/Earth-Friendly-Fragrance-Free-Laundry-Liquid-1-5-L/_/A-6009214457987?isFromPLP=true appended into product link list.
INFO - 2023-05-29 13:07:17,577 - Pagination_Cleaning: -https://www.woolworths.co.za/prod/Food/Cleaning/Sponges-Cloths-Accessories/100-Cotton-Waffle-Weave-Drying-Up-Cloths-2-pk/_/A-6001009030757?isFromPLP=true appended into product link list.
INFO - 2023-05-29 13:07:17,594 - Pagination_Cleaning: -https://www.woolworths.co.za/prod/Food/Cleaning/Dishwashing/Dishwashing-Powder-Pods-Tablets/Earth-Friendly-All-in-1-Auto-Dish-Wash-Pods-40-pk/_/A-6009214470368?isFromPLP=true appended into product link list.
INFO - 2023-05-29 13:07:17,610 - Pagination_Cleaning: -https://www.woolworths.co.za/prod/Food/Cleaning/Washing-Powder-Detergents/Washing-Powder-Detergent/Earth-Friendly-All-in-1-Laundry-Pods-24-pk/_/A-6009214458014?isFromPLP=true appended into product link list.
INFO - 2023-05-29 13:07:17,626 - Pagination_Cleaning: -https://www.woolworths.co.za/prod/Food/Cleaning/Washing-Powder-Detergents/Washing-Powder-Detergent/W-Lab-3-in-1-Phosphate-Free-Auto-Laundry-Liquid-1-5-L/_/A-6009211118096?isFromPLP=true appended into product link list.
INFO - 2023-05-29 13:07:17,643 - Pagination_Cleaning: -https://www.woolworths.co.za/prod/Food/Cleaning/Washing-Powder-Detergents/Washing-Powder-Detergent/Earth-Friendly-Laundry-Liquid-1-5-L/_/A-6009214458007?isFromPLP=true appended into product link list.
INFO - 2023-05-29 13:07:17,660 - Pagination_Cleaning: -https://www.woolworths.co.za/prod/Food/Cleaning/Furniture-Metal-Shoe-Polish/Kiwi-Wax-Rich-Black-Shoe-Polish-50-ml/_/A-6001298959999?isFromPLP=true appended into product link list.
INFO - 2023-05-29 13:07:17,677 - Pagination_Cleaning: -https://www.woolworths.co.za/prod/Food/Cleaning/Sponges-Cloths-Accessories/Full-Circle-Grunge-Buster-Grout-and-Tile-Brush/_/A-810119021823?isFromPLP=true appended into product link list.
INFO - 2023-05-29 13:07:17,696 - Pagination_Cleaning: -https://www.woolworths.co.za/prod/Food/Promotions/Buy-2-Or-More-And-Save/Buy-any-2-for-R45/W-Lab-Cleaning-Range/W-Lab-Lemon-3-in-1-Thin-Bleach-1-5-L/_/A-6009207977034?isFromPLP=true appended into product link list.
INFO - 2023-05-29 13:07:17,723 - Pagination_Cleaning: -https://www.woolworths.co.za/prod/Food/Cleaning/Sponges-Cloths-Accessories/Full-Circle-Fomo-Foam-Dispensing-Dish-Brush/_/A-810119023179?isFromPLP=true appended into product link list.
INFO - 2023-05-29 13:07:17,741 - Pagination_Cleaning: -https://www.woolworths.co.za/prod/Food/Cleaning/Sponges-Cloths-Accessories/Full-Circle-Fomo-Dish-Brush-Head-Refills-2-pk/_/A-810119023216?isFromPLP=true appended into product link list.
INFO - 2023-05-29 13:07:17,760 - Pagination_Cleaning: -https://www.woolworths.co.za/prod/Food/Cleaning/Furniture-Metal-Shoe-Polish/Kiwi-Wax-Rich-Instant-Shoe-Polish-75-ml/_/A-8998899940489?isFromPLP=true appended into product link list.
INFO - 2023-05-29 13:07:17,778 - Pagination_Cleaning: -https://www.woolworths.co.za/prod/Food/Cleaning/Furniture-Metal-Shoe-Polish/Kiwi-Wax-Rich-Dark-Brown-Shoe-Polish-50-ml/_/A-6001298959982?isFromPLP=true appended into product link list.
INFO - 2023-05-29 13:07:17,794 - Pagination_Cleaning: -https://www.woolworths.co.za/prod/Food/Cleaning/Sponges-Cloths-Accessories/Full-Circle-Laid-Back-2-0-Replaceable-Dish-Sponge-Refills-2-pk/_/A-810119020598?isFromPLP=true appended into product link list.
INFO - 2023-05-29 13:07:17,811 - Pagination_Cleaning: -https://www.woolworths.co.za/prod/Food/Cleaning/Washing-Powder-Detergents/Washing-Powder-Detergent/Earth-Friendly-All-in-1-Baby-Laundry-Pods-24-pk/_/A-6009214458021?isFromPLP=true appended into product link list.
INFO - 2023-05-29 13:07:17,827 - Pagination_Cleaning: -https://www.woolworths.co.za/prod/Food/Cleaning/Sponges-Cloths-Accessories/Full-Circle-Laid-Back-2-0-Replaceable-Dish-Sponge/_/A-810119020581?isFromPLP=true appended into product link list.
INFO - 2023-05-29 13:07:17,846 - Pagination_Cleaning: -https://www.woolworths.co.za/prod/Food/Cleaning/Dishwashing/Dishwashing-Powder-Pods-Tablets/Earth-Friendly-Pre-Soak-Cookware-Cleaner-15-pk/_/A-6009214457901?isFromPLP=true appended into product link list.
INFO - 2023-05-29 13:07:17,871 - Pagination_Cleaning: -https://www.woolworths.co.za/prod/Food/Household/Cooler-Bags-Lunch-Bags-Bottles/Accessories/Full-Circle-Clean-Reach-Bottle-Brush/_/A-810119022516?isFromPLP=true appended into product link list.
INFO - 2023-05-29 13:07:17,889 - Pagination_Cleaning: -https://www.woolworths.co.za/prod/Food/Cleaning/Sponges-Cloths-Accessories/Full-Circle-Tiny-Team-Mini-Brush-and-Dustpan-Set/_/A-810119021373?isFromPLP=true appended into product link list.
INFO - 2023-05-29 13:07:17,909 - Pagination_Cleaning: -https://www.woolworths.co.za/prod/Food/Household/Cooler-Bags-Lunch-Bags-Bottles/Accessories/Full-Circle-Clean-Reach-Bottle-Brush-Head-Refill/_/A-810119022530?isFromPLP=true appended into product link list.
INFO - 2023-05-29 13:07:17,931 - Pagination_Cleaning: -https://www.woolworths.co.za/prod/Food/Household/Cooler-Bags-Lunch-Bags-Bottles/Accessories/Full-Circle-Crystal-Clear-2-0-Glass-Cleaner-Refill-2-pk/_/A-810119021397?isFromPLP=true appended into product link list.
INFO - 2023-05-29 13:07:17,954 - Pagination_Cleaning: -https://www.woolworths.co.za/prod/Food/Cleaning/Bathroom-Toilet-Cleaners/Mr-Muscle-Original-Bathroom-Cleaner-500-ml/_/A-6001298070052?isFromPLP=true appended into product link list.
INFO - 2023-05-29 13:07:17,972 - Pagination_Cleaning: -https://www.woolworths.co.za/prod/Food/Cleaning/Sponges-Cloths-Accessories/100-Cotton-Shaggy-Weave-Drying-Up-Cloth-1-pk/_/A-6009184118949?isFromPLP=true appended into product link list.
INFO - 2023-05-29 13:07:17,990 - Pagination_Cleaning: -https://www.woolworths.co.za/prod/Food/Cleaning/Washing-Powder-Detergents/Fabric-Softener/Comfort-Morning-Fresh-Concentrated-Fabric-Softener-800-ml/_/A-6001087008068?isFromPLP=true appended into product link list.
INFO - 2023-05-29 13:07:18,012 - Pagination_Cleaning: -https://www.woolworths.co.za/prod/Food/Cleaning/Washing-Powder-Detergents/Fabric-Softener/W-Lab-3-in-1-Sea-Breeze-Fragrance-Booster-275-g/_/A-6009217148042?isFromPLP=true appended into product link list.
INFO - 2023-05-29 13:07:18,038 - Pagination_Cleaning: -https://www.woolworths.co.za/prod/Food/Cleaning/Dishwashing/Dishwashing-Liquids/Sunlight-Extra-Anti-Bacterial-Dishwashing-Liquid-Refill-750-ml/_/A-6001087385961?isFromPLP=true appended into product link list.
INFO - 2023-05-29 13:07:18,056 - Pagination_Cleaning: -https://www.woolworths.co.za/prod/Food/Cleaning/Sponges-Cloths-Accessories/Earth-Friendly-100-Bamboo-Swab-1-pc/_/A-6009223479413?isFromPLP=true appended into product link list.
INFO - 2023-05-29 13:07:18,075 - Pagination_Cleaning: -https://www.woolworths.co.za/prod/Food/Cleaning/Disinfectant-Bleach/3-in-1-Anti-Bacterial-Regular-Thick-Bleach-750-ml/_/A-6009217630745?isFromPLP=true appended into product link list.
INFO - 2023-05-29 13:07:18,093 - Pagination_Cleaning: -https://www.woolworths.co.za/prod/Food/Cleaning/Washing-Powder-Detergents/Fabric-Softener/Comfort-Uplifting-Concentrated-Fabric-Softener-Refill-800-ml/_/A-6001087377515?isFromPLP=true appended into product link list.
INFO - 2023-05-29 13:07:18,109 - Pagination_Cleaning: -https://www.woolworths.co.za/prod/Food/Cleaning/Washing-Powder-Detergents/Fabric-Softener/W-Lab-3-in-1-Amber-Blossom-Fragrance-Booster-275-g/_/A-6009217148059?isFromPLP=true appended into product link list.
INFO - 2023-05-29 13:07:18,126 - Pagination_Cleaning: -https://www.woolworths.co.za/prod/Food/Cleaning/Washing-Powder-Detergents/Fabric-Softener/Sta-Soft-Dream-Aromatherapy-Fabric-Softener-Refill-500-ml/_/A-8718951541016?isFromPLP=true appended into product link list.
INFO - 2023-05-29 13:07:18,145 - Pagination_Cleaning: -https://www.woolworths.co.za/prod/Food/Cleaning/Washing-Powder-Detergents/Washing-Powder-Detergent/Omo-3X-Power-Auto-Laundry-Capsules-in-Tub-588-ml/_/A-6001087377621?isFromPLP=true appended into product link list.
INFO - 2023-05-29 13:07:18,161 - Pagination_Cleaning: -https://www.woolworths.co.za/prod/Food/Cleaning/Washing-Powder-Detergents/Bleach-Stain-Remover-Soap/Jik-Clean-Up-Trigger-Lavender-500-ml/_/A-6001106227036?isFromPLP=true appended into product link list.
INFO - 2023-05-29 13:07:18,177 - Pagination_Cleaning: -https://www.woolworths.co.za/prod/Food/Cleaning/Washing-Powder-Detergents/Washing-Powder-Detergent/OMO-Auto-Washing-Powder-with-Hygiene-2-kg/_/A-6001087388979?isFromPLP=true appended into product link list.
INFO - 2023-05-29 13:07:18,195 - Pagination_Cleaning: -https://www.woolworths.co.za/prod/Food/Cleaning/Washing-Powder-Detergents/Washing-Powder-Detergent/OMO-Stain-Removal-Auto-Laundry-Capsules-22-pcs/_/A-6001087396004?isFromPLP=true appended into product link list.
INFO - 2023-05-29 13:07:18,220 - Pagination_Cleaning: -https://www.woolworths.co.za/prod/Food/Cleaning/Dishwashing/Dishwashing-Liquids/Sunlight-Extra-Nature-Dishwashing-Liquid-Refill-750-ml/_/A-6001087385978?isFromPLP=true appended into product link list.
INFO - 2023-05-29 13:07:18,239 - Pagination_Cleaning: -https://www.woolworths.co.za/prod/Food/Cleaning/Washing-Powder-Detergents/Washing-Powder-Detergent/Ariel-Automatic-Concentrated-Washing-Liquid-1-L/_/A-8001841965987?isFromPLP=true appended into product link list.
INFO - 2023-05-29 13:07:18,257 - Pagination_Cleaning: -https://www.woolworths.co.za/prod/Food/Cleaning/Dishwashing/Dishwashing-Liquids/Earth-Friendly-Bergamot-and-Bay-Leaf-Dish-Wash-500-ml/_/A-6009214476155?isFromPLP=true appended into product link list.
INFO - 2023-05-29 13:07:18,277 - Pagination_Cleaning: -https://www.woolworths.co.za/prod/Food/Cleaning/Dishwashing/Dishwashing-Powder-Pods-Tablets/W-Lab-3-in-1-Lemon-Auto-Dishwasher-Rinse-Aid-400-ml/_/A-6009223524540?isFromPLP=true appended into product link list.
INFO - 2023-05-29 13:07:18,294 - Pagination_Cleaning: -https://www.woolworths.co.za/prod/Food/Cleaning/Washing-Powder-Detergents/Washing-Powder-Detergent/Sunlight-2-in-1-Summer-Sensations-Auto-Laundry-Liquid-1-5-L/_/A-6001087358682?isFromPLP=true appended into product link list.
INFO - 2023-05-29 13:07:18,294 - Pagination_Cleaning: -len(product_links) collected...
INFO - 2023-05-29 13:07:19,024 - Pagination_Cleaning: -Next page button clicked
INFO - 2023-05-29 13:07:20,671 - Pagination_Cleaning: -https://www.woolworths.co.za/prod/Food/Cleaning/Washing-Powder-Detergents/Fabric-Softener/Sta-Soft-Ocean-Fresh-Intense-Fragrance-Ultra-Concentrate-Fabric-Softener-1-l/_/A-8718951466784?isFromPLP=true appended into product link list.
INFO - 2023-05-29 13:07:20,700 - Pagination_Cleaning: -https://www.woolworths.co.za/prod/Food/Cleaning/Bathroom-Toilet-Cleaners/Duck-Active-Clean-Marine-Rimblock-35-g/_/A-6001298001759?isFromPLP=true appended into product link list.
INFO - 2023-05-29 13:07:20,721 - Pagination_Cleaning: -https://www.woolworths.co.za/prod/Food/Cleaning/Washing-Powder-Detergents/Washing-Powder-Detergent/OMO-Colour-Auto-Washing-Liquid-1-5-L/_/A-6001087385848?isFromPLP=true appended into product link list.
INFO - 2023-05-29 13:07:20,740 - Pagination_Cleaning: -https://www.woolworths.co.za/prod/Food/Cleaning/Dishwashing/Dishwashing-Powder-Pods-Tablets/W-Lab-All-in-1-Eucalyptus-Fragranced-Auto-Dishwasher-Tablets-24-pk/_/A-6009223524571?isFromPLP=true appended into product link list.
INFO - 2023-05-29 13:07:20,769 - Pagination_Cleaning: -https://www.woolworths.co.za/prod/Food/Household/Air-Fresheners-Sprays-Diffuser/Dettol-Crisp-Linen-Fragranced-Disinfectant-Spray-400-ml/_/A-6001106228422?isFromPLP=true appended into product link list.
INFO - 2023-05-29 13:07:20,807 - Pagination_Cleaning: -https://www.woolworths.co.za/prod/Food/Cleaning/Sponges-Cloths-Accessories/W-Lab-Stainless-Steel-Spiral-Scourers-3-pk/_/A-6009223668183?isFromPLP=true appended into product link list.
INFO - 2023-05-29 13:07:20,867 - Pagination_Cleaning: -https://www.woolworths.co.za/prod/Food/Cleaning/Washing-Powder-Detergents/Omo-Auto-Liquid-Laundry-Detergent-2-L/_/A-6001087384322?isFromPLP=true appended into product link list.
INFO - 2023-05-29 13:07:20,900 - Pagination_Cleaning: -https://www.woolworths.co.za/prod/Food/Cleaning/Bathroom-Toilet-Cleaners/Duck-Marine-Fresh-Discs-Cageless-RImblock-Starter-with-Large-Refill-2-pk/_/A-6001298001025?isFromPLP=true appended into product link list.
INFO - 2023-05-29 13:07:20,939 - Pagination_Cleaning: -https://www.woolworths.co.za/prod/Food/Cleaning/Furniture-Metal-Shoe-Polish/Mr-Min-Almond-Wood-Polish-300-ml/_/A-6001106224318?isFromPLP=true appended into product link list.
INFO - 2023-05-29 13:07:20,977 - Pagination_Cleaning: -https://www.woolworths.co.za/prod/Food/Cleaning/Bathroom-Toilet-Cleaners/3-in-1-Pink-Grapefruit-Anti-Bacterial-Tile-Cleaner-Spray-750-ml/_/A-6009223524533?isFromPLP=true appended into product link list.
INFO - 2023-05-29 13:07:20,992 - Pagination_Cleaning: -https://www.woolworths.co.za/prod/Food/Cleaning/Dishwashing/Dishwashing-Powder-Pods-Tablets/Fairy-Premium-Plus-Lemon-Scented-Dishwasher-Tablets-14-pcs/_/A-4902430925891?isFromPLP=true appended into product link list.
INFO - 2023-05-29 13:07:21,041 - Pagination_Cleaning: -https://www.woolworths.co.za/prod/Food/Cleaning/Sponges-Cloths-Accessories/Full-Circle-Micro-Manager-Detail-Brush/_/A-810119022882?isFromPLP=true appended into product link list.
INFO - 2023-05-29 13:07:21,071 - Pagination_Cleaning: -https://www.woolworths.co.za/prod/Food/Household/Air-Fresheners-Sprays-Diffuser/Dettol-Orchard-Blossom-Fragranced-Disinfectant-Spray-400-ml/_/A-6001106228446?isFromPLP=true appended into product link list.
INFO - 2023-05-29 13:07:21,089 - Pagination_Cleaning: -https://www.woolworths.co.za/prod/Food/Cleaning/Washing-Powder-Detergents/Washing-Powder-Detergent/OMO-Stain-Removal-Auto-Laundry-Capsules-16-pcs/_/A-6001087395977?isFromPLP=true appended into product link list.
INFO - 2023-05-29 13:07:21,115 - Pagination_Cleaning: -https://www.woolworths.co.za/prod/Food/Cleaning/Washing-Powder-Detergents/Washing-Powder-Detergent/W-Lab-3-in-1-Baby-and-Sensitive-Hypo-Allergenic-Auto-Laundry-Liquid-1-5-L/_/A-6009223524502?isFromPLP=true appended into product link list.
INFO - 2023-05-29 13:07:21,135 - Pagination_Cleaning: -https://www.woolworths.co.za/prod/Food/Cleaning/Multi-Purpose-Surface-Cleaners/Ocean-Mist-3-in-1-All-Purpose-Cream-Cleaner-750-ml/_/A-6009217629084?isFromPLP=true appended into product link list.
INFO - 2023-05-29 13:07:21,153 - Pagination_Cleaning: -https://www.woolworths.co.za/prod/Food/Cleaning/Washing-Powder-Detergents/Sunlight-2-in-1-Auto-Laundry-Liquid-2-L/_/A-6001087384292?isFromPLP=true appended into product link list.
INFO - 2023-05-29 13:07:21,171 - Pagination_Cleaning: -https://www.woolworths.co.za/prod/Food/Cleaning/Sponges-Cloths-Accessories/Earth-Friendly-Plant-Based-Coco-Scrubber-For-Pots-and-Pans-2-pcs/_/A-6009223479512?isFromPLP=true appended into product link list.
INFO - 2023-05-29 13:07:21,187 - Pagination_Cleaning: -https://www.woolworths.co.za/prod/Food/Cleaning/Dishwashing/Dishwashing-Powder-Pods-Tablets/W-Lab-3-in-1-Auto-Dishwasher-Powder-1-kg/_/A-6009223584520?isFromPLP=true appended into product link list.
INFO - 2023-05-29 13:07:21,204 - Pagination_Cleaning: -https://www.woolworths.co.za/prod/Food/Cleaning/Sponges-Cloths-Accessories/W-Lab-Anti-Bacterial-Gentle-Scourer-3-pk/_/A-6009223668190?isFromPLP=true appended into product link list.
INFO - 2023-05-29 13:07:21,231 - Pagination_Cleaning: -https://www.woolworths.co.za/prod/Food/Promotions/Buy-2-Or-More-And-Save/Buy-any-2-pay-for-1/Ariel-Washing-Powder-2kg/Ariel-Anti-Germ-Automatic-Washing-Powder-2-kg/_/A-8006540179468?isFromPLP=true appended into product link list.
INFO - 2023-05-29 13:07:21,249 - Pagination_Cleaning: -https://www.woolworths.co.za/prod/Food/Cleaning/Washing-Powder-Detergents/Bleach-Stain-Remover-Soap/Vanish-Power-O2-Crystal-White-Stain-Removing-Powder-400-g/_/A-6001106117849?isFromPLP=true appended into product link list.
INFO - 2023-05-29 13:07:21,267 - Pagination_Cleaning: -https://www.woolworths.co.za/prod/Food/Cleaning/Sponges-Cloths-Accessories/Full-Circle-Clean-Again-Extra-Absorbent-Cleaning-Cloths-2-pk/_/A-810119020024?isFromPLP=true appended into product link list.
INFO - 2023-05-29 13:07:21,286 - Pagination_Cleaning: -https://www.woolworths.co.za/prod/Food/Cleaning/Sponges-Cloths-Accessories/Full-Circle-Squeeze-Cellulose-Sponge-Cloths-3-pk/_/A-850166002154?isFromPLP=true appended into product link list.
INFO - 2023-05-29 13:07:21,305 - Pagination_Cleaning: -https://www.woolworths.co.za/prod/Food/Cleaning/Sponges-Cloths-Accessories/Earth-Friendly-Bio-Kitchen-Scrubber-1-pk/_/A-6009223479499?isFromPLP=true appended into product link list.
INFO - 2023-05-29 13:07:21,320 - Pagination_Cleaning: -https://www.woolworths.co.za/prod/Food/Cleaning/Bathroom-Toilet-Cleaners/Duck-Active-Clean-Citrus-Rimblock-35-g/_/A-6001298001766?isFromPLP=true appended into product link list.
INFO - 2023-05-29 13:07:21,336 - Pagination_Cleaning: -https://www.woolworths.co.za/prod/Food/Cleaning/Sponges-Cloths-Accessories/Earth-Friendly-100-Bamboo-Dish-Cloth-1-pc/_/A-6009223479420?isFromPLP=true appended into product link list.
INFO - 2023-05-29 13:07:21,353 - Pagination_Cleaning: -https://www.woolworths.co.za/prod/Food/Cleaning/Sponges-Cloths-Accessories/Medium-Rubber-Gloves-1-pk/_/A-6009223617976?isFromPLP=true appended into product link list.
INFO - 2023-05-29 13:07:21,372 - Pagination_Cleaning: -https://www.woolworths.co.za/prod/Food/Cleaning/Multi-Purpose-Surface-Cleaners/3-in-1-Fresh-Mint-All-Purpose-Cream-Cleaner-750-ml/_/A-6009217629091?isFromPLP=true appended into product link list.
INFO - 2023-05-29 13:07:21,392 - Pagination_Cleaning: -https://www.woolworths.co.za/prod/Food/Cleaning/Washing-Powder-Detergents/Bleach-Stain-Remover-Soap/Jik-Clean-Up-Trigger-Lemon-500-ml/_/A-6001106227029?isFromPLP=true appended into product link list.
INFO - 2023-05-29 13:07:21,408 - Pagination_Cleaning: -https://www.woolworths.co.za/prod/Food/Cleaning/Dishwashing/Dishwashing-Powder-Pods-Tablets/Finish-Powerball-Quantum-All-in-1-Max-Lemon-Dishwasher-Tablets-50-pcs/_/A-6001106228583?isFromPLP=true appended into product link list.
INFO - 2023-05-29 13:07:21,424 - Pagination_Cleaning: -https://www.woolworths.co.za/prod/Food/Cleaning/Bathroom-Toilet-Cleaners/Duck-Marine-Fresh-Discs-6-Disc-Refill-1-pk/_/A-6001298001087?isFromPLP=true appended into product link list.
INFO - 2023-05-29 13:07:21,447 - Pagination_Cleaning: -https://www.woolworths.co.za/prod/Food/Cleaning/Multi-Purpose-Surface-Cleaners/Earth-Friendly-Granite-and-Marble-Cleaner-500-ml/_/A-6009223010890?isFromPLP=true appended into product link list.
INFO - 2023-05-29 13:07:21,468 - Pagination_Cleaning: -https://www.woolworths.co.za/prod/Food/Cleaning/Washing-Powder-Detergents/Washing-Powder-Detergent/Ariel-Downy-Auto-Washing-Powder-3-kg/_/A-4084500833678?isFromPLP=true appended into product link list.
INFO - 2023-05-29 13:07:21,487 - Pagination_Cleaning: -https://www.woolworths.co.za/prod/Food/Cleaning/Washing-Powder-Detergents/Washing-Powder-Detergent/Breathease-2-in1-Laundry-Liquid-with-Fabric-Conditioner-1-5-L/_/A-6009223162186?isFromPLP=true appended into product link list.
INFO - 2023-05-29 13:07:21,505 - Pagination_Cleaning: -https://www.woolworths.co.za/prod/Food/Cleaning/Multi-Purpose-Surface-Cleaners/Handy-Andy-Lemon-Fresh-Cream-Detergent-Refill-750-ml/_/A-6001087009805?isFromPLP=true appended into product link list.
INFO - 2023-05-29 13:07:21,529 - Pagination_Cleaning: -https://www.woolworths.co.za/prod/Food/Cleaning/Washing-Powder-Detergents/Omo-Auto-Washing-Liquid-with-a-Touch-of-Comfort-2-L/_/A-6001087384353?isFromPLP=true appended into product link list.
INFO - 2023-05-29 13:07:21,552 - Pagination_Cleaning: -https://www.woolworths.co.za/prod/Food/Cleaning/Washing-Powder-Detergents/Washing-Powder-Detergent/Skip-Anti-Ageing-Auto-Washing-Liquid-2-L/_/A-6001087384438?isFromPLP=true appended into product link list.
INFO - 2023-05-29 13:07:21,583 - Pagination_Cleaning: -https://www.woolworths.co.za/prod/Food/Cleaning/Washing-Powder-Detergents/Washing-Powder-Detergent/Ariel-Anti-Germ-Automatic-Washing-Powder-3-kg/_/A-8006540183861?isFromPLP=true appended into product link list.
INFO - 2023-05-29 13:07:21,603 - Pagination_Cleaning: -https://www.woolworths.co.za/prod/Food/Cleaning/Washing-Powder-Detergents/Washing-Powder-Detergent/W-Lab-3-in-1-Delicate-Hand-and-Auto-Laundry-Liquid-1-5-L/_/A-6009223524519?isFromPLP=true appended into product link list.
INFO - 2023-05-29 13:07:21,619 - Pagination_Cleaning: -https://www.woolworths.co.za/prod/Food/Cleaning/Multi-Purpose-Surface-Cleaners/Earth-Friendly-Eucalyptus-and-Black-Pepper-Surface-Wipes-50-s/_/A-6009223016397?isFromPLP=true appended into product link list.
INFO - 2023-05-29 13:07:21,639 - Pagination_Cleaning: -https://www.woolworths.co.za/prod/Food/Cleaning/Multi-Purpose-Surface-Cleaners/Handy-Andy-Potpourri-Cream-Detergent-Refill-750-ml/_/A-6001087009782?isFromPLP=true appended into product link list.
INFO - 2023-05-29 13:07:21,658 - Pagination_Cleaning: -https://www.woolworths.co.za/prod/Food/Cleaning/Bathroom-Toilet-Cleaners/3-in-1-Ocean-Mist-Anti-Bacterial-Bathroom-Cleaner-500-ml/_/A-6009223521914?isFromPLP=true appended into product link list.
INFO - 2023-05-29 13:07:21,680 - Pagination_Cleaning: -https://www.woolworths.co.za/prod/Food/Cleaning/Washing-Powder-Detergents/Washing-Powder-Detergent/W-Lab-3-in-1-Colours-Auto-Laundry-Liquid-1-5-L/_/A-6009223524526?isFromPLP=true appended into product link list.
INFO - 2023-05-29 13:07:21,698 - Pagination_Cleaning: -https://www.woolworths.co.za/prod/Food/Cleaning/Sponges-Cloths-Accessories/Full-Circle-Be-Good-Dish-Brush/_/A-810119021809?isFromPLP=true appended into product link list.
INFO - 2023-05-29 13:07:21,720 - Pagination_Cleaning: -https://www.woolworths.co.za/prod/Food/Cleaning/Washing-Powder-Detergents/Pegs/Stainless-Steel-Clothes-Pegs-in-Cotton-Bag-21-pcs/_/A-6009223203568?isFromPLP=true appended into product link list.
INFO - 2023-05-29 13:07:21,737 - Pagination_Cleaning: -https://www.woolworths.co.za/prod/Food/Cleaning/Bathroom-Toilet-Cleaners/Handy-Andy-Eucalyptus-Multi-Purpose-Cleaning-Cream-750-ml/_/A-6001087391733?isFromPLP=true appended into product link list.
INFO - 2023-05-29 13:07:21,753 - Pagination_Cleaning: -https://www.woolworths.co.za/prod/Food/Cleaning/Dishwashing/Dishwashing-Powder-Pods-Tablets/Fairy-All-In-One-Lemon-Scented-Dishwasher-Tablets-64-pcs/_/A-8001841958521?isFromPLP=true appended into product link list.
INFO - 2023-05-29 13:07:21,769 - Pagination_Cleaning: -https://www.woolworths.co.za/prod/Food/Cleaning/Sponges-Cloths-Accessories/Silicone-Bristle-Glove-1-pair/_/A-6009223668176?isFromPLP=true appended into product link list.
INFO - 2023-05-29 13:07:21,790 - Pagination_Cleaning: -https://www.woolworths.co.za/prod/Food/Cleaning/Sponges-Cloths-Accessories/Earth-Friendly-Multipurpose-Plastic-Free-Cloth-5-pcs/_/A-6009223479482?isFromPLP=true appended into product link list.
INFO - 2023-05-29 13:07:21,815 - Pagination_Cleaning: -https://www.woolworths.co.za/prod/Food/Cleaning/Washing-Powder-Detergents/Fabric-Softener/Comfort-Elegance-Concentrated-Fabric-Softener-Refill-800-ml/_/A-6001087352475?isFromPLP=true appended into product link list.
INFO - 2023-05-29 13:07:21,833 - Pagination_Cleaning: -https://www.woolworths.co.za/prod/Food/Cleaning/Disinfectant-Bleach/Mr-Muscle-Original-Multi-Surface-Disinfectant-750-ml/_/A-6001298002923?isFromPLP=true appended into product link list.
INFO - 2023-05-29 13:07:21,853 - Pagination_Cleaning: -https://www.woolworths.co.za/prod/Food/Cleaning/Dishwashing/Dishwashing-Powder-Pods-Tablets/Finish-Powerball-Quantum-All-in-1-Max-Dishwasher-Tablets-50-pcs/_/A-6001106228590?isFromPLP=true appended into product link list.
INFO - 2023-05-29 13:07:21,870 - Pagination_Cleaning: -https://www.woolworths.co.za/prod/Food/Cleaning/Disinfectant-Bleach/Mr-Muscle-Citrus-Fresh-Multi-Surface-Disinfectant-750ml/_/A-6001298002886?isFromPLP=true appended into product link list.
INFO - 2023-05-29 13:07:21,887 - Pagination_Cleaning: -https://www.woolworths.co.za/prod/Food/Cleaning/Multi-Purpose-Surface-Cleaners/Handy-Andy-Lavender-Multi-Purpose-Cleaning-Cream-Refill-750-ml/_/A-6001087009799?isFromPLP=true appended into product link list.
INFO - 2023-05-29 13:07:21,904 - Pagination_Cleaning: -https://www.woolworths.co.za/prod/Food/Cleaning/Bathroom-Toilet-Cleaners/Duck-Extra-Power-Marine-Foaming-Bleach-Gel-Toilet-Cleaner-500-ml/_/A-6001298701697?isFromPLP=true appended into product link list.
INFO - 2023-05-29 13:07:21,925 - Pagination_Cleaning: -https://www.woolworths.co.za/prod/Food/Cleaning/Dishwashing/Dishwashing-Powder-Pods-Tablets/W-Lab-All-in-1-Eucalyptus-Fragranced-Auto-Dishwasher-Tablets-56-pk/_/A-6009223524588?isFromPLP=true appended into product link list.
INFO - 2023-05-29 13:07:21,945 - Pagination_Cleaning: -https://www.woolworths.co.za/prod/Food/Cleaning/Washing-Powder-Detergents/Fabric-Softener/Comfort-Morning-Fresh-Concentrated-Fabric-Softener-Refill-800-ml/_/A-6001087352499?isFromPLP=true appended into product link list.
INFO - 2023-05-29 13:07:21,945 - Pagination_Cleaning: -len(product_links) collected...
ERROR - 2023-05-29 13:07:31,998 - Pagination_Cleaning: -error occurred - Message: element not interactable
  (Session info: chrome=113.0.5672.127)
Stacktrace:
Backtrace:
	GetHandleVerifier [0x0066DCE3+50899]
	(No symbol) [0x005FE111]
	(No symbol) [0x00505450]
	(No symbol) [0x00531846]
	(No symbol) [0x005294A5]
	(No symbol) [0x0054B8FC]
	(No symbol) [0x00528EC6]
	(No symbol) [0x0054BC54]
	(No symbol) [0x0055E01C]
	(No symbol) [0x0054B6F6]
	(No symbol) [0x00527708]
	(No symbol) [0x0052886D]
	GetHandleVerifier [0x008D3EAE+2566302]
	GetHandleVerifier [0x009092B1+2784417]
	GetHandleVerifier [0x0090327C+2759788]
	GetHandleVerifier [0x00705740+672048]
	(No symbol) [0x00608872]
	(No symbol) [0x006041C8]
	(No symbol) [0x006042AB]
	(No symbol) [0x005F71B7]
	BaseThreadInitThunk [0x76B400C9+25]
	RtlGetAppContainerNamedObjectPath [0x77737B4E+286]
	RtlGetAppContainerNamedObjectPath [0x77737B1E+238]

