INFO - 2023-05-29 12:59:01,491 - Pagination_Milk_Dairy_EggsDeli_EntertainingBeverages_Juices: -Pagination logger created - 
INFO - 2023-05-29 12:59:13,367 - Pagination_Milk_Dairy_EggsDeli_EntertainingBeverages_Juices: -https://www.woolworths.co.za/cat/Food/Milk-Dairy-Eggs/_/N-1sqo44phttps://www.woolworths.co.za/cat/Food/Deli-Entertaining/_/N-13b8g51https://www.woolworths.co.za/cat/Food/Beverages-Juices/_/N-mnxddc opened and page downloaded.
INFO - 2023-05-29 12:59:23,502 - Pagination_Milk_Dairy_EggsDeli_EntertainingBeverages_Juices: -https://www.woolworths.co.za/prod/Food/Beverages-Juices/4-and-6-Packs/Water/Still-Natural-Spring-Water-4-x-5-L/_/A-6009211216976?isFromPLP=true appended into product link list.
INFO - 2023-05-29 12:59:23,526 - Pagination_Milk_Dairy_EggsDeli_EntertainingBeverages_Juices: -https://www.woolworths.co.za/prod/Food/Beverages-Juices/Sodas/Woolies-Soda/Quinine-and-Citrus-Flavoured-Sparkling-Tonic-Water-Can-200-ml/_/A-6001009034175?isFromPLP=true appended into product link list.
INFO - 2023-05-29 12:59:23,546 - Pagination_Milk_Dairy_EggsDeli_EntertainingBeverages_Juices: -https://www.woolworths.co.za/prod/Food/Beverages-Juices/Fruit-Vegetable-Juices/Chilled-Juice/100-Apple-Juice-1-5-L/_/A-6009173967152?isFromPLP=true appended into product link list.
INFO - 2023-05-29 12:59:23,565 - Pagination_Milk_Dairy_EggsDeli_EntertainingBeverages_Juices: -https://www.woolworths.co.za/prod/Food/Promotions/Buy-2-Or-More-And-Save/Buy-any-2-for-R50/Fruit-Juices-Blends/100-Apple-Juice-500-ml/_/A-6009173967145?isFromPLP=true appended into product link list.
INFO - 2023-05-29 12:59:23,585 - Pagination_Milk_Dairy_EggsDeli_EntertainingBeverages_Juices: -https://www.woolworths.co.za/prod/Food/Promotions/Buy-2-Or-More-And-Save/Buy-any-2-for-R78/Fresh-Juice-1-5L/100-Fruit-Cocktail-Fruit-Juice-Blend-1-5-L/_/A-20162849?isFromPLP=true appended into product link list.
INFO - 2023-05-29 12:59:23,612 - Pagination_Milk_Dairy_EggsDeli_EntertainingBeverages_Juices: -https://www.woolworths.co.za/prod/Food/Promotions/Buy-2-Or-More-And-Save/Buy-any-2-for-R50/Fruit-Juices-Blends/100-Fruit-Cocktail-Fruit-Juice-Blend-500-ml/_/A-20166861?isFromPLP=true appended into product link list.
INFO - 2023-05-29 12:59:23,645 - Pagination_Milk_Dairy_EggsDeli_EntertainingBeverages_Juices: -https://www.woolworths.co.za/prod/Food/Promotions/Buy-2-Or-More-And-Save/Buy-any-2-for-R78/Fresh-Juice-1-5L/100-Granadilla-Fruit-Juice-Blend-1-5-L/_/A-20162825?isFromPLP=true appended into product link list.
INFO - 2023-05-29 12:59:23,665 - Pagination_Milk_Dairy_EggsDeli_EntertainingBeverages_Juices: -https://www.woolworths.co.za/prod/Food/Promotions/Buy-2-Or-More-And-Save/Buy-any-2-for-R78/Fresh-Juice-1-5L/100-Guava-Fruit-Juice-Blend-1-5-L/_/A-20198718?isFromPLP=true appended into product link list.
INFO - 2023-05-29 12:59:23,681 - Pagination_Milk_Dairy_EggsDeli_EntertainingBeverages_Juices: -https://www.woolworths.co.za/prod/Food/Promotions/Buy-2-Or-More-And-Save/Buy-any-2-for-R50/Fruit-Juices-Blends/100-Guava-Fruit-Juice-Blend-500-ml/_/A-6009101066322?isFromPLP=true appended into product link list.
INFO - 2023-05-29 12:59:23,698 - Pagination_Milk_Dairy_EggsDeli_EntertainingBeverages_Juices: -https://www.woolworths.co.za/prod/Food/Promotions/Buy-2-Or-More-And-Save/Buy-any-2-for-R78/Fresh-Juice-1-5L/100-Mango-Fruit-Juice-Blend-1-5-L/_/A-6009171950262?isFromPLP=true appended into product link list.
INFO - 2023-05-29 12:59:23,715 - Pagination_Milk_Dairy_EggsDeli_EntertainingBeverages_Juices: -https://www.woolworths.co.za/prod/Food/Promotions/Buy-2-Or-More-And-Save/Buy-any-2-for-R50/Fruit-Juices-Blends/100-Mango-Fruit-Juice-Blend-500-ml/_/A-6009101066308?isFromPLP=true appended into product link list.
INFO - 2023-05-29 12:59:23,733 - Pagination_Milk_Dairy_EggsDeli_EntertainingBeverages_Juices: -https://www.woolworths.co.za/prod/Food/Promotions/Buy-2-Or-More-And-Save/Buy-any-2-for-R78/Fresh-Juice-1-5L/100-Orange-Juice-1-5-L/_/A-20162832?isFromPLP=true appended into product link list.
INFO - 2023-05-29 12:59:23,760 - Pagination_Milk_Dairy_EggsDeli_EntertainingBeverages_Juices: -https://www.woolworths.co.za/prod/Food/Beverages-Juices/Fruit-Vegetable-Juices/Chilled-Juice/100-Juice/100-Orange-Juice-3-L/_/A-6009000043837?isFromPLP=true appended into product link list.
INFO - 2023-05-29 12:59:23,782 - Pagination_Milk_Dairy_EggsDeli_EntertainingBeverages_Juices: -https://www.woolworths.co.za/prod/Online-Feature/Featured-for-Content/Recipes/Bobotie-kebabs/100-Orange-Juice-500-ml/_/A-20162801?isFromPLP=true appended into product link list.
INFO - 2023-05-29 12:59:23,811 - Pagination_Milk_Dairy_EggsDeli_EntertainingBeverages_Juices: -https://www.woolworths.co.za/prod/Food/Beverages-Juices/Fruit-Vegetable-Juices/Chilled-Juice/Lemonades/Still-Lemonade-300-ml/_/A-6009175423823?isFromPLP=true appended into product link list.
INFO - 2023-05-29 12:59:23,832 - Pagination_Milk_Dairy_EggsDeli_EntertainingBeverages_Juices: -https://www.woolworths.co.za/prod/Food/Food-Basket/Banners/Halaal-Shop/Beverages-Juices/Still-Lemonade-1-L/_/A-6009175423854?isFromPLP=true appended into product link list.
INFO - 2023-05-29 12:59:23,861 - Pagination_Milk_Dairy_EggsDeli_EntertainingBeverages_Juices: -https://www.woolworths.co.za/prod/Food/Beverages-Juices/Fruit-Vegetable-Juices/Chilled-Juice/Lemonades/Ginger-Lemonade-300-ml/_/A-6009175611558?isFromPLP=true appended into product link list.
INFO - 2023-05-29 12:59:23,880 - Pagination_Milk_Dairy_EggsDeli_EntertainingBeverages_Juices: -https://www.woolworths.co.za/prod/Food/Beverages-Juices/Fruit-Vegetable-Juices/Chilled-Juice/Ginger-Lemonade-1-L/_/A-6009175612517?isFromPLP=true appended into product link list.
INFO - 2023-05-29 12:59:23,897 - Pagination_Milk_Dairy_EggsDeli_EntertainingBeverages_Juices: -https://www.woolworths.co.za/prod/Food/Promotions/Buy-2-Or-More-And-Save/Buy-any-2-for-R50/Fruit-Juices-Blends/100-Mixed-Berry-Fruit-Juice-Blend-500-ml/_/A-6009189517327?isFromPLP=true appended into product link list.
INFO - 2023-05-29 12:59:23,915 - Pagination_Milk_Dairy_EggsDeli_EntertainingBeverages_Juices: -https://www.woolworths.co.za/prod/Food/Promotions/Buy-2-Or-More-And-Save/Buy-any-2-for-R78/Fresh-Juice-1-5L/100-Mixed-Berry-Fruit-Juice-Blend-1-5-L/_/A-6009189517402?isFromPLP=true appended into product link list.
INFO - 2023-05-29 12:59:23,941 - Pagination_Milk_Dairy_EggsDeli_EntertainingBeverages_Juices: -https://www.woolworths.co.za/prod/Food/Food-Basket/Banners/Make-It-Winning/Breezy-Breakfasts/Pressed-Juice-Smoothies/Cold-Pressed-Green-100-Juice-250-ml/_/A-6009189957734?isFromPLP=true appended into product link list.
INFO - 2023-05-29 12:59:23,963 - Pagination_Milk_Dairy_EggsDeli_EntertainingBeverages_Juices: -https://www.woolworths.co.za/prod/Food/Food-Basket/Banners/Make-It-Winning/Breezy-Breakfasts/Pressed-Juice-Smoothies/Cold-Pressed-Beetroot-Bliss-100-Juice-250-ml/_/A-6009189957727?isFromPLP=true appended into product link list.
INFO - 2023-05-29 12:59:23,978 - Pagination_Milk_Dairy_EggsDeli_EntertainingBeverages_Juices: -https://www.woolworths.co.za/prod/Food/Food-Basket/Banners/Make-It-Winning/Breezy-Breakfasts/Pressed-Juice-Smoothies/Cold-Pressed-Carrot-100-Juice-250-ml/_/A-6009189957321?isFromPLP=true appended into product link list.
INFO - 2023-05-29 12:59:23,995 - Pagination_Milk_Dairy_EggsDeli_EntertainingBeverages_Juices: -https://www.woolworths.co.za/prod/Food/Beverages-Juices/Fruit-Vegetable-Juices/Chilled-Juice/Freshly-Squeezed-Juices/100-Freshly-Squeezed-Ruby-Grapefruit-Juice-1-L/_/A-6009173966834?isFromPLP=true appended into product link list.
INFO - 2023-05-29 12:59:24,012 - Pagination_Milk_Dairy_EggsDeli_EntertainingBeverages_Juices: -https://www.woolworths.co.za/prod/Food/Beverages-Juices/Fruit-Vegetable-Juices/Chilled-Juice/Freshly-Squeezed-Juices/100-Freshly-Squeezed-Ruby-Grapefruit-Juice-300-ml/_/A-6009173966803?isFromPLP=true appended into product link list.
INFO - 2023-05-29 12:59:24,031 - Pagination_Milk_Dairy_EggsDeli_EntertainingBeverages_Juices: -https://www.woolworths.co.za/prod/Food/Promotions/Buy-2-Or-More-And-Save/Buy-any-5-for-R85/Juice-shots-100ml/Cold-Pressed-Vitamin-C-Shot-100-ml/_/A-6009204206038?isFromPLP=true appended into product link list.
INFO - 2023-05-29 12:59:24,045 - Pagination_Milk_Dairy_EggsDeli_EntertainingBeverages_Juices: -https://www.woolworths.co.za/prod/Food/Promotions/Buy-2-Or-More-And-Save/Buy-any-5-for-R85/Juice-shots-100ml/Cold-Pressed-Ginger-Shot-100-ml/_/A-6009204205680?isFromPLP=true appended into product link list.
INFO - 2023-05-29 12:59:24,062 - Pagination_Milk_Dairy_EggsDeli_EntertainingBeverages_Juices: -https://www.woolworths.co.za/prod/Online-Feature/Content/Eating-Well/Trending/Cold-Pressed-Beetroot-Bliss-100-Juice-750-ml/_/A-6009204378339?isFromPLP=true appended into product link list.
INFO - 2023-05-29 12:59:24,079 - Pagination_Milk_Dairy_EggsDeli_EntertainingBeverages_Juices: -https://www.woolworths.co.za/prod/Online-Feature/Content/Eating-Well/Trending/Cold-Pressed-Green-100-Juice-750-ml/_/A-6009204378346?isFromPLP=true appended into product link list.
INFO - 2023-05-29 12:59:24,096 - Pagination_Milk_Dairy_EggsDeli_EntertainingBeverages_Juices: -https://www.woolworths.co.za/prod/Online-Feature/Content/Eating-Well/Trending/Cold-Pressed-Carrot-100-Juice-750-ml/_/A-6009204378353?isFromPLP=true appended into product link list.
INFO - 2023-05-29 12:59:24,112 - Pagination_Milk_Dairy_EggsDeli_EntertainingBeverages_Juices: -https://www.woolworths.co.za/prod/Food/Promotions/Buy-2-Or-More-And-Save/Buy-any-2-save-R6/Cold-Pressed-And-Functional-Smoothie-250ml/Cold-Pressed-Passion-Punch-100-Juice-250-ml/_/A-6009204963818?isFromPLP=true appended into product link list.
INFO - 2023-05-29 12:59:24,130 - Pagination_Milk_Dairy_EggsDeli_EntertainingBeverages_Juices: -https://www.woolworths.co.za/prod/Food/Promotions/Buy-2-Or-More-And-Save/Buy-any-2-for-R50/Fruit-Juices-Blends/100-Mango-and-Pineapple-Fruit-Juice-Blend-500-ml/_/A-6009204963849?isFromPLP=true appended into product link list.
INFO - 2023-05-29 12:59:24,145 - Pagination_Milk_Dairy_EggsDeli_EntertainingBeverages_Juices: -https://www.woolworths.co.za/prod/Food/Promotions/Buy-2-Or-More-And-Save/Buy-any-2-for-R78/Fresh-Juice-1-5L/100-Mango-and-Pineapple-Fruit-Juice-Blend-1-5-L/_/A-6009204921740?isFromPLP=true appended into product link list.
INFO - 2023-05-29 12:59:24,162 - Pagination_Milk_Dairy_EggsDeli_EntertainingBeverages_Juices: -https://www.woolworths.co.za/prod/Food/Beverages-Juices/Sodas/Sparkling-Fruit-Drinks/Appletiser-100-Sparkling-Apple-Juice-275-ml/_/A-6001048003323?isFromPLP=true appended into product link list.
INFO - 2023-05-29 12:59:24,178 - Pagination_Milk_Dairy_EggsDeli_EntertainingBeverages_Juices: -https://www.woolworths.co.za/prod/Food/Food-Basket/Banners/Bulk-Shopping-Items/Appletiser-100-Sparkling-Apple-Juice-6-x-275-ml/_/A-6001048003330?isFromPLP=true appended into product link list.
INFO - 2023-05-29 12:59:24,195 - Pagination_Milk_Dairy_EggsDeli_EntertainingBeverages_Juices: -https://www.woolworths.co.za/prod/Food/Beverages-Juices/Sodas/Sparkling-Fruit-Drinks/Appletiser-100-Sparkling-Apple-Juice-750-ml/_/A-6001048000902?isFromPLP=true appended into product link list.
INFO - 2023-05-29 12:59:24,211 - Pagination_Milk_Dairy_EggsDeli_EntertainingBeverages_Juices: -https://www.woolworths.co.za/prod/Food/Beverages-Juices/Sodas/Sparkling-Fruit-Drinks/Grapetiser-100-Sparkling-Red-Grape-Juice-750-ml/_/A-6001048000933?isFromPLP=true appended into product link list.
INFO - 2023-05-29 12:59:24,230 - Pagination_Milk_Dairy_EggsDeli_EntertainingBeverages_Juices: -https://www.woolworths.co.za/prod/Food/Beverages-Juices/Sodas/Sparkling-Fruit-Drinks/Grapetiser-100-Sparkling-Red-Grape-Juice-6-x-275-ml/_/A-6001048003392?isFromPLP=true appended into product link list.
INFO - 2023-05-29 12:59:24,251 - Pagination_Milk_Dairy_EggsDeli_EntertainingBeverages_Juices: -https://www.woolworths.co.za/prod/Food/Beverages-Juices/Sodas/Sparkling-Fruit-Drinks/Grapetiser-100-Sparkling-Red-Grape-Juice-275-ml/_/A-6001048003385?isFromPLP=true appended into product link list.
INFO - 2023-05-29 12:59:24,266 - Pagination_Milk_Dairy_EggsDeli_EntertainingBeverages_Juices: -https://www.woolworths.co.za/prod/Food/Beverages-Juices/Sodas/Branded-Soda/Grapetiser-100-Sparkling-White-Grape-Juice-275-ml/_/A-6001048003354?isFromPLP=true appended into product link list.
INFO - 2023-05-29 12:59:24,282 - Pagination_Milk_Dairy_EggsDeli_EntertainingBeverages_Juices: -https://www.woolworths.co.za/prod/Food/Beverages-Juices/4-and-6-Packs/Soda-Energy-Drinks/Grapetiser-100-Sparkling-White-Grape-Juice-6-x-275-ml/_/A-6001048003361?isFromPLP=true appended into product link list.
INFO - 2023-05-29 12:59:24,299 - Pagination_Milk_Dairy_EggsDeli_EntertainingBeverages_Juices: -https://www.woolworths.co.za/prod/Food/Beverages-Juices/Fruit-Vegetable-Juices/Boxed-Juices/100-Red-Grape-Juice-1-L/_/A-6009101252343?isFromPLP=true appended into product link list.
INFO - 2023-05-29 12:59:24,318 - Pagination_Milk_Dairy_EggsDeli_EntertainingBeverages_Juices: -https://www.woolworths.co.za/prod/Food/Beverages-Juices/Fruit-Vegetable-Juices/Boxed-Juices/Apple-100-Fruit-Juice-200-ml/_/A-20082703?isFromPLP=true appended into product link list.
INFO - 2023-05-29 12:59:24,333 - Pagination_Milk_Dairy_EggsDeli_EntertainingBeverages_Juices: -https://www.woolworths.co.za/prod/Food/Beverages-Juices/Fruit-Vegetable-Juices/Boxed-Juices/Apple-100-Fruit-Juice-6-x-200-ml/_/A-20094447?isFromPLP=true appended into product link list.
INFO - 2023-05-29 12:59:24,349 - Pagination_Milk_Dairy_EggsDeli_EntertainingBeverages_Juices: -https://www.woolworths.co.za/prod/Food/Beverages-Juices/Fruit-Vegetable-Juices/Boxed-Juices/Apple-100-Fruit-Juice-1-L/_/A-20074067?isFromPLP=true appended into product link list.
INFO - 2023-05-29 12:59:24,372 - Pagination_Milk_Dairy_EggsDeli_EntertainingBeverages_Juices: -https://www.woolworths.co.za/prod/Food/Beverages-Juices/Fruit-Vegetable-Juices/Boxed-Juices/Cherry-and-Berry-100-Fruit-Juice-Blend-1-L/_/A-6001009006301?isFromPLP=true appended into product link list.
INFO - 2023-05-29 12:59:24,389 - Pagination_Milk_Dairy_EggsDeli_EntertainingBeverages_Juices: -https://www.woolworths.co.za/prod/Food/Beverages-Juices/Fruit-Vegetable-Juices/Boxed-Juices/Fruit-Cocktail-100-Fruit-Juice-Blend-200-ml/_/A-20127664?isFromPLP=true appended into product link list.
INFO - 2023-05-29 12:59:24,406 - Pagination_Milk_Dairy_EggsDeli_EntertainingBeverages_Juices: -https://www.woolworths.co.za/prod/Food/Beverages-Juices/Fruit-Vegetable-Juices/Boxed-Juices/Fruit-Cocktail-100-Fruit-Juice-Blend-6-x-200-ml/_/A-20127671?isFromPLP=true appended into product link list.
INFO - 2023-05-29 12:59:24,422 - Pagination_Milk_Dairy_EggsDeli_EntertainingBeverages_Juices: -https://www.woolworths.co.za/prod/Food/Beverages-Juices/Fruit-Vegetable-Juices/Boxed-Juices/Granadilla-100-Fruit-Juice-Blend-1-L/_/A-20159368?isFromPLP=true appended into product link list.
INFO - 2023-05-29 12:59:24,441 - Pagination_Milk_Dairy_EggsDeli_EntertainingBeverages_Juices: -https://www.woolworths.co.za/prod/Food/Beverages-Juices/Fruit-Vegetable-Juices/Boxed-Juices/Litchi-100-Fruit-Juice-Blend-200-ml/_/A-20157340?isFromPLP=true appended into product link list.
INFO - 2023-05-29 12:59:24,459 - Pagination_Milk_Dairy_EggsDeli_EntertainingBeverages_Juices: -https://www.woolworths.co.za/prod/Food/Beverages-Juices/Fruit-Vegetable-Juices/Boxed-Juices/Litchi-100-Fruit-Juice-Blend-6-x-200-ml/_/A-20157357?isFromPLP=true appended into product link list.
INFO - 2023-05-29 12:59:24,477 - Pagination_Milk_Dairy_EggsDeli_EntertainingBeverages_Juices: -https://www.woolworths.co.za/prod/Food/Promotions/Buy-2-Or-More-And-Save/Buy-any-4-for-R70/Fruit-Juice-Blend-1L/Litchi-100-Fruit-Juice-Blend-1-L/_/A-20097936?isFromPLP=true appended into product link list.
INFO - 2023-05-29 12:59:24,494 - Pagination_Milk_Dairy_EggsDeli_EntertainingBeverages_Juices: -https://www.woolworths.co.za/prod/Food/Beverages-Juices/Fruit-Vegetable-Juices/Boxed-Juices/Mango-and-Orange-100-Fruit-Juice-Blend-200-ml/_/A-20082680?isFromPLP=true appended into product link list.
INFO - 2023-05-29 12:59:24,510 - Pagination_Milk_Dairy_EggsDeli_EntertainingBeverages_Juices: -https://www.woolworths.co.za/prod/Food/Beverages-Juices/Fruit-Vegetable-Juices/Boxed-Juices/Mango-and-Orange-100-Fruit-Juice-Blend-6-x-200-ml/_/A-20094478?isFromPLP=true appended into product link list.
INFO - 2023-05-29 12:59:24,528 - Pagination_Milk_Dairy_EggsDeli_EntertainingBeverages_Juices: -https://www.woolworths.co.za/prod/Food/Beverages-Juices/Fruit-Vegetable-Juices/Boxed-Juices/Mango-and-Orange-100-Fruit-Juice-Blend-1-L/_/A-20033729?isFromPLP=true appended into product link list.
INFO - 2023-05-29 12:59:24,544 - Pagination_Milk_Dairy_EggsDeli_EntertainingBeverages_Juices: -https://www.woolworths.co.za/prod/Food/Beverages-Juices/Fruit-Vegetable-Juices/Boxed-Juices/Mixed-Berry-100-Juice-Blend-1-L/_/A-20159375?isFromPLP=true appended into product link list.
INFO - 2023-05-29 12:59:24,561 - Pagination_Milk_Dairy_EggsDeli_EntertainingBeverages_Juices: -https://www.woolworths.co.za/prod/Food/Beverages-Juices/Fruit-Vegetable-Juices/Boxed-Juices/Orange-100-Fruit-Juice-Blend-1-L/_/A-20011987?isFromPLP=true appended into product link list.
INFO - 2023-05-29 12:59:24,577 - Pagination_Milk_Dairy_EggsDeli_EntertainingBeverages_Juices: -https://www.woolworths.co.za/prod/Food/Beverages-Juices/Fruit-Vegetable-Juices/Boxed-Juices/100-Red-Grape-Juice-200-ml/_/A-6009101956319?isFromPLP=true appended into product link list.
INFO - 2023-05-29 12:59:24,597 - Pagination_Milk_Dairy_EggsDeli_EntertainingBeverages_Juices: -https://www.woolworths.co.za/prod/Food/Beverages-Juices/Fruit-Vegetable-Juices/Boxed-Juices/100-Red-Grape-Juice-6-x-200-ml/_/A-6009101956333?isFromPLP=true appended into product link list.
INFO - 2023-05-29 12:59:24,615 - Pagination_Milk_Dairy_EggsDeli_EntertainingBeverages_Juices: -https://www.woolworths.co.za/prod/Food/Beverages-Juices/Fruit-Vegetable-Juices/Boxed-Juices/100-Strawberry-Fruit-Juice-Blend-200-ml/_/A-20097202?isFromPLP=true appended into product link list.
INFO - 2023-05-29 12:59:24,615 - Pagination_Milk_Dairy_EggsDeli_EntertainingBeverages_Juices: -len(product_links) collected...
INFO - 2023-05-29 12:59:25,866 - Pagination_Milk_Dairy_EggsDeli_EntertainingBeverages_Juices: -Next page button clicked
INFO - 2023-05-29 12:59:28,252 - Pagination_Milk_Dairy_EggsDeli_EntertainingBeverages_Juices: -https://www.woolworths.co.za/prod/Food/Beverages-Juices/Fruit-Vegetable-Juices/Boxed-Juices/Strawberry-100-Fruit-Juice-Blend-6-x-200-ml/_/A-20098674?isFromPLP=true appended into product link list.
INFO - 2023-05-29 12:59:28,270 - Pagination_Milk_Dairy_EggsDeli_EntertainingBeverages_Juices: -https://www.woolworths.co.za/prod/Food/Beverages-Juices/Fruit-Vegetable-Juices/Boxed-Juices/Fruit-Cocktail-Fruit-100-Juice-Blend-1-L/_/A-20097943?isFromPLP=true appended into product link list.
INFO - 2023-05-29 12:59:28,287 - Pagination_Milk_Dairy_EggsDeli_EntertainingBeverages_Juices: -https://www.woolworths.co.za/prod/Food/Beverages-Juices/Fruit-Vegetable-Juices/Boxed-Juices/Carrot-and-Orange-100-Fruit-and-Vegetable-Juice-Blend-1-L/_/A-6009189862793?isFromPLP=true appended into product link list.
INFO - 2023-05-29 12:59:28,312 - Pagination_Milk_Dairy_EggsDeli_EntertainingBeverages_Juices: -https://www.woolworths.co.za/prod/Food/Beverages-Juices/Fruit-Vegetable-Juices/Boxed-Juices/Tomato-Cocktail-100-Juice-Blend-1-L/_/A-6009189862786?isFromPLP=true appended into product link list.
INFO - 2023-05-29 12:59:28,337 - Pagination_Milk_Dairy_EggsDeli_EntertainingBeverages_Juices: -https://www.woolworths.co.za/prod/Food/Beverages-Juices/Fruit-Vegetable-Juices/Boxed-Juices/Cranberry-100-Fruit-Juice-Blend-1-L/_/A-6009204751262?isFromPLP=true appended into product link list.
INFO - 2023-05-29 12:59:28,370 - Pagination_Milk_Dairy_EggsDeli_EntertainingBeverages_Juices: -https://www.woolworths.co.za/prod/Food/Beverages-Juices/Fruit-Vegetable-Juices/Boxed-Juices/Squeezed-and-Pressed-100-Mango-Fruit-Juice-1-L/_/A-6009207551586?isFromPLP=true appended into product link list.
INFO - 2023-05-29 12:59:28,421 - Pagination_Milk_Dairy_EggsDeli_EntertainingBeverages_Juices: -https://www.woolworths.co.za/prod/Food/Beverages-Juices/Fruit-Vegetable-Juices/Boxed-Juices/Squeezed-and-Pressed-Cloudy-Apple-100-Fruit-Juice-1-L/_/A-6009207545066?isFromPLP=true appended into product link list.
INFO - 2023-05-29 12:59:28,491 - Pagination_Milk_Dairy_EggsDeli_EntertainingBeverages_Juices: -https://www.woolworths.co.za/prod/Food/Beverages-Juices/Sodas/Branded-Soda/Coca-Cola-Light-No-Sugar-Soft-Drink-330-ml-Can/_/A-5449000050205?isFromPLP=true appended into product link list.
INFO - 2023-05-29 12:59:28,558 - Pagination_Milk_Dairy_EggsDeli_EntertainingBeverages_Juices: -https://www.woolworths.co.za/prod/Food/Beverages-Juices/Sodas/Branded-Soda/Coca-Cola-Original-Soft-Drink-2-L/_/A-5449000009067?isFromPLP=true appended into product link list.
INFO - 2023-05-29 12:59:28,589 - Pagination_Milk_Dairy_EggsDeli_EntertainingBeverages_Juices: -https://www.woolworths.co.za/prod/Food/Beverages-Juices/Sodas/Branded-Soda/Schweppes-Tonic-Water-200-ml/_/A-5449000096111?isFromPLP=true appended into product link list.
INFO - 2023-05-29 12:59:28,654 - Pagination_Milk_Dairy_EggsDeli_EntertainingBeverages_Juices: -https://www.woolworths.co.za/prod/Food/Beverages-Juices/Sodas/Branded-Soda/Schweppes-Tonic-Water-1-L/_/A-5449000044808?isFromPLP=true appended into product link list.
INFO - 2023-05-29 12:59:28,674 - Pagination_Milk_Dairy_EggsDeli_EntertainingBeverages_Juices: -https://www.woolworths.co.za/prod/Food/Beverages-Juices/Sodas/Branded-Soda/Sparletta-Creme-Soda-2-L/_/A-6001134087305?isFromPLP=true appended into product link list.
INFO - 2023-05-29 12:59:28,703 - Pagination_Milk_Dairy_EggsDeli_EntertainingBeverages_Juices: -https://www.woolworths.co.za/prod/Food/Beverages-Juices/Sodas/Branded-Soda/Sprite-No-Sugar-Lemon-Lime-Flavoured-Soft-Drink-6-x-330-ml-can/_/A-5449000116093?isFromPLP=true appended into product link list.
INFO - 2023-05-29 12:59:28,725 - Pagination_Milk_Dairy_EggsDeli_EntertainingBeverages_Juices: -https://www.woolworths.co.za/prod/Food/Beverages-Juices/Sodas/Branded-Soda/Sprite-No-Sugar-Lemon-Lime-Flavoured-Soft-Drink-330-ml-can/_/A-5449000106704?isFromPLP=true appended into product link list.
INFO - 2023-05-29 12:59:28,748 - Pagination_Milk_Dairy_EggsDeli_EntertainingBeverages_Juices: -https://www.woolworths.co.za/prod/Food/Beverages-Juices/4-and-6-Packs/Soda-Energy-Drinks/Coca-Cola-No-Sugar-Soft-Drink-6-x-330-ml-Cans/_/A-5449000131812?isFromPLP=true appended into product link list.
INFO - 2023-05-29 12:59:28,766 - Pagination_Milk_Dairy_EggsDeli_EntertainingBeverages_Juices: -https://www.woolworths.co.za/prod/Food/Beverages-Juices/Sodas/Branded-Soda/Stoney-Ginger-Beer-2-L/_/A-6001134707302?isFromPLP=true appended into product link list.
INFO - 2023-05-29 12:59:28,782 - Pagination_Milk_Dairy_EggsDeli_EntertainingBeverages_Juices: -https://www.woolworths.co.za/prod/Food/Beverages-Juices/Sodas/Branded-Soda/Coca-Cola-No-Sugar-Soft-Drink-330-ml-can/_/A-5449000131805?isFromPLP=true appended into product link list.
INFO - 2023-05-29 12:59:28,803 - Pagination_Milk_Dairy_EggsDeli_EntertainingBeverages_Juices: -https://www.woolworths.co.za/prod/Food/Beverages-Juices/Sodas/Branded-Soda/Fanta-Sparkling-Orange-Flavoured-Drink-2-L/_/A-5449000010049?isFromPLP=true appended into product link list.
INFO - 2023-05-29 12:59:28,821 - Pagination_Milk_Dairy_EggsDeli_EntertainingBeverages_Juices: -https://www.woolworths.co.za/prod/Food/Beverages-Juices/4-and-6-Packs/Soda-Energy-Drinks/Coca-Cola-Light-No-Sugar-Soft-Drink-6-x-330-ml-Cans/_/A-5449000050090?isFromPLP=true appended into product link list.
INFO - 2023-05-29 12:59:28,839 - Pagination_Milk_Dairy_EggsDeli_EntertainingBeverages_Juices: -https://www.woolworths.co.za/prod/Food/Beverages-Juices/Sodas/Branded-Soda/Sparletta-Sparberry-2-L/_/A-6001134687307?isFromPLP=true appended into product link list.
INFO - 2023-05-29 12:59:28,859 - Pagination_Milk_Dairy_EggsDeli_EntertainingBeverages_Juices: -https://www.woolworths.co.za/prod/Food/Beverages-Juices/Sodas/Branded-Soda/Coca-Cola-Original-Soft-Drink-Can-200-ml/_/A-5449000011114?isFromPLP=true appended into product link list.
INFO - 2023-05-29 12:59:28,876 - Pagination_Milk_Dairy_EggsDeli_EntertainingBeverages_Juices: -https://www.woolworths.co.za/prod/Food/Beverages-Juices/Sodas/Branded-Soda/Coca-Cola-No-Sugar-Soft-Drink-1-L/_/A-5449000133328?isFromPLP=true appended into product link list.
INFO - 2023-05-29 12:59:28,891 - Pagination_Milk_Dairy_EggsDeli_EntertainingBeverages_Juices: -https://www.woolworths.co.za/prod/Food/Beverages-Juices/Sodas/Branded-Soda/Fever-Tree-Elderflower-Tonic-Water-4-x-200-ml/_/A-5060108450850?isFromPLP=true appended into product link list.
INFO - 2023-05-29 12:59:28,908 - Pagination_Milk_Dairy_EggsDeli_EntertainingBeverages_Juices: -https://www.woolworths.co.za/prod/Food/Beverages-Juices/Sodas/Branded-Soda/Fever-Tree-Indian-Tonic-Water-4-x-200-ml/_/A-5060108450010?isFromPLP=true appended into product link list.
INFO - 2023-05-29 12:59:28,924 - Pagination_Milk_Dairy_EggsDeli_EntertainingBeverages_Juices: -https://www.woolworths.co.za/prod/Food/Beverages-Juices/Sodas/Branded-Soda/Fever-Tree-Light-Tonic-Water-4-x-200-ml/_/A-5060108450232?isFromPLP=true appended into product link list.
INFO - 2023-05-29 12:59:28,942 - Pagination_Milk_Dairy_EggsDeli_EntertainingBeverages_Juices: -https://www.woolworths.co.za/prod/Food/Beverages-Juices/Sodas/Branded-Soda/Coca-Cola-Original-Soft-Drink-1-L/_/A-5449000054227?isFromPLP=true appended into product link list.
INFO - 2023-05-29 12:59:28,958 - Pagination_Milk_Dairy_EggsDeli_EntertainingBeverages_Juices: -https://www.woolworths.co.za/prod/Food/Beverages-Juices/Sodas/Branded-Soda/Sprite-2-L/_/A-5449000234636?isFromPLP=true appended into product link list.
INFO - 2023-05-29 12:59:28,976 - Pagination_Milk_Dairy_EggsDeli_EntertainingBeverages_Juices: -https://www.woolworths.co.za/prod/Food/Beverages-Juices/Sodas/Branded-Soda/Sprite-1-L/_/A-5449000234612?isFromPLP=true appended into product link list.
INFO - 2023-05-29 12:59:29,000 - Pagination_Milk_Dairy_EggsDeli_EntertainingBeverages_Juices: -https://www.woolworths.co.za/prod/Food/Beverages-Juices/Sodas/Branded-Soda/Coca-Cola-Original-Soft-Drink-440-ml/_/A-5449000664686?isFromPLP=true appended into product link list.
INFO - 2023-05-29 12:59:29,020 - Pagination_Milk_Dairy_EggsDeli_EntertainingBeverages_Juices: -https://www.woolworths.co.za/prod/Food/Beverages-Juices/Sodas/Branded-Soda/Fanta-Sparkling-Orange-440-ml/_/A-5449000664754?isFromPLP=true appended into product link list.
INFO - 2023-05-29 12:59:29,036 - Pagination_Milk_Dairy_EggsDeli_EntertainingBeverages_Juices: -https://www.woolworths.co.za/prod/Food/Beverages-Juices/Sodas/Branded-Soda/Sprite-440-ml/_/A-5449000234643?isFromPLP=true appended into product link list.
INFO - 2023-05-29 12:59:29,055 - Pagination_Milk_Dairy_EggsDeli_EntertainingBeverages_Juices: -https://www.woolworths.co.za/prod/Food/Beverages-Juices/Sodas/Branded-Soda/Stoney-Ginger-Beer-440-ml/_/A-5449000664808?isFromPLP=true appended into product link list.
INFO - 2023-05-29 12:59:29,072 - Pagination_Milk_Dairy_EggsDeli_EntertainingBeverages_Juices: -https://www.woolworths.co.za/prod/Food/Beverages-Juices/Sodas/Branded-Soda/Sparletta-Creme-Soda-440-ml/_/A-5449000664846?isFromPLP=true appended into product link list.
INFO - 2023-05-29 12:59:29,089 - Pagination_Milk_Dairy_EggsDeli_EntertainingBeverages_Juices: -https://www.woolworths.co.za/prod/Food/Beverages-Juices/Sodas/Woolies-Soda/Dry-Lemon-Low-kJ-Sparkling-Flavoured-Drink-200-ml-can/_/A-6001009014252?isFromPLP=true appended into product link list.
INFO - 2023-05-29 12:59:29,107 - Pagination_Milk_Dairy_EggsDeli_EntertainingBeverages_Juices: -https://www.woolworths.co.za/prod/Food/Beverages-Juices/Sodas/Woolies-Soda/Sugar-Free-Lemonade-Sparkling-Flavoured-Drink-6-x-200-ml-cans/_/A-6001009016034?isFromPLP=true appended into product link list.
INFO - 2023-05-29 12:59:29,124 - Pagination_Milk_Dairy_EggsDeli_EntertainingBeverages_Juices: -https://www.woolworths.co.za/prod/Food/Beverages-Juices/Sodas/Woolies-Soda/Soda-Water-Sparkling-Drink-200-ml/_/A-6001009034250?isFromPLP=true appended into product link list.
INFO - 2023-05-29 12:59:29,148 - Pagination_Milk_Dairy_EggsDeli_EntertainingBeverages_Juices: -https://www.woolworths.co.za/prod/Food/Beverages-Juices/Sodas/Woolies-Soda/Quinine-and-Citrus-Flavoured-Sparkling-Tonic-Water-Can-6-x-200-ml/_/A-6001009034182?isFromPLP=true appended into product link list.
INFO - 2023-05-29 12:59:29,168 - Pagination_Milk_Dairy_EggsDeli_EntertainingBeverages_Juices: -https://www.woolworths.co.za/prod/Food/Beverages-Juices/Sodas/Woolies-Soda/Sugar-Free-Quinine-and-Citrus-Sparkling-Tonic-Water-Can-200-ml/_/A-6001009014221?isFromPLP=true appended into product link list.
INFO - 2023-05-29 12:59:29,186 - Pagination_Milk_Dairy_EggsDeli_EntertainingBeverages_Juices: -https://www.woolworths.co.za/prod/Food/Beverages-Juices/Sodas/Woolies-Soda/Sparkling-Lemon-and-Bitters-Flavoured-Drink-275-ml/_/A-6009173414533?isFromPLP=true appended into product link list.
INFO - 2023-05-29 12:59:29,206 - Pagination_Milk_Dairy_EggsDeli_EntertainingBeverages_Juices: -https://www.woolworths.co.za/prod/Food/Beverages-Juices/Sodas/Woolies-Soda/Dry-Lemon-Sparkling-Flavoured-Drink-Can-6-x-200-ml/_/A-6001009034243?isFromPLP=true appended into product link list.
INFO - 2023-05-29 12:59:29,231 - Pagination_Milk_Dairy_EggsDeli_EntertainingBeverages_Juices: -https://www.woolworths.co.za/prod/Food/Beverages-Juices/Sodas/Woolies-Soda/Dry-Lemon-Sparkling-Flavoured-Drink-Can-200-ml/_/A-6001009034236?isFromPLP=true appended into product link list.
INFO - 2023-05-29 12:59:29,248 - Pagination_Milk_Dairy_EggsDeli_EntertainingBeverages_Juices: -https://www.woolworths.co.za/prod/Food/Beverages-Juices/Sodas/Woolies-Soda/Dry-Lemon-Low-KJ-Sparkling-Flavoured-Drink-6-x-200-ml/_/A-6001009016058?isFromPLP=true appended into product link list.
INFO - 2023-05-29 12:59:29,267 - Pagination_Milk_Dairy_EggsDeli_EntertainingBeverages_Juices: -https://www.woolworths.co.za/prod/Food/Beverages-Juices/Sodas/Woolies-Soda/Sugar-Free-Quinine-and-Citrus-Sparkling-Tonic-Water-6-x-200-ml/_/A-6001009016027?isFromPLP=true appended into product link list.
INFO - 2023-05-29 12:59:29,287 - Pagination_Milk_Dairy_EggsDeli_EntertainingBeverages_Juices: -https://www.woolworths.co.za/prod/Food/Beverages-Juices/Sodas/Woolies-Soda/Sparkling-6-Ruby-Grapefruit-Flavoured-Drink-750-ml/_/A-6009101652938?isFromPLP=true appended into product link list.
INFO - 2023-05-29 12:59:29,303 - Pagination_Milk_Dairy_EggsDeli_EntertainingBeverages_Juices: -https://www.woolworths.co.za/prod/Food/Beverages-Juices/Sodas/Woolies-Soda/Sparkling-Lite-Ruby-Grapefruit-Drink-275-ml/_/A-6009173504913?isFromPLP=true appended into product link list.
INFO - 2023-05-29 12:59:29,319 - Pagination_Milk_Dairy_EggsDeli_EntertainingBeverages_Juices: -https://www.woolworths.co.za/prod/Food/Beverages-Juices/Sodas/Woolies-Soda/Sparkling-Lite-Ruby-Grapefruit-Drink-6-x-275-ml/_/A-6009173505071?isFromPLP=true appended into product link list.
INFO - 2023-05-29 12:59:29,339 - Pagination_Milk_Dairy_EggsDeli_EntertainingBeverages_Juices: -https://www.woolworths.co.za/prod/Food/Beverages-Juices/Sodas/Woolies-Soda/Sparkling-Passion-Fruit-Lemon-Drink-6-x-275-ml/_/A-6009184449906?isFromPLP=true appended into product link list.
INFO - 2023-05-29 12:59:29,357 - Pagination_Milk_Dairy_EggsDeli_EntertainingBeverages_Juices: -https://www.woolworths.co.za/prod/Food/Beverages-Juices/Sodas/Woolies-Soda/Sugar-Free-Lemonade-Sparkling-Flavoured-Drink-200-ml-cans/_/A-6001009014238?isFromPLP=true appended into product link list.
INFO - 2023-05-29 12:59:29,375 - Pagination_Milk_Dairy_EggsDeli_EntertainingBeverages_Juices: -https://www.woolworths.co.za/prod/Food/Beverages-Juices/Sodas/Woolies-Soda/Sugar-Free-Sparkling-Ginger-Beer-6-x-275-ml/_/A-6009175612609?isFromPLP=true appended into product link list.
INFO - 2023-05-29 12:59:29,397 - Pagination_Milk_Dairy_EggsDeli_EntertainingBeverages_Juices: -https://www.woolworths.co.za/prod/Food/Beverages-Juices/Sodas/Woolies-Soda/Soda-Water-Sparkling-Drink-6-x-200-ml/_/A-6001009034267?isFromPLP=true appended into product link list.
INFO - 2023-05-29 12:59:29,420 - Pagination_Milk_Dairy_EggsDeli_EntertainingBeverages_Juices: -https://www.woolworths.co.za/prod/Food/Beverages-Juices/Sodas/Woolies-Soda/Sparkling-Ginger-Beer-Flavoured-Drink-6-x-275-ml/_/A-6001009013187?isFromPLP=true appended into product link list.
INFO - 2023-05-29 12:59:29,436 - Pagination_Milk_Dairy_EggsDeli_EntertainingBeverages_Juices: -https://www.woolworths.co.za/prod/Food/Beverages-Juices/Sodas/Woolies-Soda/Soda-Water-Sparkling-Drink-1-L/_/A-20118013?isFromPLP=true appended into product link list.
INFO - 2023-05-29 12:59:29,454 - Pagination_Milk_Dairy_EggsDeli_EntertainingBeverages_Juices: -https://www.woolworths.co.za/prod/Food/Beverages-Juices/Sodas/Woolies-Soda/Sugar-Free-Sparkling-Ginger-Beer-Flavoured-Drink-275-ml/_/A-6009175612593?isFromPLP=true appended into product link list.
INFO - 2023-05-29 12:59:29,469 - Pagination_Milk_Dairy_EggsDeli_EntertainingBeverages_Juices: -https://www.woolworths.co.za/prod/Food/Beverages-Juices/Sodas/Woolies-Soda/Sparkling-Lemon-and-Bitters-Flavoured-Drink-6-x-275-ml/_/A-6009173414540?isFromPLP=true appended into product link list.
INFO - 2023-05-29 12:59:29,487 - Pagination_Milk_Dairy_EggsDeli_EntertainingBeverages_Juices: -https://www.woolworths.co.za/prod/Food/Beverages-Juices/Sodas/Woolies-Soda/Passion-Fruit-Flavoured-Sparkling-Drink-2-L/_/A-6009178931394?isFromPLP=true appended into product link list.
INFO - 2023-05-29 12:59:29,503 - Pagination_Milk_Dairy_EggsDeli_EntertainingBeverages_Juices: -https://www.woolworths.co.za/prod/Online-Feature/Featured-for-Content/Recipes/Dress-up-your-drinks/Sugar-Free-Lemon-Flavoured-Sparkling-Drink-2-L/_/A-6009178931387?isFromPLP=true appended into product link list.
INFO - 2023-05-29 12:59:29,519 - Pagination_Milk_Dairy_EggsDeli_EntertainingBeverages_Juices: -https://www.woolworths.co.za/prod/Food/Beverages-Juices/Sodas/Woolies-Soda/Sparkling-Ginger-Beer-Flavoured-Drink-275-ml/_/A-6001009003355?isFromPLP=true appended into product link list.
INFO - 2023-05-29 12:59:29,537 - Pagination_Milk_Dairy_EggsDeli_EntertainingBeverages_Juices: -https://www.woolworths.co.za/prod/Food/Beverages-Juices/Sodas/Woolies-Soda/Sugar-Free-Ginger-Flavoured-Sparkling-Drink-2-L/_/A-6009178931370?isFromPLP=true appended into product link list.
INFO - 2023-05-29 12:59:29,553 - Pagination_Milk_Dairy_EggsDeli_EntertainingBeverages_Juices: -https://www.woolworths.co.za/prod/Food/Beverages-Juices/Sodas/Woolies-Soda/Sparkling-Ruby-Grapefruit-Drink-275-ml/_/A-6001009022288?isFromPLP=true appended into product link list.
INFO - 2023-05-29 12:59:29,570 - Pagination_Milk_Dairy_EggsDeli_EntertainingBeverages_Juices: -https://www.woolworths.co.za/prod/Food/Beverages-Juices/Sodas/Woolies-Soda/Lemon-Flavoured-Sparkling-Soft-Drink-2-L/_/A-6009178930816?isFromPLP=true appended into product link list.
INFO - 2023-05-29 12:59:29,570 - Pagination_Milk_Dairy_EggsDeli_EntertainingBeverages_Juices: -len(product_links) collected...
INFO - 2023-05-29 12:59:30,584 - Pagination_Milk_Dairy_EggsDeli_EntertainingBeverages_Juices: -Next page button clicked
INFO - 2023-05-29 12:59:40,611 - Pagination_Milk_Dairy_EggsDeli_EntertainingBeverages_Juices: -len(product_links) collected...
ERROR - 2023-05-29 12:59:50,616 - Pagination_Milk_Dairy_EggsDeli_EntertainingBeverages_Juices: -error occurred - list index out of range
