INFO - 2023-06-13 21:21:31,358 - Pagination_Deli_Entertaining: -Pagination logger created - 
INFO - 2023-06-13 21:21:49,330 - Pagination_Deli_Entertaining: -https://www.woolworths.co.za/cat/Food/Deli-Entertaining/_/N-13b8g51 opened and page downloaded.
INFO - 2023-06-13 21:21:59,685 - Pagination_Deli_Entertaining: -https://www.woolworths.co.za/prod/Food/Deli-Entertaining/Deli-Meats/Pork-Cold-Meats/Sliced-Sandwich-Ham-125-g/_/A-6009000055151?isFromPLP=true appended into product link list.
INFO - 2023-06-13 21:21:59,784 - Pagination_Deli_Entertaining: -https://www.woolworths.co.za/prod/Food/Deli-Entertaining/Deli-Meats/Pork-Cold-Meats/Sliced-Beech-Smoked-Ham-125-g/_/A-6005000875980?isFromPLP=true appended into product link list.
INFO - 2023-06-13 21:21:59,837 - Pagination_Deli_Entertaining: -https://www.woolworths.co.za/prod/Online-Feature/Recipes/Hummus-toast/Hummus-180-g/_/A-20173685?isFromPLP=true appended into product link list.
INFO - 2023-06-13 21:21:59,889 - Pagination_Deli_Entertaining: -https://www.woolworths.co.za/prod/Food/Deli-Entertaining/Deli-Meats/Pork-Cold-Meats/Sliced-Beech-Wood-Smoked-Gypsy-Ham-250-g/_/A-6001009009852?isFromPLP=true appended into product link list.
INFO - 2023-06-13 21:21:59,941 - Pagination_Deli_Entertaining: -https://www.woolworths.co.za/prod/Food/Deli-Entertaining/Deli-Meats/Chicken-Turkey-Cold-Meats/Sliced-Smoked-Chicken-125-g/_/A-6009173704276?isFromPLP=true appended into product link list.
INFO - 2023-06-13 21:22:00,005 - Pagination_Deli_Entertaining: -https://www.woolworths.co.za/prod/Food/Promotions/Buy-2-Or-More-And-Save/Save-10-/Buy-6-Bulk-Meats-Save-10-/Smoked-Chicken-Viennas-1-kg/_/A-6009195431174?isFromPLP=true appended into product link list.
INFO - 2023-06-13 21:22:00,061 - Pagination_Deli_Entertaining: -https://www.woolworths.co.za/prod/Food/Deli-Entertaining/Deli-Meats/Pork-Cold-Meats/Sliced-Beech-Smoked-Ham-250-g/_/A-6009175007665?isFromPLP=true appended into product link list.
INFO - 2023-06-13 21:22:00,107 - Pagination_Deli_Entertaining: -https://www.woolworths.co.za/prod/Food/Promotions/Buy-2-Or-More-And-Save/Buy-any-2-Save-20-/Sausages-Bangers/Smoked-Chicken-Viennas-500-g/_/A-6009195431181?isFromPLP=true appended into product link list.
INFO - 2023-06-13 21:22:00,142 - Pagination_Deli_Entertaining: -https://www.woolworths.co.za/prod/Food/Deli-Entertaining/Deli-Meats/Pork-Cold-Meats/Sliced-Sandwich-Ham-250-g/_/A-6009189923319?isFromPLP=true appended into product link list.
INFO - 2023-06-13 21:22:00,187 - Pagination_Deli_Entertaining: -https://www.woolworths.co.za/prod/Food/Deli-Entertaining/Dips-P-t-s-Spreads/Free-Range-Chicken-Liver-P-t-125-g/_/A-20144524?isFromPLP=true appended into product link list.
INFO - 2023-06-13 21:22:00,222 - Pagination_Deli_Entertaining: -https://www.woolworths.co.za/prod/Food/Deli-Entertaining/Dips-P-t-s-Spreads/Smoked-Snoek-P-t-125-g/_/A-6001009034076?isFromPLP=true appended into product link list.
INFO - 2023-06-13 21:22:00,255 - Pagination_Deli_Entertaining: -https://www.woolworths.co.za/prod/Food/Food-Basket/Banners/Summer-Living/Snack-Time/Sliced-Butter-Basted-Chicken-Breast-140-g/_/A-6009189653520?isFromPLP=true appended into product link list.
INFO - 2023-06-13 21:22:00,288 - Pagination_Deli_Entertaining: -https://www.woolworths.co.za/prod/Food/Deli-Entertaining/Deli-Meats/Sausages-Viennas/Beech-Wood-Smoked-American-Style-Hot-Dog-Sausages-375-g/_/A-6008000445498?isFromPLP=true appended into product link list.
INFO - 2023-06-13 21:22:00,320 - Pagination_Deli_Entertaining: -https://www.woolworths.co.za/prod/Food/Deli-Entertaining/Deli-Meats/Beef-Cold-Meats/Beef-Pastrami-125-g/_/A-20199197?isFromPLP=true appended into product link list.
INFO - 2023-06-13 21:22:00,370 - Pagination_Deli_Entertaining: -https://www.woolworths.co.za/prod/Food/Deli-Entertaining/Deli-Meats/Continental-Meats/Salami-Sticks-150-g/_/A-6009178483916?isFromPLP=true appended into product link list.
INFO - 2023-06-13 21:22:00,404 - Pagination_Deli_Entertaining: -https://www.woolworths.co.za/prod/Food/Pack-a-Picnic/Deli-Meats-Fish-Dips-Pate-s-Sushi/Chicken-Nuggets-250-g/_/A-20086367?isFromPLP=true appended into product link list.
INFO - 2023-06-13 21:22:00,436 - Pagination_Deli_Entertaining: -https://www.woolworths.co.za/prod/Food/Deli-Entertaining/Deli-Fish/Pickled-Fish-Hake-500-g/_/A-20012809?isFromPLP=true appended into product link list.
INFO - 2023-06-13 21:22:00,483 - Pagination_Deli_Entertaining: -https://www.woolworths.co.za/prod/Food/Deli-Entertaining/Deli-Meats/Continental-Meats/Salami-Sticks-400-g/_/A-6009182764933?isFromPLP=true appended into product link list.
INFO - 2023-06-13 21:22:00,504 - Pagination_Deli_Entertaining: -https://www.woolworths.co.za/prod/Food/Deli-Entertaining/Deli-Meats/Sausages-Viennas/Beech-Wood-Smoked-Viennas-500-g/_/A-6009211488144?isFromPLP=true appended into product link list.
INFO - 2023-06-13 21:22:00,539 - Pagination_Deli_Entertaining: -https://www.woolworths.co.za/prod/Food/Promotions/Buy-2-Or-More-And-Save/Buy-any-2-for-R80/Every-Day-Salami/Sliced-Smoked-German-Style-Salami-100-g/_/A-20171643?isFromPLP=true appended into product link list.
INFO - 2023-06-13 21:22:00,571 - Pagination_Deli_Entertaining: -https://www.woolworths.co.za/prod/Food/Promotions/Buy-2-Or-More-And-Save/Buy-any-5-pay-for-4/Salami-Sticks/Salami-Sticks-85-g/_/A-6009101996285?isFromPLP=true appended into product link list.
INFO - 2023-06-13 21:22:00,604 - Pagination_Deli_Entertaining: -https://www.woolworths.co.za/prod/Food/Deli-Entertaining/Deli-Meats/Sausages-Viennas/Smoked-Chicken-Cheese-Viennas-500-g/_/A-6009195349929?isFromPLP=true appended into product link list.
INFO - 2023-06-13 21:22:00,638 - Pagination_Deli_Entertaining: -https://www.woolworths.co.za/prod/Online-Feature/Content/Meals-in-under-20-minutes/Beef-Samoosas-16-pk/_/A-20046712?isFromPLP=true appended into product link list.
INFO - 2023-06-13 21:22:00,670 - Pagination_Deli_Entertaining: -https://www.woolworths.co.za/prod/Food/Deli-Entertaining/Dips-P-t-s-Spreads/Reduced-Fat-Hummus-180-g/_/A-6001009027740?isFromPLP=true appended into product link list.
INFO - 2023-06-13 21:22:00,706 - Pagination_Deli_Entertaining: -https://www.woolworths.co.za/prod/Food/Deli-Entertaining/Savoury-Snacks/Cooked-Protein/Chicken-Frikkadels-250-g/_/A-6005000261103?isFromPLP=true appended into product link list.
INFO - 2023-06-13 21:22:00,780 - Pagination_Deli_Entertaining: -https://www.woolworths.co.za/prod/Food/Food-Basket/Banners/Summer-Living/Snack-Time/Sliced-Spicy-Butter-Basted-Chicken-Breast-140-g/_/A-6009189904462?isFromPLP=true appended into product link list.
INFO - 2023-06-13 21:22:00,936 - Pagination_Deli_Entertaining: -https://www.woolworths.co.za/prod/Food/Pack-a-Picnic/Deli-Meats-Fish-Dips-Pate-s-Sushi/Chicken-Samoosas-16-pk/_/A-20070205?isFromPLP=true appended into product link list.
INFO - 2023-06-13 21:22:01,472 - Pagination_Deli_Entertaining: -https://www.woolworths.co.za/prod/Food/Deli-Entertaining/Deli-Meats/Beef-Cold-Meats/Wafer-Thin-Beef-Pastrami-125-g/_/A-6009173704481?isFromPLP=true appended into product link list.
INFO - 2023-06-13 21:22:01,535 - Pagination_Deli_Entertaining: -https://www.woolworths.co.za/prod/Food/Deli-Entertaining/Deli-Meats/Sausages-Viennas/Beech-Wood-Smoked-Bockwurst-Sausages-375-g/_/A-20078010?isFromPLP=true appended into product link list.
INFO - 2023-06-13 21:22:01,594 - Pagination_Deli_Entertaining: -https://www.woolworths.co.za/prod/Food/Deli-Entertaining/Deli-Meats/Pork-Cold-Meats/Wafer-Thin-Smoked-Ham-125-g/_/A-20077853?isFromPLP=true appended into product link list.
INFO - 2023-06-13 21:22:01,618 - Pagination_Deli_Entertaining: -https://www.woolworths.co.za/prod/Food/Deli-Entertaining/Deli-Meats/Ready-To-Eat-Roasts/Roast-Chicken-Butter-Basted-Breast-Fillets-Avg-250-g/_/A-2034510000005?isFromPLP=true appended into product link list.
INFO - 2023-06-13 21:22:01,653 - Pagination_Deli_Entertaining: -https://www.woolworths.co.za/prod/Food/Deli-Entertaining/Savoury-Snacks/Cooked-Protein/Beef-Frikkadels-250-g/_/A-20124564?isFromPLP=true appended into product link list.
INFO - 2023-06-13 21:22:01,690 - Pagination_Deli_Entertaining: -https://www.woolworths.co.za/prod/Food/Deli-Entertaining/Deli-Meats/Chicken-Turkey-Cold-Meats/Sliced-Smoked-Chicken-250-g/_/A-6009195431150?isFromPLP=true appended into product link list.
INFO - 2023-06-13 21:22:01,721 - Pagination_Deli_Entertaining: -https://www.woolworths.co.za/prod/Food/Kids/Kids-Lunches/Beef-Cheese-Sliders-8-pk/_/A-6001009023605?isFromPLP=true appended into product link list.
INFO - 2023-06-13 21:22:01,760 - Pagination_Deli_Entertaining: -https://www.woolworths.co.za/prod/Food/Deli-Entertaining/Deli-Meats/Continental-Meats/Sliced-Salami-100-g/_/A-20171667?isFromPLP=true appended into product link list.
INFO - 2023-06-13 21:22:01,817 - Pagination_Deli_Entertaining: -https://www.woolworths.co.za/prod/Online-Feature/Recipes/Snack-Better/Roasted-Red-Pepper-Hummus-180-g/_/A-20197353?isFromPLP=true appended into product link list.
INFO - 2023-06-13 21:22:01,856 - Pagination_Deli_Entertaining: -https://www.woolworths.co.za/prod/Food/Deli-Entertaining/Savoury-Snacks/BBQ-Chicken-Mini-Fillets-250-g/_/A-6009171172190?isFromPLP=true appended into product link list.
INFO - 2023-06-13 21:22:01,935 - Pagination_Deli_Entertaining: -https://www.woolworths.co.za/prod/Food/Deli-Entertaining/Deli-Meats/Pork-Cold-Meats/Sliced-Cooked-Ham-250-g/_/A-20075880?isFromPLP=true appended into product link list.
INFO - 2023-06-13 21:22:02,059 - Pagination_Deli_Entertaining: -https://www.woolworths.co.za/prod/Food/Deli-Entertaining/Dips-P-t-s-Spreads/Sour-Cream-Chive-Dip-160-g/_/A-20103187?isFromPLP=true appended into product link list.
INFO - 2023-06-13 21:22:02,103 - Pagination_Deli_Entertaining: -https://www.woolworths.co.za/prod/Food/Deli-Entertaining/Savoury-Snacks/BBQ-Chicken-Kebabs-300-g/_/A-20170912?isFromPLP=true appended into product link list.
INFO - 2023-06-13 21:22:02,137 - Pagination_Deli_Entertaining: -https://www.woolworths.co.za/prod/Food/Deli-Entertaining/Deli-Meats/Ready-To-Eat-Roasts/Free-Range-Smoked-Chicken-Breasts-Avg-230-g/_/A-2023260000007?isFromPLP=true appended into product link list.
INFO - 2023-06-13 21:22:02,171 - Pagination_Deli_Entertaining: -https://www.woolworths.co.za/prod/Food/Deli-Entertaining/Deli-Meats/Pork-Cold-Meats/Sliced-Cooked-Ham-125-g/_/A-20000585?isFromPLP=true appended into product link list.
INFO - 2023-06-13 21:22:02,205 - Pagination_Deli_Entertaining: -https://www.woolworths.co.za/prod/Food/Deli-Entertaining/Savoury-Snacks/Beef-Chutney-Frikkadels-250-g/_/A-6009178649381?isFromPLP=true appended into product link list.
INFO - 2023-06-13 21:22:02,253 - Pagination_Deli_Entertaining: -https://www.woolworths.co.za/prod/Food/Deli-Entertaining/Deli-Meats/Sausages-Viennas/Cheese-Cocktail-Viennas-375-g/_/A-20092566?isFromPLP=true appended into product link list.
INFO - 2023-06-13 21:22:02,287 - Pagination_Deli_Entertaining: -https://www.woolworths.co.za/prod/Food/Deli-Entertaining/Savoury-Snacks/Chicken-Cheese-Frikkadels-250-g/_/A-6009178649374?isFromPLP=true appended into product link list.
INFO - 2023-06-13 21:22:02,317 - Pagination_Deli_Entertaining: -https://www.woolworths.co.za/prod/Food/Promotions/Buy-2-Or-More-And-Save/Buy-any-2-for-R70/Simply-Add/Sliced-BBQ-Chicken-Breast-140-g/_/A-6009211657991?isFromPLP=true appended into product link list.
INFO - 2023-06-13 21:22:02,349 - Pagination_Deli_Entertaining: -https://www.woolworths.co.za/prod/Food/Promotions/Buy-2-Or-More-And-Save/Save-10-/Buy-6-Bulk-Meats-Save-10-/Sliced-Salami-200-g/_/A-6009195431013?isFromPLP=true appended into product link list.
INFO - 2023-06-13 21:22:02,383 - Pagination_Deli_Entertaining: -https://www.woolworths.co.za/prod/Food/Deli-Entertaining/Deli-Meats/Chicken-Turkey-Cold-Meats/Wafer-Thin-Smoked-Chicken-125-g/_/A-20099473?isFromPLP=true appended into product link list.
INFO - 2023-06-13 21:22:02,416 - Pagination_Deli_Entertaining: -https://www.woolworths.co.za/prod/Food/Deli-Entertaining/Dips-P-t-s-Spreads/Sun-Dried-Tomato-Basil-Layered-Dip-200-g/_/A-20197360?isFromPLP=true appended into product link list.
INFO - 2023-06-13 21:22:02,488 - Pagination_Deli_Entertaining: -https://www.woolworths.co.za/prod/Food/Deli-Entertaining/Dips-P-t-s-Spreads/Caramelised-Onion-Hummus-180-g/_/A-6009195265502?isFromPLP=true appended into product link list.
INFO - 2023-06-13 21:22:02,580 - Pagination_Deli_Entertaining: -https://www.woolworths.co.za/prod/Food/Deli-Entertaining/Deli-Fish/Oak-Smoked-Trout-Ribbons-200-g/_/A-20200497?isFromPLP=true appended into product link list.
INFO - 2023-06-13 21:22:02,642 - Pagination_Deli_Entertaining: -https://www.woolworths.co.za/prod/Food/Deli-Entertaining/Savoury-Snacks/Vegetable-Spring-Rolls-12-pk/_/A-6009182056144?isFromPLP=true appended into product link list.
INFO - 2023-06-13 21:22:02,697 - Pagination_Deli_Entertaining: -https://www.woolworths.co.za/prod/Food/Deli-Entertaining/Entertaining-Platters/Beef-Sausage-Rolls-24-pk/_/A-20078485?isFromPLP=true appended into product link list.
INFO - 2023-06-13 21:22:02,733 - Pagination_Deli_Entertaining: -https://www.woolworths.co.za/prod/Food/Deli-Entertaining/Dips-P-t-s-Spreads/Hummus-360-g/_/A-6009184714684?isFromPLP=true appended into product link list.
INFO - 2023-06-13 21:22:02,766 - Pagination_Deli_Entertaining: -https://www.woolworths.co.za/prod/Food/Deli-Entertaining/Dips-P-t-s-Spreads/Liver-Spread-125-g/_/A-20056735?isFromPLP=true appended into product link list.
INFO - 2023-06-13 21:22:02,800 - Pagination_Deli_Entertaining: -https://www.woolworths.co.za/prod/Food/Deli-Entertaining/Deli-Meats/Sausages-Viennas/Beech-Wood-Smoked-Cheese-Grillers-375-g/_/A-6009178477786?isFromPLP=true appended into product link list.
INFO - 2023-06-13 21:22:02,833 - Pagination_Deli_Entertaining: -https://www.woolworths.co.za/prod/Food/Deli-Entertaining/Deli-Fish/Hot-Smoked-Peppered-Mackerel-Avg-160-g/_/A-2027000000005?isFromPLP=true appended into product link list.
INFO - 2023-06-13 21:22:02,883 - Pagination_Deli_Entertaining: -https://www.woolworths.co.za/prod/Food/Deli-Entertaining/Deli-Fish/Oak-Smoked-Trout-Ribbons-100-g/_/A-20159443?isFromPLP=true appended into product link list.
INFO - 2023-06-13 21:22:02,942 - Pagination_Deli_Entertaining: -https://www.woolworths.co.za/prod/Food/Milk-Dairy-Eggs/Cheese/Entertaining-Platters-Dairy-Dips/Sour-Cream-Chives-Dip-175-g/_/A-6009207425252?isFromPLP=true appended into product link list.
INFO - 2023-06-13 21:22:02,981 - Pagination_Deli_Entertaining: -https://www.woolworths.co.za/prod/Food/Promotions/Buy-2-Or-More-And-Save/Buy-any-2-for-R130/Proscuito-Crudo/Prosciutto-Crudo-70-g/_/A-20155582?isFromPLP=true appended into product link list.
INFO - 2023-06-13 21:22:02,981 - Pagination_Deli_Entertaining: -len(product_links) collected...
INFO - 2023-06-13 21:22:06,671 - Pagination_Deli_Entertaining: -Next page button clicked
INFO - 2023-06-13 21:22:10,313 - Pagination_Deli_Entertaining: -https://www.woolworths.co.za/prod/Food/Promotions/Buy-2-Or-More-And-Save/Buy-any-2-Save-20-/Sausages-Bangers/Chicken-Cocktail-Viennas-375-g/_/A-6009214259499?isFromPLP=true appended into product link list.
INFO - 2023-06-13 21:22:10,377 - Pagination_Deli_Entertaining: -https://www.woolworths.co.za/prod/Food/Deli-Entertaining/Deli-Meats/Ready-To-Eat-Roasts/Chicken-Breasts-Butter-Basted-Avg-500-g/_/A-2084340000003?isFromPLP=true appended into product link list.
INFO - 2023-06-13 21:22:10,580 - Pagination_Deli_Entertaining: -https://www.woolworths.co.za/prod/Food/Deli-Entertaining/Dips-P-t-s-Spreads/Caramelised-Onion-Balsamic-Dip-160-g/_/A-6009182191852?isFromPLP=true appended into product link list.
INFO - 2023-06-13 21:22:10,821 - Pagination_Deli_Entertaining: -https://www.woolworths.co.za/prod/Food/Deli-Entertaining/Deli-Meats/Ready-To-Eat-Roasts/Ready-to-Eat-Corned-Tongue-Avg-640-g/_/A-2034160000004?isFromPLP=true appended into product link list.
INFO - 2023-06-13 21:22:10,985 - Pagination_Deli_Entertaining: -https://www.woolworths.co.za/prod/Food/Deli-Entertaining/Entertaining-Platters/Vegetable-Samoosas-16-pk/_/A-20046736?isFromPLP=true appended into product link list.
INFO - 2023-06-13 21:22:11,082 - Pagination_Deli_Entertaining: -https://www.woolworths.co.za/prod/Food/Deli-Entertaining/Deli-Fish/Oak-Smoked-Salmon-Ribbons-100-g/_/A-20153151?isFromPLP=true appended into product link list.
INFO - 2023-06-13 21:22:11,131 - Pagination_Deli_Entertaining: -https://www.woolworths.co.za/prod/Food/Promotions/Buy-2-Or-More-And-Save/Buy-any-3-save-20-/Deli-Snacks/Pork-Chipolatas-200-g/_/A-6009101775408?isFromPLP=true appended into product link list.
INFO - 2023-06-13 21:22:11,185 - Pagination_Deli_Entertaining: -https://www.woolworths.co.za/prod/Food/Milk-Dairy-Eggs/Cheese/Entertaining-Platters-Dairy-Dips/Balsamic-Onion-Dip-175-g/_/A-6009207425269?isFromPLP=true appended into product link list.
INFO - 2023-06-13 21:22:11,235 - Pagination_Deli_Entertaining: -https://www.woolworths.co.za/prod/Food/Deli-Entertaining/Savoury-Snacks/Sesame-Crusted-Chicken-Strips-250-g/_/A-6009182056151?isFromPLP=true appended into product link list.
INFO - 2023-06-13 21:22:11,315 - Pagination_Deli_Entertaining: -https://www.woolworths.co.za/prod/Food/Deli-Entertaining/Deli-Meats/Continental-Meats/Chorizo-Sarta-Pork-Sausage-210-g/_/A-6001009002945?isFromPLP=true appended into product link list.
INFO - 2023-06-13 21:22:11,384 - Pagination_Deli_Entertaining: -https://www.woolworths.co.za/prod/Food/Ready-Meals/Meals-Sides/Indian-Asian-Mexican-Meals/Mozzarella-Arancini-Balls-18-pk/_/A-6009189652608?isFromPLP=true appended into product link list.
INFO - 2023-06-13 21:22:11,475 - Pagination_Deli_Entertaining: -https://www.woolworths.co.za/prod/Online-Feature/Content/Tapas/BBQ-Chicken-Pancakes-8-pk/_/A-20173227?isFromPLP=true appended into product link list.
INFO - 2023-06-13 21:22:11,524 - Pagination_Deli_Entertaining: -https://www.woolworths.co.za/prod/Food/Promotions/Buy-2-Or-More-And-Save/Buy-any-2-for-R70/Simply-Add/Sliced-Free-Range-Smoked-Chicken-Breast-140-g/_/A-6009211538153?isFromPLP=true appended into product link list.
INFO - 2023-06-13 21:22:11,554 - Pagination_Deli_Entertaining: -https://www.woolworths.co.za/prod/Food/Deli-Entertaining/Entertaining-Platters/Falafel-150-g/_/A-6009189788475?isFromPLP=true appended into product link list.
INFO - 2023-06-13 21:22:11,586 - Pagination_Deli_Entertaining: -https://www.woolworths.co.za/prod/Food/Deli-Entertaining/Dips-P-t-s-Spreads/Tzatziki-150-g/_/A-6001009027818?isFromPLP=true appended into product link list.
INFO - 2023-06-13 21:22:11,615 - Pagination_Deli_Entertaining: -https://www.woolworths.co.za/prod/Food/Promotions/Buy-2-Or-More-And-Save/Buy-any-2-save-R15/Sliced-Salami/Turkey-Pastrami-125-g/_/A-6009000937037?isFromPLP=true appended into product link list.
INFO - 2023-06-13 21:22:11,653 - Pagination_Deli_Entertaining: -https://www.woolworths.co.za/prod/Food/Deli-Entertaining/Savoury-Snacks/Beef-Mince-Curry-Vetkoek-15-pk/_/A-6009175594219?isFromPLP=true appended into product link list.
INFO - 2023-06-13 21:22:11,682 - Pagination_Deli_Entertaining: -https://www.woolworths.co.za/prod/Food/Deli-Entertaining/Entertaining-Platters/Sliced-Peppered-Salami-100-g/_/A-20171650?isFromPLP=true appended into product link list.
INFO - 2023-06-13 21:22:11,715 - Pagination_Deli_Entertaining: -https://www.woolworths.co.za/prod/Food/Promotions/Buy-2-Or-More-And-Save/Buy-any-3-save-20-/Deli-Snacks/Smoked-Salmon-P-t-125-g/_/A-6009195040765?isFromPLP=true appended into product link list.
INFO - 2023-06-13 21:22:11,748 - Pagination_Deli_Entertaining: -https://www.woolworths.co.za/prod/Food/Deli-Entertaining/Dips-P-t-s-Spreads/South-African-Feta-Herb-Dip-160-g/_/A-6009189786266?isFromPLP=true appended into product link list.
INFO - 2023-06-13 21:22:11,783 - Pagination_Deli_Entertaining: -https://www.woolworths.co.za/prod/Food/Deli-Entertaining/Deli-Fish/Oak-Smoked-Salmon-Ribbons-50-g/_/A-6009204538160?isFromPLP=true appended into product link list.
INFO - 2023-06-13 21:22:11,833 - Pagination_Deli_Entertaining: -https://www.woolworths.co.za/prod/Food/Deli-Entertaining/Savoury-Snacks/BBQ-Beef-Sliders-8-pk/_/A-20160494?isFromPLP=true appended into product link list.
INFO - 2023-06-13 21:22:11,863 - Pagination_Deli_Entertaining: -https://www.woolworths.co.za/prod/Food/Deli-Entertaining/Dips-P-t-s-Spreads/Biltong-Spread-125-g/_/A-20110895?isFromPLP=true appended into product link list.
INFO - 2023-06-13 21:22:11,898 - Pagination_Deli_Entertaining: -https://www.woolworths.co.za/prod/Food/Deli-Entertaining/Deli-Fish/Oak-Smoked-Trout-Ribbons-50-g/_/A-6009182351256?isFromPLP=true appended into product link list.
INFO - 2023-06-13 21:22:11,934 - Pagination_Deli_Entertaining: -https://www.woolworths.co.za/prod/Food/Deli-Entertaining/Savoury-Snacks/BBQ-Chicken-Sliders-8-pk/_/A-20160500?isFromPLP=true appended into product link list.
INFO - 2023-06-13 21:22:11,966 - Pagination_Deli_Entertaining: -https://www.woolworths.co.za/prod/Food/Deli-Entertaining/Entertaining-Platters/BBQ-Chicken-Pancakes-16-pk/_/A-6009175595087?isFromPLP=true appended into product link list.
INFO - 2023-06-13 21:22:11,996 - Pagination_Deli_Entertaining: -https://www.woolworths.co.za/prod/Food/Deli-Entertaining/Dips-P-t-s-Spreads/Smoked-Snoek-Terrine-125-g/_/A-6009182188975?isFromPLP=true appended into product link list.
INFO - 2023-06-13 21:22:12,027 - Pagination_Deli_Entertaining: -https://www.woolworths.co.za/prod/Food/Deli-Entertaining/Deli-Fish/Poached-Salmon-with-Soya-Ginger-Lime-180-g/_/A-6009175594127?isFromPLP=true appended into product link list.
INFO - 2023-06-13 21:22:12,046 - Pagination_Deli_Entertaining: -https://www.woolworths.co.za/prod/Food/Deli-Entertaining/Deli-Meats/Sausages-Viennas/Beech-Wood-Smoked-German-Style-Viennas-250-g/_/A-6009182179560?isFromPLP=true appended into product link list.
INFO - 2023-06-13 21:22:12,068 - Pagination_Deli_Entertaining: -https://www.woolworths.co.za/prod/Food/Deli-Entertaining/Deli-Meats/Pork-Cold-Meats/Beech-Wood-Smoked-Ham-500-g/_/A-6005000448177?isFromPLP=true appended into product link list.
INFO - 2023-06-13 21:22:12,097 - Pagination_Deli_Entertaining: -https://www.woolworths.co.za/prod/Food/Deli-Entertaining/Deli-Fish/Oak-Smoked-Salmon-Ribbons-200-g/_/A-20177423?isFromPLP=true appended into product link list.
INFO - 2023-06-13 21:22:12,126 - Pagination_Deli_Entertaining: -https://www.woolworths.co.za/prod/Online-Feature/Content/Deli-Snacking/Party-Foods-Selection-Platter-50-pk/_/A-6009184780733?isFromPLP=true appended into product link list.
INFO - 2023-06-13 21:22:12,146 - Pagination_Deli_Entertaining: -https://www.woolworths.co.za/prod/Food/Deli-Entertaining/Deli-Meats/Chicken-Turkey-Cold-Meats/Halaal-Sliced-Smoked-Chicken-125-g/_/A-6009182764957?isFromPLP=true appended into product link list.
INFO - 2023-06-13 21:22:12,177 - Pagination_Deli_Entertaining: -https://www.woolworths.co.za/prod/Food/Deli-Entertaining/Deli-Meats/Pork-Cold-Meats/Beech-Wood-Smoked-Sliced-Gammon-250-g/_/A-6009211488236?isFromPLP=true appended into product link list.
INFO - 2023-06-13 21:22:12,216 - Pagination_Deli_Entertaining: -https://www.woolworths.co.za/prod/Food/Deli-Entertaining/Deli-Meats/Beef-Cold-Meats/Halaal-Sliced-Spiced-Beef-125-g/_/A-6009171558444?isFromPLP=true appended into product link list.
INFO - 2023-06-13 21:22:12,278 - Pagination_Deli_Entertaining: -https://www.woolworths.co.za/prod/Food/Deli-Entertaining/Deli-Fish/Hot-Smoked-Salmon-with-Pepper-Mustard-Seeds-Dill-180-g/_/A-6001009033741?isFromPLP=true appended into product link list.
INFO - 2023-06-13 21:22:12,315 - Pagination_Deli_Entertaining: -https://www.woolworths.co.za/prod/Food/Deli-Entertaining/Deli-Meats/Pork-Cold-Meats/Parma-Ham-70-g/_/A-20110529?isFromPLP=true appended into product link list.
INFO - 2023-06-13 21:22:12,347 - Pagination_Deli_Entertaining: -https://www.woolworths.co.za/prod/Food/Deli-Entertaining/Savoury-Snacks/Moroccan-Chicken-Mini-Fillets-250-g/_/A-6009189786310?isFromPLP=true appended into product link list.
INFO - 2023-06-13 21:22:12,379 - Pagination_Deli_Entertaining: -https://www.woolworths.co.za/prod/Food/Promotions/Buy-2-Or-More-And-Save/Buy-any-2-save-R15/Wafer-Thins/Wafer-Thin-Smoked-Turkey-125-g/_/A-20082499?isFromPLP=true appended into product link list.
INFO - 2023-06-13 21:22:12,405 - Pagination_Deli_Entertaining: -https://www.woolworths.co.za/prod/Food/Deli-Entertaining/Deli-Meats/Continental-Meats/Smoked-Spanish-Chorizo-Pork-Sausage-210-g/_/A-6009195239848?isFromPLP=true appended into product link list.
INFO - 2023-06-13 21:22:12,432 - Pagination_Deli_Entertaining: -https://www.woolworths.co.za/prod/Food/Deli-Entertaining/Deli-Fish/Prawn-Cocktail-200-g/_/A-20189693?isFromPLP=true appended into product link list.
INFO - 2023-06-13 21:22:12,459 - Pagination_Deli_Entertaining: -https://www.woolworths.co.za/prod/Food/Deli-Entertaining/Dips-P-t-s-Spreads/Liver-Spread-250-g/_/A-6001009009869?isFromPLP=true appended into product link list.
INFO - 2023-06-13 21:22:12,481 - Pagination_Deli_Entertaining: -https://www.woolworths.co.za/prod/Online-Feature/Recipes/Mogau-Oxtail-stew/Smoked-Ham-Gouda-Rolls-60-g/_/A-6009214793429?isFromPLP=true appended into product link list.
INFO - 2023-06-13 21:22:12,509 - Pagination_Deli_Entertaining: -https://www.woolworths.co.za/prod/Food/Deli-Entertaining/Savoury-Snacks/Sweet-Chilli-Chicken-Mini-Fillets-250-g/_/A-6009171950927?isFromPLP=true appended into product link list.
INFO - 2023-06-13 21:22:12,531 - Pagination_Deli_Entertaining: -https://www.woolworths.co.za/prod/Food/Food-To-Go/Snacks-To-Go/Mini-Beef-Prego-Sliders-8-pk/_/A-6008000350235?isFromPLP=true appended into product link list.
INFO - 2023-06-13 21:22:12,582 - Pagination_Deli_Entertaining: -https://www.woolworths.co.za/prod/Food/Promotions/Buy-2-Or-More-And-Save/Buy-any-2-save-30-/Anchovies/Anchovy-Fillets-in-Sunflower-Oil-100-g/_/A-6001009021892?isFromPLP=true appended into product link list.
INFO - 2023-06-13 21:22:12,623 - Pagination_Deli_Entertaining: -https://www.woolworths.co.za/prod/Food/Deli-Entertaining/Deli-Meats/Sausages-Viennas/Beech-Wood-Smoked-Frankfurter-Sausages-375-g/_/A-20090517?isFromPLP=true appended into product link list.
INFO - 2023-06-13 21:22:12,665 - Pagination_Deli_Entertaining: -https://www.woolworths.co.za/prod/Food/Promotions/Buy-2-Or-More-And-Save/Buy-any-3-save-20-/Deli-Snacks/Bacon-Cheese-Pancakes-8-pk/_/A-6008000350501?isFromPLP=true appended into product link list.
INFO - 2023-06-13 21:22:12,701 - Pagination_Deli_Entertaining: -https://www.woolworths.co.za/prod/Food/Deli-Entertaining/Hot-Smoked-Snoek-200-g/_/A-20040093?isFromPLP=true appended into product link list.
INFO - 2023-06-13 21:22:12,746 - Pagination_Deli_Entertaining: -https://www.woolworths.co.za/prod/Food/Promotions/Buy-2-Or-More-And-Save/Buy-any-2-save-R20/Global-Menu-Meals/Chicken-Potstickers-12-pk/_/A-6009211217072?isFromPLP=true appended into product link list.
INFO - 2023-06-13 21:22:12,799 - Pagination_Deli_Entertaining: -https://www.woolworths.co.za/prod/Online-Feature/Content/Tapas/Beef-Mince-Curry-Vetkoek-8-pk/_/A-6005000261141?isFromPLP=true appended into product link list.
INFO - 2023-06-13 21:22:12,843 - Pagination_Deli_Entertaining: -https://www.woolworths.co.za/prod/Food/Deli-Entertaining/Savoury-Snacks/Peri-Peri-Chicken-Mini-Fillets-250-g/_/A-6009214988481?isFromPLP=true appended into product link list.
INFO - 2023-06-13 21:22:12,863 - Pagination_Deli_Entertaining: -https://www.woolworths.co.za/prod/Food/Deli-Entertaining/Savoury-Snacks/Chilli-Popper-Bites-250-g/_/A-6009211233690?isFromPLP=true appended into product link list.
INFO - 2023-06-13 21:22:12,892 - Pagination_Deli_Entertaining: -https://www.woolworths.co.za/prod/Food/Food-Basket/Banners/Summer-Living/Snack-Time/Chorizo-Coins-100-g/_/A-6009207412603?isFromPLP=true appended into product link list.
INFO - 2023-06-13 21:22:12,911 - Pagination_Deli_Entertaining: -https://www.woolworths.co.za/prod/Food/Deli-Entertaining/Deli-Fish/Rollmops-300-g/_/A-20021498?isFromPLP=true appended into product link list.
INFO - 2023-06-13 21:22:12,934 - Pagination_Deli_Entertaining: -https://www.woolworths.co.za/prod/Food/Deli-Entertaining/Deli-Meats/Beef-Cold-Meats/Halaal-Beef-Pastrami-125-g/_/A-6009214799070?isFromPLP=true appended into product link list.
INFO - 2023-06-13 21:22:12,961 - Pagination_Deli_Entertaining: -https://www.woolworths.co.za/prod/Food/Deli-Entertaining/Deli-Meats/Sausages-Viennas/Halaal-Beechwood-Smoked-Beef-Viennas-500-g/_/A-6009214799094?isFromPLP=true appended into product link list.
INFO - 2023-06-13 21:22:12,990 - Pagination_Deli_Entertaining: -https://www.woolworths.co.za/prod/Food/Deli-Entertaining/Savoury-Snacks/Smoky-BBQ-Chicken-Wings-500-g/_/A-6009000883396?isFromPLP=true appended into product link list.
INFO - 2023-06-13 21:22:13,011 - Pagination_Deli_Entertaining: -https://www.woolworths.co.za/prod/Food/Promotions/Buy-2-Or-More-And-Save/Buy-any-5-pay-for-4/Salami-Sticks/Spicy-Salami-Sticks-85-g/_/A-6009178053812?isFromPLP=true appended into product link list.
INFO - 2023-06-13 21:22:13,042 - Pagination_Deli_Entertaining: -https://www.woolworths.co.za/prod/Food/Deli-Entertaining/Deli-Meats/Continental-Meats/Serrano-Ham-70-g/_/A-6001009011916?isFromPLP=true appended into product link list.
INFO - 2023-06-13 21:22:13,043 - Pagination_Deli_Entertaining: -len(product_links) collected...
INFO - 2023-06-13 21:22:14,306 - Pagination_Deli_Entertaining: -Next page button clicked
INFO - 2023-06-13 21:22:16,418 - Pagination_Deli_Entertaining: -https://www.woolworths.co.za/prod/Food/Promotions/Buy-2-Or-More-And-Save/Buy-any-5-pay-for-4/Salami-Sticks/Salami-Sticks-85-g/_/A-6009214793436?isFromPLP=true appended into product link list.
INFO - 2023-06-13 21:22:16,437 - Pagination_Deli_Entertaining: -https://www.woolworths.co.za/prod/Food/Deli-Entertaining/Dips-P-t-s-Spreads/Babaganoush-Dip-140-g/_/A-6009207841922?isFromPLP=true appended into product link list.
INFO - 2023-06-13 21:22:16,468 - Pagination_Deli_Entertaining: -https://www.woolworths.co.za/prod/Food/Deli-Entertaining/Dips-P-t-s-Spreads/Tartar-Sauce-160-g/_/A-6001009017956?isFromPLP=true appended into product link list.
INFO - 2023-06-13 21:22:16,578 - Pagination_Deli_Entertaining: -https://www.woolworths.co.za/prod/Food/Promotions/Buy-2-Or-More-And-Save/Buy-any-2-save-R20/Global-Menu-Meals/BBQ-Pulled-Pork-Bao-Buns-8-pk/_/A-6009211217065?isFromPLP=true appended into product link list.
INFO - 2023-06-13 21:22:16,753 - Pagination_Deli_Entertaining: -https://www.woolworths.co.za/prod/Online-Feature/Recipes/Hot-cross-bun-jaffles/Speck-70-g/_/A-6009175424585?isFromPLP=true appended into product link list.
INFO - 2023-06-13 21:22:16,833 - Pagination_Deli_Entertaining: -https://www.woolworths.co.za/prod/Online-Feature/Content/Deli-Snacking/Party-Poultry-Selection-Platter-900-g/_/A-6009189786129?isFromPLP=true appended into product link list.
INFO - 2023-06-13 21:22:16,920 - Pagination_Deli_Entertaining: -https://www.woolworths.co.za/prod/Food/Deli-Entertaining/Deli-Fish/Oak-Smoked-Salmon-Slices-80-g/_/A-6009214992907?isFromPLP=true appended into product link list.
INFO - 2023-06-13 21:22:16,945 - Pagination_Deli_Entertaining: -https://www.woolworths.co.za/prod/Food/Deli-Entertaining/Deli-Fish/Hot-Smoked-Trout-with-Pepper-Mustard-Seeds-Dill-180-g/_/A-6009204109117?isFromPLP=true appended into product link list.
INFO - 2023-06-13 21:22:16,969 - Pagination_Deli_Entertaining: -https://www.woolworths.co.za/prod/Food/Deli-Entertaining/Deli-Fish/Danish-Herring-300-g/_/A-6009214595030?isFromPLP=true appended into product link list.
INFO - 2023-06-13 21:22:16,991 - Pagination_Deli_Entertaining: -https://www.woolworths.co.za/prod/Food/Deli-Entertaining/Deli-Fish/Poached-Trout-with-Lemon-Pepper-180-g/_/A-6009204111141?isFromPLP=true appended into product link list.
INFO - 2023-06-13 21:22:17,019 - Pagination_Deli_Entertaining: -https://www.woolworths.co.za/prod/Food/Promotions/Buy-2-Or-More-And-Save/Buy-any-2-Save-20-/Sausages-Bangers/Halaal-Smoked-Chicken-Viennas-500-g/_/A-6009217223374?isFromPLP=true appended into product link list.
INFO - 2023-06-13 21:22:17,040 - Pagination_Deli_Entertaining: -https://www.woolworths.co.za/prod/Food/Deli-Entertaining/Deli-Fish/Peeled-Prawns-200-g/_/A-6001009034533?isFromPLP=true appended into product link list.
INFO - 2023-06-13 21:22:17,068 - Pagination_Deli_Entertaining: -https://www.woolworths.co.za/prod/Food/Deli-Entertaining/Deli-Fish/Garlic-Chilli-Prawns-200-g/_/A-6008000445931?isFromPLP=true appended into product link list.
INFO - 2023-06-13 21:22:17,091 - Pagination_Deli_Entertaining: -https://www.woolworths.co.za/prod/Food/Easter-Shop/Easter-Feast/Pickled-Fish-Seafood/Hot-Smoked-Herring-with-Mustard-Seeds-Black-Peppercorns-Avg-100-g/_/A-2579000000009?isFromPLP=true appended into product link list.
INFO - 2023-06-13 21:22:17,117 - Pagination_Deli_Entertaining: -https://www.woolworths.co.za/prod/Food/Deli-Entertaining/Entertaining-Platters/Salami-Selection-150-g/_/A-6009226089732?isFromPLP=true appended into product link list.
INFO - 2023-06-13 21:22:17,136 - Pagination_Deli_Entertaining: -https://www.woolworths.co.za/prod/Food/Deli-Entertaining/Savoury-Snacks/Finger-Foods/Mini-Cheese-Puffs-8-pk/_/A-6007875732429?isFromPLP=true appended into product link list.
INFO - 2023-06-13 21:22:17,161 - Pagination_Deli_Entertaining: -https://www.woolworths.co.za/prod/Food/Deli-Entertaining/Deli-Meats/Sliced-Roast-Peppered-Beef-125-g/_/A-6007875996739?isFromPLP=true appended into product link list.
INFO - 2023-06-13 21:22:17,184 - Pagination_Deli_Entertaining: -https://www.woolworths.co.za/prod/Food/Deli-Entertaining/Deli-Fish/Poached-Salmon-with-Lemon-Pepper-180-g/_/A-6009223193661?isFromPLP=true appended into product link list.
INFO - 2023-06-13 21:22:17,203 - Pagination_Deli_Entertaining: -https://www.woolworths.co.za/prod/Food/Deli-Entertaining/Deli-Fish/Poached-Trout-with-Lemon-Dill-180-g/_/A-6009223476795?isFromPLP=true appended into product link list.
INFO - 2023-06-13 21:22:17,237 - Pagination_Deli_Entertaining: -https://www.woolworths.co.za/prod/Food/Braai-Shop/Braai-Snacks-Beverages/Boerewors-Flavoured-Dip-175-g/_/A-6009223763222?isFromPLP=true appended into product link list.
INFO - 2023-06-13 21:22:17,266 - Pagination_Deli_Entertaining: -https://www.woolworths.co.za/prod/Food/Deli-Entertaining/Deli-Fish/Trout-Caviar-50-g/_/A-6007875161014?isFromPLP=true appended into product link list.
INFO - 2023-06-13 21:22:17,286 - Pagination_Deli_Entertaining: -https://www.woolworths.co.za/prod/Food/Deli-Entertaining/Savoury-Snacks/Finger-Foods/Mini-Chicken-Pies-8-pk/_/A-6007875732436?isFromPLP=true appended into product link list.
INFO - 2023-06-13 21:22:17,310 - Pagination_Deli_Entertaining: -https://www.woolworths.co.za/prod/Food/Deli-Entertaining/Plant-Based/PlantLove-Crumbed-Soya-Ocean-Strips-200-g/_/A-6009223797074?isFromPLP=true appended into product link list.
INFO - 2023-06-13 21:22:17,335 - Pagination_Deli_Entertaining: -https://www.woolworths.co.za/prod/Food/Deli-Entertaining/Dips-P-t-s-Spreads/Liver-Onion-Spread-125-g/_/A-6009223794967?isFromPLP=true appended into product link list.
INFO - 2023-06-13 21:22:17,358 - Pagination_Deli_Entertaining: -https://www.woolworths.co.za/prod/Food/Deli-Entertaining/Hot-Smoked-Trout-Bites-with-Honey-Glaze-120-g/_/A-6009226121562?isFromPLP=true appended into product link list.
INFO - 2023-06-13 21:22:17,384 - Pagination_Deli_Entertaining: -https://www.woolworths.co.za/prod/Food/Deli-Entertaining/Hot-Smoked-Norwegian-Trout-Bites-120-g/_/A-6009223195771?isFromPLP=true appended into product link list.
INFO - 2023-06-13 21:22:17,406 - Pagination_Deli_Entertaining: -https://www.woolworths.co.za/prod/Food/Deli-Entertaining/Deli-Meats/Chicken-Turkey-Cold-Meats/Sliced-Roast-Chicken-Cold-Meat-125-g/_/A-6009223792789?isFromPLP=true appended into product link list.
INFO - 2023-06-13 21:22:17,434 - Pagination_Deli_Entertaining: -https://www.woolworths.co.za/prod/Food/Deli-Entertaining/Poached-Trout-with-Soy-Ginger-Lime-120-g/_/A-6009226089800?isFromPLP=true appended into product link list.
INFO - 2023-06-13 21:22:17,455 - Pagination_Deli_Entertaining: -https://www.woolworths.co.za/prod/Food/Deli-Entertaining/Deli-Meats/Pork-Cold-Meats/Serrano-Ham-NO-ADDED-NITRITES-80-g/_/A-6009217745968?isFromPLP=true appended into product link list.
INFO - 2023-06-13 21:22:17,483 - Pagination_Deli_Entertaining: -https://www.woolworths.co.za/prod/Food/Food-To-Go/Snacks-To-Go/Oak-Smoked-Trout-Skewers-80-g/_/A-6009226151293?isFromPLP=true appended into product link list.
INFO - 2023-06-13 21:22:17,502 - Pagination_Deli_Entertaining: -https://www.woolworths.co.za/prod/Food/Easter-Shop/Easter-Feast/Pickled-Fish-Seafood/Cold-Smoked-Trout-Pastrami-Slices-80-g/_/A-6009226089794?isFromPLP=true appended into product link list.
INFO - 2023-06-13 21:22:17,524 - Pagination_Deli_Entertaining: -https://www.woolworths.co.za/prod/Food/Deli-Entertaining/Savoury-Snacks/Southern-Fried-Chicken-250-g/_/A-6009223193609?isFromPLP=true appended into product link list.
INFO - 2023-06-13 21:22:17,551 - Pagination_Deli_Entertaining: -https://www.woolworths.co.za/prod/Food/Promotions/Buy-2-Or-More-And-Save/Buy-any-2-Save-20-/Anchovy-Paste/Smoked-Cod-Roe-Paste-175-g/_/A-6007875145953?isFromPLP=true appended into product link list.
INFO - 2023-06-13 21:22:17,573 - Pagination_Deli_Entertaining: -https://www.woolworths.co.za/prod/Food/Food-To-Go/Snacks-To-Go/Serrano-Ham-Mozzarella-Rolls-60-g/_/A-6007875596090?isFromPLP=true appended into product link list.
INFO - 2023-06-13 21:22:17,600 - Pagination_Deli_Entertaining: -https://www.woolworths.co.za/prod/Food/Deli-Entertaining/Savoury-Snacks/Chicken-Spring-Rolls-12-pk/_/A-6009223193647?isFromPLP=true appended into product link list.
INFO - 2023-06-13 21:22:17,618 - Pagination_Deli_Entertaining: -https://www.woolworths.co.za/prod/Food/Deli-Entertaining/Deli-Fish/Trout-Cream-Cheese-Rolls-60-g/_/A-6009217687350?isFromPLP=true appended into product link list.
INFO - 2023-06-13 21:22:17,639 - Pagination_Deli_Entertaining: -https://www.woolworths.co.za/prod/Food/Deli-Entertaining/Fish-Spread-180-g/_/A-6009226170522?isFromPLP=true appended into product link list.
INFO - 2023-06-13 21:22:17,665 - Pagination_Deli_Entertaining: -https://www.woolworths.co.za/prod/Food/Deli-Entertaining/Entertaining-Platters/Lamb-Samoosas-16-pk/_/A-6007875732283?isFromPLP=true appended into product link list.
INFO - 2023-06-13 21:22:17,685 - Pagination_Deli_Entertaining: -https://www.woolworths.co.za/prod/Easter/Easter-Feast/Lightly-Dusted-Calamari-Rings-130-g/_/A-6007875732566?isFromPLP=true appended into product link list.
INFO - 2023-06-13 21:22:17,706 - Pagination_Deli_Entertaining: -https://www.woolworths.co.za/prod/Food/Deli-Entertaining/Entertaining-Platters/Antipasto-Platter-150-g/_/A-6009226105678?isFromPLP=true appended into product link list.
INFO - 2023-06-13 21:22:17,732 - Pagination_Deli_Entertaining: -https://www.woolworths.co.za/prod/Food/Deli-Entertaining/Entertaining-Platters/Pepperoni-Salami-Sticks-85-g/_/A-6009223764595?isFromPLP=true appended into product link list.
INFO - 2023-06-13 21:22:17,751 - Pagination_Deli_Entertaining: -https://www.woolworths.co.za/prod/Food/Deli-Entertaining/Savoury-Snacks/Finger-Foods/Sesame-Chicken-Bao-Buns-8-pk/_/A-6009226046704?isFromPLP=true appended into product link list.
INFO - 2023-06-13 21:22:17,780 - Pagination_Deli_Entertaining: -https://www.woolworths.co.za/prod/Food/Deli-Entertaining/Poached-Trout-with-Soy-Ginger-Lime-180-g/_/A-6009226118753?isFromPLP=true appended into product link list.
INFO - 2023-06-13 21:22:17,802 - Pagination_Deli_Entertaining: -https://www.woolworths.co.za/prod/Food/Deli-Entertaining/Deli-Meats/Sliced-Wafer-Thin-Roast-Peppered-Beef-125-g/_/A-6007875996722?isFromPLP=true appended into product link list.
INFO - 2023-06-13 21:22:17,826 - Pagination_Deli_Entertaining: -https://www.woolworths.co.za/prod/Food/Promotions/Buy-2-Or-More-And-Save/Buy-any-2-save-R20/International-Selection-Platter/Cold-Meat-Cheese-Roll-Selection-180-g/_/A-6009217885275?isFromPLP=true appended into product link list.
INFO - 2023-06-13 21:22:17,850 - Pagination_Deli_Entertaining: -https://www.woolworths.co.za/prod/Food/Deli-Entertaining/Plant-Based/PlantLove-Crumbed-Soya-Ocean-Portions-200-g/_/A-6009223797050?isFromPLP=true appended into product link list.
INFO - 2023-06-13 21:22:17,872 - Pagination_Deli_Entertaining: -https://www.woolworths.co.za/prod/Food/Deli-Entertaining/Entertaining-Platters/Chorizo-Salami-Sticks-85-g/_/A-6009223764618?isFromPLP=true appended into product link list.
INFO - 2023-06-13 21:22:17,899 - Pagination_Deli_Entertaining: -https://www.woolworths.co.za/prod/Food/Deli-Entertaining/Deli-Meats/Sliced-Spiced-Beef-125-g/_/A-6007875740448?isFromPLP=true appended into product link list.
INFO - 2023-06-13 21:22:17,920 - Pagination_Deli_Entertaining: -https://www.woolworths.co.za/prod/Food/Deli-Entertaining/Deli-Meats/Sausages-Viennas/Beech-Wood-Smoked-Russian-Sausages-375-g/_/A-6009207122588?isFromPLP=true appended into product link list.
INFO - 2023-06-13 21:22:17,949 - Pagination_Deli_Entertaining: -https://www.woolworths.co.za/prod/Food/Deli-Entertaining/Deli-Fish/Fresh-Anchovy-Paste-56-g/_/A-6009223195788?isFromPLP=true appended into product link list.
INFO - 2023-06-13 21:22:17,968 - Pagination_Deli_Entertaining: -https://www.woolworths.co.za/prod/Food/Deli-Entertaining/Entertaining-Platters/Sliced-Pepperoni-Salami-100-g/_/A-6009223764601?isFromPLP=true appended into product link list.
INFO - 2023-06-13 21:22:17,989 - Pagination_Deli_Entertaining: -https://www.woolworths.co.za/prod/Food/Deli-Entertaining/Plant-Based/PlantLove-Crumbed-Savoury-Soya-Strips-200-g/_/A-6009223797036?isFromPLP=true appended into product link list.
INFO - 2023-06-13 21:22:18,017 - Pagination_Deli_Entertaining: -https://www.woolworths.co.za/prod/Food/Deli-Entertaining/Deli-Meats/Continental-Meats/Spanish-Selection-150-g/_/A-6007875553871?isFromPLP=true appended into product link list.
INFO - 2023-06-13 21:22:18,039 - Pagination_Deli_Entertaining: -https://www.woolworths.co.za/prod/Food/Deli-Entertaining/Deli-Meats/Sliced-Beef-Silverside-125-g/_/A-6007875996753?isFromPLP=true appended into product link list.
INFO - 2023-06-13 21:22:18,039 - Pagination_Deli_Entertaining: -len(product_links) collected...
ERROR - 2023-06-13 21:22:28,149 - Pagination_Deli_Entertaining: -error occurred - Message: element not interactable
  (Session info: chrome=114.0.5735.110)
Stacktrace:
Backtrace:
	GetHandleVerifier [0x0063A813+48355]
	(No symbol) [0x005CC4B1]
	(No symbol) [0x004D5220]
	(No symbol) [0x00501846]
	(No symbol) [0x004F9F5C]
	(No symbol) [0x0051A73C]
	(No symbol) [0x004F9A36]
	(No symbol) [0x0051AA94]
	(No symbol) [0x0052C922]
	(No symbol) [0x0051A536]
	(No symbol) [0x004F82DC]
	(No symbol) [0x004F93DD]
	GetHandleVerifier [0x0089AABD+2539405]
	GetHandleVerifier [0x008DA78F+2800735]
	GetHandleVerifier [0x008D456C+2775612]
	GetHandleVerifier [0x006C51E0+616112]
	(No symbol) [0x005D5F8C]
	(No symbol) [0x005D2328]
	(No symbol) [0x005D240B]
	(No symbol) [0x005C4FF7]
	BaseThreadInitThunk [0x777D00C9+25]
	RtlGetAppContainerNamedObjectPath [0x77927B4E+286]
	RtlGetAppContainerNamedObjectPath [0x77927B1E+238]

