INFO - 2023-06-13 21:35:43,850 - Pagination_Frozen_food: -Pagination logger created - 
INFO - 2023-06-13 21:36:10,622 - Pagination_Frozen_food: -https://www.woolworths.co.za/cat/Food/Frozen-Food/_/N-j8pkwq opened and page downloaded.
INFO - 2023-06-13 21:36:22,243 - Pagination_Frozen_food: -https://www.woolworths.co.za/prod/Food/Frozen-Food/Frozen-Lemon-Dill-Kingklip-Hake-Fish-Cakes-4-pk/_/A-6009223003618?isFromPLP=true appended into product link list.
INFO - 2023-06-13 21:36:22,298 - Pagination_Frozen_food: -https://www.woolworths.co.za/prod/Eid/Eid-Feast/Bakery-Desserts/FANTASTICAL-Soft-Scoop-Berry-Flavoured-Ice-Cream-2-L/_/A-6007875466553?isFromPLP=true appended into product link list.
INFO - 2023-06-13 21:36:22,333 - Pagination_Frozen_food: -https://www.woolworths.co.za/prod/Food/Frozen-Food/Frozen-Bao-Buns-with-Spicy-Prawn-300-g/_/A-6007875700527?isFromPLP=true appended into product link list.
INFO - 2023-06-13 21:36:22,380 - Pagination_Frozen_food: -https://www.woolworths.co.za/prod/Food/Frozen-Food/Frozen-Oriental-Bao-Buns-300-g/_/A-6007875700510?isFromPLP=true appended into product link list.
INFO - 2023-06-13 21:36:22,413 - Pagination_Frozen_food: -https://www.woolworths.co.za/prod/Food/Frozen-Food/Frozen-Crispy-Chicken-Breast-Strips-1-kg/_/A-6009223968023?isFromPLP=true appended into product link list.
INFO - 2023-06-13 21:36:22,484 - Pagination_Frozen_food: -https://www.woolworths.co.za/prod/Food/Frozen-Food/Frozen-Crumbed-Chicken-Nuggets-1-kg/_/A-6009223967965?isFromPLP=true appended into product link list.
INFO - 2023-06-13 21:36:22,558 - Pagination_Frozen_food: -https://www.woolworths.co.za/prod/Food/Frozen-Food/CHUCKLES-Mini-Malt-Dairy-Ice-Cream-Cones-6-x-65-g/_/A-6009223701224?isFromPLP=true appended into product link list.
INFO - 2023-06-13 21:36:22,621 - Pagination_Frozen_food: -https://www.woolworths.co.za/prod/Food/Frozen-Food/Mini-Strawberry-Vanilla-Flavoured-Dairy-Ice-Cream-Cones-6-x-65-g/_/A-6009217629718?isFromPLP=true appended into product link list.
INFO - 2023-06-13 21:36:22,651 - Pagination_Frozen_food: -https://www.woolworths.co.za/prod/Food/Frozen-Food/Frozen-Potato-Cream-Gratin-480-g/_/A-6009223159230?isFromPLP=true appended into product link list.
INFO - 2023-06-13 21:36:22,698 - Pagination_Frozen_food: -https://www.woolworths.co.za/prod/Food/Frozen-Food/Frozen-Smoked-Hake-Potato-Corn-Cheese-Fish-Cakes-500-g/_/A-6009207984452?isFromPLP=true appended into product link list.
INFO - 2023-06-13 21:36:22,734 - Pagination_Frozen_food: -https://www.woolworths.co.za/prod/Food/Frozen-Food/Freshly-Frozen-Kingklip-Steaks-400-g/_/A-6007875362831?isFromPLP=true appended into product link list.
INFO - 2023-06-13 21:36:22,771 - Pagination_Frozen_food: -https://www.woolworths.co.za/prod/Food/Frozen-Food/Fish-Seafood/Freshly-Frozen-Hake-Medallions-450-g/_/A-6005000415087?isFromPLP=true appended into product link list.
INFO - 2023-06-13 21:36:22,817 - Pagination_Frozen_food: -https://www.woolworths.co.za/prod/Food/Frozen-Food/Freshly-Frozen-Yellowfin-Tuna-Portions-400-g/_/A-6001009028976?isFromPLP=true appended into product link list.
INFO - 2023-06-13 21:36:22,860 - Pagination_Frozen_food: -https://www.woolworths.co.za/prod/Food/Frozen-Food/Fish-Seafood/Frozen-Norwegian-Salmon-Portions-400-g/_/A-6001009028983?isFromPLP=true appended into product link list.
INFO - 2023-06-13 21:36:22,897 - Pagination_Frozen_food: -https://www.woolworths.co.za/prod/Food/Frozen-Food/Fish-Seafood/Frozen-Rainbow-Trout-Portions-400-g/_/A-6001009033895?isFromPLP=true appended into product link list.
INFO - 2023-06-13 21:36:22,931 - Pagination_Frozen_food: -https://www.woolworths.co.za/prod/Food/Frozen-Food/Fish-Seafood/Freshly-Frozen-Uncooked-Peeled-Large-Prawns-500-g/_/A-6001009011817?isFromPLP=true appended into product link list.
INFO - 2023-06-13 21:36:22,965 - Pagination_Frozen_food: -https://www.woolworths.co.za/prod/Food/Frozen-Food/Fish-Seafood/Freshly-Frozen-Uncooked-Shell-On-Large-Prawns-500-g/_/A-6009173168900?isFromPLP=true appended into product link list.
INFO - 2023-06-13 21:36:23,000 - Pagination_Frozen_food: -https://www.woolworths.co.za/prod/Food/Frozen-Food/Fish-Seafood/Freshly-Frozen-Uncooked-Extra-Large-Black-Tiger-Prawns-500-g/_/A-6009195975395?isFromPLP=true appended into product link list.
INFO - 2023-06-13 21:36:23,031 - Pagination_Frozen_food: -https://www.woolworths.co.za/prod/Food/Frozen-Food/Fish-Seafood/Frozen-Cooked-Peeled-Medium-Prawns-400-g/_/A-6005000152852?isFromPLP=true appended into product link list.
INFO - 2023-06-13 21:36:23,099 - Pagination_Frozen_food: -https://www.woolworths.co.za/prod/Food/Frozen-Food/Fish-Seafood/Frozen-Cooked-Peeled-Small-Prawns-800-g/_/A-6005000152876?isFromPLP=true appended into product link list.
INFO - 2023-06-13 21:36:23,150 - Pagination_Frozen_food: -https://www.woolworths.co.za/prod/Food/Frozen-Food/Fish-Seafood/Frozen-Cooked-Shell-On-Large-Prawns-500-g/_/A-6009195975401?isFromPLP=true appended into product link list.
INFO - 2023-06-13 21:36:23,181 - Pagination_Frozen_food: -https://www.woolworths.co.za/prod/Food/Frozen-Food/Fish-Seafood/Frozen-Uncooked-Whole-Mussels-700-g/_/A-6009223003595?isFromPLP=true appended into product link list.
INFO - 2023-06-13 21:36:23,216 - Pagination_Frozen_food: -https://www.woolworths.co.za/prod/Food/Frozen-Food/Beef-Lamb-Poultry-Pork/Frozen-Beef-Oxtail-750-g/_/A-6009000282366?isFromPLP=true appended into product link list.
INFO - 2023-06-13 21:36:23,248 - Pagination_Frozen_food: -https://www.woolworths.co.za/prod/Food/Frozen-Food/Beef-Lamb-Poultry-Pork/Frozen-Leg-of-Lamb-Avg-2-2-kg/_/A-2064970000000?isFromPLP=true appended into product link list.
INFO - 2023-06-13 21:36:23,282 - Pagination_Frozen_food: -https://www.woolworths.co.za/prod/Food/Frozen-Food/Beef-Lamb-Poultry-Pork/Frozen-Chicken-Mixed-Portions-2-kg/_/A-6008000200578?isFromPLP=true appended into product link list.
INFO - 2023-06-13 21:36:23,316 - Pagination_Frozen_food: -https://www.woolworths.co.za/prod/Food/Frozen-Food/Beef-Lamb-Poultry-Pork/Frozen-Drum-Thigh-Chicken-Portions-1-5-kg/_/A-6008000200561?isFromPLP=true appended into product link list.
INFO - 2023-06-13 21:36:23,373 - Pagination_Frozen_food: -https://www.woolworths.co.za/prod/Food/Frozen-Food/Desserts-Fruit-Bakery/Frozen-All-Butter-Puff-Pastry-Sheets-2-x-250-g/_/A-6009175398916?isFromPLP=true appended into product link list.
INFO - 2023-06-13 21:36:23,433 - Pagination_Frozen_food: -https://www.woolworths.co.za/prod/Food/Frozen-Food/Desserts-Fruit-Bakery/Frozen-Phyllo-Pastry-500-g/_/A-6009178807309?isFromPLP=true appended into product link list.
INFO - 2023-06-13 21:36:23,480 - Pagination_Frozen_food: -https://www.woolworths.co.za/prod/Food/Frozen-Food/Desserts-Fruit-Bakery/Frozen-Puff-Pastry-Roll-400-g/_/A-6009000072486?isFromPLP=true appended into product link list.
INFO - 2023-06-13 21:36:23,513 - Pagination_Frozen_food: -https://www.woolworths.co.za/prod/Food/Frozen-Food/Vegetables/Freshly-Frozen-Diced-Vegetable-Mix-1-kg/_/A-20159207?isFromPLP=true appended into product link list.
INFO - 2023-06-13 21:36:23,548 - Pagination_Frozen_food: -https://www.woolworths.co.za/prod/Food/Frozen-Food/Vegetables/Freshly-Frozen-Garden-Peas-1-kg/_/A-20029388?isFromPLP=true appended into product link list.
INFO - 2023-06-13 21:36:23,580 - Pagination_Frozen_food: -https://www.woolworths.co.za/prod/Food/Frozen-Food/Vegetables/Freshly-Frozen-Peas-Sweetcorn-Kernels-750-g/_/A-6001009008237?isFromPLP=true appended into product link list.
INFO - 2023-06-13 21:36:23,629 - Pagination_Frozen_food: -https://www.woolworths.co.za/prod/Food/Frozen-Food/Vegetables/Freshly-Frozen-Peas-Baby-Carrots-Sweetcorn-Kernels-1-kg/_/A-20012502?isFromPLP=true appended into product link list.
INFO - 2023-06-13 21:36:23,664 - Pagination_Frozen_food: -https://www.woolworths.co.za/prod/Food/Frozen-Food/Vegetables/Freshly-Frozen-Sweetcorn-Kernels-1-kg/_/A-20109615?isFromPLP=true appended into product link list.
INFO - 2023-06-13 21:36:23,701 - Pagination_Frozen_food: -https://www.woolworths.co.za/prod/Food/Frozen-Food/Vegetables/Frozen-Country-Crop-Mix-1-kg/_/A-6009211273313?isFromPLP=true appended into product link list.
INFO - 2023-06-13 21:36:23,729 - Pagination_Frozen_food: -https://www.woolworths.co.za/prod/Food/Frozen-Food/Vegetables/Frozen-Petits-Pois-Peas-500-g/_/A-20038717?isFromPLP=true appended into product link list.
INFO - 2023-06-13 21:36:23,762 - Pagination_Frozen_food: -https://www.woolworths.co.za/prod/Food/Frozen-Food/Vegetables/Frozen-Battered-Onion-Rings-500-g/_/A-6009171051198?isFromPLP=true appended into product link list.
INFO - 2023-06-13 21:36:23,797 - Pagination_Frozen_food: -https://www.woolworths.co.za/prod/Food/Frozen-Food/Vegetables/Frozen-Broccoli-Cauliflower-Gratin-480-g/_/A-6009223004011?isFromPLP=true appended into product link list.
INFO - 2023-06-13 21:36:23,855 - Pagination_Frozen_food: -https://www.woolworths.co.za/prod/Food/Frozen-Food/Vegetables/Frozen-Mashed-Potato-1-kg/_/A-6009173621757?isFromPLP=true appended into product link list.
INFO - 2023-06-13 21:36:23,881 - Pagination_Frozen_food: -https://www.woolworths.co.za/prod/Food/Frozen-Food/Vegetables/Frozen-Roasted-Mexican-Style-Corn-Mix-500-g/_/A-6009214503714?isFromPLP=true appended into product link list.
INFO - 2023-06-13 21:36:23,913 - Pagination_Frozen_food: -https://www.woolworths.co.za/prod/Food/Frozen-Food/Chips-Rice-Potatoes/Frozen-Savoury-Basmati-Rice-Mix-1-kg/_/A-6009182980777?isFromPLP=true appended into product link list.
INFO - 2023-06-13 21:36:23,947 - Pagination_Frozen_food: -https://www.woolworths.co.za/prod/Food/Frozen-Food/Chips-Rice-Potatoes/Frozen-Savoury-Rice-1-kg/_/A-6009173621740?isFromPLP=true appended into product link list.
INFO - 2023-06-13 21:36:23,979 - Pagination_Frozen_food: -https://www.woolworths.co.za/prod/Food/Frozen-Food/Chips-Rice-Potatoes/Frozen-French-Fries-1-kg/_/A-20095550?isFromPLP=true appended into product link list.
INFO - 2023-06-13 21:36:24,012 - Pagination_Frozen_food: -https://www.woolworths.co.za/prod/Food/Frozen-Food/Chips-Rice-Potatoes/Frozen-Skin-On-Potato-Chips-1-kg/_/A-6009223005117?isFromPLP=true appended into product link list.
INFO - 2023-06-13 21:36:24,090 - Pagination_Frozen_food: -https://www.woolworths.co.za/prod/Food/Frozen-Food/Chips-Rice-Potatoes/Frozen-Crinkle-Cut-Potato-Chips-1-kg/_/A-6009189924019?isFromPLP=true appended into product link list.
INFO - 2023-06-13 21:36:24,140 - Pagination_Frozen_food: -https://www.woolworths.co.za/prod/Food/Frozen-Food/Chips-Rice-Potatoes/Frozen-Crispy-Potato-Rostis-500-g/_/A-6009171051204?isFromPLP=true appended into product link list.
INFO - 2023-06-13 21:36:24,177 - Pagination_Frozen_food: -https://www.woolworths.co.za/prod/Food/Frozen-Food/Vegetables/Frozen-Potato-Wedges-750-g/_/A-6009000622698?isFromPLP=true appended into product link list.
INFO - 2023-06-13 21:36:24,213 - Pagination_Frozen_food: -https://www.woolworths.co.za/prod/Food/Frozen-Food/Chips-Rice-Potatoes/Frozen-Steakhouse-Cut-Potato-Chips-1-kg/_/A-6009173621801?isFromPLP=true appended into product link list.
INFO - 2023-06-13 21:36:24,247 - Pagination_Frozen_food: -https://www.woolworths.co.za/prod/Food/Frozen-Food/Chips-Rice-Potatoes/Frozen-Sweet-Potato-Chips-1-kg/_/A-6009173621795?isFromPLP=true appended into product link list.
INFO - 2023-06-13 21:36:24,279 - Pagination_Frozen_food: -https://www.woolworths.co.za/prod/Food/Frozen-Food/Desserts-Fruit-Bakery/Freshly-Frozen-Blackberries-350-g/_/A-6009214501987?isFromPLP=true appended into product link list.
INFO - 2023-06-13 21:36:24,312 - Pagination_Frozen_food: -https://www.woolworths.co.za/prod/Food/Frozen-Food/Desserts-Fruit-Bakery/Freshly-Frozen-Blueberries-500-g/_/A-6009000623428?isFromPLP=true appended into product link list.
INFO - 2023-06-13 21:36:24,345 - Pagination_Frozen_food: -https://www.woolworths.co.za/prod/Food/Frozen-Food/Desserts-Fruit-Bakery/Freshly-Frozen-Raspberries-400-g/_/A-6009173168870?isFromPLP=true appended into product link list.
INFO - 2023-06-13 21:36:24,378 - Pagination_Frozen_food: -https://www.woolworths.co.za/prod/Food/Frozen-Food/Desserts-Fruit-Bakery/Freshly-Frozen-Berry-Medley-350-g/_/A-6009178822166?isFromPLP=true appended into product link list.
INFO - 2023-06-13 21:36:24,411 - Pagination_Frozen_food: -https://www.woolworths.co.za/prod/Food/Frozen-Food/Desserts-Fruit-Bakery/Freshly-Frozen-Strawberries-350-g/_/A-6009207398679?isFromPLP=true appended into product link list.
INFO - 2023-06-13 21:36:24,445 - Pagination_Frozen_food: -https://www.woolworths.co.za/prod/Food/Frozen-Food/Desserts-Fruit-Bakery/Freshly-Frozen-Summer-Berries-350-g/_/A-6009214501970?isFromPLP=true appended into product link list.
INFO - 2023-06-13 21:36:24,495 - Pagination_Frozen_food: -https://www.woolworths.co.za/prod/Food/Frozen-Food/Desserts-Fruit-Bakery/Freshly-Frozen-Summer-Fruits-350-g/_/A-6009195948740?isFromPLP=true appended into product link list.
INFO - 2023-06-13 21:36:24,528 - Pagination_Frozen_food: -https://www.woolworths.co.za/prod/Food/Frozen-Food/Fish-Seafood/Frozen-Crumbed-Fish-Fingers-800-g/_/A-20012274?isFromPLP=true appended into product link list.
INFO - 2023-06-13 21:36:24,566 - Pagination_Frozen_food: -https://www.woolworths.co.za/prod/Food/Frozen-Food/Fish-Seafood/Frozen-Crumbed-Hake-Fish-Cakes-300-g/_/A-20109233?isFromPLP=true appended into product link list.
INFO - 2023-06-13 21:36:24,610 - Pagination_Frozen_food: -https://www.woolworths.co.za/prod/Food/Frozen-Food/Fish-Seafood/Frozen-Lightly-Dusted-Cajun-Hake-Portions-450-g/_/A-6009223371441?isFromPLP=true appended into product link list.
INFO - 2023-06-13 21:36:24,664 - Pagination_Frozen_food: -https://www.woolworths.co.za/prod/Food/Frozen-Food/Fish-Seafood/Frozen-Lightly-Dusted-Hake-Portions-450-g/_/A-6009178641545?isFromPLP=true appended into product link list.
INFO - 2023-06-13 21:36:24,664 - Pagination_Frozen_food: -len(product_links) collected...
INFO - 2023-06-13 21:36:28,780 - Pagination_Frozen_food: -Next page button clicked
INFO - 2023-06-13 21:36:33,046 - Pagination_Frozen_food: -https://www.woolworths.co.za/prod/Food/Frozen-Food/Fish-Seafood/Frozen-Panko-Crumbed-Hake-Portions-550-g/_/A-6009214950792?isFromPLP=true appended into product link list.
INFO - 2023-06-13 21:36:33,122 - Pagination_Frozen_food: -https://www.woolworths.co.za/prod/Food/Frozen-Food/Fish-Seafood/Frozen-Panko-Crumbed-Lemon-Black-Pepper-Hake-Portions-550-g/_/A-6009214950785?isFromPLP=true appended into product link list.
INFO - 2023-06-13 21:36:33,359 - Pagination_Frozen_food: -https://www.woolworths.co.za/prod/Food/Frozen-Food/Fish-Seafood/Frozen-Panko-Crumbed-Smoked-Hake-Fillets-600-g/_/A-6009214595177?isFromPLP=true appended into product link list.
INFO - 2023-06-13 21:36:33,532 - Pagination_Frozen_food: -https://www.woolworths.co.za/prod/Food/Frozen-Food/Fish-Seafood/Frozen-Smoked-Snoek-Sweet-Potato-Fish-Cakes-4-x-100-g/_/A-6009207984445?isFromPLP=true appended into product link list.
INFO - 2023-06-13 21:36:33,729 - Pagination_Frozen_food: -https://www.woolworths.co.za/prod/Food/Frozen-Food/Fish-Seafood/Frozen-Tempura-Hake-Portions-600-g/_/A-20012199?isFromPLP=true appended into product link list.
INFO - 2023-06-13 21:36:33,761 - Pagination_Frozen_food: -https://www.woolworths.co.za/prod/Food/Frozen-Food/Fish-Seafood/Frozen-Chilli-Lime-Norwegian-Salmon-Portions-400-g/_/A-6008000200530?isFromPLP=true appended into product link list.
INFO - 2023-06-13 21:36:33,795 - Pagination_Frozen_food: -https://www.woolworths.co.za/prod/Online-Feature/Content/Supporting-Sustainability/Sustainably-Sourced-Fish/Frozen-Lemon-Herb-Rainbow-Trout-Portions-400-g/_/A-6005000459616?isFromPLP=true appended into product link list.
INFO - 2023-06-13 21:36:33,826 - Pagination_Frozen_food: -https://www.woolworths.co.za/prod/Online-Feature/Content/Supporting-Sustainability/Sustainably-Sourced-Fish/Frozen-Lightly-Smoked-Honeyed-Norwegian-Salmon-400-g/_/A-6009175675406?isFromPLP=true appended into product link list.
INFO - 2023-06-13 21:36:33,856 - Pagination_Frozen_food: -https://www.woolworths.co.za/prod/Food/Frozen-Food/Fish-Seafood/Frozen-Teriyake-Norwegian-Salmon-Steamer-500-g/_/A-6009223003632?isFromPLP=true appended into product link list.
INFO - 2023-06-13 21:36:33,877 - Pagination_Frozen_food: -https://www.woolworths.co.za/prod/Food/Frozen-Food/Fish-Seafood/Frozen-Mussels-with-Garlic-Herb-Butter-500-g/_/A-6009214621319?isFromPLP=true appended into product link list.
INFO - 2023-06-13 21:36:33,907 - Pagination_Frozen_food: -https://www.woolworths.co.za/prod/Food/Frozen-Food/Beef-Lamb-Poultry-Pork/Frozen-Lamb-Burgers-6-x-100-g/_/A-6009214673219?isFromPLP=true appended into product link list.
INFO - 2023-06-13 21:36:33,927 - Pagination_Frozen_food: -https://www.woolworths.co.za/prod/Food/Frozen-Food/Fish-Seafood/Frozen-Trout-Burgers-6-pk/_/A-6009217436514?isFromPLP=true appended into product link list.
INFO - 2023-06-13 21:36:33,958 - Pagination_Frozen_food: -https://www.woolworths.co.za/prod/Food/Frozen-Food/Fish-Seafood/Frozen-Crispy-Tempura-Battered-Hake-Burgers-600-g/_/A-6009189725050?isFromPLP=true appended into product link list.
INFO - 2023-06-13 21:36:33,989 - Pagination_Frozen_food: -https://www.woolworths.co.za/prod/Food/Frozen-Food/Beef-Lamb-Poultry-Pork/Frozen-Crumbed-Chicken-Burgers-480-g/_/A-6009171619893?isFromPLP=true appended into product link list.
INFO - 2023-06-13 21:36:34,010 - Pagination_Frozen_food: -https://www.woolworths.co.za/prod/Food/Meat-Poultry-Fish/Burgers/Frozen-Crumbed-Vegetable-Rounds-540-g/_/A-6009223211006?isFromPLP=true appended into product link list.
INFO - 2023-06-13 21:36:34,042 - Pagination_Frozen_food: -https://www.woolworths.co.za/prod/Food/Frozen-Food/Beef-Lamb-Poultry-Pork/Frozen-Ciabatta-Crumbed-Chicken-Cordon-Bleu-540-g/_/A-6001009006332?isFromPLP=true appended into product link list.
INFO - 2023-06-13 21:36:34,073 - Pagination_Frozen_food: -https://www.woolworths.co.za/prod/Food/Frozen-Food/Beef-Lamb-Poultry-Pork/Frozen-Panko-Crumbed-Chicken-Garlic-Kievs-540-g/_/A-20184360?isFromPLP=true appended into product link list.
INFO - 2023-06-13 21:36:34,093 - Pagination_Frozen_food: -https://www.woolworths.co.za/prod/Food/Frozen-Food/Beef-Lamb-Poultry-Pork/Frozen-Panko-Crumbed-Chicken-Mushroom-Pockets-540-g/_/A-6009217485307?isFromPLP=true appended into product link list.
INFO - 2023-06-13 21:36:34,123 - Pagination_Frozen_food: -https://www.woolworths.co.za/prod/Food/Frozen-Food/Beef-Lamb-Poultry-Pork/Frozen-Panko-Crumbed-Chicken-Breast-Fillets-550-g/_/A-6009217436460?isFromPLP=true appended into product link list.
INFO - 2023-06-13 21:36:34,142 - Pagination_Frozen_food: -https://www.woolworths.co.za/prod/Food/Ready-Meals/Plant-Based-Ready-Meals/Frozen-PlantLove-Minced-Soya-300-g/_/A-6009217300525?isFromPLP=true appended into product link list.
INFO - 2023-06-13 21:36:34,175 - Pagination_Frozen_food: -https://www.woolworths.co.za/prod/Food/Ready-Meals/Plant-Based-Ready-Meals/Frozen-PlantLove-Soya-Rounds-320-g/_/A-6009217300488?isFromPLP=true appended into product link list.
INFO - 2023-06-13 21:36:34,207 - Pagination_Frozen_food: -https://www.woolworths.co.za/prod/Food/Ready-Meals/Plant-Based-Ready-Meals/Frozen-PlantLove-Crumbed-Savoury-Soya-Portions-400-g/_/A-6009217300471?isFromPLP=true appended into product link list.
INFO - 2023-06-13 21:36:34,232 - Pagination_Frozen_food: -https://www.woolworths.co.za/prod/Food/Frozen-Food/Plant-Based/Frozen-PlantLove-Crumbed-Savoury-Soya-Bites-300-g/_/A-6009217300495?isFromPLP=true appended into product link list.
INFO - 2023-06-13 21:36:34,259 - Pagination_Frozen_food: -https://www.woolworths.co.za/prod/Food/Frozen-Food/Desserts-Fruit-Bakery/Frozen-Mini-All-Butter-Croissants-10-pk/_/A-6009217292745?isFromPLP=true appended into product link list.
INFO - 2023-06-13 21:36:34,294 - Pagination_Frozen_food: -https://www.woolworths.co.za/prod/Food/Frozen-Food/Pizza-Pies/Frozen-Mini-Cheese-Puffs-24-pk/_/A-6009217488704?isFromPLP=true appended into product link list.
INFO - 2023-06-13 21:36:34,324 - Pagination_Frozen_food: -https://www.woolworths.co.za/prod/Food/Frozen-Food/Pizza-Pies/Frozen-Mini-Puff-Pastry-Selection-24-pk/_/A-6009217488711?isFromPLP=true appended into product link list.
INFO - 2023-06-13 21:36:34,358 - Pagination_Frozen_food: -https://www.woolworths.co.za/prod/Food/Frozen-Food/Fish-Seafood/Frozen-Tempura-Snack-with-Prawns-400-g/_/A-6009000623411?isFromPLP=true appended into product link list.
INFO - 2023-06-13 21:36:34,392 - Pagination_Frozen_food: -https://www.woolworths.co.za/prod/Food/Frozen-Food/Beef-Lamb-Poultry-Pork/Frozen-Crispy-Chicken-Breast-Strips-400-g/_/A-6009195948757?isFromPLP=true appended into product link list.
INFO - 2023-06-13 21:36:34,425 - Pagination_Frozen_food: -https://www.woolworths.co.za/prod/Food/Frozen-Food/Beef-Lamb-Poultry-Pork/Frozen-Crumbed-Chicken-Nuggets-400-g/_/A-6008000486538?isFromPLP=true appended into product link list.
INFO - 2023-06-13 21:36:34,461 - Pagination_Frozen_food: -https://www.woolworths.co.za/prod/Food/Frozen-Food/Beef-Lamb-Poultry-Pork/Frozen-Lightly-Dusted-Chicken-Breast-Strips-400-g/_/A-6009217488735?isFromPLP=true appended into product link list.
INFO - 2023-06-13 21:36:34,508 - Pagination_Frozen_food: -https://www.woolworths.co.za/prod/Food/Frozen-Food/Beef-Lamb-Poultry-Pork/Frozen-Southern-Fried-Chicken-Nibbles-400-g/_/A-6009178156513?isFromPLP=true appended into product link list.
INFO - 2023-06-13 21:36:34,544 - Pagination_Frozen_food: -https://www.woolworths.co.za/prod/Food/Frozen-Food/Fish-Seafood/Frozen-Southern-Fried-Calamari-500-g/_/A-6005000413007?isFromPLP=true appended into product link list.
INFO - 2023-06-13 21:36:34,585 - Pagination_Frozen_food: -https://www.woolworths.co.za/prod/Food/Frozen-Food/Fish-Seafood/Frozen-Cooked-Prawn-Ring-300-g/_/A-6009175272124?isFromPLP=true appended into product link list.
INFO - 2023-06-13 21:36:34,761 - Pagination_Frozen_food: -https://www.woolworths.co.za/prod/Food/Frozen-Food/Pizza-Pies/Easy-to-Cook-Frozen-Chicken-Pies-4-pk/_/A-6009000069172?isFromPLP=true appended into product link list.
INFO - 2023-06-13 21:36:35,105 - Pagination_Frozen_food: -https://www.woolworths.co.za/prod/Food/Frozen-Food/Fish-Seafood/Easy-to-Cook-Frozen-Fish-Pie-800-g/_/A-6009211813892?isFromPLP=true appended into product link list.
INFO - 2023-06-13 21:36:35,165 - Pagination_Frozen_food: -https://www.woolworths.co.za/prod/Food/Frozen-Food/Fish-Seafood/Easy-to-Cook-Frozen-Hake-Curry-800-g/_/A-6009211813908?isFromPLP=true appended into product link list.
INFO - 2023-06-13 21:36:35,258 - Pagination_Frozen_food: -https://www.woolworths.co.za/prod/Food/Frozen-Food/Pizza-Pies/Easy-to-Cook-Frozen-Pepper-Steak-Pies-4-pk/_/A-6009178835555?isFromPLP=true appended into product link list.
INFO - 2023-06-13 21:36:36,280 - Pagination_Frozen_food: -https://www.woolworths.co.za/prod/Food/Frozen-Food/Fish-Seafood/Easy-to-Cook-Frozen-Salmon-Potato-Dauphinoise-800-g/_/A-6009211167582?isFromPLP=true appended into product link list.
INFO - 2023-06-13 21:36:37,521 - Pagination_Frozen_food: -https://www.woolworths.co.za/prod/Food/Frozen-Food/Pizza-Pies/Frozen-BBQ-Chicken-Mini-Pizzas-10-x-65-g/_/A-6009217739561?isFromPLP=true appended into product link list.
INFO - 2023-06-13 21:36:37,609 - Pagination_Frozen_food: -https://www.woolworths.co.za/prod/Food/Frozen-Food/Pizza-Pies/Frozen-Mini-Cheese-Bacon-Pizzas-10-x-60-g/_/A-6009214614779?isFromPLP=true appended into product link list.
INFO - 2023-06-13 21:36:37,918 - Pagination_Frozen_food: -https://www.woolworths.co.za/prod/Food/Frozen-Food/Pizza-Pies/Frozen-Mini-Cheese-Tomato-Pizzas-10-x-54-g/_/A-6009214614786?isFromPLP=true appended into product link list.
INFO - 2023-06-13 21:36:38,077 - Pagination_Frozen_food: -https://www.woolworths.co.za/prod/Food/Frozen-Food/Pizza-Pies/Frozen-Plant-Powered-Falafel-Veg-Pizza-377-g/_/A-6009217821860?isFromPLP=true appended into product link list.
INFO - 2023-06-13 21:36:38,155 - Pagination_Frozen_food: -https://www.woolworths.co.za/prod/Food/Frozen-Food/Pizza-Pies/Frozen-Stonebaked-Margherita-Pizza-345-g/_/A-6009184875712?isFromPLP=true appended into product link list.
INFO - 2023-06-13 21:36:38,220 - Pagination_Frozen_food: -https://www.woolworths.co.za/prod/Food/Frozen-Food/Pizza-Pies/Frozen-Stonebaked-Pepperoni-Pizza-340-g/_/A-6009184875729?isFromPLP=true appended into product link list.
INFO - 2023-06-13 21:36:38,284 - Pagination_Frozen_food: -https://www.woolworths.co.za/prod/Food/Frozen-Food/Frozen-Tempura-Hake-Nuggets-400-g/_/A-6009223970385?isFromPLP=true appended into product link list.
INFO - 2023-06-13 21:36:38,349 - Pagination_Frozen_food: -https://www.woolworths.co.za/prod/Food/Frozen-Food/Frozen-Potato-Salmon-Spinach-Stacks-500-g/_/A-6007875710267?isFromPLP=true appended into product link list.
INFO - 2023-06-13 21:36:38,389 - Pagination_Frozen_food: -https://www.woolworths.co.za/prod/Food/Frozen-Food/Frozen-Caramel-Cheesecake-820-g/_/A-6007875550689?isFromPLP=true appended into product link list.
INFO - 2023-06-13 21:36:38,460 - Pagination_Frozen_food: -https://www.woolworths.co.za/prod/Food/Frozen-Food/Frozen-Falafel-Selection-Pack-340-g/_/A-6007875700534?isFromPLP=true appended into product link list.
INFO - 2023-06-13 21:36:38,554 - Pagination_Frozen_food: -https://www.woolworths.co.za/prod/Food/Frozen-Food/Frozen-Jalape-o-Popper-Bites-260-g/_/A-6007875700541?isFromPLP=true appended into product link list.
INFO - 2023-06-13 21:36:38,643 - Pagination_Frozen_food: -https://www.woolworths.co.za/prod/Food/Frozen-Food/Frozen-Beef-Wellington-Avg-960-g/_/A-2578490000001?isFromPLP=true appended into product link list.
INFO - 2023-06-13 21:36:38,703 - Pagination_Frozen_food: -https://www.woolworths.co.za/prod/Food/Frozen-Food/Frozen-Beef-Brisket-with-Dry-Rub-Avg-1-35-kg/_/A-2578460000000?isFromPLP=true appended into product link list.
INFO - 2023-06-13 21:36:38,877 - Pagination_Frozen_food: -https://www.woolworths.co.za/prod/Food/Frozen-Food/Frozen-Panko-Crumbed-Trout-Goujons-400-g/_/A-6007875710281?isFromPLP=true appended into product link list.
INFO - 2023-06-13 21:36:39,167 - Pagination_Frozen_food: -https://www.woolworths.co.za/prod/Food/Frozen-Food/Frozen-Lemon-Dill-Half-Norwegian-Salmon-Side-500-g/_/A-6009211447707?isFromPLP=true appended into product link list.
INFO - 2023-06-13 21:36:41,847 - Pagination_Frozen_food: -https://www.woolworths.co.za/prod/Food/Meat-Poultry-Fish/Pork/Frozen-Beech-Smoked-Deboned-Medium-Gammon-Avg-800-g/_/A-2576570000002?isFromPLP=true appended into product link list.
INFO - 2023-06-13 21:36:42,557 - Pagination_Frozen_food: -https://www.woolworths.co.za/prod/Food/Frozen-Food/Frozen-Beech-Wood-Smoked-Kassler-Chops-Avg-800-g/_/A-2576560000005?isFromPLP=true appended into product link list.
INFO - 2023-06-13 21:36:42,593 - Pagination_Frozen_food: -https://www.woolworths.co.za/prod/Food/Frozen-Food/Frozen-Wood-Smoked-Back-Bacon-250-g/_/A-6009223970354?isFromPLP=true appended into product link list.
INFO - 2023-06-13 21:36:42,627 - Pagination_Frozen_food: -https://www.woolworths.co.za/prod/Food/Frozen-Food/Frozen-Chicken-Schnitzels-Avg-800-g/_/A-2576480000000?isFromPLP=true appended into product link list.
INFO - 2023-06-13 21:36:42,660 - Pagination_Frozen_food: -https://www.woolworths.co.za/prod/Food/Frozen-Food/Frozen-Easy-to-Cook-Lamb-Shanks-Avg-1-5-kg/_/A-2576850000005?isFromPLP=true appended into product link list.
INFO - 2023-06-13 21:36:42,698 - Pagination_Frozen_food: -https://www.woolworths.co.za/prod/Food/Frozen-Food/Frozen-English-Muffins-4-pk/_/A-6009223967668?isFromPLP=true appended into product link list.
INFO - 2023-06-13 21:36:42,741 - Pagination_Frozen_food: -https://www.woolworths.co.za/prod/Food/Frozen-Food/Frozen-Beef-Lasagne-1-kg/_/A-6009223777731?isFromPLP=true appended into product link list.
INFO - 2023-06-13 21:36:42,741 - Pagination_Frozen_food: -len(product_links) collected...
INFO - 2023-06-13 21:36:44,856 - Pagination_Frozen_food: -Next page button clicked
INFO - 2023-06-13 21:36:48,959 - Pagination_Frozen_food: -https://www.woolworths.co.za/prod/Food/Frozen-Food/Frozen-Beef-Steak-Pie-650-g/_/A-6009223970613?isFromPLP=true appended into product link list.
INFO - 2023-06-13 21:36:49,146 - Pagination_Frozen_food: -https://www.woolworths.co.za/prod/Food/Frozen-Food/Frozen-Chicken-Pie-650-g/_/A-6009223970620?isFromPLP=true appended into product link list.
INFO - 2023-06-13 21:36:49,281 - Pagination_Frozen_food: -https://www.woolworths.co.za/prod/Food/Frozen-Food/Frozen-Macaroni-Cheese-1-kg/_/A-6009223777748?isFromPLP=true appended into product link list.
INFO - 2023-06-13 21:36:49,329 - Pagination_Frozen_food: -https://www.woolworths.co.za/prod/Food/Frozen-Food/12-Frozen-Chicken-Portions-Avg-1-5-kg/_/A-2576410000001?isFromPLP=true appended into product link list.
INFO - 2023-06-13 21:36:49,363 - Pagination_Frozen_food: -https://www.woolworths.co.za/prod/Food/Frozen-Food/Frozen-Bulk-Grabouw-Boerewors-Avg-1-1-kg/_/A-2576500000003?isFromPLP=true appended into product link list.
INFO - 2023-06-13 21:36:49,403 - Pagination_Frozen_food: -https://www.woolworths.co.za/prod/Food/Frozen-Food/Frozen-Bulk-Stewing-Beef-Avg-1-1-kg/_/A-2576250000001?isFromPLP=true appended into product link list.
INFO - 2023-06-13 21:36:49,428 - Pagination_Frozen_food: -https://www.woolworths.co.za/prod/Food/Frozen-Food/Frozen-Extra-Lean-Ostrich-Mince-500-g/_/A-6009223970644?isFromPLP=true appended into product link list.
INFO - 2023-06-13 21:36:49,460 - Pagination_Frozen_food: -https://www.woolworths.co.za/prod/Food/Frozen-Food/Frozen-Free-Range-Lamb-Chops-Avg-1-1-kg/_/A-2576280000002?isFromPLP=true appended into product link list.
INFO - 2023-06-13 21:36:49,497 - Pagination_Frozen_food: -https://www.woolworths.co.za/prod/Food/Frozen-Food/Frozen-Lean-Beef-Mince-1-kg/_/A-6009223797661?isFromPLP=true appended into product link list.
INFO - 2023-06-13 21:36:49,527 - Pagination_Frozen_food: -https://www.woolworths.co.za/prod/Food/Frozen-Food/Frozen-Matured-Thick-Cut-Beef-Sirloin-Steaks-Avg-300-g/_/A-2576390000008?isFromPLP=true appended into product link list.
INFO - 2023-06-13 21:36:49,559 - Pagination_Frozen_food: -https://www.woolworths.co.za/prod/Food/Frozen-Food/Frozen-Matured-Thick-Cut-Beef-Rump-Steak-Avg-700-g/_/A-2576590000006?isFromPLP=true appended into product link list.
INFO - 2023-06-13 21:36:49,592 - Pagination_Frozen_food: -https://www.woolworths.co.za/prod/Food/Frozen-Food/Frozen-Moroccan-Pork-Belly-Espetadas-Avg-800-g/_/A-2576320000009?isFromPLP=true appended into product link list.
INFO - 2023-06-13 21:36:49,629 - Pagination_Frozen_food: -https://www.woolworths.co.za/prod/Food/Frozen-Food/Frozen-Beef-Ox-Liver-Avg-450-g/_/A-2576380000001?isFromPLP=true appended into product link list.
INFO - 2023-06-13 21:36:49,663 - Pagination_Frozen_food: -https://www.woolworths.co.za/prod/Food/Frozen-Food/Frozen-Whole-Chicken-Avg-1-5-kg/_/A-2576440000002?isFromPLP=true appended into product link list.
INFO - 2023-06-13 21:36:49,698 - Pagination_Frozen_food: -https://www.woolworths.co.za/prod/Food/Frozen-Food/Frozen-Gluten-Free-Double-Chocolate-Muffins-4-pk/_/A-6007875212877?isFromPLP=true appended into product link list.
INFO - 2023-06-13 21:36:49,727 - Pagination_Frozen_food: -https://www.woolworths.co.za/prod/Food/Frozen-Food/Frozen-Gluten-Free-Hamburger-Rolls-4-pk/_/A-6007875063592?isFromPLP=true appended into product link list.
INFO - 2023-06-13 21:36:49,758 - Pagination_Frozen_food: -https://www.woolworths.co.za/prod/Food/Frozen-Food/Frozen-Gluten-Free-Hot-Dog-Rolls-4-pk/_/A-6007875199482?isFromPLP=true appended into product link list.
INFO - 2023-06-13 21:36:49,779 - Pagination_Frozen_food: -https://www.woolworths.co.za/prod/Food/Frozen-Food/Frozen-Soft-Rye-Bread-500-g/_/A-6007875212891?isFromPLP=true appended into product link list.
INFO - 2023-06-13 21:36:49,811 - Pagination_Frozen_food: -https://www.woolworths.co.za/prod/Food/Frozen-Food/Beef-Lamb-Poultry-Pork/Frozen-Bulk-Pork-Chops-Avg-1-1-kg/_/A-2576360000007?isFromPLP=true appended into product link list.
INFO - 2023-06-13 21:36:49,844 - Pagination_Frozen_food: -https://www.woolworths.co.za/prod/Food/Frozen-Food/Frozen-Brown-Seeded-Rolls-8-pk/_/A-6007875213027?isFromPLP=true appended into product link list.
INFO - 2023-06-13 21:36:49,876 - Pagination_Frozen_food: -https://www.woolworths.co.za/prod/Food/Frozen-Food/2-Frozen-Free-Range-Sundried-Tomato-Chicken-Espetadas-Avg-800-g/_/A-2576170000006?isFromPLP=true appended into product link list.
INFO - 2023-06-13 21:36:49,911 - Pagination_Frozen_food: -https://www.woolworths.co.za/prod/Food/Frozen-Food/6-Frozen-Lemon-Black-Pepper-Marinated-Chicken-Kebabs-650-g/_/A-6009223967354?isFromPLP=true appended into product link list.
INFO - 2023-06-13 21:36:49,945 - Pagination_Frozen_food: -https://www.woolworths.co.za/prod/Food/Frozen-Food/Frozen-Portuguese-Peri-Peri-Butterflied-Chicken-Avg-1-5-kg/_/A-2576210000003?isFromPLP=true appended into product link list.
INFO - 2023-06-13 21:36:49,977 - Pagination_Frozen_food: -https://www.woolworths.co.za/prod/Food/Promotions/Buy-2-Or-More-And-Save/Buy-any-2-for-R80/Oven-Potato-Chips/Frozen-Oven-Bake-Potato-Chips-1-kg/_/A-6009175018661?isFromPLP=true appended into product link list.
INFO - 2023-06-13 21:36:50,016 - Pagination_Frozen_food: -https://www.woolworths.co.za/prod/Food/Promotions/Buy-2-Or-More-And-Save/Buy-any-2-Save-20-/Frozen-Entertaining-Snacking-items/Frozen-Crumbed-Prawns-400-g/_/A-6009189654350?isFromPLP=true appended into product link list.
INFO - 2023-06-13 21:36:50,042 - Pagination_Frozen_food: -https://www.woolworths.co.za/prod/Food/Food-Basket/Banners/Seafood-for-Everyday/Frozen-Potstickers-with-Prawn-20-Pcs/_/A-6009214709802?isFromPLP=true appended into product link list.
INFO - 2023-06-13 21:36:50,073 - Pagination_Frozen_food: -https://www.woolworths.co.za/prod/Food/Promotions/Buy-2-Or-More-And-Save/Buy-any-2-Save-20-/Frozen-Entertaining-Snacking-items/Frozen-Vegetable-Potstickers-20-Pcs/_/A-6009214709819?isFromPLP=true appended into product link list.
INFO - 2023-06-13 21:36:50,094 - Pagination_Frozen_food: -https://www.woolworths.co.za/prod/Food/Promotions/Buy-2-Or-More-And-Save/Buy-any-2-Save-20-/Frozen-Entertaining-Items/Frozen-Vegetable-Spring-Rolls-500-g/_/A-6009217241033?isFromPLP=true appended into product link list.
INFO - 2023-06-13 21:36:50,128 - Pagination_Frozen_food: -https://www.woolworths.co.za/prod/Food/Frozen-Food/Ice-Cream-Frozen-Yoghurt/Single-Servings-Cones-Toppings/Single-Extremely-Creamy-Mini-Almond-Solo-55-g/_/A-6009226185090?isFromPLP=true appended into product link list.
INFO - 2023-06-13 21:36:50,162 - Pagination_Frozen_food: -https://www.woolworths.co.za/prod/Food/Frozen-Food/Ice-Cream-Frozen-Yoghurt/Single-Servings-Cones-Toppings/Frozen-Strawberry-Ice-Lolly-with-Mint-70-ml/_/A-6009207399171?isFromPLP=true appended into product link list.
INFO - 2023-06-13 21:36:50,192 - Pagination_Frozen_food: -https://www.woolworths.co.za/prod/Food/Frozen-Food/Ice-Cream-Frozen-Yoghurt/Single-Servings-Cones-Toppings/Extremely-Creamy-Italian-Kisses-Dairy-Ice-Cream-416-g/_/A-6001009028167?isFromPLP=true appended into product link list.
INFO - 2023-06-13 21:36:50,227 - Pagination_Frozen_food: -https://www.woolworths.co.za/prod/Food/Pantry/Custards-Jellies-Puddings/Custard-Sauces-Tinned-Cream/Tropical-Fruit-Dessert-Sauce-280-g/_/A-6009214520612?isFromPLP=true appended into product link list.
INFO - 2023-06-13 21:36:50,260 - Pagination_Frozen_food: -https://www.woolworths.co.za/prod/Food/Frozen-Food/Ice-Cream-Frozen-Yoghurt/2-Litre/Chocolate-Dairy-Ice-Cream-2-L/_/A-6001009028037?isFromPLP=true appended into product link list.
INFO - 2023-06-13 21:36:50,316 - Pagination_Frozen_food: -https://www.woolworths.co.za/prod/Food/Pantry/Jams-Honey-Spreads/Syrups/Choc-Coating-Sauce-200-ml/_/A-6009211935396?isFromPLP=true appended into product link list.
INFO - 2023-06-13 21:36:50,344 - Pagination_Frozen_food: -https://www.woolworths.co.za/prod/Food/Frozen-Food/Ice-Cream-Frozen-Yoghurt/500ml-1-Litre/Extremely-Creamy-Dairy-Free-Caramel-Flavoured-Coconut-Ice-Cream-500-ml/_/A-6009211438842?isFromPLP=true appended into product link list.
INFO - 2023-06-13 21:36:50,390 - Pagination_Frozen_food: -https://www.woolworths.co.za/prod/Online-Feature/Recipes/Delicious-ways-to-drink-hot-chocolate/Extremely-Creamy-Belgian-Chocolate-Dairy-Ice-Cream-1-L/_/A-6009000541869?isFromPLP=true appended into product link list.
INFO - 2023-06-13 21:36:50,411 - Pagination_Frozen_food: -https://www.woolworths.co.za/prod/Food/Frozen-Food/Ice-Cream-Frozen-Yoghurt/500ml-1-Litre/Extremely-Creamy-Dairy-Free-Strawberry-Flavoured-Coconut-Ice-Cream-500-ml/_/A-6009211438828?isFromPLP=true appended into product link list.
INFO - 2023-06-13 21:36:50,459 - Pagination_Frozen_food: -https://www.woolworths.co.za/prod/Food/Pantry/Sugar-Flour-Baking/Toppings-Decorating-Accessories/Blue-Sprinkles-50-g/_/A-6009189233203?isFromPLP=true appended into product link list.
INFO - 2023-06-13 21:36:50,494 - Pagination_Frozen_food: -https://www.woolworths.co.za/prod/Food/Pets/Dog-Food/Fresh-Frozen-Dog-Food/Fresh-Pet-Frozen-Chunky-Lamb-Liver-and-Vegetables-for-Adult-Dogs-500-g/_/A-6009214397696?isFromPLP=true appended into product link list.
INFO - 2023-06-13 21:36:50,525 - Pagination_Frozen_food: -https://www.woolworths.co.za/prod/Food/Pantry/Custards-Jellies-Puddings/Custard-Sauces-Tinned-Cream/Mixed-Berry-Dessert-Sauce-280-g/_/A-6009214520551?isFromPLP=true appended into product link list.
INFO - 2023-06-13 21:36:50,555 - Pagination_Frozen_food: -https://www.woolworths.co.za/prod/Online-Feature/Recipes/The-Sweet-Spot/Extremely-Creamy-Italian-Pistachio-Dairy-Ice-Cream-1-L/_/A-6009178835104?isFromPLP=true appended into product link list.
INFO - 2023-06-13 21:36:50,576 - Pagination_Frozen_food: -https://www.woolworths.co.za/prod/Food/Frozen-Food/Ice-Cream-Frozen-Yoghurt/Single-Servings-Cones-Toppings/Granadilla-Mixed-Berry-Sorbet-4-x-175-ml/_/A-6009223371168?isFromPLP=true appended into product link list.
INFO - 2023-06-13 21:36:50,612 - Pagination_Frozen_food: -https://www.woolworths.co.za/prod/Food/Frozen-Food/Desserts-Fruit-Bakery/Frozen-Triple-Chocolate-Mousse-Cake-760-g/_/A-20110352?isFromPLP=true appended into product link list.
INFO - 2023-06-13 21:36:50,642 - Pagination_Frozen_food: -https://www.woolworths.co.za/prod/Food/Pets/Dog-Food/Fresh-Frozen-Dog-Food/Fresh-Pet-Frozen-Steak-Rice-and-Vegetables-For-Adult-Dogs-500-g/_/A-6009207293776?isFromPLP=true appended into product link list.
INFO - 2023-06-13 21:36:50,676 - Pagination_Frozen_food: -https://www.woolworths.co.za/prod/Food/Pantry/Custards-Jellies-Puddings/Custard-Sauces-Tinned-Cream/Chocolate-Sauce-280-g/_/A-6009214520568?isFromPLP=true appended into product link list.
INFO - 2023-06-13 21:36:50,707 - Pagination_Frozen_food: -https://www.woolworths.co.za/prod/Food/Pets/Dog-Food/Fresh-Frozen-Dog-Food/Fresh-Pet-Frozen-Steak-Rice-and-Vegetables-for-Adult-Dogs-250-g/_/A-6009207293721?isFromPLP=true appended into product link list.
INFO - 2023-06-13 21:36:50,740 - Pagination_Frozen_food: -https://www.woolworths.co.za/prod/Food/Frozen-Food/Ice-Cream-Frozen-Yoghurt/Single-Servings-Cones-Toppings/Extremely-Creamy-Mini-Almond-Solos-6-x-55-g/_/A-6009000434499?isFromPLP=true appended into product link list.
INFO - 2023-06-13 21:36:50,773 - Pagination_Frozen_food: -https://www.woolworths.co.za/prod/Food/Frozen-Food/Desserts-Fruit-Bakery/Frozen-Belgian-Chocolate-Fondants-6-pk/_/A-6007875308358?isFromPLP=true appended into product link list.
INFO - 2023-06-13 21:36:50,808 - Pagination_Frozen_food: -https://www.woolworths.co.za/prod/Food/Frozen-Food/Ice-Cream-Frozen-Yoghurt/Single-Servings-Cones-Toppings/Frozen-Strawberry-Ice-Lollies-6-x-70-ml/_/A-6009207523408?isFromPLP=true appended into product link list.
INFO - 2023-06-13 21:36:50,842 - Pagination_Frozen_food: -https://www.woolworths.co.za/prod/Food/Pantry/Sugar-Flour-Baking/Toppings-Decorating-Accessories/Rainbow-Sprinkles-50-g/_/A-6009189233265?isFromPLP=true appended into product link list.
INFO - 2023-06-13 21:36:50,928 - Pagination_Frozen_food: -https://www.woolworths.co.za/prod/Online-Feature/Content/Plant-Based-Deliciousness-Guide/But-I-m-Counting-Kilojoules/Low-Fat-Blueberry-Frozen-Yoghurt-175-ml/_/A-6009173171399?isFromPLP=true appended into product link list.
INFO - 2023-06-13 21:36:50,977 - Pagination_Frozen_food: -https://www.woolworths.co.za/prod/Food/Frozen-Food/Fish-Seafood/Frozen-Tempura-Hake-Fillets-600-g/_/A-6009178641583?isFromPLP=true appended into product link list.
INFO - 2023-06-13 21:36:51,026 - Pagination_Frozen_food: -https://www.woolworths.co.za/prod/Food/Frozen-Food/Ice-Cream-Frozen-Yoghurt/Single-Servings-Cones-Toppings/Single-Extremely-Creamy-Mini-White-Almond-Solo-55-g/_/A-6009226185106?isFromPLP=true appended into product link list.
INFO - 2023-06-13 21:36:51,062 - Pagination_Frozen_food: -https://www.woolworths.co.za/prod/Food/Frozen-Food/Ice-Cream-Frozen-Yoghurt/2-Litre/Soft-Scoop-Mixed-Berry-Flavoured-Ice-Cream-2-L/_/A-6009189526022?isFromPLP=true appended into product link list.
INFO - 2023-06-13 21:36:51,110 - Pagination_Frozen_food: -https://www.woolworths.co.za/prod/Food/Frozen-Food/Ice-Cream-Frozen-Yoghurt/2-Litre/Peanut-Butter-Dairy-Ice-Cream-2-L/_/A-6009211273436?isFromPLP=true appended into product link list.
INFO - 2023-06-13 21:36:51,162 - Pagination_Frozen_food: -https://www.woolworths.co.za/prod/Food/Frozen-Food/Desserts-Fruit-Bakery/Frozen-Pancakes-20-pk/_/A-20023614?isFromPLP=true appended into product link list.
INFO - 2023-06-13 21:36:51,196 - Pagination_Frozen_food: -https://www.woolworths.co.za/prod/Food/Frozen-Food/Ice-Cream-Frozen-Yoghurt/Single-Servings-Cones-Toppings/Frozen-Orange-Ice-Lolly-with-Mango-70-ml/_/A-6009214538488?isFromPLP=true appended into product link list.
INFO - 2023-06-13 21:36:51,282 - Pagination_Frozen_food: -https://www.woolworths.co.za/prod/Online-Feature/Recipes/Siba-s-Ice-Cream-Cake/Cookies-Cream-Flavoured-Dairy-Ice-Cream-2-L/_/A-6009207519104?isFromPLP=true appended into product link list.
INFO - 2023-06-13 21:36:51,367 - Pagination_Frozen_food: -https://www.woolworths.co.za/prod/Food/Frozen-Food/Ice-Cream-Frozen-Yoghurt/Single-Servings-Cones-Toppings/Mini-Sugar-Cones-18-pk/_/A-6009184536484?isFromPLP=true appended into product link list.
INFO - 2023-06-13 21:36:51,391 - Pagination_Frozen_food: -https://www.woolworths.co.za/prod/Food/Frozen-Food/Ice-Cream-Frozen-Yoghurt/Single-Servings-Cones-Toppings/Frozen-Mixed-Berry-Medley-Ice-Lolly-70-ml/_/A-6009207399164?isFromPLP=true appended into product link list.
INFO - 2023-06-13 21:36:51,392 - Pagination_Frozen_food: -len(product_links) collected...
INFO - 2023-06-13 21:36:52,824 - Pagination_Frozen_food: -Next page button clicked
INFO - 2023-06-13 21:36:55,051 - Pagination_Frozen_food: -https://www.woolworths.co.za/prod/Online-Feature/Recipes/The-braai-life/Extremely-Creamy-Madagascan-Vanilla-Dairy-Ice-Cream-1-L/_/A-6001009028259?isFromPLP=true appended into product link list.
INFO - 2023-06-13 21:36:55,083 - Pagination_Frozen_food: -https://www.woolworths.co.za/prod/Food/Pets/Dog-Food/Fresh-Frozen-Dog-Food/Fresh-Pet-Frozen-Lamb-s-Liver-Rice-and-Vegetables-250-g/_/A-6009207293738?isFromPLP=true appended into product link list.
INFO - 2023-06-13 21:36:55,176 - Pagination_Frozen_food: -https://www.woolworths.co.za/prod/Online-Feature/Content/Plant-Based-Deliciousness-Guide/But-I-m-Counting-Kilojoules/Low-Fat-Sabrosa-Strawberry-Frozen-Yoghurt-175-ml/_/A-6009000805497?isFromPLP=true appended into product link list.
INFO - 2023-06-13 21:36:55,324 - Pagination_Frozen_food: -https://www.woolworths.co.za/prod/Food/Frozen-Food/Desserts-Fruit-Bakery/Frozen-Banoffee-Pie-510-g/_/A-6009217510139?isFromPLP=true appended into product link list.
INFO - 2023-06-13 21:36:55,383 - Pagination_Frozen_food: -https://www.woolworths.co.za/prod/Food/Frozen-Food/Vegetables/Frozen-Stir-Fry-Vegetable-Mix-1-kg/_/A-6009211180093?isFromPLP=true appended into product link list.
INFO - 2023-06-13 21:36:55,464 - Pagination_Frozen_food: -https://www.woolworths.co.za/prod/Food/Frozen-Food/Ice-Cream-Frozen-Yoghurt/2-Litre/Strawberries-Cream-Flavoured-Dairy-Ice-Cream-2-L/_/A-6009223604907?isFromPLP=true appended into product link list.
INFO - 2023-06-13 21:36:55,489 - Pagination_Frozen_food: -https://www.woolworths.co.za/prod/Online-Feature/Content/Plant-Based-Deliciousness-Guide/But-I-m-Counting-Kilojoules/Low-Fat-Chocolate-Vanilla-Frozen-Yoghurt-Selection-4-x-175-ml/_/A-6008000486392?isFromPLP=true appended into product link list.
INFO - 2023-06-13 21:36:55,512 - Pagination_Frozen_food: -https://www.woolworths.co.za/prod/Food/Promotions/Buy-2-Or-More-And-Save/Buy-any-2-Save-20-/Frozen-Entertaining-Items/Frozen-Spicy-Thai-Prawn-Skewers-490-g/_/A-6009223702467?isFromPLP=true appended into product link list.
INFO - 2023-06-13 21:36:55,530 - Pagination_Frozen_food: -https://www.woolworths.co.za/prod/Food/Frozen-Food/Ice-Cream-Frozen-Yoghurt/Single-Servings-Cones-Toppings/Mini-Caramel-Solos-Dairy-Ice-Cream-6-x-55-g/_/A-6009217629701?isFromPLP=true appended into product link list.
INFO - 2023-06-13 21:36:55,548 - Pagination_Frozen_food: -https://www.woolworths.co.za/prod/Food/Frozen-Food/Ice-Cream-Frozen-Yoghurt/500ml-1-Litre/Frozen-Granadilla-Sorbet-1-L/_/A-6009175129008?isFromPLP=true appended into product link list.
INFO - 2023-06-13 21:36:55,568 - Pagination_Frozen_food: -https://www.woolworths.co.za/prod/Food/Frozen-Food/Ice-Cream-Frozen-Yoghurt/2-Litre/Vanilla-Flavoured-Dairy-Ice-Cream-2-L/_/A-6001009028075?isFromPLP=true appended into product link list.
INFO - 2023-06-13 21:36:55,596 - Pagination_Frozen_food: -https://www.woolworths.co.za/prod/Food/Pets/Dog-Food/Fresh-Frozen-Dog-Food/Fresh-Pet-Frozen-Duck-Liver-Barley-and-Vegetables-For-Adult-Dogs-500-g/_/A-6009214397702?isFromPLP=true appended into product link list.
INFO - 2023-06-13 21:36:55,615 - Pagination_Frozen_food: -https://www.woolworths.co.za/prod/Food/Frozen-Food/Ice-Cream-Frozen-Yoghurt/2-Litre/Soft-Scoop-Caramel-Chocolate-Vanilla-Flavoured-Ice-Cream-2-L/_/A-6009189526046?isFromPLP=true appended into product link list.
INFO - 2023-06-13 21:36:55,643 - Pagination_Frozen_food: -https://www.woolworths.co.za/prod/Food/Frozen-Food/Ice-Cream-Frozen-Yoghurt/Single-Servings-Cones-Toppings/Frozen-Granadilla-Ice-Lolly-with-Mango-70-ml/_/A-6009207399188?isFromPLP=true appended into product link list.
INFO - 2023-06-13 21:36:55,664 - Pagination_Frozen_food: -https://www.woolworths.co.za/prod/Food/Pets/Dog-Food/Fresh-Frozen-Dog-Food/Fresh-Pet-Frozen-Steak-and-Kidney-Rice-and-Vegetables-for-Adult-Dogs-500-g/_/A-6009207293752?isFromPLP=true appended into product link list.
INFO - 2023-06-13 21:36:55,685 - Pagination_Frozen_food: -https://www.woolworths.co.za/prod/Food/Frozen-Food/Ice-Cream-Frozen-Yoghurt/Single-Servings-Cones-Toppings/Extremely-Creamy-Mini-Vanilla-Solos-Dairy-Ice-Cream-6-x-50-g/_/A-6009000434482?isFromPLP=true appended into product link list.
INFO - 2023-06-13 21:36:55,714 - Pagination_Frozen_food: -https://www.woolworths.co.za/prod/Food/Frozen-Food/Ice-Cream-Frozen-Yoghurt/2-Litre/Mint-Flavoured-Dairy-Ice-Cream-2-L/_/A-6008000486446?isFromPLP=true appended into product link list.
INFO - 2023-06-13 21:36:55,747 - Pagination_Frozen_food: -https://www.woolworths.co.za/prod/Food/Frozen-Food/Ice-Cream-Frozen-Yoghurt/Single-Servings-Cones-Toppings/Flat-Bottom-Party-Ice-Cream-Cones-28-pk/_/A-6001622010167?isFromPLP=true appended into product link list.
INFO - 2023-06-13 21:36:55,771 - Pagination_Frozen_food: -https://www.woolworths.co.za/prod/Food/Frozen-Food/Ice-Cream-Frozen-Yoghurt/Single-Servings-Cones-Toppings/Extremely-Creamy-Mini-Mint-Crunch-Solos-6-x-55-g/_/A-6009211808638?isFromPLP=true appended into product link list.
INFO - 2023-06-13 21:36:55,799 - Pagination_Frozen_food: -https://www.woolworths.co.za/prod/Food/Pantry/Custards-Jellies-Puddings/Custard-Sauces-Tinned-Cream/Raspberry-Dessert-Sauce-280-g/_/A-6009211935358?isFromPLP=true appended into product link list.
INFO - 2023-06-13 21:36:55,831 - Pagination_Frozen_food: -https://www.woolworths.co.za/prod/Food/Promotions/Buy-2-Or-More-And-Save/Buy-any-2-for-R140/Daiy-Ice-Cream-2L/CHUCKLES-Malt-Dairy-Ice-Cream-2-L/_/A-6009223606437?isFromPLP=true appended into product link list.
INFO - 2023-06-13 21:36:55,856 - Pagination_Frozen_food: -https://www.woolworths.co.za/prod/Food/Frozen-Food/Ice-Cream-Frozen-Yoghurt/Single-Servings-Cones-Toppings/Extremely-Creamy-Mini-Belgium-Chocolate-Solos-6-x-50-g/_/A-6009211804395?isFromPLP=true appended into product link list.
INFO - 2023-06-13 21:36:55,879 - Pagination_Frozen_food: -https://www.woolworths.co.za/prod/Food/Promotions/Buy-2-Or-More-And-Save/Buy-any-2-Save-20-/Frozen-Entertaining-Items/Frozen-Garlic-Prawns-500-g/_/A-6009223606406?isFromPLP=true appended into product link list.
INFO - 2023-06-13 21:36:55,901 - Pagination_Frozen_food: -https://www.woolworths.co.za/prod/Food/Frozen-Food/Ice-Cream-Frozen-Yoghurt/Single-Servings-Cones-Toppings/Frozen-Granadilla-Ice-Lollies-6-x-70-ml/_/A-6009214514079?isFromPLP=true appended into product link list.
INFO - 2023-06-13 21:36:55,928 - Pagination_Frozen_food: -https://www.woolworths.co.za/prod/Food/Chuckles-Shop/Single-CHUCKLES-Mini-Malt-Crunch-Solos-55-g/_/A-6009226185045?isFromPLP=true appended into product link list.
INFO - 2023-06-13 21:36:55,949 - Pagination_Frozen_food: -https://www.woolworths.co.za/prod/Food/Pets/Dog-Food/Fresh-Frozen-Dog-Food/Fresh-Pet-Frozen-Chicken-Rice-and-Vegetables-For-Adult-Dogs-500-g/_/A-6009207293769?isFromPLP=true appended into product link list.
INFO - 2023-06-13 21:36:55,971 - Pagination_Frozen_food: -https://www.woolworths.co.za/prod/Food/Pantry/Custards-Jellies-Puddings/Custard-Sauces-Tinned-Cream/Caramel-Crunch-Sauce-200-ml/_/A-6009211935365?isFromPLP=true appended into product link list.
INFO - 2023-06-13 21:36:55,996 - Pagination_Frozen_food: -https://www.woolworths.co.za/prod/Food/Frozen-Food/Ice-Cream-Frozen-Yoghurt/Extremely-Creamy-Mini-White-Almond-Solos-6-x-55-g/_/A-6009214503738?isFromPLP=true appended into product link list.
INFO - 2023-06-13 21:36:56,015 - Pagination_Frozen_food: -https://www.woolworths.co.za/prod/Food/Frozen-Food/Ice-Cream-Frozen-Yoghurt/Single-Servings-Cones-Toppings/Single-Extremely-Creamy-Mini-Vanilla-Solos-Dairy-Ice-Cream-50-g/_/A-6009226185113?isFromPLP=true appended into product link list.
INFO - 2023-06-13 21:36:56,035 - Pagination_Frozen_food: -https://www.woolworths.co.za/prod/Food/Frozen-Food/Ice-Cream-Frozen-Yoghurt/500ml-1-Litre/Extremely-Creamy-Dairy-Free-Vanilla-Flavoured-Coconut-Ice-Cream-500-ml/_/A-6009211438835?isFromPLP=true appended into product link list.
INFO - 2023-06-13 21:36:56,060 - Pagination_Frozen_food: -https://www.woolworths.co.za/prod/Food/Pantry/Custards-Jellies-Puddings/Cones/Large-Sugar-Cones-12-pk/_/A-6009184536507?isFromPLP=true appended into product link list.
INFO - 2023-06-13 21:36:56,080 - Pagination_Frozen_food: -https://www.woolworths.co.za/prod/Online-Feature/Content/Plant-Based-Deliciousness-Guide/But-I-m-Counting-Kilojoules/Low-Fat-Tropical-Strawberry-Frozen-Yoghurt-Selection-4-x-175-ml/_/A-6001009028150?isFromPLP=true appended into product link list.
INFO - 2023-06-13 21:36:56,097 - Pagination_Frozen_food: -https://www.woolworths.co.za/prod/Food/Frozen-Food/Ice-Cream-Frozen-Yoghurt/2-Litre/Soft-Scoop-Neapolitan-Flavoured-Ice-Cream-2-L/_/A-6001009028020?isFromPLP=true appended into product link list.
INFO - 2023-06-13 21:36:56,118 - Pagination_Frozen_food: -https://www.woolworths.co.za/prod/Food/Braai-Shop/Braai-Desserts/Tin-Roof-Dairy-Ice-Cream-2-L/_/A-6001009028051?isFromPLP=true appended into product link list.
INFO - 2023-06-13 21:36:56,144 - Pagination_Frozen_food: -https://www.woolworths.co.za/prod/Food/Frozen-Food/Ice-Cream-Frozen-Yoghurt/Single-Servings-Cones-Toppings/Single-Extremely-Creamy-Mini-Mint-Crunch-Solo-55-g/_/A-6009226185038?isFromPLP=true appended into product link list.
INFO - 2023-06-13 21:36:56,162 - Pagination_Frozen_food: -https://www.woolworths.co.za/prod/Food/Pantry/Sugar-Flour-Baking/Toppings-Decorating-Accessories/Almond-Sprinkles-100-g/_/A-6009189953705?isFromPLP=true appended into product link list.
INFO - 2023-06-13 21:36:56,180 - Pagination_Frozen_food: -https://www.woolworths.co.za/prod/Online-Feature/Content/Plant-Based-Deliciousness-Guide/But-I-m-Counting-Kilojoules/Low-Fat-Chocolate-Frozen-Yoghurt-175-ml/_/A-6009000805473?isFromPLP=true appended into product link list.
INFO - 2023-06-13 21:36:56,198 - Pagination_Frozen_food: -https://www.woolworths.co.za/prod/Food/Pantry/Sugar-Flour-Baking/Toppings-Decorating-Accessories/Pink-Sprinkles-50-g/_/A-6009189233197?isFromPLP=true appended into product link list.
INFO - 2023-06-13 21:36:56,229 - Pagination_Frozen_food: -https://www.woolworths.co.za/prod/Food/Pets/Dog-Food/Fresh-Frozen-Dog-Food/Frozen-Chicken-Liver-Rice-and-Vegetables-500-g/_/A-6009207293745?isFromPLP=true appended into product link list.
INFO - 2023-06-13 21:36:56,253 - Pagination_Frozen_food: -https://www.woolworths.co.za/prod/Food/Pantry/Chocolates-Sweets/Chocolates/Slabs-Bars-Chocolate-Sweets/Milk-Chocolate-Ripple-Bars-10-pk/_/A-6009195030339?isFromPLP=true appended into product link list.
INFO - 2023-06-13 21:36:56,279 - Pagination_Frozen_food: -https://www.woolworths.co.za/prod/Food/Frozen-Food/Ice-Cream-Frozen-Yoghurt/Single-Servings-Cones-Toppings/Extremely-Creamy-Mini-Bars-Dairy-Ice-Cream-8-pk/_/A-6009211804388?isFromPLP=true appended into product link list.
INFO - 2023-06-13 21:36:56,296 - Pagination_Frozen_food: -https://www.woolworths.co.za/prod/Food/Frozen-Food/Ice-Cream-Frozen-Yoghurt/Single-Servings-Cones-Toppings/Frozen-Orange-Ice-Lollies-6-x-70-ml/_/A-6009207399195?isFromPLP=true appended into product link list.
INFO - 2023-06-13 21:36:56,314 - Pagination_Frozen_food: -https://www.woolworths.co.za/prod/Food/Frozen-Food/Ice-Cream-Frozen-Yoghurt/Full-Cream-Double-Toffee-Frozen-Yoghurt-1-L/_/A-6009214595221?isFromPLP=true appended into product link list.
INFO - 2023-06-13 21:36:56,336 - Pagination_Frozen_food: -https://www.woolworths.co.za/prod/Food/Frozen-Food/Ice-Cream-Frozen-Yoghurt/2-Litre/Triple-Caramel-Dairy-Ice-Cream-2-L/_/A-6009189923999?isFromPLP=true appended into product link list.
INFO - 2023-06-13 21:36:56,361 - Pagination_Frozen_food: -https://www.woolworths.co.za/prod/Food/Frozen-Food/Ice-Cream-Frozen-Yoghurt/Single-Servings-Cones-Toppings/Single-Extremely-Creamy-Mini-Belgium-Chocolate-Solos-50-g/_/A-6009226185083?isFromPLP=true appended into product link list.
INFO - 2023-06-13 21:36:56,380 - Pagination_Frozen_food: -https://www.woolworths.co.za/prod/Food/Frozen-Food/Ice-Cream-Frozen-Yoghurt/Single-Servings-Cones-Toppings/Single-Extremely-Creamy-Mini-Caramel-Solo-Dairy-Ice-Cream-55-g/_/A-6009226185069?isFromPLP=true appended into product link list.
INFO - 2023-06-13 21:36:56,402 - Pagination_Frozen_food: -https://www.woolworths.co.za/prod/Food/Frozen-Food/Ice-Cream-Frozen-Yoghurt/2-Litre/Soft-Scoop-Vanilla-Flavoured-Ice-Cream-2-L/_/A-6001009027986?isFromPLP=true appended into product link list.
INFO - 2023-06-13 21:36:56,428 - Pagination_Frozen_food: -https://www.woolworths.co.za/prod/Food/Frozen-Food/Ice-Cream-Frozen-Yoghurt/500ml-1-Litre/Frozen-Mixed-Berry-Sorbet-1-L/_/A-6001009028297?isFromPLP=true appended into product link list.
INFO - 2023-06-13 21:36:56,446 - Pagination_Frozen_food: -https://www.woolworths.co.za/prod/Online-Feature/Content/Plant-Based-Deliciousness-Guide/But-I-m-Counting-Kilojoules/Low-Fat-Vanilla-Frozen-Yoghurt-175-ml/_/A-6009000805480?isFromPLP=true appended into product link list.
INFO - 2023-06-13 21:36:56,468 - Pagination_Frozen_food: -https://www.woolworths.co.za/prod/Food/Pets/Dog-Food/Fresh-Frozen-Dog-Food/Fresh-Pet-Frozen-Chicken-Rice-and-Vegetables-250-g/_/A-6009207293783?isFromPLP=true appended into product link list.
INFO - 2023-06-13 21:36:56,492 - Pagination_Frozen_food: -https://www.woolworths.co.za/prod/Food/Pantry/Custards-Jellies-Puddings/Cones/Large-Chocolate-Sugar-Cones-12-pk/_/A-6009211935341?isFromPLP=true appended into product link list.
INFO - 2023-06-13 21:36:56,512 - Pagination_Frozen_food: -https://www.woolworths.co.za/prod/Food/Frozen-Food/Ice-Cream-Frozen-Yoghurt/Full-Cream-Red-Berry-Frozen-Yoghurt-1-L/_/A-6009214595153?isFromPLP=true appended into product link list.
INFO - 2023-06-13 21:36:56,535 - Pagination_Frozen_food: -https://www.woolworths.co.za/prod/Online-Feature/Content/Plant-Based-Deliciousness-Guide/But-I-m-Counting-Kilojoules/Low-Fat-Tropical-Fruit-Frozen-Yoghurt-175-ml/_/A-6009000805503?isFromPLP=true appended into product link list.
INFO - 2023-06-13 21:36:56,560 - Pagination_Frozen_food: -https://www.woolworths.co.za/prod/Food/Frozen-Food/Desserts-Fruit-Bakery/Frozen-Butter-Scones-12-pk/_/A-20009724?isFromPLP=true appended into product link list.
INFO - 2023-06-13 21:36:56,579 - Pagination_Frozen_food: -https://www.woolworths.co.za/prod/Food/Braai-Shop/CHUCKLES-Mini-Malt-Crunch-Solos-6-x-55-g/_/A-6009223604815?isFromPLP=true appended into product link list.
INFO - 2023-06-13 21:36:56,601 - Pagination_Frozen_food: -https://www.woolworths.co.za/prod/Food/Frozen-Food/Ice-Cream-Frozen-Yoghurt/Single-Servings-Cones-Toppings/Frozen-Mixed-Berry-Medley-Ice-Lollies-6-x-70-ml/_/A-6009207399201?isFromPLP=true appended into product link list.
INFO - 2023-06-13 21:36:56,631 - Pagination_Frozen_food: -https://www.woolworths.co.za/prod/Food/Frozen-Food/Ice-Cream-Frozen-Yoghurt/2-Litre/Stracciatella-Dairy-Ice-Cream-2-L/_/A-6009175128933?isFromPLP=true appended into product link list.
INFO - 2023-06-13 21:36:56,652 - Pagination_Frozen_food: -https://www.woolworths.co.za/prod/Food/Pantry/Custards-Jellies-Puddings/Custard-Sauces-Tinned-Cream/Creamy-Toffee-Dessert-Sauce-280-g/_/A-6009214520575?isFromPLP=true appended into product link list.
INFO - 2023-06-13 21:36:56,652 - Pagination_Frozen_food: -len(product_links) collected...
ERROR - 2023-06-13 21:37:06,751 - Pagination_Frozen_food: -error occurred - Message: element not interactable
  (Session info: chrome=114.0.5735.110)
Stacktrace:
Backtrace:
	GetHandleVerifier [0x0063A813+48355]
	(No symbol) [0x005CC4B1]
	(No symbol) [0x004D5220]
	(No symbol) [0x00501846]
	(No symbol) [0x004F9F5C]
	(No symbol) [0x0051A73C]
	(No symbol) [0x004F9A36]
	(No symbol) [0x0051AA94]
	(No symbol) [0x0052C922]
	(No symbol) [0x0051A536]
	(No symbol) [0x004F82DC]
	(No symbol) [0x004F93DD]
	GetHandleVerifier [0x0089AABD+2539405]
	GetHandleVerifier [0x008DA78F+2800735]
	GetHandleVerifier [0x008D456C+2775612]
	GetHandleVerifier [0x006C51E0+616112]
	(No symbol) [0x005D5F8C]
	(No symbol) [0x005D2328]
	(No symbol) [0x005D240B]
	(No symbol) [0x005C4FF7]
	BaseThreadInitThunk [0x777D00C9+25]
	RtlGetAppContainerNamedObjectPath [0x77927B4E+286]
	RtlGetAppContainerNamedObjectPath [0x77927B1E+238]

