INFO - 2023-06-13 21:18:38,154 - Pagination_Ready_meals: -Pagination logger created - 
INFO - 2023-06-13 21:18:58,024 - Pagination_Ready_meals: -https://www.woolworths.co.za/cat/Food/Ready-Meals/_/N-s2csbp opened and page downloaded.
INFO - 2023-06-13 21:19:08,609 - Pagination_Ready_meals: -https://www.woolworths.co.za/prod/Food/Ready-Meals/Meals-Sides/Sesame-Soya-Chicken-Noodles-1-kg/_/A-6007875709148?isFromPLP=true appended into product link list.
INFO - 2023-06-13 21:19:08,694 - Pagination_Ready_meals: -https://www.woolworths.co.za/prod/Food/Ready-Meals/Meals-Sides/Family-Meals/Chicken-Fried-Rice-1-kg/_/A-6007875709155?isFromPLP=true appended into product link list.
INFO - 2023-06-13 21:19:08,780 - Pagination_Ready_meals: -https://www.woolworths.co.za/prod/Food/Fruit-Vegetables-Salads/Fresh-Vegetables/Prepared-Vegetables/Mixed-Veggie-Bags/Bulk-Roasting-Vegetables-800-g/_/A-6001009021328?isFromPLP=true appended into product link list.
INFO - 2023-06-13 21:19:08,909 - Pagination_Ready_meals: -https://www.woolworths.co.za/prod/Food/Ready-Meals/Meals-Sides/Side-Dishes/Mixed-Vegetables-400-g/_/A-20149116?isFromPLP=true appended into product link list.
INFO - 2023-06-13 21:19:08,968 - Pagination_Ready_meals: -https://www.woolworths.co.za/prod/Online-Feature/Recipes/One-tray-wonders/Roasting-Vegetables-500-g/_/A-20201227?isFromPLP=true appended into product link list.
INFO - 2023-06-13 21:19:09,083 - Pagination_Ready_meals: -https://www.woolworths.co.za/prod/Food/Ready-Meals/Beef-Lasagne-1-kg/_/A-20022488?isFromPLP=true appended into product link list.
INFO - 2023-06-13 21:19:09,221 - Pagination_Ready_meals: -https://www.woolworths.co.za/prod/Food/Ready-Meals/Meals-Sides/Side-Dishes/Creamy-Swiss-Chard-Honey-Butternut-350-g/_/A-20204877?isFromPLP=true appended into product link list.
INFO - 2023-06-13 21:19:09,314 - Pagination_Ready_meals: -https://www.woolworths.co.za/prod/Food/Ready-Meals/Meals-Sides/Side-Dishes/Baby-Potatoes-with-Garlic-Herb-Butter-700-g/_/A-20105211?isFromPLP=true appended into product link list.
INFO - 2023-06-13 21:19:09,360 - Pagination_Ready_meals: -https://www.woolworths.co.za/prod/Food/Ready-Meals/Pizzas-Pies-Quiches/Pies/Chicken-Pie-580-g/_/A-20013189?isFromPLP=true appended into product link list.
INFO - 2023-06-13 21:19:09,393 - Pagination_Ready_meals: -https://www.woolworths.co.za/prod/Food/Promotions/Buy-2-Or-More-And-Save/Buy-any-4-save-R30/Italian-Meals/Spaghetti-Bolognese-300-g/_/A-20152123?isFromPLP=true appended into product link list.
INFO - 2023-06-13 21:19:09,427 - Pagination_Ready_meals: -https://www.woolworths.co.za/prod/Food/Promotions/Buy-2-Or-More-And-Save/Buy-any-4-save-R30/Italian-Meals/Beef-Lasagne-300-g/_/A-20034948?isFromPLP=true appended into product link list.
INFO - 2023-06-13 21:19:09,460 - Pagination_Ready_meals: -https://www.woolworths.co.za/prod/Online-Feature/Recipes/Global-inspired-treats/Macaroni-Cheese-1-kg/_/A-20115609?isFromPLP=true appended into product link list.
INFO - 2023-06-13 21:19:09,492 - Pagination_Ready_meals: -https://www.woolworths.co.za/prod/Food/Ready-Meals/Meals-Sides/Side-Dishes/Seasonal-Vegetables-450-g/_/A-20130527?isFromPLP=true appended into product link list.
INFO - 2023-06-13 21:19:09,526 - Pagination_Ready_meals: -https://www.woolworths.co.za/prod/Food/Ready-Meals/Plant-Based-Ready-Meals/PlantLove-Swiss-Chard-Sweetcorn-Butter-Bean-Rounds-4-pk/_/A-20201814?isFromPLP=true appended into product link list.
INFO - 2023-06-13 21:19:09,561 - Pagination_Ready_meals: -https://www.woolworths.co.za/prod/Food/Ready-Meals/Meals-Sides/Kids-Meals/Kids-Cheese-a-roni-Macaroni-Cheese-200-g/_/A-20196356?isFromPLP=true appended into product link list.
INFO - 2023-06-13 21:19:09,594 - Pagination_Ready_meals: -https://www.woolworths.co.za/prod/Food/Promotions/Buy-2-Or-More-And-Save/Buy-any-4-save-R30/Italian-Meals/Macaroni-Cheese-300-g/_/A-20039707?isFromPLP=true appended into product link list.
INFO - 2023-06-13 21:19:09,627 - Pagination_Ready_meals: -https://www.woolworths.co.za/prod/Food/Ready-Meals/Meals-Sides/Side-Dishes/Green-Vegetable-Medley-375-g/_/A-6009189863219?isFromPLP=true appended into product link list.
INFO - 2023-06-13 21:19:09,661 - Pagination_Ready_meals: -https://www.woolworths.co.za/prod/Food/Ready-Meals/Pizzas-Pies-Quiches/Pies/Beef-Steak-Pie-580-g/_/A-20013172?isFromPLP=true appended into product link list.
INFO - 2023-06-13 21:19:09,693 - Pagination_Ready_meals: -https://www.woolworths.co.za/prod/Food/Ready-Meals/Meals-Sides/Side-Dishes/Butternut-Cauliflower-Baby-Marrows-450-g/_/A-20201333?isFromPLP=true appended into product link list.
INFO - 2023-06-13 21:19:09,725 - Pagination_Ready_meals: -https://www.woolworths.co.za/prod/Online-Feature/Recipes/Fresh-ways-with-Avo/Basil-Pesto-125-g/_/A-20160074?isFromPLP=true appended into product link list.
INFO - 2023-06-13 21:19:09,758 - Pagination_Ready_meals: -https://www.woolworths.co.za/prod/Food/Ready-Meals/Meals-Sides/Kids-Meals/Kids-Easy-Cheesy-Chicken-200-g/_/A-6008000747493?isFromPLP=true appended into product link list.
INFO - 2023-06-13 21:19:09,793 - Pagination_Ready_meals: -https://www.woolworths.co.za/prod/Food/Ready-Meals/Meals-Sides/Side-Dishes/Country-Vegetables-400-g/_/A-20130510?isFromPLP=true appended into product link list.
INFO - 2023-06-13 21:19:09,826 - Pagination_Ready_meals: -https://www.woolworths.co.za/prod/Food/Ready-Meals/Pizzas-Pies-Quiches/Pizza/Stonebaked-Cheese-Tomato-Pizza-325-g/_/A-20175795?isFromPLP=true appended into product link list.
INFO - 2023-06-13 21:19:09,859 - Pagination_Ready_meals: -https://www.woolworths.co.za/prod/Food/Ready-Meals/Meals-Sides/Kids-Meals/Kids-Spaghetti-with-Savoury-Beef-Mince-205-g/_/A-6009101225699?isFromPLP=true appended into product link list.
INFO - 2023-06-13 21:19:09,893 - Pagination_Ready_meals: -https://www.woolworths.co.za/prod/Food/Ready-Meals/Meals-Sides/Family-Meals/Creamy-Chicken-Lasagne-1-kg/_/A-6009214229454?isFromPLP=true appended into product link list.
INFO - 2023-06-13 21:19:09,925 - Pagination_Ready_meals: -https://www.woolworths.co.za/prod/Online-Feature/Recipes/Checklist-for-your-winter-getaway/Fresh-Butternut-Soup-600-g/_/A-20100056?isFromPLP=true appended into product link list.
INFO - 2023-06-13 21:19:09,958 - Pagination_Ready_meals: -https://www.woolworths.co.za/prod/Food/Ready-Meals/Meals-Sides/Side-Dishes/Roasting-Vegetables-1-5-kg/_/A-6009182009065?isFromPLP=true appended into product link list.
INFO - 2023-06-13 21:19:09,991 - Pagination_Ready_meals: -https://www.woolworths.co.za/prod/Online-Feature/Content/Family-Meal-Ideas/Cottage-Pie-350-g/_/A-20007294?isFromPLP=true appended into product link list.
INFO - 2023-06-13 21:19:10,024 - Pagination_Ready_meals: -https://www.woolworths.co.za/prod/Food/Promotions/Buy-2-Or-More-And-Save/Buy-any-4-save-R30/Italian-Meals/Macaroni-Cheese-with-Bacon-300-g/_/A-20080709?isFromPLP=true appended into product link list.
INFO - 2023-06-13 21:19:10,059 - Pagination_Ready_meals: -https://www.woolworths.co.za/prod/Food/Ready-Meals/Meals-Sides/Kids-Meals/Kids-Meaty-Macaroni-Cheese-200-g/_/A-20184469?isFromPLP=true appended into product link list.
INFO - 2023-06-13 21:19:10,093 - Pagination_Ready_meals: -https://www.woolworths.co.za/prod/Food/Ready-Meals/Meals-Sides/Side-Dishes/Pumpkin-Fritters-260-g/_/A-6005000975901?isFromPLP=true appended into product link list.
INFO - 2023-06-13 21:19:10,126 - Pagination_Ready_meals: -https://www.woolworths.co.za/prod/Food/Promotions/Buy-2-Or-More-And-Save/Buy-any-4-save-R30/Italian-Meals/Macaroni-Cheese-Beef-Bolognese-300-g/_/A-20152130?isFromPLP=true appended into product link list.
INFO - 2023-06-13 21:19:10,157 - Pagination_Ready_meals: -https://www.woolworths.co.za/prod/Food/Fruit-Vegetables-Salads/Fresh-Vegetables/Prepared-Vegetables/Mixed-Veggie-Bags/Butternut-Pumpkin-Sweet-Potato-Mix-500-g/_/A-6009204926899?isFromPLP=true appended into product link list.
INFO - 2023-06-13 21:19:10,190 - Pagination_Ready_meals: -https://www.woolworths.co.za/prod/Food/Ready-Meals/Beef-Lasagne-2-kg/_/A-20188320?isFromPLP=true appended into product link list.
INFO - 2023-06-13 21:19:10,222 - Pagination_Ready_meals: -https://www.woolworths.co.za/prod/Online-Feature/Recipes/One-tray-wonders/Baby-Potatoes-with-Garlic-Herb-Butter-350-g/_/A-20046002?isFromPLP=true appended into product link list.
INFO - 2023-06-13 21:19:10,254 - Pagination_Ready_meals: -https://www.woolworths.co.za/prod/Food/Promotions/Buy-2-Or-More-And-Save/Buy-any-4-save-R30/Italian-Meals/Chicken-Lasagne-300-g/_/A-6001009000811?isFromPLP=true appended into product link list.
INFO - 2023-06-13 21:19:10,287 - Pagination_Ready_meals: -https://www.woolworths.co.za/prod/Food/Ready-Meals/Meals-Sides/Family-Meals/BBQ-Chicken-Bacon-Pasta-1-kg/_/A-6009178928134?isFromPLP=true appended into product link list.
INFO - 2023-06-13 21:19:10,306 - Pagination_Ready_meals: -https://www.woolworths.co.za/prod/Food/Ready-Meals/Meals-Sides/Kids-Meals/Kids-Pasta-Pillows-200-g/_/A-20196370?isFromPLP=true appended into product link list.
INFO - 2023-06-13 21:19:10,339 - Pagination_Ready_meals: -https://www.woolworths.co.za/prod/Food/Promotions/Buy-2-Or-More-And-Save/Buy-any-4-save-R30/Italian-Meals/Spinach-Ricotta-Cannelloni-350-g/_/A-20149284?isFromPLP=true appended into product link list.
INFO - 2023-06-13 21:19:10,374 - Pagination_Ready_meals: -https://www.woolworths.co.za/prod/Online-Feature/Recipes/Stir-fried-greens-baked-tofu-and-sesame/Fresh-Egg-Noodles-250-g/_/A-6005000285482?isFromPLP=true appended into product link list.
INFO - 2023-06-13 21:19:10,406 - Pagination_Ready_meals: -https://www.woolworths.co.za/prod/Online-Feature/Recipes/Delicious-Greek-style-cottage-pie/Crunchy-Topped-Cottage-Pie-1-kg/_/A-6009195492847?isFromPLP=true appended into product link list.
INFO - 2023-06-13 21:19:10,441 - Pagination_Ready_meals: -https://www.woolworths.co.za/prod/Food/Ready-Meals/Pizzas-Pies-Quiches/Pies/Pepper-Steak-Pie-580-g/_/A-20109271?isFromPLP=true appended into product link list.
INFO - 2023-06-13 21:19:10,474 - Pagination_Ready_meals: -https://www.woolworths.co.za/prod/Food/Ready-Meals/Meals-Sides/Indian-Asian-Mexican-Meals/Mince-Curry-Rice-350-g/_/A-6009000346075?isFromPLP=true appended into product link list.
INFO - 2023-06-13 21:19:10,507 - Pagination_Ready_meals: -https://www.woolworths.co.za/prod/Food/Promotions/Buy-2-Or-More-And-Save/Buy-any-3-save-R15/Mini-Meals/Cottage-Pie-235-g/_/A-6009195888688?isFromPLP=true appended into product link list.
INFO - 2023-06-13 21:19:10,557 - Pagination_Ready_meals: -https://www.woolworths.co.za/prod/Food/Promotions/Buy-2-Or-More-And-Save/Buy-any-5-save-R25/Kids-Meals/Kids-Twisty-Tuna-Pasta-200-g/_/A-6009178037805?isFromPLP=true appended into product link list.
INFO - 2023-06-13 21:19:10,591 - Pagination_Ready_meals: -https://www.woolworths.co.za/prod/Food/Promotions/Buy-2-Or-More-And-Save/Buy-any-4-save-R30/Italian-Meals/Tagliatelle-Alfredo-300-g/_/A-20082154?isFromPLP=true appended into product link list.
INFO - 2023-06-13 21:19:10,655 - Pagination_Ready_meals: -https://www.woolworths.co.za/prod/Food/Ready-Meals/Meals-Sides/Italian-Meals/Spaghetti-Carbonara-300-g/_/A-20123895?isFromPLP=true appended into product link list.
INFO - 2023-06-13 21:19:10,725 - Pagination_Ready_meals: -https://www.woolworths.co.za/prod/Food/Ready-Meals/Meals-Sides/Kids-Meals/Kids-Chicken-Noodle-Doo-200-g/_/A-20196349?isFromPLP=true appended into product link list.
INFO - 2023-06-13 21:19:10,828 - Pagination_Ready_meals: -https://www.woolworths.co.za/prod/Food/Ready-Meals/Chicken-A-La-King-with-Rice-400-g/_/A-20139797?isFromPLP=true appended into product link list.
INFO - 2023-06-13 21:19:10,908 - Pagination_Ready_meals: -https://www.woolworths.co.za/prod/Food/Promotions/Buy-2-Or-More-And-Save/Buy-any-5-save-R25/Kids-Meals/Kids-Criss-Cross-Cottage-Pie-220-g/_/A-20196363?isFromPLP=true appended into product link list.
INFO - 2023-06-13 21:19:10,978 - Pagination_Ready_meals: -https://www.woolworths.co.za/prod/Food/Ready-Meals/Soups/Fresh-Farmhouse-Chicken-Soup-600-g/_/A-6009189149276?isFromPLP=true appended into product link list.
INFO - 2023-06-13 21:19:11,058 - Pagination_Ready_meals: -https://www.woolworths.co.za/prod/Food/Ready-Meals/Meals-Sides/Indian-Asian-Mexican-Meals/Butter-Chicken-350-g/_/A-20128883?isFromPLP=true appended into product link list.
INFO - 2023-06-13 21:19:11,124 - Pagination_Ready_meals: -https://www.woolworths.co.za/prod/Food/Ready-Meals/Meals-Sides/Side-Dishes/Pumpkin-Fritters-with-a-Sticky-Cinnamon-Syrup-700-g/_/A-6009211272408?isFromPLP=true appended into product link list.
INFO - 2023-06-13 21:19:11,159 - Pagination_Ready_meals: -https://www.woolworths.co.za/prod/Food/Promotions/Buy-2-Or-More-And-Save/Buy-any-4-save-R30/Italian-Meals/BBQ-Chicken-Bacon-Pasta-300-g/_/A-6009182630214?isFromPLP=true appended into product link list.
INFO - 2023-06-13 21:19:11,201 - Pagination_Ready_meals: -https://www.woolworths.co.za/prod/Food/Ready-Meals/Pizzas-Pies-Quiches/Pizza/Stonebaked-Bacon-South-African-Feta-Pizza-365-g/_/A-6009175970334?isFromPLP=true appended into product link list.
INFO - 2023-06-13 21:19:11,240 - Pagination_Ready_meals: -https://www.woolworths.co.za/prod/Online-Feature/Recipes/Thali-feast/Creamy-Swiss-Chard-with-a-Hint-of-Nutmeg-300-g/_/A-20026752?isFromPLP=true appended into product link list.
INFO - 2023-06-13 21:19:11,271 - Pagination_Ready_meals: -https://www.woolworths.co.za/prod/Food/Promotions/Buy-2-Or-More-And-Save/Buy-any-3-save-R15/Mini-Meals/Chicken-Stroganoff-220-g/_/A-6009195888695?isFromPLP=true appended into product link list.
INFO - 2023-06-13 21:19:11,306 - Pagination_Ready_meals: -https://www.woolworths.co.za/prod/Food/Ready-Meals/Soups/Fresh-Chicken-Noodle-Soup-600-g/_/A-20119812?isFromPLP=true appended into product link list.
INFO - 2023-06-13 21:19:11,338 - Pagination_Ready_meals: -https://www.woolworths.co.za/prod/Food/Ready-Meals/Soups/Fresh-Vegetable-Barley-Soup-600-g/_/A-6005000811803?isFromPLP=true appended into product link list.
INFO - 2023-06-13 21:19:11,372 - Pagination_Ready_meals: -https://www.woolworths.co.za/prod/Food/Ready-Meals/Pizzas-Pies-Quiches/Pizza/Stonebaked-BBQ-Chicken-Pizza-410-g/_/A-6009204147539?isFromPLP=true appended into product link list.
INFO - 2023-06-13 21:19:11,372 - Pagination_Ready_meals: -len(product_links) collected...
INFO - 2023-06-13 21:19:13,863 - Pagination_Ready_meals: -Next page button clicked
INFO - 2023-06-13 21:19:17,276 - Pagination_Ready_meals: -https://www.woolworths.co.za/prod/Food/Promotions/Buy-2-Or-More-And-Save/Buy-any-3-save-15-/Mini-Meals/Braised-Beef-Stew-220-g/_/A-6009195888701?isFromPLP=true appended into product link list.
INFO - 2023-06-13 21:19:17,408 - Pagination_Ready_meals: -https://www.woolworths.co.za/prod/Food/Ready-Meals/Pizzas-Pies-Quiches/Pizza/Stonebaked-Club-Pizza-430-g/_/A-6001009004192?isFromPLP=true appended into product link list.
INFO - 2023-06-13 21:19:17,509 - Pagination_Ready_meals: -https://www.woolworths.co.za/prod/Food/Ready-Meals/Meals-Sides/Family-Meals/Chicken-Broccoli-Bake-1-kg/_/A-6009214234335?isFromPLP=true appended into product link list.
INFO - 2023-06-13 21:19:17,787 - Pagination_Ready_meals: -https://www.woolworths.co.za/prod/Food/Ready-Meals/Pizzas-Pies-Quiches/Quiches/Quiche-Lorraine-740-g/_/A-20013264?isFromPLP=true appended into product link list.
INFO - 2023-06-13 21:19:17,829 - Pagination_Ready_meals: -https://www.woolworths.co.za/prod/Food/Ready-Meals/Meals-Sides/Indian-Asian-Mexican-Meals/Chicken-Roti-1-kg/_/A-6009204039292?isFromPLP=true appended into product link list.
INFO - 2023-06-13 21:19:17,914 - Pagination_Ready_meals: -https://www.woolworths.co.za/prod/Food/Ready-Meals/Meals-Sides/Side-Dishes/Sweet-Crunchy-Vegetables-400-g/_/A-20098551?isFromPLP=true appended into product link list.
INFO - 2023-06-13 21:19:17,956 - Pagination_Ready_meals: -https://www.woolworths.co.za/prod/Food/Ready-Meals/Pizzas-Pies-Quiches/Pizza/Stonebaked-Ham-Pineapple-Pizza-395-g/_/A-6009101530830?isFromPLP=true appended into product link list.
INFO - 2023-06-13 21:19:17,991 - Pagination_Ready_meals: -https://www.woolworths.co.za/prod/Food/Food-Basket/Banners/Winter-Meal-Solutions/Prepared-Meals/Macaroni-Cheese-Bacon-1-kg/_/A-6009101392865?isFromPLP=true appended into product link list.
INFO - 2023-06-13 21:19:18,023 - Pagination_Ready_meals: -https://www.woolworths.co.za/prod/Online-Feature/Recipes/Carb-clever-winter-meals/Fresh-Creamy-Tomato-Soup-600-g/_/A-6009101101108?isFromPLP=true appended into product link list.
INFO - 2023-06-13 21:19:18,054 - Pagination_Ready_meals: -https://www.woolworths.co.za/prod/Food/Ready-Meals/Pizzas-Pies-Quiches/Pies/Roast-Chicken-Pie-1-kg/_/A-6009204767256?isFromPLP=true appended into product link list.
INFO - 2023-06-13 21:19:18,097 - Pagination_Ready_meals: -https://www.woolworths.co.za/prod/Food/Fruit-Vegetables-Salads/Fresh-Vegetables/Prepared-Vegetables/Ready-to-Micro/Broccoli-Butternut-Baby-Marrow-in-a-B-chamel-Sauce-420-g/_/A-20183981?isFromPLP=true appended into product link list.
INFO - 2023-06-13 21:19:18,124 - Pagination_Ready_meals: -https://www.woolworths.co.za/prod/Food/Ready-Meals/Fresh-Noodles-Pasta-Pesto-Sauces/Sauces-Pesto/Fresh-Sweet-Sour-Stir-Fry-Sauce-100-g/_/A-6009184396286?isFromPLP=true appended into product link list.
INFO - 2023-06-13 21:19:18,157 - Pagination_Ready_meals: -https://www.woolworths.co.za/prod/Food/Ready-Meals/Meals-Sides/Side-Dishes/Butternut-Swiss-Chard-Red-Onion-Bake-725-g/_/A-6009182954716?isFromPLP=true appended into product link list.
INFO - 2023-06-13 21:19:18,190 - Pagination_Ready_meals: -https://www.woolworths.co.za/prod/Food/Fruit-Vegetables-Salads/Fresh-Vegetables/Prepared-Vegetables/Mixed-Veggie-Bags/Chunky-Roasting-Vegetables-800-g/_/A-6009214493459?isFromPLP=true appended into product link list.
INFO - 2023-06-13 21:19:18,224 - Pagination_Ready_meals: -https://www.woolworths.co.za/prod/Food/Ready-Meals/Pizzas-Pies-Quiches/Pizza/Stonebaked-Caprese-Pizza-510-g/_/A-6009189001000?isFromPLP=true appended into product link list.
INFO - 2023-06-13 21:19:18,257 - Pagination_Ready_meals: -https://www.woolworths.co.za/prod/Online-Feature/Content/Family-Meal-Ideas/Chicken-Broccoli-350-g/_/A-20102135?isFromPLP=true appended into product link list.
INFO - 2023-06-13 21:19:18,290 - Pagination_Ready_meals: -https://www.woolworths.co.za/prod/Food/Ready-Meals/Meals-Sides/Indian-Asian-Mexican-Meals/Chicken-Biryani-350-g/_/A-6009207099569?isFromPLP=true appended into product link list.
INFO - 2023-06-13 21:19:18,324 - Pagination_Ready_meals: -https://www.woolworths.co.za/prod/Food/Ready-Meals/Fresh-Noodles-Pasta-Pesto-Sauces/Sauces-Pesto/Fresh-Pour-Over-Cheese-Sauce-200-g/_/A-20040000?isFromPLP=true appended into product link list.
INFO - 2023-06-13 21:19:18,356 - Pagination_Ready_meals: -https://www.woolworths.co.za/prod/Food/Ready-Meals/Soups/Fresh-Country-Vegetable-Soup-600-g/_/A-20139919?isFromPLP=true appended into product link list.
INFO - 2023-06-13 21:19:18,390 - Pagination_Ready_meals: -https://www.woolworths.co.za/prod/Food/Ready-Meals/Meals-Sides/Side-Dishes/Potato-Croquettes-with-Creamy-Potato-Mash-520-g/_/A-6009214464879?isFromPLP=true appended into product link list.
INFO - 2023-06-13 21:19:18,424 - Pagination_Ready_meals: -https://www.woolworths.co.za/prod/Food/Ready-Meals/Meals-Sides/Side-Dishes/Creamy-Potato-Mash-500-g/_/A-6009214464855?isFromPLP=true appended into product link list.
INFO - 2023-06-13 21:19:18,457 - Pagination_Ready_meals: -https://www.woolworths.co.za/prod/Food/Ready-Meals/Meals-Sides/Indian-Asian-Mexican-Meals/Chicken-Korma-350-g/_/A-20147686?isFromPLP=true appended into product link list.
INFO - 2023-06-13 21:19:18,490 - Pagination_Ready_meals: -https://www.woolworths.co.za/prod/Food/Kids/Kids-Meals/Cheese-Tomato-Pizza-90-g/_/A-6009173925343?isFromPLP=true appended into product link list.
INFO - 2023-06-13 21:19:18,524 - Pagination_Ready_meals: -https://www.woolworths.co.za/prod/Food/Ready-Meals/Meals-Sides/Indian-Asian-Mexican-Meals/Chicken-Biryani-1-kg/_/A-6009195402808?isFromPLP=true appended into product link list.
INFO - 2023-06-13 21:19:18,559 - Pagination_Ready_meals: -https://www.woolworths.co.za/prod/Food/Ready-Meals/Meals-Sides/Italian-Meals/Chicken-Arrabbiata-300-g/_/A-6009214535302?isFromPLP=true appended into product link list.
INFO - 2023-06-13 21:19:18,590 - Pagination_Ready_meals: -https://www.woolworths.co.za/prod/Food/Ready-Meals/Pizzas-Pies-Quiches/Quiches/Quiche-Lorraine-2-x-150-g/_/A-20081058?isFromPLP=true appended into product link list.
INFO - 2023-06-13 21:19:18,624 - Pagination_Ready_meals: -https://www.woolworths.co.za/prod/Food/Ready-Meals/Braised-Beef-Stew-350-g/_/A-6009189968822?isFromPLP=true appended into product link list.
INFO - 2023-06-13 21:19:18,657 - Pagination_Ready_meals: -https://www.woolworths.co.za/prod/Food/Meat-Poultry-Fish/Poultry/Crumbed/PlantLove-Crumbed-Savoury-Soya-Portions-200-g/_/A-6009214014845?isFromPLP=true appended into product link list.
INFO - 2023-06-13 21:19:18,689 - Pagination_Ready_meals: -https://www.woolworths.co.za/prod/Food/Ready-Meals/Meals-Sides/Indian-Asian-Mexican-Meals/Mozzarella-Arancini-Balls-18-pk/_/A-6009189652608?isFromPLP=true appended into product link list.
INFO - 2023-06-13 21:19:18,725 - Pagination_Ready_meals: -https://www.woolworths.co.za/prod/Food/Ready-Meals/Soups/Fresh-Pea-Ham-Soup-600-g/_/A-20139926?isFromPLP=true appended into product link list.
INFO - 2023-06-13 21:19:18,756 - Pagination_Ready_meals: -https://www.woolworths.co.za/prod/Food/Ready-Meals/Meals-Sides/Italian-Meals/Spaghetti-Bolognese-400-g/_/A-6009182759540?isFromPLP=true appended into product link list.
INFO - 2023-06-13 21:19:18,790 - Pagination_Ready_meals: -https://www.woolworths.co.za/prod/Food/Ready-Meals/Plant-Based-Ready-Meals/Vegetarian-Vegetable-Risotto-Kyivs-2-pk/_/A-6009211641235?isFromPLP=true appended into product link list.
INFO - 2023-06-13 21:19:18,822 - Pagination_Ready_meals: -https://www.woolworths.co.za/prod/Food/Ready-Meals/Meals-Sides/Indian-Asian-Mexican-Meals/Sesame-Chicken-Noodle-400-g/_/A-6009207323695?isFromPLP=true appended into product link list.
INFO - 2023-06-13 21:19:18,858 - Pagination_Ready_meals: -https://www.woolworths.co.za/prod/Food/Ready-Meals/Meals-Sides/Italian-Meals/Tuna-Penne-300-g/_/A-6009182759595?isFromPLP=true appended into product link list.
INFO - 2023-06-13 21:19:18,907 - Pagination_Ready_meals: -https://www.woolworths.co.za/prod/Food/Ready-Meals/Pizzas-Pies-Quiches/Quiches/Spinach-Feta-Quiche-2-x-150-g/_/A-20081065?isFromPLP=true appended into product link list.
INFO - 2023-06-13 21:19:18,941 - Pagination_Ready_meals: -https://www.woolworths.co.za/prod/Food/Ready-Meals/Fresh-Noodles-Pasta-Pesto-Sauces/Fresh-Pasta/Spinach-Ricotta-Ravioli-250-g/_/A-20120825?isFromPLP=true appended into product link list.
INFO - 2023-06-13 21:19:18,973 - Pagination_Ready_meals: -https://www.woolworths.co.za/prod/Food/Ready-Meals/Plant-Based-Ready-Meals/PlantLove-Crumbed-Savoury-Soya-Bites-160-g/_/A-6009214014722?isFromPLP=true appended into product link list.
INFO - 2023-06-13 21:19:19,005 - Pagination_Ready_meals: -https://www.woolworths.co.za/prod/Food/Ready-Meals/Plant-Based-Ready-Meals/Vegetarian-Vegetable-Phyllo-Parcels-2-pk/_/A-6009211641242?isFromPLP=true appended into product link list.
INFO - 2023-06-13 21:19:19,038 - Pagination_Ready_meals: -https://www.woolworths.co.za/prod/Food/Ready-Meals/Soups/Fresh-Beef-Country-Vegetable-Soup-600-g/_/A-6005000811834?isFromPLP=true appended into product link list.
INFO - 2023-06-13 21:19:19,072 - Pagination_Ready_meals: -https://www.woolworths.co.za/prod/Food/Ready-Meals/Pizzas-Pies-Quiches/Pizza/Stonebaked-Thin-Crispy-Pizza-Bases-2-x-165g/_/A-20176976?isFromPLP=true appended into product link list.
INFO - 2023-06-13 21:19:19,106 - Pagination_Ready_meals: -https://www.woolworths.co.za/prod/Food/Promotions/Buy-2-Or-More-And-Save/Buy-any-3-save-R60/Selected-Fresh-Pizzas-With-Toppings/Stonebaked-Ham-Mushroom-Pizza-2-x-405-g/_/A-6008000614542?isFromPLP=true appended into product link list.
INFO - 2023-06-13 21:19:19,139 - Pagination_Ready_meals: -https://www.woolworths.co.za/prod/Food/Ready-Meals/Fresh-Noodles-Pasta-Pesto-Sauces/Sauces-Pesto/Fresh-Napoletana-Sauce-200-g/_/A-20094621?isFromPLP=true appended into product link list.
INFO - 2023-06-13 21:19:19,173 - Pagination_Ready_meals: -https://www.woolworths.co.za/prod/Food/Ready-Meals/Meals-Sides/Side-Dishes/Broccoli-Butternut-Baby-Marrow-in-a-B-chamel-Sauce-800-g/_/A-6009000074237?isFromPLP=true appended into product link list.
INFO - 2023-06-13 21:19:19,206 - Pagination_Ready_meals: -https://www.woolworths.co.za/prod/Online-Feature/Recipes/Chicken-bake/Fresh-Pour-Over-Cheese-Sauce-400-g/_/A-20102142?isFromPLP=true appended into product link list.
INFO - 2023-06-13 21:19:19,240 - Pagination_Ready_meals: -https://www.woolworths.co.za/prod/Food/Ready-Meals/Meals-Sides/Indian-Asian-Mexican-Meals/Cashew-Nut-Chicken-400-g/_/A-6009204041141?isFromPLP=true appended into product link list.
INFO - 2023-06-13 21:19:19,272 - Pagination_Ready_meals: -https://www.woolworths.co.za/prod/Food/Ready-Meals/Pizzas-Pies-Quiches/Quiches/Spinach-South-African-Feta-Quiche-740-g/_/A-20013271?isFromPLP=true appended into product link list.
INFO - 2023-06-13 21:19:19,305 - Pagination_Ready_meals: -https://www.woolworths.co.za/prod/Food/Fruit-Vegetables-Salads/Fresh-Vegetables/Prepared-Vegetables/Grilled-Halloumi-Roasted-Vegetables-in-a-Creamy-Tomato-Sauce-420-g/_/A-6009101070831?isFromPLP=true appended into product link list.
INFO - 2023-06-13 21:19:19,339 - Pagination_Ready_meals: -https://www.woolworths.co.za/prod/Food/Ready-Meals/Fresh-Noodles-Pasta-Pesto-Sauces/Sauces-Pesto/Fresh-Creamy-Tomato-Sauce-200-g/_/A-20091705?isFromPLP=true appended into product link list.
INFO - 2023-06-13 21:19:19,376 - Pagination_Ready_meals: -https://www.woolworths.co.za/prod/Food/Meat-Poultry-Fish/Mince-Meatballs/PlantLove-Minced-Soya-180-g/_/A-6009214014715?isFromPLP=true appended into product link list.
INFO - 2023-06-13 21:19:19,405 - Pagination_Ready_meals: -https://www.woolworths.co.za/prod/Food/Ready-Meals/Meals-Sides/Indian-Asian-Mexican-Meals/Chicken-Burrito-Bake-1-1-kg/_/A-6009204767249?isFromPLP=true appended into product link list.
INFO - 2023-06-13 21:19:19,439 - Pagination_Ready_meals: -https://www.woolworths.co.za/prod/Food/Ready-Meals/Fresh-Noodles-Pasta-Pesto-Sauces/Sauces-Pesto/Thai-Coconut-Stir-Fry-Sauce-100-g/_/A-6005000285505?isFromPLP=true appended into product link list.
INFO - 2023-06-13 21:19:19,472 - Pagination_Ready_meals: -https://www.woolworths.co.za/prod/Food/Ready-Meals/Fresh-Noodles-Pasta-Pesto-Sauces/Fresh-Pasta/Beef-Ravioli-250-g/_/A-6009207535784?isFromPLP=true appended into product link list.
INFO - 2023-06-13 21:19:19,504 - Pagination_Ready_meals: -https://www.woolworths.co.za/prod/Food/Promotions/Buy-2-Or-More-And-Save/Buy-any-2-for-R50/Mixed-Veg-Bags/Sweetcorn-Medley-400-g/_/A-6009182954631?isFromPLP=true appended into product link list.
INFO - 2023-06-13 21:19:19,537 - Pagination_Ready_meals: -https://www.woolworths.co.za/prod/Food/Ready-Meals/Pizzas-Pies-Quiches/Pizza/Stonebaked-Garlic-Pizza-255-g/_/A-6009211780965?isFromPLP=true appended into product link list.
INFO - 2023-06-13 21:19:19,572 - Pagination_Ready_meals: -https://www.woolworths.co.za/prod/Food/Ready-Meals/Meals-Sides/Indian-Asian-Mexican-Meals/Thai-Green-Chicken-Curry-400-g/_/A-6009204044067?isFromPLP=true appended into product link list.
INFO - 2023-06-13 21:19:19,605 - Pagination_Ready_meals: -https://www.woolworths.co.za/prod/Food/Ready-Meals/Plant-Based-Ready-Meals/Vegetarian-Mushroom-Red-Pepper-Kyivs-2-pk/_/A-6009211573765?isFromPLP=true appended into product link list.
INFO - 2023-06-13 21:19:19,639 - Pagination_Ready_meals: -https://www.woolworths.co.za/prod/Food/Ready-Meals/Fresh-Noodles-Pasta-Pesto-Sauces/Sauces-Pesto/Fresh-Roasted-Red-Pepper-Pesto-125-g/_/A-20204006?isFromPLP=true appended into product link list.
INFO - 2023-06-13 21:19:19,671 - Pagination_Ready_meals: -https://www.woolworths.co.za/prod/Food/Ready-Meals/Meals-Sides/Indian-Asian-Mexican-Meals/Beef-Chow-Mein-400-g/_/A-6009204041158?isFromPLP=true appended into product link list.
INFO - 2023-06-13 21:19:19,705 - Pagination_Ready_meals: -https://www.woolworths.co.za/prod/Food/Food-Basket/Banners/Italian-Bellissimo-Meals/Make-it-an-Italian-Feast/Basil-Ricotta-Ravioli-400-g/_/A-6009204359239?isFromPLP=true appended into product link list.
INFO - 2023-06-13 21:19:19,747 - Pagination_Ready_meals: -https://www.woolworths.co.za/prod/Food/Fruit-Vegetables-Salads/Fresh-Vegetables/Prepared-Vegetables/Ready-to-Micro/Roasted-Veg-Medley-400-g/_/A-6009175318617?isFromPLP=true appended into product link list.
INFO - 2023-06-13 21:19:19,747 - Pagination_Ready_meals: -len(product_links) collected...
INFO - 2023-06-13 21:19:21,975 - Pagination_Ready_meals: -Next page button clicked
INFO - 2023-06-13 21:19:25,391 - Pagination_Ready_meals: -https://www.woolworths.co.za/prod/Food/Wellbeing-Shop/Your-Dietary-Choices/Carb-Clever/CARB-CLEVER-Butter-Chicken-Curry-340-g/_/A-6009189727184?isFromPLP=true appended into product link list.
INFO - 2023-06-13 21:19:25,425 - Pagination_Ready_meals: -https://www.woolworths.co.za/prod/Food/Ready-Meals/Fresh-Noodles-Pasta-Pesto-Sauces/Fresh-Pasta/Five-Cheese-Ravioli-250-g/_/A-6009195518769?isFromPLP=true appended into product link list.
INFO - 2023-06-13 21:19:25,458 - Pagination_Ready_meals: -https://www.woolworths.co.za/prod/Food/Ready-Meals/Pizzas-Pies-Quiches/Pies/Pork-Pies-4-x-75-g/_/A-6009000664056?isFromPLP=true appended into product link list.
INFO - 2023-06-13 21:19:25,493 - Pagination_Ready_meals: -https://www.woolworths.co.za/prod/Food/Ready-Meals/Fresh-Noodles-Pasta-Pesto-Sauces/Fresh-Pasta/Butternut-Pansotti-250-g/_/A-20093471?isFromPLP=true appended into product link list.
INFO - 2023-06-13 21:19:25,526 - Pagination_Ready_meals: -https://www.woolworths.co.za/prod/Food/Fruit-Vegetables-Salads/Fresh-Vegetables/Prepared-Vegetables/Ready-to-Micro/Cauliflower-Broccoli-Florets-in-a-Creamy-B-chamel-Sauce-250-g/_/A-6009101471447?isFromPLP=true appended into product link list.
INFO - 2023-06-13 21:19:25,561 - Pagination_Ready_meals: -https://www.woolworths.co.za/prod/Food/Ready-Meals/Meals-Sides/Side-Dishes/Baby-Marrows-Peas-Sliced-Swiss-Chard-235-g/_/A-6009195751067?isFromPLP=true appended into product link list.
INFO - 2023-06-13 21:19:25,595 - Pagination_Ready_meals: -https://www.woolworths.co.za/prod/Food/Ready-Meals/Fresh-Noodles-Pasta-Pesto-Sauces/Fresh-Pasta/Basil-Mascarpone-Girasoli-250-g/_/A-6009195518752?isFromPLP=true appended into product link list.
INFO - 2023-06-13 21:19:25,626 - Pagination_Ready_meals: -https://www.woolworths.co.za/prod/Food/Plant-Based-Shop/PlantLove-Vegetable-Green-Curry-400-g/_/A-6009211568457?isFromPLP=true appended into product link list.
INFO - 2023-06-13 21:19:25,661 - Pagination_Ready_meals: -https://www.woolworths.co.za/prod/Food/Ready-Meals/Fresh-Noodles-Pasta-Pesto-Sauces/Fresh-Pasta/Gnocchi-Italian-Potato-Dumplings-400-g/_/A-6009207535777?isFromPLP=true appended into product link list.
INFO - 2023-06-13 21:19:25,693 - Pagination_Ready_meals: -https://www.woolworths.co.za/prod/Food/Promotions/Buy-2-Or-More-And-Save/Buy-any-3-save-R60/Selected-Fresh-Pizzas-With-Toppings/Stonebaked-Cheese-Tomato-Pizza-2-x-360-g/_/A-6009211653269?isFromPLP=true appended into product link list.
INFO - 2023-06-13 21:19:25,725 - Pagination_Ready_meals: -https://www.woolworths.co.za/prod/Food/Fruit-Vegetables-Salads/Fresh-Vegetables/Prepared-Vegetables/Ready-to-Micro/Creamy-Sweet-Potato-Pumpkin-Mash-500-g/_/A-6009211653252?isFromPLP=true appended into product link list.
INFO - 2023-06-13 21:19:25,761 - Pagination_Ready_meals: -https://www.woolworths.co.za/prod/Food/Ready-Meals/Pizzas-Pies-Quiches/Pies/Pork-Pies-2-x-75-g/_/A-6009000664049?isFromPLP=true appended into product link list.
INFO - 2023-06-13 21:19:25,810 - Pagination_Ready_meals: -https://www.woolworths.co.za/prod/Food/Ready-Meals/Fresh-Noodles-Pasta-Pesto-Sauces/Fresh-Pasta/Porcini-Mushroom-Girasolini-250-g/_/A-6009175318129?isFromPLP=true appended into product link list.
INFO - 2023-06-13 21:19:25,878 - Pagination_Ready_meals: -https://www.woolworths.co.za/prod/Food/Ready-Meals/Meals-Sides/Italian-Meals/Chilli-Prawn-Linguine-400-g/_/A-6009207839264?isFromPLP=true appended into product link list.
INFO - 2023-06-13 21:19:25,956 - Pagination_Ready_meals: -https://www.woolworths.co.za/prod/Food/Plant-Based-Shop/Vegetarian-Biryani-350-g/_/A-6009214798943?isFromPLP=true appended into product link list.
INFO - 2023-06-13 21:19:26,018 - Pagination_Ready_meals: -https://www.woolworths.co.za/prod/Food/Kids/Kids-Meals/Kids-Cheese-Sauce-with-Hidden-Veggie-100-g/_/A-6009175386357?isFromPLP=true appended into product link list.
INFO - 2023-06-13 21:19:26,043 - Pagination_Ready_meals: -https://www.woolworths.co.za/prod/Food/Kids/Kids-Meals/Kids-Beef-Bolognese-Sauce-with-Extra-Veggies-100-g/_/A-6009175386715?isFromPLP=true appended into product link list.
INFO - 2023-06-13 21:19:26,075 - Pagination_Ready_meals: -https://www.woolworths.co.za/prod/Food/Kids/Kids-Meals/Kids-Roasted-Veggies-in-a-Cheese-Sauce-100-g/_/A-6009175386708?isFromPLP=true appended into product link list.
INFO - 2023-06-13 21:19:26,108 - Pagination_Ready_meals: -https://www.woolworths.co.za/prod/Food/Ready-Meals/Pizzas-Pies-Quiches/Pizza/Gluten-Free-Pizza-Bases-2-pk/_/A-6009184932507?isFromPLP=true appended into product link list.
INFO - 2023-06-13 21:19:26,142 - Pagination_Ready_meals: -https://www.woolworths.co.za/prod/Online-Feature/Content/Everyday-Seafood/Fresh-Seafood/Lightly-Smoked-Trout-Steamer-300-g/_/A-6009211673632?isFromPLP=true appended into product link list.
INFO - 2023-06-13 21:19:26,175 - Pagination_Ready_meals: -https://www.woolworths.co.za/prod/Food/Plant-Based-Shop/Vegetarian-Butter-Curry-350-g/_/A-6009214798929?isFromPLP=true appended into product link list.
INFO - 2023-06-13 21:19:26,209 - Pagination_Ready_meals: -https://www.woolworths.co.za/prod/Food/Plant-Based-Shop/PlantLove-Spaghetti-Bolognese-300-g/_/A-6009214798967?isFromPLP=true appended into product link list.
INFO - 2023-06-13 21:19:26,242 - Pagination_Ready_meals: -https://www.woolworths.co.za/prod/Food/Soup-Shop/Fridge-Soup/Butternut-Sweet-Potato-Soup-Mix-600-g/_/A-20167165?isFromPLP=true appended into product link list.
INFO - 2023-06-13 21:19:26,280 - Pagination_Ready_meals: -https://www.woolworths.co.za/prod/Food/Soup-Shop/Fridge-Soup/Fresh-Biltong-Soup-600-g/_/A-6009182725330?isFromPLP=true appended into product link list.
INFO - 2023-06-13 21:19:26,309 - Pagination_Ready_meals: -https://www.woolworths.co.za/prod/Food/Soup-Shop/Fridge-Soup/Potato-Leek-Soup-Mix-600-g/_/A-6009182954662?isFromPLP=true appended into product link list.
INFO - 2023-06-13 21:19:26,342 - Pagination_Ready_meals: -https://www.woolworths.co.za/prod/Food/Soup-Shop/Fridge-Soup/Fresh-Butter-Chicken-Soup-600-g/_/A-6009178470077?isFromPLP=true appended into product link list.
INFO - 2023-06-13 21:19:26,375 - Pagination_Ready_meals: -https://www.woolworths.co.za/prod/Food/Soup-Shop/Fridge-Soup/Fresh-Moroccan-Lamb-Soup-600-g/_/A-6009171561307?isFromPLP=true appended into product link list.
INFO - 2023-06-13 21:19:26,408 - Pagination_Ready_meals: -https://www.woolworths.co.za/prod/Food/Soup-Shop/Fridge-Soup/Minestrone-Soup-Mix-550-g/_/A-20167172?isFromPLP=true appended into product link list.
INFO - 2023-06-13 21:19:26,442 - Pagination_Ready_meals: -https://www.woolworths.co.za/prod/Food/Soup-Shop/Fridge-Soup/Fresh-Creamy-Spinach-Broccoli-Kale-Soup-600-g/_/A-6009195334413?isFromPLP=true appended into product link list.
INFO - 2023-06-13 21:19:26,477 - Pagination_Ready_meals: -https://www.woolworths.co.za/prod/Food/Soup-Shop/Fridge-Soup/Lentil-Barley-Soup-Mix-600-g/_/A-20167202?isFromPLP=true appended into product link list.
INFO - 2023-06-13 21:19:26,508 - Pagination_Ready_meals: -https://www.woolworths.co.za/prod/Food/Soup-Shop/Fridge-Soup/Hearty-Vegetable-Soup-Mix-600-g/_/A-20089986?isFromPLP=true appended into product link list.
INFO - 2023-06-13 21:19:26,543 - Pagination_Ready_meals: -https://www.woolworths.co.za/prod/Food/Soup-Shop/Fridge-Soup/Fresh-Creamy-Mushroom-Soup-600-g/_/A-6009178470015?isFromPLP=true appended into product link list.
INFO - 2023-06-13 21:19:26,577 - Pagination_Ready_meals: -https://www.woolworths.co.za/prod/Food/Soup-Shop/Fridge-Soup/Chunky-Vegetable-Soup-Mix-1-5-kg/_/A-6009178253533?isFromPLP=true appended into product link list.
INFO - 2023-06-13 21:19:26,616 - Pagination_Ready_meals: -https://www.woolworths.co.za/prod/Food/Soup-Shop/Fridge-Soup/Fresh-Butternut-Soup-1-2-kg/_/A-20121808?isFromPLP=true appended into product link list.
INFO - 2023-06-13 21:19:26,643 - Pagination_Ready_meals: -https://www.woolworths.co.za/prod/Food/Soup-Shop/Fridge-Soup/Chilli-Chickpea-Butternut-Soup-Mix-600-g/_/A-6009182954679?isFromPLP=true appended into product link list.
INFO - 2023-06-13 21:19:26,679 - Pagination_Ready_meals: -https://www.woolworths.co.za/prod/Food/Soup-Shop/Fridge-Soup/Fresh-Farmhouse-Chicken-Soup-1-2-kg/_/A-6009189629679?isFromPLP=true appended into product link list.
INFO - 2023-06-13 21:19:26,709 - Pagination_Ready_meals: -https://www.woolworths.co.za/prod/Food/Soup-Shop/Fridge-Soup/Split-Pea-Soup-Mix-750-g/_/A-6009101451777?isFromPLP=true appended into product link list.
INFO - 2023-06-13 21:19:26,743 - Pagination_Ready_meals: -https://www.woolworths.co.za/prod/Food/Food-To-Go/Booster-Bowls-Mash-Pots-Noodle-Pots-Vegetable-Pots/Dukkah-Hummus-Chicken-Booster-Bowl-350-g/_/A-6009226175930?isFromPLP=true appended into product link list.
INFO - 2023-06-13 21:19:26,777 - Pagination_Ready_meals: -https://www.woolworths.co.za/prod/Food/Ready-Meals/Plant-Based-Ready-Meals/Frozen-PlantLove-Crumbed-Savoury-Soya-Portions-400-g/_/A-6009217300471?isFromPLP=true appended into product link list.
INFO - 2023-06-13 21:19:26,812 - Pagination_Ready_meals: -https://www.woolworths.co.za/prod/Food/Ready-Meals/Meals-Sides/Italian-Meals/Lemon-Chicken-Pasta-300-g/_/A-6009217189922?isFromPLP=true appended into product link list.
INFO - 2023-06-13 21:19:26,845 - Pagination_Ready_meals: -https://www.woolworths.co.za/prod/Food/Ready-Meals/Meals-Sides/Traditional-Meals/Shepherd-s-Pie-with-a-Buttery-Mash-350-g/_/A-6009217383689?isFromPLP=true appended into product link list.
INFO - 2023-06-13 21:19:26,908 - Pagination_Ready_meals: -https://www.woolworths.co.za/prod/Food/Ready-Meals/Meals-Sides/Side-Dishes/Broccoli-Corn-Medley-330-g/_/A-6009217539420?isFromPLP=true appended into product link list.
INFO - 2023-06-13 21:19:26,941 - Pagination_Ready_meals: -https://www.woolworths.co.za/prod/Food/Ready-Meals/Fresh-Noodles-Pasta-Pesto-Sauces/Fresh-Beef-Bolognese-Ravioli-500-g/_/A-6009226187964?isFromPLP=true appended into product link list.
INFO - 2023-06-13 21:19:26,975 - Pagination_Ready_meals: -https://www.woolworths.co.za/prod/Food/Promotions/Buy-2-Or-More-And-Save/Buy-any-3-save-R60/Selected-Fresh-Pizzas-With-Toppings/Italian-Salami-Pizza-470-g/_/A-6009223074304?isFromPLP=true appended into product link list.
INFO - 2023-06-13 21:19:27,027 - Pagination_Ready_meals: -https://www.woolworths.co.za/prod/Food/Ready-Meals/Fresh-Noodles-Pasta-Pesto-Sauces/Fresh-Creamy-Tomato-Sauce-400-g/_/A-6009226187971?isFromPLP=true appended into product link list.
INFO - 2023-06-13 21:19:27,082 - Pagination_Ready_meals: -https://www.woolworths.co.za/prod/Food/Ready-Meals/Meals-Sides/Family-Meals/Beef-Meatballs-Pasta-Bake-1-6-kg/_/A-6009217223855?isFromPLP=true appended into product link list.
INFO - 2023-06-13 21:19:27,108 - Pagination_Ready_meals: -https://www.woolworths.co.za/prod/Food/Ready-Meals/Meals-Sides/Low-Fat-Yellow-Coconut-Chicken-Curry-340-g/_/A-6009223395638?isFromPLP=true appended into product link list.
INFO - 2023-06-13 21:19:27,173 - Pagination_Ready_meals: -https://www.woolworths.co.za/prod/Food/Ready-Meals/Fresh-Noodles-Pasta-Pesto-Sauces/Sauces-Pesto/Thai-Coconut-Sauce-225-g/_/A-6009223700838?isFromPLP=true appended into product link list.
INFO - 2023-06-13 21:19:27,224 - Pagination_Ready_meals: -https://www.woolworths.co.za/prod/Food/Food-To-Go/Booster-Bowls-Mash-Pots-Noodle-Pots-Vegetable-Pots/Miso-Tofu-Ramen-Noodle-Pot-300-g/_/A-6009226241956?isFromPLP=true appended into product link list.
INFO - 2023-06-13 21:19:27,318 - Pagination_Ready_meals: -https://www.woolworths.co.za/prod/Food/Soup-Shop/Fridge-Soup/Everything-Green-Soup-300-g/_/A-6009226202612?isFromPLP=true appended into product link list.
INFO - 2023-06-13 21:19:27,376 - Pagination_Ready_meals: -https://www.woolworths.co.za/prod/Food/Ready-Meals/Meals-Sides/Coronation-Chicken-with-Yellow-Rice-350-g/_/A-6007875205640?isFromPLP=true appended into product link list.
INFO - 2023-06-13 21:19:27,424 - Pagination_Ready_meals: -https://www.woolworths.co.za/prod/Food/Ready-Meals/Fresh-Noodles-Pasta-Pesto-Sauces/Fresh-Caprese-Ravioli-250-g/_/A-6009226187957?isFromPLP=true appended into product link list.
INFO - 2023-06-13 21:19:27,456 - Pagination_Ready_meals: -https://www.woolworths.co.za/prod/Food/Promotions/Buy-2-Or-More-And-Save/Buy-any-3-save-R60/Pizza/Stonebaked-Sun-Dried-Tomato-Chicken-South-African-Feta-Pizza-420-g/_/A-6007875722925?isFromPLP=true appended into product link list.
INFO - 2023-06-13 21:19:27,491 - Pagination_Ready_meals: -https://www.woolworths.co.za/prod/Food/Ready-Meals/Plant-Based-Ready-Meals/Frozen-PlantLove-Minced-Soya-300-g/_/A-6009217300525?isFromPLP=true appended into product link list.
INFO - 2023-06-13 21:19:27,525 - Pagination_Ready_meals: -https://www.woolworths.co.za/prod/Food/Ready-Meals/Meals-Sides/Traditional-Meals/Tikka-Chicken-220-g/_/A-6009217260003?isFromPLP=true appended into product link list.
INFO - 2023-06-13 21:19:27,559 - Pagination_Ready_meals: -https://www.woolworths.co.za/prod/Food/Ready-Meals/Meals-Sides/Mexican-Style-Chicken-Booster-Bowl-350-g/_/A-6007875187847?isFromPLP=true appended into product link list.
INFO - 2023-06-13 21:19:27,592 - Pagination_Ready_meals: -https://www.woolworths.co.za/prod/Food/Ready-Meals/Meals-Sides/Lamb-Rogan-Josh-350-g/_/A-6007875250121?isFromPLP=true appended into product link list.
INFO - 2023-06-13 21:19:27,644 - Pagination_Ready_meals: -https://www.woolworths.co.za/prod/Food/Ready-Meals/Fresh-Noodles-Pasta-Pesto-Sauces/Fresh-Pasta/Spinach-Ricotta-Ravioli-500-g/_/A-6009217690152?isFromPLP=true appended into product link list.
INFO - 2023-06-13 21:19:27,691 - Pagination_Ready_meals: -https://www.woolworths.co.za/prod/Food/Soup-Shop/Fridge-Soup/Fiery-Carrot-Soup-300-g/_/A-6009226202643?isFromPLP=true appended into product link list.
INFO - 2023-06-13 21:19:27,738 - Pagination_Ready_meals: -https://www.woolworths.co.za/prod/Food/Ready-Meals/Meals-Sides/Side-Dishes/Creamy-Potato-Mash-800-g/_/A-6009223461395?isFromPLP=true appended into product link list.
INFO - 2023-06-13 21:19:27,739 - Pagination_Ready_meals: -len(product_links) collected...
INFO - 2023-06-13 21:19:29,986 - Pagination_Ready_meals: -Next page button clicked
INFO - 2023-06-13 21:19:33,709 - Pagination_Ready_meals: -https://www.woolworths.co.za/prod/Food/Plant-Based-Shop/PlantLove-Spinach-and-Hummus-Girasoli-250-g/_/A-6009223966395?isFromPLP=true appended into product link list.
INFO - 2023-06-13 21:19:33,741 - Pagination_Ready_meals: -https://www.woolworths.co.za/prod/Food/Plant-Based-Shop/PlantLove-Butternut-Girasoli-250-g/_/A-6009223966326?isFromPLP=true appended into product link list.
INFO - 2023-06-13 21:19:33,768 - Pagination_Ready_meals: -https://www.woolworths.co.za/prod/Food/Fruit-Vegetables-Salads/Fresh-Vegetables/Prepared-Vegetables/Ready-to-Micro/Harissa-Pumpkin-Crush-Chickpea-Vegetable-Pot-300-g/_/A-6009226142239?isFromPLP=true appended into product link list.
INFO - 2023-06-13 21:19:33,795 - Pagination_Ready_meals: -https://www.woolworths.co.za/prod/Food/Fruit-Vegetables-Salads/Fresh-Vegetables/Prepared-Vegetables/Ready-to-Micro/Mediterranean-Style-Vegetable-Pot-310-g/_/A-6009226142246?isFromPLP=true appended into product link list.
INFO - 2023-06-13 21:19:33,825 - Pagination_Ready_meals: -https://www.woolworths.co.za/prod/Food/Fruit-Vegetables-Salads/Salads-Herbs/Prepared-Salads/Vacuum-Packed-Cooked-Baby-Beetroot-500-g/_/A-6009226496202?isFromPLP=true appended into product link list.
INFO - 2023-06-13 21:19:33,858 - Pagination_Ready_meals: -https://www.woolworths.co.za/prod/Food/Ready-Meals/Fresh-Noodles-Pasta-Pesto-Sauces/Sauces-Pesto/Fresh-Sweet-Sour-Stir-Fry-Sauce-250-g/_/A-6009217821693?isFromPLP=true appended into product link list.
INFO - 2023-06-13 21:19:33,891 - Pagination_Ready_meals: -https://www.woolworths.co.za/prod/Food/Plant-Based-Shop/PlantLove-Coconut-Sesame-Vegetable-Noodle-400-g/_/A-6007875205602?isFromPLP=true appended into product link list.
INFO - 2023-06-13 21:19:33,923 - Pagination_Ready_meals: -https://www.woolworths.co.za/prod/Food/Fruit-Vegetables-Salads/Fresh-Vegetables/Prepared-Vegetables/Ready-to-Micro/Roasted-Carrot-Quinoa-Vegetable-Pot-300-g/_/A-6009226151330?isFromPLP=true appended into product link list.
INFO - 2023-06-13 21:19:33,942 - Pagination_Ready_meals: -https://www.woolworths.co.za/prod/Food/Food-To-Go/Booster-Bowls-Mash-Pots-Noodle-Pots-Vegetable-Pots/Cape-Malay-Style-Chicken-Booster-Bowl-350-g/_/A-6009226142253?isFromPLP=true appended into product link list.
INFO - 2023-06-13 21:19:33,972 - Pagination_Ready_meals: -https://www.woolworths.co.za/prod/Food/Promotions/Buy-2-Or-More-And-Save/Buy-any-3-save-R25/Prepared-Italian-Meals-Bowls/Beef-Lasagne-420-g/_/A-6009226278648?isFromPLP=true appended into product link list.
INFO - 2023-06-13 21:19:34,008 - Pagination_Ready_meals: -https://www.woolworths.co.za/prod/Food/Promotions/Buy-2-Or-More-And-Save/Buy-any-3-save-R25/Prepared-Italian-Meals-Bowls/Basil-Pesto-Chicken-Bacon-Pasta-400-g/_/A-6009226276736?isFromPLP=true appended into product link list.
INFO - 2023-06-13 21:19:34,039 - Pagination_Ready_meals: -https://www.woolworths.co.za/prod/Food/Food-To-Go/Booster-Bowls-Mash-Pots-Noodle-Pots-Vegetable-Pots/Coconut-Chicken-Ramen-Noodle-Pot-300-g/_/A-6007875250169?isFromPLP=true appended into product link list.
INFO - 2023-06-13 21:19:34,059 - Pagination_Ready_meals: -https://www.woolworths.co.za/prod/Food/Ready-Meals/Meals-Sides/Shepherd-s-Pie-1-kg/_/A-6009223179115?isFromPLP=true appended into product link list.
INFO - 2023-06-13 21:19:34,091 - Pagination_Ready_meals: -https://www.woolworths.co.za/prod/Food/Ready-Meals/Plant-Based-Ready-Meals/Frozen-PlantLove-Soya-Rounds-320-g/_/A-6009217300488?isFromPLP=true appended into product link list.
INFO - 2023-06-13 21:19:34,123 - Pagination_Ready_meals: -https://www.woolworths.co.za/prod/Food/Fruit-Vegetables-Salads/Fresh-Vegetables/Prepared-Vegetables/Ready-to-Micro/Cheesy-Potato-Mash-500-g/_/A-6009226474682?isFromPLP=true appended into product link list.
INFO - 2023-06-13 21:19:34,143 - Pagination_Ready_meals: -https://www.woolworths.co.za/prod/Food/Ready-Meals/Meals-Sides/Mexican-Style-Chicken-1-kg/_/A-6007875733082?isFromPLP=true appended into product link list.
INFO - 2023-06-13 21:19:34,174 - Pagination_Ready_meals: -https://www.woolworths.co.za/prod/Food/Frozen-Food/Frozen-Macaroni-Cheese-1-kg/_/A-6009223777748?isFromPLP=true appended into product link list.
INFO - 2023-06-13 21:19:34,206 - Pagination_Ready_meals: -https://www.woolworths.co.za/prod/Food/Frozen-Food/Pizza-Pies/Frozen-BBQ-Chicken-Mini-Pizzas-10-x-65-g/_/A-6009217739561?isFromPLP=true appended into product link list.
INFO - 2023-06-13 21:19:34,227 - Pagination_Ready_meals: -https://www.woolworths.co.za/prod/Food/Ready-Meals/Fresh-Noodles-Pasta-Pesto-Sauces/Fresh-Noodles-Rice/Fresh-Egg-Noodles-500-g/_/A-6009217821471?isFromPLP=true appended into product link list.
INFO - 2023-06-13 21:19:34,261 - Pagination_Ready_meals: -https://www.woolworths.co.za/prod/Food/Soup-Shop/Fridge-Soup/Golden-Turmeric-Soup-300-g/_/A-6009226202629?isFromPLP=true appended into product link list.
INFO - 2023-06-13 21:19:34,291 - Pagination_Ready_meals: -https://www.woolworths.co.za/prod/Food/Soup-Shop/Fridge-Soup/Chickpea-Carrot-Sweet-Potato-Curry-Soup-600-g/_/A-6009226202636?isFromPLP=true appended into product link list.
INFO - 2023-06-13 21:19:34,322 - Pagination_Ready_meals: -https://www.woolworths.co.za/prod/Food/Ready-Meals/Fresh-Noodles-Pasta-Pesto-Sauces/Fresh-Coriander-Jalape-o-Pesto-125-g/_/A-6009226187933?isFromPLP=true appended into product link list.
INFO - 2023-06-13 21:19:34,345 - Pagination_Ready_meals: -https://www.woolworths.co.za/prod/Food/Ready-Meals/Fresh-Noodles-Pasta-Pesto-Sauces/Sauces-Pesto/Asian-Sesame-Stir-Fry-Sauce-100-g/_/A-6009217711338?isFromPLP=true appended into product link list.
INFO - 2023-06-13 21:19:34,375 - Pagination_Ready_meals: -https://www.woolworths.co.za/prod/Food/Promotions/Buy-2-Or-More-And-Save/Buy-any-4-save-R30/Italian-Meals/Spinach-Ricotta-Ravioli-300-g/_/A-6007875513127?isFromPLP=true appended into product link list.
INFO - 2023-06-13 21:19:34,410 - Pagination_Ready_meals: -https://www.woolworths.co.za/prod/Food/Ready-Meals/Pizzas-Pies-Quiches/Pizza/Mini-Cheese-Tomato-Pizzas-4-x-80-g/_/A-6007875722918?isFromPLP=true appended into product link list.
INFO - 2023-06-13 21:19:34,442 - Pagination_Ready_meals: -https://www.woolworths.co.za/prod/Food/Food-To-Go/Booster-Bowls-Mash-Pots-Noodle-Pots-Vegetable-Pots/Citrus-Honey-Chicken-Booster-Bowl-350-g/_/A-6009226142291?isFromPLP=true appended into product link list.
INFO - 2023-06-13 21:19:34,475 - Pagination_Ready_meals: -https://www.woolworths.co.za/prod/Food/Ready-Meals/Meals-Sides/Asian-Style-Lightly-Smoked-Trout-Steamer-300-g/_/A-6009226046209?isFromPLP=true appended into product link list.
INFO - 2023-06-13 21:19:34,509 - Pagination_Ready_meals: -https://www.woolworths.co.za/prod/Food/Ready-Meals/Pizzas-Pies-Quiches/Quiches/Mature-Cheddar-Caramelised-Onion-Quiche-2-x-150-g/_/A-6007875722895?isFromPLP=true appended into product link list.
INFO - 2023-06-13 21:19:34,540 - Pagination_Ready_meals: -https://www.woolworths.co.za/prod/Food/Fruit-Vegetables-Salads/Fresh-Vegetables/Prepared-Vegetables/Ready-to-Micro/Curried-Carrot-Crush-Grain-Vegetable-Pot-300-g/_/A-6009226151323?isFromPLP=true appended into product link list.
INFO - 2023-06-13 21:19:34,576 - Pagination_Ready_meals: -https://www.woolworths.co.za/prod/Food/Ready-Meals/Meals-Sides/Falafel-and-Ancient-Grain-Booster-Bowl-380-g/_/A-6007875187670?isFromPLP=true appended into product link list.
INFO - 2023-06-13 21:19:34,608 - Pagination_Ready_meals: -https://www.woolworths.co.za/prod/Food/Food-To-Go/Booster-Bowls-Mash-Pots-Noodle-Pots-Vegetable-Pots/Soy-Chicken-Ramen-Noodle-Pot-300-g/_/A-6007875250138?isFromPLP=true appended into product link list.
INFO - 2023-06-13 21:19:34,639 - Pagination_Ready_meals: -https://www.woolworths.co.za/prod/Food/Soup-Shop/Fridge-Soup/Fresh-Creamy-Lentil-Vegetable-Masala-Soup-600-g/_/A-6007875246322?isFromPLP=true appended into product link list.
INFO - 2023-06-13 21:19:34,671 - Pagination_Ready_meals: -https://www.woolworths.co.za/prod/Food/Fruit-Vegetables-Salads/Fresh-Vegetables/Prepared-Vegetables/Pumpkin-Pie-with-Cinnamon-Sugar-800-g/_/A-6009226151316?isFromPLP=true appended into product link list.
INFO - 2023-06-13 21:19:34,692 - Pagination_Ready_meals: -https://www.woolworths.co.za/prod/Food/Promotions/Buy-2-Or-More-And-Save/Buy-any-4-save-R30/Italian-Meals/Beef-Ragu-with-Tagliatelle-400-g/_/A-6007875513110?isFromPLP=true appended into product link list.
INFO - 2023-06-13 21:19:34,722 - Pagination_Ready_meals: -https://www.woolworths.co.za/prod/Food/Soup-Shop/Fridge-Soup/Hot-Smoked-Trout-Soup-600-g/_/A-6009226202605?isFromPLP=true appended into product link list.
INFO - 2023-06-13 21:19:34,754 - Pagination_Ready_meals: -https://www.woolworths.co.za/prod/Food/Frozen-Food/Pizza-Pies/Frozen-Plant-Powered-Falafel-Veg-Pizza-377-g/_/A-6009217821860?isFromPLP=true appended into product link list.
INFO - 2023-06-13 21:19:34,775 - Pagination_Ready_meals: -https://www.woolworths.co.za/prod/Food/Ready-Meals/Pizzas-Pies-Quiches/Pizza/Stonebaked-Thin-Crispy-Pepperoni-Pizza-340-g/_/A-6009226150944?isFromPLP=true appended into product link list.
INFO - 2023-06-13 21:19:34,806 - Pagination_Ready_meals: -https://www.woolworths.co.za/prod/Food/Food-To-Go/Booster-Bowls-Mash-Pots-Noodle-Pots-Vegetable-Pots/Thai-Red-Chicken-Curry-Ramen-Noodle-Pot-300-g/_/A-6009226241901?isFromPLP=true appended into product link list.
INFO - 2023-06-13 21:19:34,838 - Pagination_Ready_meals: -https://www.woolworths.co.za/prod/Kids/Kids-Food-Toiletries/Kids-Meals/Kids-Gnocchi-Shapes-400-g/_/A-6009226109607?isFromPLP=true appended into product link list.
INFO - 2023-06-13 21:19:34,858 - Pagination_Ready_meals: -https://www.woolworths.co.za/prod/Food/Soup-Shop/Fridge-Soup/Fresh-Pumpkin-Ginger-Soup-600-g/_/A-6007875246292?isFromPLP=true appended into product link list.
INFO - 2023-06-13 21:19:34,891 - Pagination_Ready_meals: -https://www.woolworths.co.za/prod/Food/Soup-Shop/Fridge-Soup/Cauliflower-Smoked-Pork-Soup-600-g/_/A-6009226202599?isFromPLP=true appended into product link list.
INFO - 2023-06-13 21:19:34,923 - Pagination_Ready_meals: -https://www.woolworths.co.za/prod/Food/Ready-Meals/Pizzas-Pies-Quiches/Pies/Slow-Cooked-Beef-Pie-1-kg/_/A-6009226197987?isFromPLP=true appended into product link list.
INFO - 2023-06-13 21:19:34,955 - Pagination_Ready_meals: -https://www.woolworths.co.za/prod/Food/Soup-Shop/Fridge-Soup/Fresh-Minestrone-Soup-600-g/_/A-6009223196334?isFromPLP=true appended into product link list.
INFO - 2023-06-13 21:19:34,974 - Pagination_Ready_meals: -https://www.woolworths.co.za/prod/Food/Ready-Meals/Meals-Sides/Indian-Asian-Mexican-Meals/Tikka-Chicken-Curry-350-g/_/A-6009223395539?isFromPLP=true appended into product link list.
INFO - 2023-06-13 21:19:35,007 - Pagination_Ready_meals: -https://www.woolworths.co.za/prod/Food/Promotions/Buy-2-Or-More-And-Save/Buy-any-3-save-R25/Prepared-Italian-Meals-Bowls/Macaroni-Cheese-400-g/_/A-6009226278631?isFromPLP=true appended into product link list.
INFO - 2023-06-13 21:19:35,037 - Pagination_Ready_meals: -https://www.woolworths.co.za/prod/Food/Ready-Meals/Meals-Sides/Chicken-Coriander-and-Lime-Booster-Bowl-350-g/_/A-6007875187618?isFromPLP=true appended into product link list.
INFO - 2023-06-13 21:19:35,056 - Pagination_Ready_meals: -https://www.woolworths.co.za/prod/Food/Fruit-Vegetables-Salads/Fresh-Vegetables/Prepared-Vegetables/Potato-Croquette-Bake-920-g/_/A-6009226151309?isFromPLP=true appended into product link list.
INFO - 2023-06-13 21:19:35,057 - Pagination_Ready_meals: -len(product_links) collected...
ERROR - 2023-06-13 21:19:45,155 - Pagination_Ready_meals: -error occurred - Message: element not interactable
  (Session info: chrome=114.0.5735.110)
Stacktrace:
Backtrace:
	GetHandleVerifier [0x0063A813+48355]
	(No symbol) [0x005CC4B1]
	(No symbol) [0x004D5220]
	(No symbol) [0x00501846]
	(No symbol) [0x004F9F5C]
	(No symbol) [0x0051A73C]
	(No symbol) [0x004F9A36]
	(No symbol) [0x0051AA94]
	(No symbol) [0x0052C922]
	(No symbol) [0x0051A536]
	(No symbol) [0x004F82DC]
	(No symbol) [0x004F93DD]
	GetHandleVerifier [0x0089AABD+2539405]
	GetHandleVerifier [0x008DA78F+2800735]
	GetHandleVerifier [0x008D456C+2775612]
	GetHandleVerifier [0x006C51E0+616112]
	(No symbol) [0x005D5F8C]
	(No symbol) [0x005D2328]
	(No symbol) [0x005D240B]
	(No symbol) [0x005C4FF7]
	BaseThreadInitThunk [0x777D00C9+25]
	RtlGetAppContainerNamedObjectPath [0x77927B4E+286]
	RtlGetAppContainerNamedObjectPath [0x77927B1E+238]

