INFO - 2023-06-13 21:37:14,906 - Pagination_Cleaning: -Pagination logger created - 
INFO - 2023-06-13 21:37:40,305 - Pagination_Cleaning: -https://www.woolworths.co.za/cat/Food/Cleaning/_/N-o1v4pe opened and page downloaded.
INFO - 2023-06-13 21:37:51,226 - Pagination_Cleaning: -https://www.woolworths.co.za/prod/Food/Cleaning/Dishwashing/Dishwashing-Liquids/Sunlight-Original-Dishwashing-Liquid-750-ml/_/A-6001087358743?isFromPLP=true appended into product link list.
INFO - 2023-06-13 21:37:51,299 - Pagination_Cleaning: -https://www.woolworths.co.za/prod/Food/Cleaning/Disinfectant-Bleach/Domestos-Lavender-Multipurpose-Blast-Thick-Bleach-750-ml/_/A-6001085120229?isFromPLP=true appended into product link list.
INFO - 2023-06-13 21:37:51,339 - Pagination_Cleaning: -https://www.woolworths.co.za/prod/Food/Cleaning/Multi-Purpose-Surface-Cleaners/Handy-Andy-Lemon-Multi-Purpose-Cleaning-Cream-750-ml/_/A-6001087006057?isFromPLP=true appended into product link list.
INFO - 2023-06-13 21:37:51,382 - Pagination_Cleaning: -https://www.woolworths.co.za/prod/Food/Cleaning/Dishwashing/Dishwashing-Liquids/Sunlight-Refill-Dishwash-Liquid-750-ml/_/A-6001087003490?isFromPLP=true appended into product link list.
INFO - 2023-06-13 21:37:51,424 - Pagination_Cleaning: -https://www.woolworths.co.za/prod/Food/Cleaning/Disinfectant-Bleach/Domestos-Lemon-Fresh-Multipurpose-Thick-Bleach-750-ml/_/A-6001085010469?isFromPLP=true appended into product link list.
INFO - 2023-06-13 21:37:51,471 - Pagination_Cleaning: -https://www.woolworths.co.za/prod/Food/Cleaning/Disinfectant-Bleach/Domestos-Summer-Fresh-Multipurpose-Thick-Bleach-750-ml/_/A-6001085116956?isFromPLP=true appended into product link list.
INFO - 2023-06-13 21:37:51,521 - Pagination_Cleaning: -https://www.woolworths.co.za/prod/Food/Cleaning/Washing-Powder-Detergents/Washing-Powder-Detergent/Skip-Anti-Ageing-Auto-Washing-Powder-2-kg/_/A-6001085126757?isFromPLP=true appended into product link list.
INFO - 2023-06-13 21:37:51,556 - Pagination_Cleaning: -https://www.woolworths.co.za/prod/Food/Cleaning/Multi-Purpose-Surface-Cleaners/Handy-Andy-Multi-Purpose-Cleaning-Cream-750-ml/_/A-6001087006095?isFromPLP=true appended into product link list.
INFO - 2023-06-13 21:37:51,589 - Pagination_Cleaning: -https://www.woolworths.co.za/prod/Food/Cleaning/Washing-Powder-Detergents/Washing-Powder-Detergent/OMO-Auto-Washing-Powder-2-kg/_/A-6001085126733?isFromPLP=true appended into product link list.
INFO - 2023-06-13 21:37:51,622 - Pagination_Cleaning: -https://www.woolworths.co.za/prod/Food/Cleaning/Disinfectant-Bleach/Domestos-White-and-Shine-Multipurpose-Thick-Bleach-750-ml/_/A-6001087365109?isFromPLP=true appended into product link list.
INFO - 2023-06-13 21:37:51,659 - Pagination_Cleaning: -https://www.woolworths.co.za/prod/Food/Cleaning/Washing-Powder-Detergents/Fabric-Softener/Sta-Soft-Hypo-Allergenic-Baby-Fabric-Softener-Refill-500-ml/_/A-6001067021551?isFromPLP=true appended into product link list.
INFO - 2023-06-13 21:37:51,720 - Pagination_Cleaning: -https://www.woolworths.co.za/prod/Food/Cleaning/Washing-Powder-Detergents/Washing-Powder-Detergent/Ariel-Auto-Concentrated-Washing-Liquid-1-5-L/_/A-4015600540173?isFromPLP=true appended into product link list.
INFO - 2023-06-13 21:37:51,755 - Pagination_Cleaning: -https://www.woolworths.co.za/prod/Food/Cleaning/Washing-Powder-Detergents/Washing-Powder-Detergent/Ariel-Auto-Washing-Powder-2-kg/_/A-5410076593835?isFromPLP=true appended into product link list.
INFO - 2023-06-13 21:37:51,805 - Pagination_Cleaning: -https://www.woolworths.co.za/prod/Food/Cleaning/Washing-Powder-Detergents/Washing-Powder-Detergent/Skip-Anti-Ageing-Auto-Washing-Liquid-1-5-L/_/A-6001087365932?isFromPLP=true appended into product link list.
INFO - 2023-06-13 21:37:51,847 - Pagination_Cleaning: -https://www.woolworths.co.za/prod/Food/Cleaning/Dishwashing/Dishwashing-Liquids/Sunlight-Original-Dishwashing-Liquid-400-ml/_/A-6001085017598?isFromPLP=true appended into product link list.
INFO - 2023-06-13 21:37:51,872 - Pagination_Cleaning: -https://www.woolworths.co.za/prod/Food/Cleaning/Dishwashing/Dishwashing-Liquids/W-Lab-3-in-1-Zesty-Lime-Dishwash-Liquid-750-ml/_/A-20003784?isFromPLP=true appended into product link list.
INFO - 2023-06-13 21:37:51,939 - Pagination_Cleaning: -https://www.woolworths.co.za/prod/Food/Cleaning/Bathroom-Toilet-Cleaners/Duck-5-in1-Lavender-Advanced-Toilet-Cleaner-500-ml/_/A-6001298043605?isFromPLP=true appended into product link list.
INFO - 2023-06-13 21:37:51,974 - Pagination_Cleaning: -https://www.woolworths.co.za/prod/Food/Cleaning/Washing-Powder-Detergents/Fabric-Softener/Sta-Soft-Spring-Fresh-Fabric-Softener-Refill-500-ml/_/A-6001067004554?isFromPLP=true appended into product link list.
INFO - 2023-06-13 21:37:52,023 - Pagination_Cleaning: -https://www.woolworths.co.za/prod/Food/Cleaning/Washing-Powder-Detergents/Bleach-Stain-Remover-Soap/Omo-Auto-Laundry-Liquid-1-5-L/_/A-6001087356312?isFromPLP=true appended into product link list.
INFO - 2023-06-13 21:37:52,057 - Pagination_Cleaning: -https://www.woolworths.co.za/prod/Food/Cleaning/Multi-Purpose-Surface-Cleaners/Mr-Min-Lavender-Multi-Surface-Cleaner-400-ml/_/A-6001106120689?isFromPLP=true appended into product link list.
INFO - 2023-06-13 21:37:52,105 - Pagination_Cleaning: -https://www.woolworths.co.za/prod/Food/Cleaning/Multi-Purpose-Surface-Cleaners/3-in-1-Spicy-Citrus-Anti-Bacterial-Tile-Cleaner-750-ml/_/A-6009000716137?isFromPLP=true appended into product link list.
INFO - 2023-06-13 21:37:52,140 - Pagination_Cleaning: -https://www.woolworths.co.za/prod/Food/Cleaning/Washing-Powder-Detergents/Bleach-Stain-Remover-Soap/Vanish-Stain-Remover-Laundry-Detergent-500-ml/_/A-6001106111540?isFromPLP=true appended into product link list.
INFO - 2023-06-13 21:37:52,172 - Pagination_Cleaning: -https://www.woolworths.co.za/prod/Food/Cleaning/Disinfectant-Bleach/Jik-Lemon-Fresh-1-5-L/_/A-6001106101336?isFromPLP=true appended into product link list.
INFO - 2023-06-13 21:37:52,221 - Pagination_Cleaning: -https://www.woolworths.co.za/prod/Food/Cleaning/Multi-Purpose-Surface-Cleaners/Mr-Muscle-Mountain-Fresh-Tile-Cleaner-750-ml/_/A-6001298070090?isFromPLP=true appended into product link list.
INFO - 2023-06-13 21:37:52,276 - Pagination_Cleaning: -https://www.woolworths.co.za/prod/Food/Cleaning/Disinfectant-Bleach/3-in-1-Anti-Bacterial-Lemon-Thick-Bleach-750-ml/_/A-6009000033357?isFromPLP=true appended into product link list.
INFO - 2023-06-13 21:37:52,318 - Pagination_Cleaning: -https://www.woolworths.co.za/prod/Food/Cleaning/Washing-Powder-Detergents/Washing-Powder-Detergent/Omo-Auto-Laundry-Washing-Powder-2-kg/_/A-6001087365437?isFromPLP=true appended into product link list.
INFO - 2023-06-13 21:37:52,353 - Pagination_Cleaning: -https://www.woolworths.co.za/prod/Food/Cleaning/Dishwashing/Dishwashing-Liquids/W-Lab-3-in-1-Citrus-Anti-Bacterial-Dishwash-Liquid-750-ml/_/A-20138868?isFromPLP=true appended into product link list.
INFO - 2023-06-13 21:37:52,388 - Pagination_Cleaning: -https://www.woolworths.co.za/prod/Food/Cleaning/Washing-Powder-Detergents/Washing-Powder-Detergent/Ariel-Downy-Auto-Washing-Powder-2-kg/_/A-4084500587809?isFromPLP=true appended into product link list.
INFO - 2023-06-13 21:37:52,430 - Pagination_Cleaning: -https://www.woolworths.co.za/prod/Food/Cleaning/Multi-Purpose-Surface-Cleaners/Handy-Andy-Potpourri-Multi-Purpose-Cleaning-Cream-750-ml/_/A-6001087008198?isFromPLP=true appended into product link list.
INFO - 2023-06-13 21:37:52,454 - Pagination_Cleaning: -https://www.woolworths.co.za/prod/Food/Cleaning/Disinfectant-Bleach/Jik-Pot-Pourri-Detergent-1-5-L/_/A-6001106107338?isFromPLP=true appended into product link list.
INFO - 2023-06-13 21:37:52,502 - Pagination_Cleaning: -https://www.woolworths.co.za/prod/Food/Cleaning/Bathroom-Toilet-Cleaners/Duck-in-Cistern-Blocks-Active-Clean-3-pk/_/A-6001298998585?isFromPLP=true appended into product link list.
INFO - 2023-06-13 21:37:52,539 - Pagination_Cleaning: -https://www.woolworths.co.za/prod/Food/Cleaning/Washing-Powder-Detergents/Fabric-Softener/Sta-Soft-Hypo-Allergenic-Baby-Fabric-Softener-2-L/_/A-6001067021544?isFromPLP=true appended into product link list.
INFO - 2023-06-13 21:37:52,573 - Pagination_Cleaning: -https://www.woolworths.co.za/prod/Food/Cleaning/Washing-Powder-Detergents/Washing-Powder-Detergent/Omo-Auto-Washing-Liquid-with-A-Touch-of-Comfort-1-5-L/_/A-6001087365475?isFromPLP=true appended into product link list.
INFO - 2023-06-13 21:37:52,603 - Pagination_Cleaning: -https://www.woolworths.co.za/prod/Food/Cleaning/Washing-Powder-Detergents/Fabric-Softener/Sta-Soft-Aromatherapy-Relax-Fabric-Softener-Refill-500-ml/_/A-6001067027126?isFromPLP=true appended into product link list.
INFO - 2023-06-13 21:37:52,636 - Pagination_Cleaning: -https://www.woolworths.co.za/prod/Food/Cleaning/Washing-Powder-Detergents/Washing-Powder-Detergent/Skip-Intelligent-Perfect-Whites-Auto-Washing-Liquid-1-5-L/_/A-6001087375719?isFromPLP=true appended into product link list.
INFO - 2023-06-13 21:37:52,672 - Pagination_Cleaning: -https://www.woolworths.co.za/prod/Food/Cleaning/Washing-Powder-Detergents/Fabric-Softener/Sta-Soft-Lavender-Fresh-Fabric-Softener-Refill-500-ml/_/A-6001067005094?isFromPLP=true appended into product link list.
INFO - 2023-06-13 21:37:52,722 - Pagination_Cleaning: -https://www.woolworths.co.za/prod/Food/Cleaning/Sponges-Cloths-Accessories/Multi-Purpose-Wipes-6-pk/_/A-6009000349939?isFromPLP=true appended into product link list.
INFO - 2023-06-13 21:37:52,754 - Pagination_Cleaning: -https://www.woolworths.co.za/prod/Food/Cleaning/Washing-Powder-Detergents/Washing-Powder-Detergent/Skip-Anti-Ageing-Auto-Washing-Powder-3-kg/_/A-6001085126436?isFromPLP=true appended into product link list.
INFO - 2023-06-13 21:37:52,802 - Pagination_Cleaning: -https://www.woolworths.co.za/prod/Food/Cleaning/Washing-Powder-Detergents/Washing-Powder-Detergent/Ariel-with-Downy-Auto-Concentrated-Washing-Liquid-1-5-L/_/A-4084500638471?isFromPLP=true appended into product link list.
INFO - 2023-06-13 21:37:52,838 - Pagination_Cleaning: -https://www.woolworths.co.za/prod/Food/Cleaning/Multi-Purpose-Surface-Cleaners/3-in-1-Spicy-Citrus-Anti-Bacterial-Kitchen-Cleaner-500-ml/_/A-6009211171060?isFromPLP=true appended into product link list.
INFO - 2023-06-13 21:37:52,870 - Pagination_Cleaning: -https://www.woolworths.co.za/prod/Food/Cleaning/Multi-Purpose-Surface-Cleaners/Mr-Muscle-5-in-1-Lemon-Kitchen-Cleaner-500-ml/_/A-6001298070045?isFromPLP=true appended into product link list.
INFO - 2023-06-13 21:37:52,907 - Pagination_Cleaning: -https://www.woolworths.co.za/prod/Food/Cleaning/Multi-Purpose-Surface-Cleaners/Cobra-Wooden-Floor-Cleaner-750-ml/_/A-6001106103545?isFromPLP=true appended into product link list.
INFO - 2023-06-13 21:37:52,938 - Pagination_Cleaning: -https://www.woolworths.co.za/prod/Food/Cleaning/Multi-Purpose-Surface-Cleaners/Mr-Muscle-5-in-1-Tile-Cleaner-750-ml/_/A-6001298070120?isFromPLP=true appended into product link list.
INFO - 2023-06-13 21:37:52,972 - Pagination_Cleaning: -https://www.woolworths.co.za/prod/Food/Cleaning/Multi-Purpose-Surface-Cleaners/Windolene-750-ml/_/A-6001106117047?isFromPLP=true appended into product link list.
INFO - 2023-06-13 21:37:53,002 - Pagination_Cleaning: -https://www.woolworths.co.za/prod/Food/Cleaning/Multi-Purpose-Surface-Cleaners/Mr-Min-Regular-Multi-Surface-Cleaner-400-ml/_/A-6001106120702?isFromPLP=true appended into product link list.
INFO - 2023-06-13 21:37:53,036 - Pagination_Cleaning: -https://www.woolworths.co.za/prod/Food/Cleaning/Washing-Powder-Detergents/Fabric-Softener/Sta-Soft-Aromatherapy-Passion-Fabric-Softener-Refill-500-ml/_/A-6001067027119?isFromPLP=true appended into product link list.
INFO - 2023-06-13 21:37:53,069 - Pagination_Cleaning: -https://www.woolworths.co.za/prod/Food/Cleaning/Multi-Purpose-Surface-Cleaners/Mr-Min-Wood-Polish-300-ml/_/A-6001106224301?isFromPLP=true appended into product link list.
INFO - 2023-06-13 21:37:53,103 - Pagination_Cleaning: -https://www.woolworths.co.za/prod/Food/Cleaning/Multi-Purpose-Surface-Cleaners/Cobra-Active-Lavender-Garden-Tile-Cleaner-750-ml/_/A-6001106110741?isFromPLP=true appended into product link list.
INFO - 2023-06-13 21:37:53,136 - Pagination_Cleaning: -https://www.woolworths.co.za/prod/Food/Cleaning/Dishwashing/Dishwashing-Liquids/W-Lab-3-in-1-Pink-Grapefruit-Dishwash-Liquid-750-ml/_/A-6001009020093?isFromPLP=true appended into product link list.
INFO - 2023-06-13 21:37:53,169 - Pagination_Cleaning: -https://www.woolworths.co.za/prod/Food/Cleaning/Washing-Powder-Detergents/Fabric-Softener/Sta-Soft-Summer-Radiance-Fabric-Softener-Refill-500-ml/_/A-6001067007203?isFromPLP=true appended into product link list.
INFO - 2023-06-13 21:37:53,217 - Pagination_Cleaning: -https://www.woolworths.co.za/prod/Food/Cleaning/Washing-Powder-Detergents/Washing-Powder-Detergent/Ariel-3-in-1-Automatic-Washing-Pods-14-x-27-g/_/A-8001090909183?isFromPLP=true appended into product link list.
INFO - 2023-06-13 21:37:53,252 - Pagination_Cleaning: -https://www.woolworths.co.za/prod/Food/Cleaning/Washing-Powder-Detergents/Fabric-Softener/Sta-Soft-Spring-Fresh-Fabric-Softener-2-L/_/A-6001067093695?isFromPLP=true appended into product link list.
INFO - 2023-06-13 21:37:53,286 - Pagination_Cleaning: -https://www.woolworths.co.za/prod/Food/Cleaning/Washing-Powder-Detergents/Bleach-Stain-Remover-Soap/Sunlight-Laundry-Soap-500-g/_/A-6001085041210?isFromPLP=true appended into product link list.
INFO - 2023-06-13 21:37:53,337 - Pagination_Cleaning: -https://www.woolworths.co.za/prod/Food/Cleaning/Multi-Purpose-Surface-Cleaners/Mr-Min-Pot-Pourri-Multi-Surface-Cleaner-400-ml/_/A-6001106120672?isFromPLP=true appended into product link list.
INFO - 2023-06-13 21:37:53,370 - Pagination_Cleaning: -https://www.woolworths.co.za/prod/Food/Cleaning/Washing-Powder-Detergents/Washing-Powder-Detergent/Skip-Intelligent-Perfect-Darks-Auto-Washing-Liquid-1-5-L/_/A-6001087375733?isFromPLP=true appended into product link list.
INFO - 2023-06-13 21:37:53,403 - Pagination_Cleaning: -https://www.woolworths.co.za/prod/Food/Cleaning/Washing-Powder-Detergents/Bleach-Stain-Remover-Soap/Vanish-Power-O2-Fabric-Stain-Remover-1-kg/_/A-6001106110222?isFromPLP=true appended into product link list.
INFO - 2023-06-13 21:37:53,436 - Pagination_Cleaning: -https://www.woolworths.co.za/prod/Food/Cleaning/Washing-Powder-Detergents/Washing-Powder-Detergent/Sunlight-2-in-1-Auto-Washing-Powder-2-kg/_/A-6001087004695?isFromPLP=true appended into product link list.
INFO - 2023-06-13 21:37:53,468 - Pagination_Cleaning: -https://www.woolworths.co.za/prod/Food/Cleaning/Dishwashing/Dishwashing-Powder-Pods-Tablets/Finish-All-in-1-Max-Shine-and-Protect-56-Tabs/_/A-6001106128050?isFromPLP=true appended into product link list.
INFO - 2023-06-13 21:37:53,503 - Pagination_Cleaning: -https://www.woolworths.co.za/prod/Food/Cleaning/Dishwashing/Dishwashing-Liquids/Sunlight-Extra-Nature-Dishwashing-Liquid-750-ml/_/A-6001087375498?isFromPLP=true appended into product link list.
INFO - 2023-06-13 21:37:53,537 - Pagination_Cleaning: -https://www.woolworths.co.za/prod/Food/Cleaning/Multi-Purpose-Surface-Cleaners/Windolene-Refill-Window-Cleaner-750-ml/_/A-6001106117054?isFromPLP=true appended into product link list.
INFO - 2023-06-13 21:37:53,538 - Pagination_Cleaning: -len(product_links) collected...
INFO - 2023-06-13 21:37:55,779 - Pagination_Cleaning: -Next page button clicked
INFO - 2023-06-13 21:37:59,642 - Pagination_Cleaning: -https://www.woolworths.co.za/prod/Food/Cleaning/Sponges-Cloths-Accessories/Anti-Bacterial-All-Purpose-Scouring-Sponges-2-pk/_/A-6009171811419?isFromPLP=true appended into product link list.
INFO - 2023-06-13 21:37:59,877 - Pagination_Cleaning: -https://www.woolworths.co.za/prod/Food/Cleaning/Washing-Powder-Detergents/Fabric-Softener/W-Lab-3-in-1-Valley-Breeze-Fabric-Softener-Refill-500-ml/_/A-6009000033708?isFromPLP=true appended into product link list.
INFO - 2023-06-13 21:37:59,969 - Pagination_Cleaning: -https://www.woolworths.co.za/prod/Food/Cleaning/Washing-Powder-Detergents/Washing-Powder-Detergent/Omo-Auto-Washing-Powder-3-kg/_/A-6001085126429?isFromPLP=true appended into product link list.
INFO - 2023-06-13 21:38:00,070 - Pagination_Cleaning: -https://www.woolworths.co.za/prod/Food/Cleaning/Washing-Powder-Detergents/Fabric-Softener/W-Lab-3-in-1-Hypo-Allergenic-Fragranced-Fabric-Softener-Refill-500-ml/_/A-6009184118802?isFromPLP=true appended into product link list.
INFO - 2023-06-13 21:38:00,125 - Pagination_Cleaning: -https://www.woolworths.co.za/prod/Food/Cleaning/Washing-Powder-Detergents/Bleach-Stain-Remover-Soap/Vanish-Liquid-Fabric-Stain-Remover-1-L/_/A-6001106103149?isFromPLP=true appended into product link list.
INFO - 2023-06-13 21:38:00,155 - Pagination_Cleaning: -https://www.woolworths.co.za/prod/Food/Cleaning/Bathroom-Toilet-Cleaners/Mr-Muscle-Original-Shower-Shine-750-ml/_/A-6001298070021?isFromPLP=true appended into product link list.
INFO - 2023-06-13 21:38:00,188 - Pagination_Cleaning: -https://www.woolworths.co.za/prod/Food/Cleaning/Washing-Powder-Detergents/Fabric-Softener/Comfort-Pure-Concentrated-Fabric-Softener-Refill-for-Sensitive-Skin-800-ml/_/A-6001087352505?isFromPLP=true appended into product link list.
INFO - 2023-06-13 21:38:00,222 - Pagination_Cleaning: -https://www.woolworths.co.za/prod/Food/Cleaning/Bathroom-Toilet-Cleaners/W-Lab-Ocean-Mist-3-in-1-Anti-Bacterial-Toilet-Cleaner-500-ml/_/A-6009000716106?isFromPLP=true appended into product link list.
INFO - 2023-06-13 21:38:00,256 - Pagination_Cleaning: -https://www.woolworths.co.za/prod/Food/Cleaning/Dishwashing/Dishwashing-Powder-Pods-Tablets/Finish-Double-Action-Dishwasher-Detergent-Powder-1-kg/_/A-6001106101565?isFromPLP=true appended into product link list.
INFO - 2023-06-13 21:38:00,289 - Pagination_Cleaning: -https://www.woolworths.co.za/prod/Food/Cleaning/Washing-Powder-Detergents/Washing-Powder-Detergent/Ariel-3-in-1-Automatic-Washing-Pods-21-x-27-g/_/A-4015600632243?isFromPLP=true appended into product link list.
INFO - 2023-06-13 21:38:00,322 - Pagination_Cleaning: -https://www.woolworths.co.za/prod/Food/Cleaning/Washing-Powder-Detergents/Washing-Powder-Detergent/OMO-Multi-Active-Hand-Washing-Powder-2-kg/_/A-6001085126573?isFromPLP=true appended into product link list.
INFO - 2023-06-13 21:38:00,356 - Pagination_Cleaning: -https://www.woolworths.co.za/prod/Food/Cleaning/Disinfectant-Bleach/Jik-Regular-1-5-L/_/A-6001106107314?isFromPLP=true appended into product link list.
INFO - 2023-06-13 21:38:00,407 - Pagination_Cleaning: -https://www.woolworths.co.za/prod/Food/Cleaning/Multi-Purpose-Surface-Cleaners/Cleen-Green-Concentrate-2-L/_/A-6001296004479?isFromPLP=true appended into product link list.
INFO - 2023-06-13 21:38:00,439 - Pagination_Cleaning: -https://www.woolworths.co.za/prod/Food/Cleaning/Dishwashing/Dishwashing-Liquids/Sunlight-Extra-Anti-Bacterial-Dishwashing-Liquid-750-ml/_/A-6001087375504?isFromPLP=true appended into product link list.
INFO - 2023-06-13 21:38:00,471 - Pagination_Cleaning: -https://www.woolworths.co.za/prod/Food/Cleaning/Dishwashing/Dishwashing-Liquids/Finish-Rinse-Aid-400-ml/_/A-5011417552957?isFromPLP=true appended into product link list.
INFO - 2023-06-13 21:38:00,503 - Pagination_Cleaning: -https://www.woolworths.co.za/prod/Food/Cleaning/Bathroom-Toilet-Cleaners/Handy-Andy-Pink-Grapefruit-Bathroom-Cleaner-500-ml/_/A-6001087375511?isFromPLP=true appended into product link list.
INFO - 2023-06-13 21:38:00,538 - Pagination_Cleaning: -https://www.woolworths.co.za/prod/Food/Cleaning/Sponges-Cloths-Accessories/Medium-Rubber-Gloves-1-pk/_/A-20036607?isFromPLP=true appended into product link list.
INFO - 2023-06-13 21:38:00,571 - Pagination_Cleaning: -https://www.woolworths.co.za/prod/Food/Cleaning/Sponges-Cloths-Accessories/Microfibre-Wash-and-Scour-Cloths-2-pk/_/A-6009101555222?isFromPLP=true appended into product link list.
INFO - 2023-06-13 21:38:00,604 - Pagination_Cleaning: -https://www.woolworths.co.za/prod/Food/Cleaning/Multi-Purpose-Surface-Cleaners/Earth-Friendly-Oven-and-Braai-Cleaner-500-ml/_/A-6009214457949?isFromPLP=true appended into product link list.
INFO - 2023-06-13 21:38:00,639 - Pagination_Cleaning: -https://www.woolworths.co.za/prod/Food/Cleaning/Dishwashing/Dishwashing-Liquids/Finish-Dishwasher-Cleaner-250-ml/_/A-5011417548509?isFromPLP=true appended into product link list.
INFO - 2023-06-13 21:38:00,671 - Pagination_Cleaning: -https://www.woolworths.co.za/prod/Food/Cleaning/Multi-Purpose-Surface-Cleaners/Mr-Muscle-Floor-and-All-Purpose-Cleaner-1-L/_/A-6001298690076?isFromPLP=true appended into product link list.
INFO - 2023-06-13 21:38:00,711 - Pagination_Cleaning: -https://www.woolworths.co.za/prod/Food/Cleaning/Multi-Purpose-Surface-Cleaners/3-in-1-Spicy-Citrus-Wood-and-Laminate-Cleaner-750-ml/_/A-6009211118164?isFromPLP=true appended into product link list.
INFO - 2023-06-13 21:38:00,742 - Pagination_Cleaning: -https://www.woolworths.co.za/prod/Food/Cleaning/Multi-Purpose-Surface-Cleaners/Earth-Friendly-Lemongrass-Tile-Cleaner-750-ml/_/A-6009214457963?isFromPLP=true appended into product link list.
INFO - 2023-06-13 21:38:00,790 - Pagination_Cleaning: -https://www.woolworths.co.za/prod/Food/Cleaning/Washing-Powder-Detergents/Bleach-Stain-Remover-Soap/Vanish-Liquid-Fabric-Stain-Remover-500-ml/_/A-6001106103200?isFromPLP=true appended into product link list.
INFO - 2023-06-13 21:38:00,824 - Pagination_Cleaning: -https://www.woolworths.co.za/prod/Food/Cleaning/Sponges-Cloths-Accessories/Anti-Bacterial-All-Purpose-Cloths-3-pk/_/A-6001009030771?isFromPLP=true appended into product link list.
INFO - 2023-06-13 21:38:00,855 - Pagination_Cleaning: -https://www.woolworths.co.za/prod/Food/Cleaning/Multi-Purpose-Surface-Cleaners/3-in-1-Window-and-Glass-Cleaner-750-ml/_/A-6009000033463?isFromPLP=true appended into product link list.
INFO - 2023-06-13 21:38:00,888 - Pagination_Cleaning: -https://www.woolworths.co.za/prod/Food/Cleaning/Disinfectant-Bleach/3-in-1-Anti-Bacterial-Lavender-Thick-Bleach-750-ml/_/A-6009000715697?isFromPLP=true appended into product link list.
INFO - 2023-06-13 21:38:00,923 - Pagination_Cleaning: -https://www.woolworths.co.za/prod/Food/Cleaning/Multi-Purpose-Surface-Cleaners/3-in-1-Anti-Bacterial-Mildew-Cleaner-500-ml/_/A-6009000716113?isFromPLP=true appended into product link list.
INFO - 2023-06-13 21:38:00,954 - Pagination_Cleaning: -https://www.woolworths.co.za/prod/Food/Cleaning/Washing-Powder-Detergents/Fabric-Softener/W-Lab-3-in-1-Baby-Sensitive-and-Delicates-Fabric-Softener-2-L/_/A-6009184118796?isFromPLP=true appended into product link list.
INFO - 2023-06-13 21:38:00,988 - Pagination_Cleaning: -https://www.woolworths.co.za/prod/Food/Cleaning/Dishwashing/Dishwashing-Liquids/W-Lab-3-in-1-Auto-Dishwasher-Rinse-Aid-400-ml/_/A-6009211118188?isFromPLP=true appended into product link list.
INFO - 2023-06-13 21:38:01,020 - Pagination_Cleaning: -https://www.woolworths.co.za/prod/Food/Cleaning/Washing-Powder-Detergents/Washing-Powder-Detergent/Ariel-Auto-Washing-Powder-3-kg/_/A-5410076593804?isFromPLP=true appended into product link list.
INFO - 2023-06-13 21:38:01,054 - Pagination_Cleaning: -https://www.woolworths.co.za/prod/Food/Cleaning/Multi-Purpose-Surface-Cleaners/Earth-Friendly-Cucumber-and-Jasmine-Kitchen-Cleaner-500-ml/_/A-6009214476179?isFromPLP=true appended into product link list.
INFO - 2023-06-13 21:38:01,091 - Pagination_Cleaning: -https://www.woolworths.co.za/prod/Food/Cleaning/Washing-Powder-Detergents/Washing-Powder-Detergent/Sunlight-2-in-1-Hand-Washing-Powder-1-kg/_/A-6001085126375?isFromPLP=true appended into product link list.
INFO - 2023-06-13 21:38:01,135 - Pagination_Cleaning: -https://www.woolworths.co.za/prod/Food/Cleaning/Bathroom-Toilet-Cleaners/Mr-Muscle-Drain-Cleaner-500-ml/_/A-6001298510060?isFromPLP=true appended into product link list.
INFO - 2023-06-13 21:38:01,168 - Pagination_Cleaning: -https://www.woolworths.co.za/prod/Food/Cleaning/Bathroom-Toilet-Cleaners/Earth-Friendly-Lemongrass-Drain-Cleaner-750-ml/_/A-6009214457956?isFromPLP=true appended into product link list.
INFO - 2023-06-13 21:38:01,205 - Pagination_Cleaning: -https://www.woolworths.co.za/prod/Food/Cleaning/Multi-Purpose-Surface-Cleaners/Mr-Muscle-Floor-and-All-Purpose-Cleaner-1-L/_/A-6001298690083?isFromPLP=true appended into product link list.
INFO - 2023-06-13 21:38:01,239 - Pagination_Cleaning: -https://www.woolworths.co.za/prod/Food/Cleaning/Bathroom-Toilet-Cleaners/W-Lab-3-in-1-Anti-Bacterial-Lavender-Toilet-Cleaner-500-ml/_/A-6009184118932?isFromPLP=true appended into product link list.
INFO - 2023-06-13 21:38:01,273 - Pagination_Cleaning: -https://www.woolworths.co.za/prod/Food/Cleaning/Dishwashing/Dishwashing-Powder-Pods-Tablets/Finish-Powerball-All-in-1-Max-Auto-Dishwasher-Tablets-100-pk/_/A-6001106225599?isFromPLP=true appended into product link list.
INFO - 2023-06-13 21:38:01,306 - Pagination_Cleaning: -https://www.woolworths.co.za/prod/Food/Cleaning/Washing-Powder-Detergents/Fabric-Softener/Comfort-Elegance-Concentrated-Fabric-Softener-800-ml/_/A-6001087008051?isFromPLP=true appended into product link list.
INFO - 2023-06-13 21:38:01,370 - Pagination_Cleaning: -https://www.woolworths.co.za/prod/Food/Cleaning/Washing-Powder-Detergents/Fabric-Softener/Comfort-Uplifting-Concentrated-Fabric-Softener-800-ml/_/A-6001087015271?isFromPLP=true appended into product link list.
INFO - 2023-06-13 21:38:01,421 - Pagination_Cleaning: -https://www.woolworths.co.za/prod/Food/Cleaning/Sponges-Cloths-Accessories/W-Lab-100-Cotton-Terry-Weave-Dish-Cloths-2-pk/_/A-20193973?isFromPLP=true appended into product link list.
INFO - 2023-06-13 21:38:01,470 - Pagination_Cleaning: -https://www.woolworths.co.za/prod/Food/Cleaning/Bathroom-Toilet-Cleaners/Earth-Friendly-Eucalyptus-and-Black-Pepper-Toilet-Cleaner-750-ml/_/A-6009214476148?isFromPLP=true appended into product link list.
INFO - 2023-06-13 21:38:01,522 - Pagination_Cleaning: -https://www.woolworths.co.za/prod/Food/Cleaning/Bathroom-Toilet-Cleaners/Breathease-Shower-and-Tile-Cleaner-500-ml/_/A-6009184974095?isFromPLP=true appended into product link list.
INFO - 2023-06-13 21:38:01,573 - Pagination_Cleaning: -https://www.woolworths.co.za/prod/Food/Cleaning/Dishwashing/Dishwashing-Liquids/Earth-Friendly-Cucumber-and-Jasmine-Tea-Dish-Wash-Liquid-500-ml/_/A-6009214476162?isFromPLP=true appended into product link list.
INFO - 2023-06-13 21:38:01,637 - Pagination_Cleaning: -https://www.woolworths.co.za/prod/Food/Cleaning/Washing-Powder-Detergents/Washing-Powder-Detergent/Ariel-Baby-Auto-Washing-Liquid-1-1-L/_/A-8001841386546?isFromPLP=true appended into product link list.
INFO - 2023-06-13 21:38:01,689 - Pagination_Cleaning: -https://www.woolworths.co.za/prod/Food/Cleaning/Multi-Purpose-Surface-Cleaners/Earth-Friendly-Orange-and-Olive-Oil-Furniture-Polish-600-ml/_/A-6009214457994?isFromPLP=true appended into product link list.
INFO - 2023-06-13 21:38:01,730 - Pagination_Cleaning: -https://www.woolworths.co.za/prod/Food/Cleaning/Multi-Purpose-Surface-Cleaners/Earth-Friendly-Carpet-and-Fabric-Cleaner-500-ml/_/A-6009214457970?isFromPLP=true appended into product link list.
INFO - 2023-06-13 21:38:01,756 - Pagination_Cleaning: -https://www.woolworths.co.za/prod/Food/Cleaning/Dishwashing/Dishwashing-Powder-Pods-Tablets/Finish-Powerball-Lemon-Sparkle-All-in-1-Max-24-Tablets/_/A-6001106224738?isFromPLP=true appended into product link list.
INFO - 2023-06-13 21:38:01,804 - Pagination_Cleaning: -https://www.woolworths.co.za/prod/Food/Cleaning/Washing-Powder-Detergents/Bleach-Stain-Remover-Soap/W-Lab-3-in-1-Pre-wash-Stain-Remover-Spray-500-ml/_/A-6009000033661?isFromPLP=true appended into product link list.
INFO - 2023-06-13 21:38:01,840 - Pagination_Cleaning: -https://www.woolworths.co.za/prod/Food/Cleaning/Multi-Purpose-Surface-Cleaners/Mr-Muscle-3-in-1-Oven-Cleaner-300-ml/_/A-6001298700737?isFromPLP=true appended into product link list.
INFO - 2023-06-13 21:38:01,871 - Pagination_Cleaning: -https://www.woolworths.co.za/prod/Food/Cleaning/Sponges-Cloths-Accessories/W-Lab-100-Cotton-Terry-Weave-Dish-Swabs-2-pk/_/A-20193980?isFromPLP=true appended into product link list.
INFO - 2023-06-13 21:38:01,910 - Pagination_Cleaning: -https://www.woolworths.co.za/prod/Food/Cleaning/Washing-Powder-Detergents/Bleach-Stain-Remover-Soap/Vanish-Power-O2-Fabric-Stain-Remover-500-g/_/A-6001106108380?isFromPLP=true appended into product link list.
INFO - 2023-06-13 21:38:01,946 - Pagination_Cleaning: -https://www.woolworths.co.za/prod/Food/Cleaning/Washing-Powder-Detergents/Bleach-Stain-Remover-Soap/Vanish-Power-O2-Crystal-White-800-g/_/A-6001106119430?isFromPLP=true appended into product link list.
INFO - 2023-06-13 21:38:02,104 - Pagination_Cleaning: -https://www.woolworths.co.za/prod/Food/Cleaning/Washing-Powder-Detergents/Washing-Powder-Detergent/Sunlight-2-in-1-Hand-Washing-Powder-2-kg/_/A-6001085126696?isFromPLP=true appended into product link list.
INFO - 2023-06-13 21:38:02,267 - Pagination_Cleaning: -https://www.woolworths.co.za/prod/Food/Cleaning/Washing-Powder-Detergents/Fabric-Softener/W-Lab-3-in-1-Valley-Breeze-Fabric-Softener-2-L/_/A-6009000033678?isFromPLP=true appended into product link list.
INFO - 2023-06-13 21:38:02,367 - Pagination_Cleaning: -https://www.woolworths.co.za/prod/Food/Cleaning/Bathroom-Toilet-Cleaners/Earth-Friendly-No-Flush-Toilet-Drops-120-ml/_/A-6009214476193?isFromPLP=true appended into product link list.
INFO - 2023-06-13 21:38:02,428 - Pagination_Cleaning: -https://www.woolworths.co.za/prod/Food/Cleaning/Multi-Purpose-Surface-Cleaners/Window-and-Glass-3-in-1-Cleaner-Refill-750-ml/_/A-6009211118171?isFromPLP=true appended into product link list.
INFO - 2023-06-13 21:38:02,468 - Pagination_Cleaning: -https://www.woolworths.co.za/prod/Food/Cleaning/Washing-Powder-Detergents/Washing-Powder-Detergent/Skip-Anti-Ageing-Auto-Washing-Liquid-3L/_/A-6001087366922?isFromPLP=true appended into product link list.
INFO - 2023-06-13 21:38:02,570 - Pagination_Cleaning: -https://www.woolworths.co.za/prod/Food/Cleaning/Washing-Powder-Detergents/Bleach-Stain-Remover-Soap/Vanish-Preen-Stain-Remover-Laundry-Detergent-300-ml/_/A-6001106108182?isFromPLP=true appended into product link list.
INFO - 2023-06-13 21:38:02,653 - Pagination_Cleaning: -https://www.woolworths.co.za/prod/Food/Cleaning/Multi-Purpose-Surface-Cleaners/Breathease-Multi-Purpose-Cleaner-500-ml/_/A-6009184973937?isFromPLP=true appended into product link list.
INFO - 2023-06-13 21:38:02,653 - Pagination_Cleaning: -len(product_links) collected...
INFO - 2023-06-13 21:38:04,540 - Pagination_Cleaning: -Next page button clicked
INFO - 2023-06-13 21:38:06,976 - Pagination_Cleaning: -https://www.woolworths.co.za/prod/Food/Cleaning/Dishwashing/Dishwashing-Powder-Pods-Tablets/Bio-Crystal-Original-Auto-Dish-Wash-Powder-1-kg/_/A-6004201002522?isFromPLP=true appended into product link list.
INFO - 2023-06-13 21:38:07,012 - Pagination_Cleaning: -https://www.woolworths.co.za/prod/Food/Cleaning/Bathroom-Toilet-Cleaners/Earth-Friendly-Eucalyptus-and-Black-Pepper-Bathroom-Cleaner-500-ml/_/A-6009214476209?isFromPLP=true appended into product link list.
INFO - 2023-06-13 21:38:07,056 - Pagination_Cleaning: -https://www.woolworths.co.za/prod/Food/Cleaning/Sponges-Cloths-Accessories/Full-Circle-Tidy-Dish-Cloths-3-pk/_/A-850166002406?isFromPLP=true appended into product link list.
INFO - 2023-06-13 21:38:07,218 - Pagination_Cleaning: -https://www.woolworths.co.za/prod/Food/Cleaning/Multi-Purpose-Surface-Cleaners/Earth-Friendly-Glass-and-Window-Cleaner-500-ml/_/A-6009214457918?isFromPLP=true appended into product link list.
INFO - 2023-06-13 21:38:07,357 - Pagination_Cleaning: -https://www.woolworths.co.za/prod/Food/Cleaning/Multi-Purpose-Surface-Cleaners/Earth-Friendly-Laminated-Wood-Floor-Cleaner-500-ml/_/A-6009214457932?isFromPLP=true appended into product link list.
INFO - 2023-06-13 21:38:07,432 - Pagination_Cleaning: -https://www.woolworths.co.za/prod/Food/Cleaning/Washing-Powder-Detergents/Washing-Powder-Detergent/Sunlight-2-in1-Washing-Powder-2-kg/_/A-6001087006743?isFromPLP=true appended into product link list.
INFO - 2023-06-13 21:38:07,528 - Pagination_Cleaning: -https://www.woolworths.co.za/prod/Food/Cleaning/Dishwashing/Dishwashing-Powder-Pods-Tablets/Bio-Crystal-Ruby-Grape-Fruit-Auto-Dish-Wash-Powder-1-kg/_/A-6004201002515?isFromPLP=true appended into product link list.
INFO - 2023-06-13 21:38:07,574 - Pagination_Cleaning: -https://www.woolworths.co.za/prod/Food/Cleaning/Washing-Powder-Detergents/Fabric-Softener/W-Lab-3-in-1-Blossom-Burst-Fabric-Softener-Refill-500-ml/_/A-6009211118225?isFromPLP=true appended into product link list.
INFO - 2023-06-13 21:38:07,609 - Pagination_Cleaning: -https://www.woolworths.co.za/prod/Food/Cleaning/Dishwashing/Dishwashing-Powder-Pods-Tablets/Finish-Powerball-All-in-1-Max-Auto-Dishwasher-Tablets-24s/_/A-6001106224790?isFromPLP=true appended into product link list.
INFO - 2023-06-13 21:38:07,640 - Pagination_Cleaning: -https://www.woolworths.co.za/prod/Food/Cleaning/Washing-Powder-Detergents/Washing-Powder-Detergent/Omo-Multiactive-Hand-Washing-Powder-1-kg/_/A-6001085126542?isFromPLP=true appended into product link list.
INFO - 2023-06-13 21:38:07,678 - Pagination_Cleaning: -https://www.woolworths.co.za/prod/Food/Cleaning/Washing-Powder-Detergents/Fabric-Softener/W-Lab-3-in-1-Blossom-Burst-Fabric-Softener-2-L/_/A-6009211171046?isFromPLP=true appended into product link list.
INFO - 2023-06-13 21:38:07,708 - Pagination_Cleaning: -https://www.woolworths.co.za/prod/Food/Cleaning/Washing-Powder-Detergents/Pegs/Soft-Grip-Multi-Coloured-Pegs-24-pcs/_/A-6009184992839?isFromPLP=true appended into product link list.
INFO - 2023-06-13 21:38:07,742 - Pagination_Cleaning: -https://www.woolworths.co.za/prod/Food/Cleaning/Sponges-Cloths-Accessories/Dual-Function-Microfibre-Cloth-1-pk/_/A-6009171621261?isFromPLP=true appended into product link list.
INFO - 2023-06-13 21:38:07,789 - Pagination_Cleaning: -https://www.woolworths.co.za/prod/Food/Cleaning/Washing-Powder-Detergents/Washing-Powder-Detergent/Ariel-Auto-Concentrated-Washing-Liquid-2-L/_/A-4084500835795?isFromPLP=true appended into product link list.
INFO - 2023-06-13 21:38:07,824 - Pagination_Cleaning: -https://www.woolworths.co.za/prod/Food/Cleaning/Dishwashing/Dishwashing-Liquids/W-Lab-3-in-1-Zesty-Lime-Dishwash-Liquid-Refill-750-ml/_/A-6009211118140?isFromPLP=true appended into product link list.
INFO - 2023-06-13 21:38:07,858 - Pagination_Cleaning: -https://www.woolworths.co.za/prod/Food/Household/Toilet-Paper-Wipes-Paper-Towels/Tissues-Wipes/Earth-Friendly-Cucumber-and-Jasmine-Surface-Wipes-50-s/_/A-6009214476223?isFromPLP=true appended into product link list.
INFO - 2023-06-13 21:38:07,891 - Pagination_Cleaning: -https://www.woolworths.co.za/prod/Food/Cleaning/Washing-Powder-Detergents/Fabric-Softener/Comfort-Pure-Concentrated-Fabric-Softener-for-Sensitive-Skin-800-ml/_/A-6001087008082?isFromPLP=true appended into product link list.
INFO - 2023-06-13 21:38:07,941 - Pagination_Cleaning: -https://www.woolworths.co.za/prod/Food/Cleaning/Dishwashing/Dishwashing-Powder-Pods-Tablets/Earth-Friendly-All-in-1-Auto-Dish-Wash-Pods-40-pk/_/A-6009214458038?isFromPLP=true appended into product link list.
INFO - 2023-06-13 21:38:07,974 - Pagination_Cleaning: -https://www.woolworths.co.za/prod/Food/Cleaning/Washing-Powder-Detergents/Washing-Powder-Detergent/Earth-Friendly-Bleach-Alternative-Laundry-Pods-24-pk/_/A-6009173666796?isFromPLP=true appended into product link list.
INFO - 2023-06-13 21:38:08,006 - Pagination_Cleaning: -https://www.woolworths.co.za/prod/Food/Cleaning/Washing-Powder-Detergents/Washing-Powder-Detergent/Earth-Friendly-Fresh-and-Fruity-All-in-1-Laundry-Pods-24-pk/_/A-6009214458052?isFromPLP=true appended into product link list.
INFO - 2023-06-13 21:38:08,048 - Pagination_Cleaning: -https://www.woolworths.co.za/prod/Food/Cleaning/Washing-Powder-Detergents/Washing-Powder-Detergent/Earth-Friendly-Fragrance-Free-Laundry-Liquid-1-5-L/_/A-6009214457987?isFromPLP=true appended into product link list.
INFO - 2023-06-13 21:38:08,073 - Pagination_Cleaning: -https://www.woolworths.co.za/prod/Food/Cleaning/Sponges-Cloths-Accessories/100-Cotton-Waffle-Weave-Drying-Up-Cloths-2-pk/_/A-6001009030757?isFromPLP=true appended into product link list.
INFO - 2023-06-13 21:38:08,107 - Pagination_Cleaning: -https://www.woolworths.co.za/prod/Food/Cleaning/Dishwashing/Dishwashing-Powder-Pods-Tablets/Earth-Friendly-All-in-1-Auto-Dish-Wash-Pods-40-pk/_/A-6009214470368?isFromPLP=true appended into product link list.
INFO - 2023-06-13 21:38:08,139 - Pagination_Cleaning: -https://www.woolworths.co.za/prod/Food/Cleaning/Washing-Powder-Detergents/Washing-Powder-Detergent/Earth-Friendly-All-in-1-Laundry-Pods-24-pk/_/A-6009214458014?isFromPLP=true appended into product link list.
INFO - 2023-06-13 21:38:08,174 - Pagination_Cleaning: -https://www.woolworths.co.za/prod/Food/Cleaning/Washing-Powder-Detergents/Washing-Powder-Detergent/Earth-Friendly-Laundry-Liquid-1-5-L/_/A-6009214458007?isFromPLP=true appended into product link list.
INFO - 2023-06-13 21:38:08,207 - Pagination_Cleaning: -https://www.woolworths.co.za/prod/Food/Cleaning/Washing-Powder-Detergents/Washing-Powder-Detergent/W-Lab-3-in-1-Phosphate-Free-Auto-Laundry-Liquid-1-5-L/_/A-6009211118096?isFromPLP=true appended into product link list.
INFO - 2023-06-13 21:38:08,239 - Pagination_Cleaning: -https://www.woolworths.co.za/prod/Food/Cleaning/Furniture-Metal-Shoe-Polish/Kiwi-Wax-Rich-Black-Shoe-Polish-50-ml/_/A-6001298959999?isFromPLP=true appended into product link list.
INFO - 2023-06-13 21:38:08,272 - Pagination_Cleaning: -https://www.woolworths.co.za/prod/Food/Cleaning/Sponges-Cloths-Accessories/Full-Circle-Grunge-Buster-Grout-and-Tile-Brush/_/A-810119021823?isFromPLP=true appended into product link list.
INFO - 2023-06-13 21:38:08,307 - Pagination_Cleaning: -https://www.woolworths.co.za/prod/Food/Promotions/Buy-2-Or-More-And-Save/Buy-any-2-for-R45/W-Lab-Cleaning-Range/W-Lab-Lemon-3-in-1-Thin-Bleach-1-5-L/_/A-6009207977034?isFromPLP=true appended into product link list.
INFO - 2023-06-13 21:38:08,339 - Pagination_Cleaning: -https://www.woolworths.co.za/prod/Food/Cleaning/Sponges-Cloths-Accessories/Full-Circle-Fomo-Dish-Brush-Head-Refills-2-pk/_/A-810119023216?isFromPLP=true appended into product link list.
INFO - 2023-06-13 21:38:08,372 - Pagination_Cleaning: -https://www.woolworths.co.za/prod/Food/Cleaning/Sponges-Cloths-Accessories/Full-Circle-Fomo-Foam-Dispensing-Dish-Brush/_/A-810119023179?isFromPLP=true appended into product link list.
INFO - 2023-06-13 21:38:08,407 - Pagination_Cleaning: -https://www.woolworths.co.za/prod/Food/Cleaning/Furniture-Metal-Shoe-Polish/Kiwi-Wax-Rich-Dark-Brown-Shoe-Polish-50-ml/_/A-6001298959982?isFromPLP=true appended into product link list.
INFO - 2023-06-13 21:38:08,439 - Pagination_Cleaning: -https://www.woolworths.co.za/prod/Food/Cleaning/Furniture-Metal-Shoe-Polish/Kiwi-Wax-Rich-Instant-Shoe-Polish-75-ml/_/A-8998899940489?isFromPLP=true appended into product link list.
INFO - 2023-06-13 21:38:08,471 - Pagination_Cleaning: -https://www.woolworths.co.za/prod/Food/Cleaning/Sponges-Cloths-Accessories/Full-Circle-Laid-Back-2-0-Replaceable-Dish-Sponge-Refills-2-pk/_/A-810119020598?isFromPLP=true appended into product link list.
INFO - 2023-06-13 21:38:08,505 - Pagination_Cleaning: -https://www.woolworths.co.za/prod/Food/Cleaning/Washing-Powder-Detergents/Washing-Powder-Detergent/Earth-Friendly-All-in-1-Baby-Laundry-Pods-24-pk/_/A-6009214458021?isFromPLP=true appended into product link list.
INFO - 2023-06-13 21:38:08,538 - Pagination_Cleaning: -https://www.woolworths.co.za/prod/Food/Cleaning/Sponges-Cloths-Accessories/Full-Circle-Laid-Back-2-0-Replaceable-Dish-Sponge/_/A-810119020581?isFromPLP=true appended into product link list.
INFO - 2023-06-13 21:38:08,574 - Pagination_Cleaning: -https://www.woolworths.co.za/prod/Food/Cleaning/Dishwashing/Dishwashing-Powder-Pods-Tablets/Earth-Friendly-Pre-Soak-Cookware-Cleaner-15-pk/_/A-6009214457901?isFromPLP=true appended into product link list.
INFO - 2023-06-13 21:38:08,612 - Pagination_Cleaning: -https://www.woolworths.co.za/prod/Food/Cleaning/Sponges-Cloths-Accessories/Full-Circle-Tiny-Team-Mini-Brush-and-Dustpan-Set/_/A-810119021373?isFromPLP=true appended into product link list.
INFO - 2023-06-13 21:38:08,639 - Pagination_Cleaning: -https://www.woolworths.co.za/prod/Food/Household/Cooler-Bags-Lunch-Bags-Bottles/Accessories/Full-Circle-Clean-Reach-Bottle-Brush/_/A-810119022516?isFromPLP=true appended into product link list.
INFO - 2023-06-13 21:38:08,671 - Pagination_Cleaning: -https://www.woolworths.co.za/prod/Food/Household/Cooler-Bags-Lunch-Bags-Bottles/Accessories/Full-Circle-Clean-Reach-Bottle-Brush-Head-Refill/_/A-810119022530?isFromPLP=true appended into product link list.
INFO - 2023-06-13 21:38:08,708 - Pagination_Cleaning: -https://www.woolworths.co.za/prod/Food/Household/Cooler-Bags-Lunch-Bags-Bottles/Accessories/Full-Circle-Crystal-Clear-2-0-Glass-Cleaner-Refill-2-pk/_/A-810119021397?isFromPLP=true appended into product link list.
INFO - 2023-06-13 21:38:08,739 - Pagination_Cleaning: -https://www.woolworths.co.za/prod/Food/Cleaning/Sponges-Cloths-Accessories/100-Cotton-Shaggy-Weave-Drying-Up-Cloth-1-pk/_/A-6009184118949?isFromPLP=true appended into product link list.
INFO - 2023-06-13 21:38:08,776 - Pagination_Cleaning: -https://www.woolworths.co.za/prod/Food/Cleaning/Washing-Powder-Detergents/Fabric-Softener/Comfort-Morning-Fresh-Concentrated-Fabric-Softener-800-ml/_/A-6001087008068?isFromPLP=true appended into product link list.
INFO - 2023-06-13 21:38:08,805 - Pagination_Cleaning: -https://www.woolworths.co.za/prod/Food/Cleaning/Bathroom-Toilet-Cleaners/Mr-Muscle-Original-Bathroom-Cleaner-500-ml/_/A-6001298070052?isFromPLP=true appended into product link list.
INFO - 2023-06-13 21:38:08,839 - Pagination_Cleaning: -https://www.woolworths.co.za/prod/Food/Cleaning/Washing-Powder-Detergents/Washing-Powder-Detergent/Breathease-2-in1-Laundry-Liquid-with-Fabric-Conditioner-1-5-L/_/A-6009223162186?isFromPLP=true appended into product link list.
INFO - 2023-06-13 21:38:08,872 - Pagination_Cleaning: -https://www.woolworths.co.za/prod/Food/Cleaning/Bathroom-Toilet-Cleaners/Duck-Marine-Fresh-Discs-6-Disc-Refill-1-pk/_/A-6001298001087?isFromPLP=true appended into product link list.
INFO - 2023-06-13 21:38:08,905 - Pagination_Cleaning: -https://www.woolworths.co.za/prod/Food/Cleaning/Dishwashing/Dishwashing-Powder-Pods-Tablets/Finish-Powerball-Quantum-All-in-1-Max-Lemon-Dishwasher-Tablets-50-pcs/_/A-6001106228583?isFromPLP=true appended into product link list.
INFO - 2023-06-13 21:38:08,938 - Pagination_Cleaning: -https://www.woolworths.co.za/prod/Food/Cleaning/Washing-Powder-Detergents/Washing-Powder-Detergent/Sunlight-2-in-1-Summer-Sensations-Auto-Laundry-Liquid-1-5-L/_/A-6001087358682?isFromPLP=true appended into product link list.
INFO - 2023-06-13 21:38:08,972 - Pagination_Cleaning: -https://www.woolworths.co.za/prod/Food/Cleaning/Sponges-Cloths-Accessories/Full-Circle-Squeeze-Cellulose-Sponge-Cloths-3-pk/_/A-850166002154?isFromPLP=true appended into product link list.
INFO - 2023-06-13 21:38:09,006 - Pagination_Cleaning: -https://www.woolworths.co.za/prod/Food/Cleaning/Washing-Powder-Detergents/Washing-Powder-Detergent/Ariel-Anti-Germ-Automatic-Washing-Powder-3-kg/_/A-8006540183861?isFromPLP=true appended into product link list.
INFO - 2023-06-13 21:38:09,038 - Pagination_Cleaning: -https://www.woolworths.co.za/prod/Food/Cleaning/Washing-Powder-Detergents/Washing-Powder-Detergent/W-Lab-3-in-1-Baby-and-Sensitive-Hypo-Allergenic-Auto-Laundry-Liquid-1-5-L/_/A-6009223524502?isFromPLP=true appended into product link list.
INFO - 2023-06-13 21:38:09,070 - Pagination_Cleaning: -https://www.woolworths.co.za/prod/Food/Cleaning/Sponges-Cloths-Accessories/Earth-Friendly-Plant-Based-Coco-Scrubber-For-Pots-and-Pans-2-pcs/_/A-6009223479512?isFromPLP=true appended into product link list.
INFO - 2023-06-13 21:38:09,110 - Pagination_Cleaning: -https://www.woolworths.co.za/prod/Food/Cleaning/Dishwashing/Dishwashing-Liquids/Earth-Friendly-Bergamot-and-Bay-Leaf-Dish-Wash-500-ml/_/A-6009214476155?isFromPLP=true appended into product link list.
INFO - 2023-06-13 21:38:09,139 - Pagination_Cleaning: -https://www.woolworths.co.za/prod/Food/Cleaning/Sponges-Cloths-Accessories/Full-Circle-Micro-Manager-Detail-Brush/_/A-810119022882?isFromPLP=true appended into product link list.
INFO - 2023-06-13 21:38:09,171 - Pagination_Cleaning: -https://www.woolworths.co.za/prod/Food/Cleaning/Multi-Purpose-Surface-Cleaners/Earth-Friendly-Granite-and-Marble-Cleaner-500-ml/_/A-6009223010890?isFromPLP=true appended into product link list.
INFO - 2023-06-13 21:38:09,204 - Pagination_Cleaning: -https://www.woolworths.co.za/prod/Food/Cleaning/Disinfectant-Bleach/Mr-Muscle-Original-Multi-Surface-Disinfectant-750-ml/_/A-6001298002923?isFromPLP=true appended into product link list.
INFO - 2023-06-13 21:38:09,237 - Pagination_Cleaning: -https://www.woolworths.co.za/prod/Food/Cleaning/Washing-Powder-Detergents/Omo-Auto-Washing-Liquid-with-a-Touch-of-Comfort-2-L/_/A-6001087384353?isFromPLP=true appended into product link list.
INFO - 2023-06-13 21:38:09,271 - Pagination_Cleaning: -https://www.woolworths.co.za/prod/Food/Cleaning/Multi-Purpose-Surface-Cleaners/Handy-Andy-Lavender-Multi-Purpose-Cleaning-Cream-Refill-750-ml/_/A-6001087009799?isFromPLP=true appended into product link list.
INFO - 2023-06-13 21:38:09,305 - Pagination_Cleaning: -https://www.woolworths.co.za/prod/Food/Cleaning/Dishwashing/Dishwashing-Powder-Pods-Tablets/W-Lab-3-in-1-Auto-Dishwasher-Powder-1-kg/_/A-6009223584520?isFromPLP=true appended into product link list.
INFO - 2023-06-13 21:38:09,339 - Pagination_Cleaning: -https://www.woolworths.co.za/prod/Food/Cleaning/Bathroom-Toilet-Cleaners/3-in-1-Ocean-Mist-Anti-Bacterial-Bathroom-Cleaner-500-ml/_/A-6009223521914?isFromPLP=true appended into product link list.
INFO - 2023-06-13 21:38:09,339 - Pagination_Cleaning: -len(product_links) collected...
INFO - 2023-06-13 21:38:10,718 - Pagination_Cleaning: -Next page button clicked
INFO - 2023-06-13 21:38:13,181 - Pagination_Cleaning: -https://www.woolworths.co.za/prod/Food/Cleaning/Sponges-Cloths-Accessories/Full-Circle-Clean-Again-Extra-Absorbent-Cleaning-Cloths-2-pk/_/A-810119020024?isFromPLP=true appended into product link list.
INFO - 2023-06-13 21:38:13,214 - Pagination_Cleaning: -https://www.woolworths.co.za/prod/Food/Cleaning/Washing-Powder-Detergents/Fabric-Softener/Sta-Soft-Ocean-Fresh-Intense-Fragrance-Ultra-Concentrate-Fabric-Softener-1-l/_/A-8718951466784?isFromPLP=true appended into product link list.
INFO - 2023-06-13 21:38:13,290 - Pagination_Cleaning: -https://www.woolworths.co.za/prod/Food/Cleaning/Sponges-Cloths-Accessories/W-Lab-Anti-Bacterial-Gentle-Scourer-3-pk/_/A-6009223668190?isFromPLP=true appended into product link list.
INFO - 2023-06-13 21:38:13,472 - Pagination_Cleaning: -https://www.woolworths.co.za/prod/Food/Cleaning/Washing-Powder-Detergents/Fabric-Softener/Sta-Soft-Dream-Aromatherapy-Fabric-Softener-Refill-500-ml/_/A-8718951541016?isFromPLP=true appended into product link list.
INFO - 2023-06-13 21:38:13,601 - Pagination_Cleaning: -https://www.woolworths.co.za/prod/Food/Cleaning/Washing-Powder-Detergents/Omo-Auto-Liquid-Laundry-Detergent-2-L/_/A-6001087384322?isFromPLP=true appended into product link list.
INFO - 2023-06-13 21:38:13,648 - Pagination_Cleaning: -https://www.woolworths.co.za/prod/Food/Household/Air-Fresheners-Sprays-Diffuser/Dettol-Crisp-Linen-Fragranced-Disinfectant-Spray-400-ml/_/A-6001106228422?isFromPLP=true appended into product link list.
INFO - 2023-06-13 21:38:13,726 - Pagination_Cleaning: -https://www.woolworths.co.za/prod/Food/Cleaning/Bathroom-Toilet-Cleaners/Handy-Andy-Eucalyptus-Multi-Purpose-Cleaning-Cream-750-ml/_/A-6001087391733?isFromPLP=true appended into product link list.
INFO - 2023-06-13 21:38:13,763 - Pagination_Cleaning: -https://www.woolworths.co.za/prod/Food/Cleaning/Dishwashing/Dishwashing-Powder-Pods-Tablets/Fairy-All-In-One-Lemon-Scented-Dishwasher-Tablets-64-pcs/_/A-8001841958521?isFromPLP=true appended into product link list.
INFO - 2023-06-13 21:38:13,797 - Pagination_Cleaning: -https://www.woolworths.co.za/prod/Food/Cleaning/Bathroom-Toilet-Cleaners/Duck-Active-Clean-Marine-Rimblock-35-g/_/A-6001298001759?isFromPLP=true appended into product link list.
INFO - 2023-06-13 21:38:13,827 - Pagination_Cleaning: -https://www.woolworths.co.za/prod/Food/Cleaning/Washing-Powder-Detergents/Fabric-Softener/Comfort-Elegance-Concentrated-Fabric-Softener-Refill-800-ml/_/A-6001087352475?isFromPLP=true appended into product link list.
INFO - 2023-06-13 21:38:13,863 - Pagination_Cleaning: -https://www.woolworths.co.za/prod/Food/Cleaning/Bathroom-Toilet-Cleaners/Duck-Extra-Power-Marine-Foaming-Bleach-Gel-Toilet-Cleaner-500-ml/_/A-6001298701697?isFromPLP=true appended into product link list.
INFO - 2023-06-13 21:38:13,897 - Pagination_Cleaning: -https://www.woolworths.co.za/prod/Food/Cleaning/Dishwashing/Dishwashing-Powder-Pods-Tablets/Fairy-Premium-Plus-Lemon-Scented-Dishwasher-Tablets-14-pcs/_/A-4902430925891?isFromPLP=true appended into product link list.
INFO - 2023-06-13 21:38:13,930 - Pagination_Cleaning: -https://www.woolworths.co.za/prod/Food/Cleaning/Furniture-Metal-Shoe-Polish/Mr-Min-Almond-Wood-Polish-300-ml/_/A-6001106224318?isFromPLP=true appended into product link list.
INFO - 2023-06-13 21:38:13,970 - Pagination_Cleaning: -https://www.woolworths.co.za/prod/Food/Cleaning/Washing-Powder-Detergents/Washing-Powder-Detergent/OMO-Colour-Auto-Washing-Liquid-1-5-L/_/A-6001087385848?isFromPLP=true appended into product link list.
INFO - 2023-06-13 21:38:13,995 - Pagination_Cleaning: -https://www.woolworths.co.za/prod/Food/Cleaning/Disinfectant-Bleach/3-in-1-Anti-Bacterial-Regular-Thick-Bleach-750-ml/_/A-6009217630745?isFromPLP=true appended into product link list.
INFO - 2023-06-13 21:38:14,030 - Pagination_Cleaning: -https://www.woolworths.co.za/prod/Food/Cleaning/Washing-Powder-Detergents/Fabric-Softener/W-Lab-3-in-1-Amber-Blossom-Fragrance-Booster-275-g/_/A-6009217148059?isFromPLP=true appended into product link list.
INFO - 2023-06-13 21:38:14,063 - Pagination_Cleaning: -https://www.woolworths.co.za/prod/Food/Cleaning/Washing-Powder-Detergents/Washing-Powder-Detergent/Ariel-Downy-Auto-Washing-Powder-3-kg/_/A-4084500833678?isFromPLP=true appended into product link list.
INFO - 2023-06-13 21:38:14,097 - Pagination_Cleaning: -https://www.woolworths.co.za/prod/Food/Cleaning/Washing-Powder-Detergents/Washing-Powder-Detergent/Ariel-Automatic-Concentrated-Washing-Liquid-1-L/_/A-8001841965987?isFromPLP=true appended into product link list.
INFO - 2023-06-13 21:38:14,128 - Pagination_Cleaning: -https://www.woolworths.co.za/prod/Food/Cleaning/Washing-Powder-Detergents/Bleach-Stain-Remover-Soap/Vanish-Power-O2-Crystal-White-Stain-Removing-Powder-400-g/_/A-6001106117849?isFromPLP=true appended into product link list.
INFO - 2023-06-13 21:38:14,159 - Pagination_Cleaning: -https://www.woolworths.co.za/prod/Food/Cleaning/Dishwashing/Dishwashing-Powder-Pods-Tablets/Finish-Powerball-Quantum-All-in-1-Max-Dishwasher-Tablets-50-pcs/_/A-6001106228590?isFromPLP=true appended into product link list.
INFO - 2023-06-13 21:38:14,178 - Pagination_Cleaning: -https://www.woolworths.co.za/prod/Food/Cleaning/Washing-Powder-Detergents/Washing-Powder-Detergent/W-Lab-3-in-1-Colours-Auto-Laundry-Liquid-1-5-L/_/A-6009223524526?isFromPLP=true appended into product link list.
INFO - 2023-06-13 21:38:14,207 - Pagination_Cleaning: -https://www.woolworths.co.za/prod/Food/Cleaning/Bathroom-Toilet-Cleaners/3-in-1-Pink-Grapefruit-Anti-Bacterial-Tile-Cleaner-Spray-750-ml/_/A-6009223524533?isFromPLP=true appended into product link list.
INFO - 2023-06-13 21:38:14,227 - Pagination_Cleaning: -https://www.woolworths.co.za/prod/Food/Cleaning/Washing-Powder-Detergents/Pegs/Stainless-Steel-Clothes-Pegs-in-Cotton-Bag-21-pcs/_/A-6009223203568?isFromPLP=true appended into product link list.
INFO - 2023-06-13 21:38:14,259 - Pagination_Cleaning: -https://www.woolworths.co.za/prod/Food/Cleaning/Dishwashing/Dishwashing-Powder-Pods-Tablets/W-Lab-All-in-1-Eucalyptus-Fragranced-Auto-Dishwasher-Tablets-24-pk/_/A-6009223524571?isFromPLP=true appended into product link list.
INFO - 2023-06-13 21:38:14,276 - Pagination_Cleaning: -https://www.woolworths.co.za/prod/Food/Cleaning/Sponges-Cloths-Accessories/Earth-Friendly-100-Bamboo-Swab-1-pc/_/A-6009223479413?isFromPLP=true appended into product link list.
INFO - 2023-06-13 21:38:14,297 - Pagination_Cleaning: -https://www.woolworths.co.za/prod/Food/Cleaning/Washing-Powder-Detergents/Bleach-Stain-Remover-Soap/Jik-Clean-Up-Trigger-Lemon-500-ml/_/A-6001106227029?isFromPLP=true appended into product link list.
INFO - 2023-06-13 21:38:14,324 - Pagination_Cleaning: -https://www.woolworths.co.za/prod/Food/Cleaning/Washing-Powder-Detergents/Washing-Powder-Detergent/OMO-Stain-Removal-Auto-Laundry-Capsules-16-pcs/_/A-6001087395977?isFromPLP=true appended into product link list.
INFO - 2023-06-13 21:38:14,343 - Pagination_Cleaning: -https://www.woolworths.co.za/prod/Food/Cleaning/Washing-Powder-Detergents/Fabric-Softener/Comfort-Uplifting-Concentrated-Fabric-Softener-Refill-800-ml/_/A-6001087377515?isFromPLP=true appended into product link list.
INFO - 2023-06-13 21:38:14,365 - Pagination_Cleaning: -https://www.woolworths.co.za/prod/Food/Household/Air-Fresheners-Sprays-Diffuser/Dettol-Orchard-Blossom-Fragranced-Disinfectant-Spray-400-ml/_/A-6001106228446?isFromPLP=true appended into product link list.
INFO - 2023-06-13 21:38:14,393 - Pagination_Cleaning: -https://www.woolworths.co.za/prod/Food/Cleaning/Washing-Powder-Detergents/Washing-Powder-Detergent/Skip-Anti-Ageing-Auto-Washing-Liquid-2-L/_/A-6001087384438?isFromPLP=true appended into product link list.
INFO - 2023-06-13 21:38:14,419 - Pagination_Cleaning: -https://www.woolworths.co.za/prod/Food/Cleaning/Washing-Powder-Detergents/Washing-Powder-Detergent/W-Lab-3-in-1-Delicate-Hand-and-Auto-Laundry-Liquid-1-5-L/_/A-6009223524519?isFromPLP=true appended into product link list.
INFO - 2023-06-13 21:38:14,442 - Pagination_Cleaning: -https://www.woolworths.co.za/prod/Food/Cleaning/Dishwashing/Dishwashing-Liquids/Sunlight-Extra-Nature-Dishwashing-Liquid-Refill-750-ml/_/A-6001087385978?isFromPLP=true appended into product link list.
INFO - 2023-06-13 21:38:14,465 - Pagination_Cleaning: -https://www.woolworths.co.za/prod/Food/Cleaning/Sponges-Cloths-Accessories/Medium-Rubber-Gloves-1-pk/_/A-6009223617976?isFromPLP=true appended into product link list.
INFO - 2023-06-13 21:38:14,491 - Pagination_Cleaning: -https://www.woolworths.co.za/prod/Food/Cleaning/Washing-Powder-Detergents/Bleach-Stain-Remover-Soap/Jik-Clean-Up-Trigger-Lavender-500-ml/_/A-6001106227036?isFromPLP=true appended into product link list.
INFO - 2023-06-13 21:38:14,509 - Pagination_Cleaning: -https://www.woolworths.co.za/prod/Food/Cleaning/Multi-Purpose-Surface-Cleaners/Earth-Friendly-Eucalyptus-and-Black-Pepper-Surface-Wipes-50-s/_/A-6009223016397?isFromPLP=true appended into product link list.
INFO - 2023-06-13 21:38:14,530 - Pagination_Cleaning: -https://www.woolworths.co.za/prod/Food/Cleaning/Washing-Powder-Detergents/Washing-Powder-Detergent/OMO-Stain-Removal-Auto-Laundry-Capsules-22-pcs/_/A-6001087396004?isFromPLP=true appended into product link list.
INFO - 2023-06-13 21:38:14,557 - Pagination_Cleaning: -https://www.woolworths.co.za/prod/Food/Cleaning/Dishwashing/Dishwashing-Powder-Pods-Tablets/W-Lab-3-in-1-Lemon-Auto-Dishwasher-Rinse-Aid-400-ml/_/A-6009223524540?isFromPLP=true appended into product link list.
INFO - 2023-06-13 21:38:14,577 - Pagination_Cleaning: -https://www.woolworths.co.za/prod/Food/Cleaning/Washing-Powder-Detergents/Washing-Powder-Detergent/Omo-3X-Power-Auto-Laundry-Capsules-in-Tub-588-ml/_/A-6001087377621?isFromPLP=true appended into product link list.
INFO - 2023-06-13 21:38:14,602 - Pagination_Cleaning: -https://www.woolworths.co.za/prod/Food/Cleaning/Multi-Purpose-Surface-Cleaners/Handy-Andy-Lemon-Fresh-Cream-Detergent-Refill-750-ml/_/A-6001087009805?isFromPLP=true appended into product link list.
INFO - 2023-06-13 21:38:14,628 - Pagination_Cleaning: -https://www.woolworths.co.za/prod/Food/Cleaning/Washing-Powder-Detergents/Sunlight-2-in-1-Auto-Laundry-Liquid-2-L/_/A-6001087384292?isFromPLP=true appended into product link list.
INFO - 2023-06-13 21:38:14,657 - Pagination_Cleaning: -https://www.woolworths.co.za/prod/Food/Cleaning/Dishwashing/Dishwashing-Powder-Pods-Tablets/W-Lab-All-in-1-Eucalyptus-Fragranced-Auto-Dishwasher-Tablets-56-pk/_/A-6009223524588?isFromPLP=true appended into product link list.
INFO - 2023-06-13 21:38:14,677 - Pagination_Cleaning: -https://www.woolworths.co.za/prod/Food/Cleaning/Sponges-Cloths-Accessories/W-Lab-Stainless-Steel-Spiral-Scourers-3-pk/_/A-6009223668183?isFromPLP=true appended into product link list.
INFO - 2023-06-13 21:38:14,706 - Pagination_Cleaning: -https://www.woolworths.co.za/prod/Food/Cleaning/Dishwashing/Dishwashing-Liquids/Sunlight-Extra-Anti-Bacterial-Dishwashing-Liquid-Refill-750-ml/_/A-6001087385961?isFromPLP=true appended into product link list.
INFO - 2023-06-13 21:38:14,727 - Pagination_Cleaning: -https://www.woolworths.co.za/prod/Food/Cleaning/Bathroom-Toilet-Cleaners/Duck-Marine-Fresh-Discs-Cageless-RImblock-Starter-with-Large-Refill-2-pk/_/A-6001298001025?isFromPLP=true appended into product link list.
INFO - 2023-06-13 21:38:14,756 - Pagination_Cleaning: -https://www.woolworths.co.za/prod/Food/Cleaning/Multi-Purpose-Surface-Cleaners/Handy-Andy-Potpourri-Cream-Detergent-Refill-750-ml/_/A-6001087009782?isFromPLP=true appended into product link list.
INFO - 2023-06-13 21:38:14,778 - Pagination_Cleaning: -https://www.woolworths.co.za/prod/Food/Cleaning/Disinfectant-Bleach/Mr-Muscle-Citrus-Fresh-Multi-Surface-Disinfectant-750ml/_/A-6001298002886?isFromPLP=true appended into product link list.
INFO - 2023-06-13 21:38:14,809 - Pagination_Cleaning: -https://www.woolworths.co.za/prod/Food/Cleaning/Washing-Powder-Detergents/Fabric-Softener/W-Lab-3-in-1-Sea-Breeze-Fragrance-Booster-275-g/_/A-6009217148042?isFromPLP=true appended into product link list.
INFO - 2023-06-13 21:38:14,831 - Pagination_Cleaning: -https://www.woolworths.co.za/prod/Food/Cleaning/Multi-Purpose-Surface-Cleaners/3-in-1-Fresh-Mint-All-Purpose-Cream-Cleaner-750-ml/_/A-6009217629091?isFromPLP=true appended into product link list.
INFO - 2023-06-13 21:38:14,857 - Pagination_Cleaning: -https://www.woolworths.co.za/prod/Food/Promotions/Buy-2-Or-More-And-Save/Buy-any-2-pay-for-1/Ariel-Washing-Powder-2kg/Ariel-Anti-Germ-Automatic-Washing-Powder-2-kg/_/A-8006540179468?isFromPLP=true appended into product link list.
INFO - 2023-06-13 21:38:14,876 - Pagination_Cleaning: -https://www.woolworths.co.za/prod/Food/Cleaning/Sponges-Cloths-Accessories/Earth-Friendly-100-Bamboo-Dish-Cloth-1-pc/_/A-6009223479420?isFromPLP=true appended into product link list.
INFO - 2023-06-13 21:38:14,902 - Pagination_Cleaning: -https://www.woolworths.co.za/prod/Food/Cleaning/Sponges-Cloths-Accessories/Full-Circle-Be-Good-Dish-Brush/_/A-810119021809?isFromPLP=true appended into product link list.
INFO - 2023-06-13 21:38:14,926 - Pagination_Cleaning: -https://www.woolworths.co.za/prod/Food/Cleaning/Sponges-Cloths-Accessories/Silicone-Bristle-Glove-1-pair/_/A-6009223668176?isFromPLP=true appended into product link list.
INFO - 2023-06-13 21:38:14,973 - Pagination_Cleaning: -https://www.woolworths.co.za/prod/Food/Cleaning/Washing-Powder-Detergents/Washing-Powder-Detergent/OMO-Auto-Washing-Powder-with-Hygiene-2-kg/_/A-6001087388979?isFromPLP=true appended into product link list.
INFO - 2023-06-13 21:38:15,009 - Pagination_Cleaning: -https://www.woolworths.co.za/prod/Food/Cleaning/Bathroom-Toilet-Cleaners/Duck-Active-Clean-Citrus-Rimblock-35-g/_/A-6001298001766?isFromPLP=true appended into product link list.
INFO - 2023-06-13 21:38:15,045 - Pagination_Cleaning: -https://www.woolworths.co.za/prod/Food/Cleaning/Multi-Purpose-Surface-Cleaners/Ocean-Mist-3-in-1-All-Purpose-Cream-Cleaner-750-ml/_/A-6009217629084?isFromPLP=true appended into product link list.
INFO - 2023-06-13 21:38:15,076 - Pagination_Cleaning: -https://www.woolworths.co.za/prod/Food/Cleaning/Washing-Powder-Detergents/Fabric-Softener/Comfort-Morning-Fresh-Concentrated-Fabric-Softener-Refill-800-ml/_/A-6001087352499?isFromPLP=true appended into product link list.
INFO - 2023-06-13 21:38:15,109 - Pagination_Cleaning: -https://www.woolworths.co.za/prod/Food/Cleaning/Sponges-Cloths-Accessories/Earth-Friendly-Multipurpose-Plastic-Free-Cloth-5-pcs/_/A-6009223479482?isFromPLP=true appended into product link list.
INFO - 2023-06-13 21:38:15,143 - Pagination_Cleaning: -https://www.woolworths.co.za/prod/Food/Cleaning/Sponges-Cloths-Accessories/Earth-Friendly-Bio-Kitchen-Scrubber-1-pk/_/A-6009223479499?isFromPLP=true appended into product link list.
INFO - 2023-06-13 21:38:15,143 - Pagination_Cleaning: -len(product_links) collected...
ERROR - 2023-06-13 21:38:25,286 - Pagination_Cleaning: -error occurred - Message: element not interactable
  (Session info: chrome=114.0.5735.110)
Stacktrace:
Backtrace:
	GetHandleVerifier [0x0063A813+48355]
	(No symbol) [0x005CC4B1]
	(No symbol) [0x004D5220]
	(No symbol) [0x00501846]
	(No symbol) [0x004F9F5C]
	(No symbol) [0x0051A73C]
	(No symbol) [0x004F9A36]
	(No symbol) [0x0051AA94]
	(No symbol) [0x0052C922]
	(No symbol) [0x0051A536]
	(No symbol) [0x004F82DC]
	(No symbol) [0x004F93DD]
	GetHandleVerifier [0x0089AABD+2539405]
	GetHandleVerifier [0x008DA78F+2800735]
	GetHandleVerifier [0x008D456C+2775612]
	GetHandleVerifier [0x006C51E0+616112]
	(No symbol) [0x005D5F8C]
	(No symbol) [0x005D2328]
	(No symbol) [0x005D240B]
	(No symbol) [0x005C4FF7]
	BaseThreadInitThunk [0x777D00C9+25]
	RtlGetAppContainerNamedObjectPath [0x77927B4E+286]
	RtlGetAppContainerNamedObjectPath [0x77927B1E+238]

